"polygons" in: met_min_ca_density.lydrc:35
    Polygons (raw): 108757 (flat)  2139 (hierarchical)
    Elapsed: 0.000s  Memory: 601.00M
"polygons" in: met_min_ca_density.lydrc:36
    Polygons (raw): 76550 (flat)  1441 (hierarchical)
    Elapsed: 0.000s  Memory: 601.00M
"polygons" in: met_min_ca_density.lydrc:38
    Polygons (raw): 85215 (flat)  3164 (hierarchical)
    Elapsed: 0.000s  Memory: 601.00M
"polygons" in: met_min_ca_density.lydrc:39
    Polygons (raw): 7924 (flat)  2610 (hierarchical)
    Elapsed: 0.000s  Memory: 601.00M
"polygons" in: met_min_ca_density.lydrc:41
    Polygons (raw): 10065 (flat)  3089 (hierarchical)
    Elapsed: 0.010s  Memory: 601.00M
"polygons" in: met_min_ca_density.lydrc:42
    Polygons (raw): 4919 (flat)  1719 (hierarchical)
    Elapsed: 0.000s  Memory: 601.00M
"polygons" in: met_min_ca_density.lydrc:44
    Polygons (raw): 5867 (flat)  1781 (hierarchical)
    Elapsed: 0.000s  Memory: 601.00M
"polygons" in: met_min_ca_density.lydrc:45
    Polygons (raw): 3631 (flat)  1483 (hierarchical)
    Elapsed: 0.000s  Memory: 601.00M
"polygons" in: met_min_ca_density.lydrc:47
    Polygons (raw): 794 (flat)  640 (hierarchical)
    Elapsed: 0.000s  Memory: 601.00M
"polygons" in: met_min_ca_density.lydrc:48
    Polygons (raw): 0 (flat)  0 (hierarchical)
    Elapsed: 0.000s  Memory: 601.00M
"polygons" in: met_min_ca_density.lydrc:49
    Polygons (raw): 13076 (flat)  13076 (hierarchical)
    Elapsed: 0.010s  Memory: 602.00M
"polygons" in: met_min_ca_density.lydrc:51
    Polygons (raw): 353 (flat)  353 (hierarchical)
    Elapsed: 0.000s  Memory: 602.00M
"input" in: met_min_ca_density.lydrc:53
    Polygons (raw): 106 (flat)  12 (hierarchical)
    Elapsed: 0.000s  Memory: 602.00M
"area" in: met_min_ca_density.lydrc:55
    Elapsed: 0.000s  Memory: 602.00M
"polygons" in: met_min_ca_density.lydrc:59
    Polygons (raw): 108757 (flat)  2139 (hierarchical)
    Elapsed: 0.010s  Memory: 602.00M
"area" in: met_min_ca_density.lydrc:59
    Elapsed: 0.040s  Memory: 602.00M
li1_ca_density is 0.9984862311449253
"polygons" in: met_min_ca_density.lydrc:69
    Polygons (raw): 85215 (flat)  3164 (hierarchical)
    Elapsed: 0.000s  Memory: 602.00M
"area" in: met_min_ca_density.lydrc:69
    Elapsed: 0.040s  Memory: 603.00M
m1_ca_density is 0.9990204689518797
"polygons" in: met_min_ca_density.lydrc:79
    Polygons (raw): 10065 (flat)  3089 (hierarchical)
    Elapsed: 0.010s  Memory: 603.00M
"area" in: met_min_ca_density.lydrc:79
    Elapsed: 0.010s  Memory: 603.00M
m2_ca_density is 0.9993599369721942
"polygons" in: met_min_ca_density.lydrc:89
    Polygons (raw): 5867 (flat)  1781 (hierarchical)
    Elapsed: 0.000s  Memory: 603.00M
"area" in: met_min_ca_density.lydrc:89
    Elapsed: 0.010s  Memory: 603.00M
m3_ca_density is 0.9992983967008484
"polygons" in: met_min_ca_density.lydrc:99
    Polygons (raw): 794 (flat)  640 (hierarchical)
    Elapsed: 0.000s  Memory: 603.00M
"area" in: met_min_ca_density.lydrc:99
    Elapsed: 0.010s  Memory: 603.00M
m4_ca_density is 0.838934231782184
"polygons" in: met_min_ca_density.lydrc:109
    Polygons (raw): 353 (flat)  353 (hierarchical)
    Elapsed: 0.000s  Memory: 603.00M
"area" in: met_min_ca_density.lydrc:109
    Elapsed: 0.000s  Memory: 603.00M
m5_ca_density is 0.8405091531755915
Writing report database: /home/lburleson/OSU/google_ring_oscillator/caravel/precheck_results/26_MAR_2024___17_38_37/outputs/reports/klayout_met_min_ca_density_check.xml ..
Total elapsed: 0.210s  Memory: 603.00M
