 
Running extract...
TOP LAYOUT: user_project_wrapper
LAYOUT FILE: /home/lburleson/OSU/google_ring_oscillator/caravel/gds/user_project_wrapper.gds
EXTRACT_FLATGLOB: 
EXTRACT_ABSTRACT: *__fill_*
 *__fakediode_*
 *__tapvpwrvgnd_*
WORK_ROOT   : /home/lburleson/OSU/google_ring_oscillator/caravel/precheck_results/08_APR_2024___22_37_38/tmp
LOG_ROOT    : /home/lburleson/OSU/google_ring_oscillator/caravel/precheck_results/08_APR_2024___22_37_38/logs
SIGNOFF_ROOT: /home/lburleson/OSU/google_ring_oscillator/caravel/precheck_results/08_APR_2024___22_37_38/outputs/reports
LOG FILE: /home/lburleson/OSU/google_ring_oscillator/caravel/precheck_results/08_APR_2024___22_37_38/logs/nowell.ext.log
Tech files do not match:
/opt/share/pdk/sky130A/libs.tech/magic/sky130A.tech: version 1.0.437-0-ge3b630d
/home/lburleson/mpw_precheck/checks/be_checks//tech/sky130A/sky130A.tech: version 1.0.393-0-ge6f9c88
Results may be incorrect. Contact efabless to update the soft connection rules.
Extracting to /home/lburleson/OSU/google_ring_oscillator/caravel/precheck_results/08_APR_2024___22_37_38/tmp/nowell.ext
 
CIFIN_STYLE: nowell
EXTRACT_STYLE: nowell

Magic 8.3 revision 452 - Compiled on Wed Dec  6 15:58:28 UTC 2023.
Starting magic under Tcl interpreter
Using the terminal as the console.
Using NULL graphics device.
Processing system .magicrc file
Sourcing design magicrc.well for technology sky130A ...
2 Magic internal units = 1 Lambda
Input style sky130(): scaleFactor=2, multiplier=2
The following types are not handled by extraction and will be treated as non-electrical types:
    ubm 
Scaled tech values by 2 / 1 to match internal grid scaling
Loading "/home/lburleson/mpw_precheck/checks/be_checks//scripts/gds.digital.spice.tcl" from command line.
Extracting with top ports unique (digital)
Input style sky130(nowell): scaleFactor=2, multiplier=2
CIF input style is now "sky130(nowell)"
Flattening 
Extracting /home/lburleson/OSU/google_ring_oscillator/caravel/gds/user_project_wrapper.gds
Warning: Calma reading is not undoable!  I hope that's OK.
Library written using GDS-II Release 3.0
Library name: user_project_wrapper
Reading "sky130_fd_sc_hd__conb_1".
Reading "sky130_fd_sc_hd__buf_1".
Reading "sky130_fd_sc_hd__decap_3".
Reading "sky130_fd_sc_hd__fill_1".
Reading "sky130_fd_sc_hd__decap_4".
Reading "sky130_fd_sc_hd__clkbuf_2".
Reading "sky130_fd_sc_hd__tapvpwrvgnd_1".
Reading "sky130_ef_sc_hd__decap_12".
Reading "sky130_fd_sc_hd__decap_8".
Reading "sky130_fd_sc_hd__buf_2".
Reading "sky130_fd_sc_hd__clkbuf_1".
Reading "sky130_fd_sc_hd__fill_2".
Reading "sky130_fd_sc_hd__mux4_1".
Reading "sky130_fd_sc_hd__decap_6".
Reading "sky130_fd_sc_hd__mux2_1".
Reading "sky130_fd_sc_hd__nor2_1".
Reading "sky130_fd_sc_hd__a21oi_2".
Reading "sky130_fd_sc_hd__buf_12".
Reading "sky130_fd_sc_hd__nor3b_1".
Reading "sky130_fd_sc_hd__a2111oi_1".
CIF file read warning: CIF style sky130(nowell): units rescaled by factor of 5 / 1
Reading "sky130_fd_sc_hd__and3b_1".
Reading "sky130_fd_sc_hd__a41o_1".
Reading "sky130_fd_sc_hd__nand3b_1".
Reading "sky130_fd_sc_hd__nand2_1".
Reading "sky130_fd_sc_hd__or3b_1".
Reading "mux16x1_project".
Reading "sky130_osu_sc_12T_hs__mux2_1".
Reading "scs130hd_mpr2ct_8".
Reading "sky130_osu_sc_12T_hs__inv_1".
Reading "sky130_osu_single_mpr2ct_8_b0r2".
Reading "sky130_osu_ring_oscillator_mpr2ct_8_b0r2".
Reading "scs130hd_mpr2xa_8".
Reading "sky130_osu_sc_12T_hs__fill_8".
Reading "sky130_osu_single_mpr2xa_8_b0r2".
Reading "sky130_osu_ring_oscillator_mpr2xa_8_b0r2".
Reading "sky130_osu_sc_12T_hs__fill_2".
Reading "scs130hd_mpr2et_8".
Reading "sky130_osu_single_mpr2et_8_b0r2".
Reading "sky130_osu_ring_oscillator_mpr2et_8_b0r2".
Reading "scs130hd_mpr2ea_8".
Reading "sky130_osu_single_mpr2ea_8_b0r2".
Reading "sky130_osu_ring_oscillator_mpr2ea_8_b0r2".
Reading "scs130hd_mpr2ca_8".
Reading "sky130_osu_single_mpr2ca_8_b0r2".
Reading "sky130_osu_ring_oscillator_mpr2ca_8_b0r2".
Reading "sky130_osu_single_mpr2ea_8_b0r1".
Reading "sky130_osu_ring_oscillator_mpr2ea_8_b0r1".
Reading "sky130_osu_single_mpr2ct_8_b0r1".
Reading "sky130_osu_ring_oscillator_mpr2ct_8_b0r1".
Reading "sky130_osu_single_mpr2xa_8_b0r1".
Reading "sky130_osu_ring_oscillator_mpr2xa_8_b0r1".
Reading "sky130_osu_single_mpr2et_8_b0r1".
Reading "sky130_osu_ring_oscillator_mpr2et_8_b0r1".
Reading "sky130_osu_single_mpr2ca_8_b0r1".
Reading "sky130_osu_ring_oscillator_mpr2ca_8_b0r1".
Reading "user_project_wrapper".
The following types are not handled by extraction and will be treated as non-electrical types:
    ubm 
Extraction style is now "ngspice(nowell)"
Processing sky130_fd_sc_hd__buf_1
Processing sky130_fd_sc_hd__decap_3
Processing sky130_fd_sc_hd__decap_4
Processing sky130_fd_sc_hd__clkbuf_2
Processing sky130_ef_sc_hd__decap_12
Processing sky130_fd_sc_hd__decap_8
Processing sky130_fd_sc_hd__buf_2
Processing sky130_fd_sc_hd__clkbuf_1
Processing sky130_fd_sc_hd__mux4_1
Processing sky130_fd_sc_hd__decap_6
Processing sky130_fd_sc_hd__mux2_1
Processing sky130_fd_sc_hd__nor2_1
Processing sky130_fd_sc_hd__a21oi_2
Processing sky130_fd_sc_hd__buf_12
Processing sky130_fd_sc_hd__nor3b_1
Processing sky130_fd_sc_hd__a2111oi_1
Processing sky130_fd_sc_hd__and3b_1
Processing sky130_fd_sc_hd__a41o_1
Processing sky130_fd_sc_hd__nand3b_1
Processing sky130_fd_sc_hd__nand2_1
Processing sky130_fd_sc_hd__or3b_1
Processing mux16x1_project
Processing sky130_osu_sc_12T_hs__mux2_1
Processing scs130hd_mpr2ca_8
Processing sky130_osu_sc_12T_hs__inv_1
Processing sky130_osu_single_mpr2ca_8_b0r1
Processing sky130_osu_ring_oscillator_mpr2ca_8_b0r1
Processing scs130hd_mpr2et_8
Processing sky130_osu_single_mpr2et_8_b0r1
Processing sky130_osu_ring_oscillator_mpr2et_8_b0r1
Processing scs130hd_mpr2xa_8
Processing sky130_osu_single_mpr2xa_8_b0r1
Processing sky130_osu_ring_oscillator_mpr2xa_8_b0r1
Processing scs130hd_mpr2ct_8
Processing sky130_osu_single_mpr2ct_8_b0r1
Processing sky130_osu_ring_oscillator_mpr2ct_8_b0r1
Processing scs130hd_mpr2ea_8
Processing sky130_osu_single_mpr2ea_8_b0r1
Processing sky130_osu_ring_oscillator_mpr2ea_8_b0r1
Processing sky130_osu_single_mpr2ca_8_b0r2
Processing sky130_osu_ring_oscillator_mpr2ca_8_b0r2
Processing sky130_osu_single_mpr2ea_8_b0r2
Processing sky130_osu_ring_oscillator_mpr2ea_8_b0r2
Processing sky130_osu_single_mpr2et_8_b0r2
Processing sky130_osu_ring_oscillator_mpr2et_8_b0r2
Processing sky130_osu_single_mpr2xa_8_b0r2
Processing sky130_osu_ring_oscillator_mpr2xa_8_b0r2
Processing sky130_osu_single_mpr2ct_8_b0r2
Processing sky130_osu_ring_oscillator_mpr2ct_8_b0r2
Processing sky130_fd_sc_hd__conb_1
Processing user_project_wrapper
Extracting sky130_fd_sc_hd__tapvpwrvgnd_1 into sky130_fd_sc_hd__tapvpwrvgnd_1.ext:
Extracting sky130_fd_sc_hd__fill_2 into sky130_fd_sc_hd__fill_2.ext:
Extracting sky130_fd_sc_hd__fill_1 into sky130_fd_sc_hd__fill_1.ext:
Extracting sky130_fd_sc_hd__buf_1 into sky130_fd_sc_hd__buf_1.ext:
Extracting sky130_fd_sc_hd__decap_3 into sky130_fd_sc_hd__decap_3.ext:
sky130_fd_sc_hd__decap_3: 2 warnings
Extracting sky130_fd_sc_hd__decap_4 into sky130_fd_sc_hd__decap_4.ext:
sky130_fd_sc_hd__decap_4: 2 warnings
Extracting sky130_fd_sc_hd__clkbuf_2 into sky130_fd_sc_hd__clkbuf_2.ext:
Extracting sky130_ef_sc_hd__decap_12 into sky130_ef_sc_hd__decap_12.ext:
sky130_ef_sc_hd__decap_12: 2 warnings
Extracting sky130_fd_sc_hd__decap_8 into sky130_fd_sc_hd__decap_8.ext:
sky130_fd_sc_hd__decap_8: 2 warnings
Extracting sky130_fd_sc_hd__buf_2 into sky130_fd_sc_hd__buf_2.ext:
Extracting sky130_fd_sc_hd__clkbuf_1 into sky130_fd_sc_hd__clkbuf_1.ext:
Extracting sky130_fd_sc_hd__mux4_1 into sky130_fd_sc_hd__mux4_1.ext:
Extracting sky130_fd_sc_hd__decap_6 into sky130_fd_sc_hd__decap_6.ext:
sky130_fd_sc_hd__decap_6: 2 warnings
Extracting sky130_fd_sc_hd__mux2_1 into sky130_fd_sc_hd__mux2_1.ext:
Extracting sky130_fd_sc_hd__nor2_1 into sky130_fd_sc_hd__nor2_1.ext:
Extracting sky130_fd_sc_hd__a21oi_2 into sky130_fd_sc_hd__a21oi_2.ext:
Extracting sky130_fd_sc_hd__buf_12 into sky130_fd_sc_hd__buf_12.ext:
Extracting sky130_fd_sc_hd__nor3b_1 into sky130_fd_sc_hd__nor3b_1.ext:
Extracting sky130_fd_sc_hd__a2111oi_1 into sky130_fd_sc_hd__a2111oi_1.ext:
Extracting sky130_fd_sc_hd__and3b_1 into sky130_fd_sc_hd__and3b_1.ext:
Extracting sky130_fd_sc_hd__a41o_1 into sky130_fd_sc_hd__a41o_1.ext:
Extracting sky130_fd_sc_hd__nand3b_1 into sky130_fd_sc_hd__nand3b_1.ext:
Extracting sky130_fd_sc_hd__nand2_1 into sky130_fd_sc_hd__nand2_1.ext:
Extracting sky130_fd_sc_hd__or3b_1 into sky130_fd_sc_hd__or3b_1.ext:
Extracting mux16x1_project into mux16x1_project.ext:
Extracting sky130_osu_sc_12T_hs__mux2_1 into sky130_osu_sc_12T_hs__mux2_1.ext:
Extracting scs130hd_mpr2ca_8 into scs130hd_mpr2ca_8.ext:
Extracting sky130_osu_sc_12T_hs__inv_1 into sky130_osu_sc_12T_hs__inv_1.ext:
Extracting sky130_osu_single_mpr2ca_8_b0r1 into sky130_osu_single_mpr2ca_8_b0r1.ext:
Extracting sky130_osu_ring_oscillator_mpr2ca_8_b0r1 into sky130_osu_ring_oscillator_mpr2ca_8_b0r1.ext:
sky130_osu_ring_oscillator_mpr2ca_8_b0r1: 5 errors
Extracting sky130_osu_sc_12T_hs__fill_2 into sky130_osu_sc_12T_hs__fill_2.ext:
Extracting sky130_osu_sc_12T_hs__fill_8 into sky130_osu_sc_12T_hs__fill_8.ext:
Extracting scs130hd_mpr2et_8 into scs130hd_mpr2et_8.ext:
Extracting sky130_osu_single_mpr2et_8_b0r1 into sky130_osu_single_mpr2et_8_b0r1.ext:
Extracting sky130_osu_ring_oscillator_mpr2et_8_b0r1 into sky130_osu_ring_oscillator_mpr2et_8_b0r1.ext:
sky130_osu_ring_oscillator_mpr2et_8_b0r1: 4 errors
Extracting scs130hd_mpr2xa_8 into scs130hd_mpr2xa_8.ext:
Extracting sky130_osu_single_mpr2xa_8_b0r1 into sky130_osu_single_mpr2xa_8_b0r1.ext:
sky130_osu_single_mpr2xa_8_b0r1: 1 error
Extracting sky130_osu_ring_oscillator_mpr2xa_8_b0r1 into sky130_osu_ring_oscillator_mpr2xa_8_b0r1.ext:
sky130_osu_ring_oscillator_mpr2xa_8_b0r1: 5 errors
Extracting scs130hd_mpr2ct_8 into scs130hd_mpr2ct_8.ext:
Extracting sky130_osu_single_mpr2ct_8_b0r1 into sky130_osu_single_mpr2ct_8_b0r1.ext:
Extracting sky130_osu_ring_oscillator_mpr2ct_8_b0r1 into sky130_osu_ring_oscillator_mpr2ct_8_b0r1.ext:
Extracting scs130hd_mpr2ea_8 into scs130hd_mpr2ea_8.ext:
Extracting sky130_osu_single_mpr2ea_8_b0r1 into sky130_osu_single_mpr2ea_8_b0r1.ext:
Extracting sky130_osu_ring_oscillator_mpr2ea_8_b0r1 into sky130_osu_ring_oscillator_mpr2ea_8_b0r1.ext:
Extracting sky130_osu_single_mpr2ca_8_b0r2 into sky130_osu_single_mpr2ca_8_b0r2.ext:
Extracting sky130_osu_ring_oscillator_mpr2ca_8_b0r2 into sky130_osu_ring_oscillator_mpr2ca_8_b0r2.ext:
sky130_osu_ring_oscillator_mpr2ca_8_b0r2: 5 errors
Extracting sky130_osu_single_mpr2ea_8_b0r2 into sky130_osu_single_mpr2ea_8_b0r2.ext:
Extracting sky130_osu_ring_oscillator_mpr2ea_8_b0r2 into sky130_osu_ring_oscillator_mpr2ea_8_b0r2.ext:
sky130_osu_ring_oscillator_mpr2ea_8_b0r2: 6 errors
Extracting sky130_osu_single_mpr2et_8_b0r2 into sky130_osu_single_mpr2et_8_b0r2.ext:
Extracting sky130_osu_ring_oscillator_mpr2et_8_b0r2 into sky130_osu_ring_oscillator_mpr2et_8_b0r2.ext:
sky130_osu_ring_oscillator_mpr2et_8_b0r2: 4 errors
Extracting sky130_osu_single_mpr2xa_8_b0r2 into sky130_osu_single_mpr2xa_8_b0r2.ext:
Extracting sky130_osu_ring_oscillator_mpr2xa_8_b0r2 into sky130_osu_ring_oscillator_mpr2xa_8_b0r2.ext:
sky130_osu_ring_oscillator_mpr2xa_8_b0r2: 5 errors
Extracting sky130_osu_single_mpr2ct_8_b0r2 into sky130_osu_single_mpr2ct_8_b0r2.ext:
Extracting sky130_osu_ring_oscillator_mpr2ct_8_b0r2 into sky130_osu_ring_oscillator_mpr2ct_8_b0r2.ext:
Extracting sky130_fd_sc_hd__conb_1 into sky130_fd_sc_hd__conb_1.ext:
Extracting user_project_wrapper into user_project_wrapper.ext:
Total of 35 errors (check feedback entries).
Total of 10 warnings.
Devs merged: 0
Devs merged: 0
Devs merged: 28
Devs merged: 28
Devs merged: 28
Devs merged: 28
Devs merged: 32
Devs merged: 32
Devs merged: 32
Devs merged: 32
Devs merged: 32
Devs merged: 32
Devs merged: 32
Devs merged: 32
Devs merged: 32
Devs merged: 32
Devs merged: 34
Devs merged: 34
Devs merged: 34
Devs merged: 36
Devs merged: 36
Devs merged: 36
Devs merged: 36
Devs merged: 36
Devs merged: 36
Devs merged: 36
Devs merged: 36
Devs merged: 36
Devs merged: 36
Devs merged: 36
Devs merged: 38
Devs merged: 38
Devs merged: 38
Devs merged: 38
Devs merged: 38
Devs merged: 38
Devs merged: 38
Devs merged: 38
Devs merged: 38
Devs merged: 38
Devs merged: 38
Devs merged: 38
Devs merged: 38
Devs merged: 38
Devs merged: 38
Devs merged: 38
Devs merged: 38
Devs merged: 38
Devs merged: 38
Devs merged: 38
Devs merged: 38
exttospice finished.
Using technology "sky130A", version 1.0.393-0-ge6f9c88
