2024-03-12 18:28:47 - [INFO] - {{EXTRACTING FILES}} Extracting compressed files in: /home/lrburle/OSU/google_ring_oscillator/caravel
2024-03-12 18:28:47 - [INFO] - {{Project Type Info}} digital
2024-03-12 18:28:47 - [INFO] - {{Project GDS Info}} user_project_wrapper: ed1490b4a3430c6a608b8bf940e5ba06694024b1
2024-03-12 18:28:47 - [INFO] - {{Tools Info}} KLayout: v0.28.12 | Magic: v8.3.452
2024-03-12 18:28:47 - [INFO] - {{PDKs Info}} SKY130A: None | Open PDKs: e3b630d9b7c0e23615367d52c4f78b2d2ede58ac
2024-03-12 18:28:47 - [INFO] - {{START}} Precheck Started, the full log 'precheck.log' will be located in '/home/lrburle/OSU/google_ring_oscillator/caravel/precheck_results/12_MAR_2024___18_28_47/logs'
2024-03-12 18:28:47 - [INFO] - {{PRECHECK SEQUENCE}} Precheck will run the following checks: [License, Makefile, Default, Documentation, Consistency, GPIO-Defines, XOR, Magic DRC, Klayout FEOL, Klayout BEOL, Klayout Offgrid, Klayout Metal Minimum Clear Area Density, Klayout Pin Label Purposes Overlapping Drawing, Klayout ZeroArea, OEB, LVS]
2024-03-12 18:28:47 - [INFO] - {{STEP UPDATE}} Executing Check 1 of 16: License
2024-03-12 18:28:48 - [INFO] - An approved LICENSE (Apache-2.0) was found in /home/lrburle/OSU/google_ring_oscillator/caravel.
2024-03-12 18:28:48 - [INFO] - {{MAIN LICENSE CHECK PASSED}} An approved LICENSE was found in project root.
2024-03-12 18:28:49 - [INFO] - An approved LICENSE (Apache-2.0) was found in /home/lrburle/OSU/google_ring_oscillator/caravel.
2024-03-12 18:28:49 - [INFO] - An approved LICENSE (Apache-2.0) was found in /home/lrburle/OSU/google_ring_oscillator/caravel.
2024-03-12 18:28:50 - [INFO] - An approved LICENSE (Apache-2.0) was found in /home/lrburle/OSU/google_ring_oscillator/caravel.
2024-03-12 18:28:51 - [INFO] - An approved LICENSE (Apache-2.0) was found in /home/lrburle/OSU/google_ring_oscillator/caravel.
2024-03-12 18:28:51 - [INFO] - {{SUBMODULES LICENSE CHECK PASSED}} No prohibited LICENSE file(s) was found in project submodules
2024-03-12 18:28:51 - [INFO] - {{SPDX COMPLIANCE CHECK PASSED}} Project is compliant with the SPDX Standard
2024-03-12 18:28:51 - [INFO] - {{STEP UPDATE}} Executing Check 2 of 16: Makefile
2024-03-12 18:28:51 - [INFO] - {{MAKEFILE CHECK PASSED}} Makefile valid.
2024-03-12 18:28:51 - [INFO] - {{STEP UPDATE}} Executing Check 3 of 16: Default
2024-03-12 18:28:51 - [INFO] - {{README DEFAULT CHECK PASSED}} Project 'README.md' was modified and is not identical to the default 'README.md'
2024-03-12 18:28:52 - [INFO] - {{CONTENT DEFAULT CHECK PASSED}} Project 'gds' was modified and is not identical to the default 'gds'
2024-03-12 18:28:52 - [INFO] - {{STEP UPDATE}} Executing Check 4 of 16: Documentation
2024-03-12 18:28:52 - [INFO] - {{DOCUMENTATION CHECK PASSED}} Project documentation is appropriate.
2024-03-12 18:28:52 - [INFO] - {{STEP UPDATE}} Executing Check 5 of 16: Consistency
2024-03-12 18:28:56 - [INFO] - PORTS CHECK PASSED: Netlist user_project_wrapper ports match the golden wrapper ports
2024-03-12 18:28:56 - [INFO] - COMPLEXITY CHECK PASSED: Netlist user_project_wrapper contains at least 1 instances (16 instances). 
2024-03-12 18:28:56 - [INFO] - MODELING CHECK PASSED: Netlist user_project_wrapper is structural.
2024-03-12 18:28:56 - [INFO] - LAYOUT CHECK PASSED: The GDS layout for user_project_wrapper matches the provided structural netlist.
2024-03-12 18:28:56 - [INFO] - POWER CONNECTIONS CHECK PASSED: All instances in user_project_wrapper are connected to power
2024-03-12 18:28:56 - [INFO] - PORT TYPES CHECK PASSED: Netlist user_project_wrapper port types match the golden wrapper port types.
2024-03-12 18:28:56 - [INFO] - {{NETLIST CONSISTENCY CHECK PASSED}} user_project_wrapper netlist passed all consistency checks.
2024-03-12 18:28:56 - [INFO] - {{CONSISTENCY CHECK PASSED}} The user netlist and the top netlist are valid.
2024-03-12 18:28:56 - [INFO] - {{STEP UPDATE}} Executing Check 6 of 16: GPIO-Defines
2024-03-12 18:28:56 - [INFO] - GPIO-DEFINES: Checking verilog/rtl/user_defines.v, parsing files: ['/home/lrburle/mpw_precheck/checks/gpio_defines_check/verilog_assets/gpio_modes_base.v', '/home/lrburle/OSU/google_ring_oscillator/caravel/verilog/rtl/user_defines.v', '/home/lrburle/mpw_precheck/checks/gpio_defines_check/verilog_assets/gpio_modes_observe.v']
2024-03-12 18:28:57 - [INFO] - GPIO-DEFINES report path: /home/lrburle/OSU/google_ring_oscillator/caravel/precheck_results/12_MAR_2024___18_28_47/outputs/reports/gpio_defines.report
2024-03-12 18:28:57 - [INFO] - {{GPIO-DEFINES CHECK PASSED}} The user verilog/rtl/user_defines.v is valid.
2024-03-12 18:28:57 - [INFO] - {{STEP UPDATE}} Executing Check 7 of 16: XOR
2024-03-12 18:29:00 - [INFO] - {{XOR CHECK UPDATE}} Total XOR differences: 0, for more details view /home/lrburle/OSU/google_ring_oscillator/caravel/precheck_results/12_MAR_2024___18_28_47/outputs/user_project_wrapper.xor.gds
2024-03-12 18:29:00 - [INFO] - {{XOR CHECK PASSED}} The GDS file has no XOR violations.
2024-03-12 18:29:00 - [INFO] - {{STEP UPDATE}} Executing Check 8 of 16: Magic DRC
2024-03-12 18:29:05 - [ERROR] - Violation Message 'Diffusion width < 0.15um (diff/tap.1)' found 20 times.
2024-03-12 18:29:05 - [ERROR] - Violation Message 'Local interconnect spacing < 0.17um (li.3)' found 310 times.
2024-03-12 18:29:05 - [ERROR] - Violation Message 'N-Diffusion spacing to N-well < 0.34um (diff/tap.9)' found 3 times.
2024-03-12 18:29:05 - [ERROR] - Violation Message 'Local interconnect width < 0.17um (li.1)' found 50 times.
2024-03-12 18:29:05 - [ERROR] - Violation Message 'Local interconnect overlap of poly contact < 0.08um in one direction (li.5)' found 40 times.
2024-03-12 18:29:05 - [ERROR] - Violation Message 'N-well spacing < 1.27um (nwell.2a)' found 15 times.
2024-03-12 18:29:05 - [ERROR] - Violation Message 'Metal2 spacing < 0.14um (met2.2)' found 20 times.
2024-03-12 18:29:05 - [ERROR] - Violation Message 'This layer can't abut or partially overlap between subcells' found 274 times.
2024-03-12 18:29:05 - [ERROR] - Violation Message 'Metal1 spacing < 0.14um (met1.2)' found 1455 times.
2024-03-12 18:29:05 - [ERROR] - Violation Message 'N-well overlap of P-Diffusion < 0.18um (diff/tap.8)' found 48 times.
2024-03-12 18:29:05 - [ERROR] - Violation Message 'Core local interconnect width < 0.14um (li.c1)' found 50 times.
2024-03-12 18:29:05 - [ERROR] - Violation Message 'Metal1 overlap of local interconnect contact < 0.03um (met1.4)' found 60 times.
2024-03-12 18:29:05 - [ERROR] - Violation Message 'Min area of metal1 holes > 0.14um^2 (met1.7)' found 51 times.
2024-03-12 18:29:05 - [ERROR] - Violation Message 'Metal1 overlap of local interconnect contact < 0.06um in one direction (met1.5)' found 164 times.
2024-03-12 18:29:05 - [ERROR] - Violation Message 'poly width < 0.15um (poly.1a)' found 50 times.
2024-03-12 18:29:05 - [ERROR] - Violation Message 'All nwells must contain metal-connected N+ taps (nwell.4)' found 1 times.
2024-03-12 18:29:05 - [ERROR] - Violation Message 'Metal3 spacing < 0.3um (met3.2)' found 45 times.
2024-03-12 18:29:05 - [ERROR] - Violation Message 'Metal3 width < 0.3um (met3.1)' found 20 times.
2024-03-12 18:29:05 - [ERROR] - Violation Message 'poly overlap of poly contact < 0.08um in one direction (licon.8a)' found 40 times.
2024-03-12 18:29:05 - [ERROR] - Violation Message 'N-tap minimum area < 0.07011um^2 (nsd.10b)' found 160 times.
2024-03-12 18:29:05 - [ERROR] - Violation Message 'Metal1 width < 0.14um (met1.1)' found 222 times.
2024-03-12 18:29:05 - [ERROR] - Violation Message 'Metal2 overlap of via2 < 0.045um in one direction (via2.4a - via2.4)' found 321 times.
2024-03-12 18:29:05 - [ERROR] - Violation Message 'poly spacing to Diffusion < 0.075um (poly.4)' found 50 times.
2024-03-12 18:29:05 - [ERROR] - Violation Message 'HVI to HVI or LV nwell spacing < 0.7um (hvi.5)' found 16 times.
2024-03-12 18:29:05 - [ERROR] - Violation Message 'Core local interconnect spacing < 0.14um (li.c2)' found 20 times.
2024-03-12 18:29:05 - [ERROR] - Violation Message 'Diffusion spacing < 0.27um (diff/tap.3)' found 30 times.
2024-03-12 18:29:05 - [ERROR] - Violation Message 'poly spacing < 0.21um (poly.2)' found 40 times.
2024-03-12 18:29:05 - [ERROR] - Violation Message 'Diffusion contact to gate < 0.055um (licon.11)' found 8160 times.
2024-03-12 18:29:05 - [ERROR] - Violation Message 'Spacing of metal1 features attached to and within 0.28um of large metal1 < 0.28um (met1.3a)' found 350 times.
2024-03-12 18:29:05 - [ERROR] - Violation Message 'Metal1 > 3um spacing to unrelated m1 < 0.28um (met1.3b)' found 1800 times.
2024-03-12 18:29:05 - [ERROR] - Violation Message 'poly overlap of poly contact < 0.05um (licon.8)' found 10 times.
2024-03-12 18:29:05 - [ERROR] - Violation Message 'Metal3 overlap of via2 < 0.025um (met3.4)' found 295 times.
2024-03-12 18:29:05 - [ERROR] - 14190 DRC violations
2024-03-12 18:29:05 - [WARNING] - {{MAGIC DRC CHECK FAILED}} The GDS file, user_project_wrapper.gds, has DRC violations.
2024-03-12 18:29:05 - [INFO] - {{STEP UPDATE}} Executing Check 9 of 16: Klayout FEOL
2024-03-12 18:29:05 - [INFO] - in CUSTOM klayout_gds_drc_check
2024-03-12 18:29:05 - [INFO] - run: klayout -b -r /home/lrburle/mpw_precheck/checks/tech-files/sky130A_mr.drc -rd input=/home/lrburle/OSU/google_ring_oscillator/caravel/gds/user_project_wrapper.gds -rd topcell=user_project_wrapper -rd report=/home/lrburle/OSU/google_ring_oscillator/caravel/precheck_results/12_MAR_2024___18_28_47/outputs/reports/klayout_feol_check.xml -rd feol=true >& /home/lrburle/OSU/google_ring_oscillator/caravel/precheck_results/12_MAR_2024___18_28_47/logs/klayout_feol_check.log
2024-03-12 18:29:07 - [ERROR] - Total # of DRC violations is 40 Please check /home/lrburle/OSU/google_ring_oscillator/caravel/precheck_results/12_MAR_2024___18_28_47/outputs/reports/klayout_feol_check.xml For more details
2024-03-12 18:29:07 - [WARNING] - {{Klayout FEOL CHECK FAILED}} The GDS file, user_project_wrapper.gds, has DRC violations.
2024-03-12 18:29:07 - [INFO] - {{STEP UPDATE}} Executing Check 10 of 16: Klayout BEOL
2024-03-12 18:29:07 - [INFO] - in CUSTOM klayout_gds_drc_check
2024-03-12 18:29:07 - [INFO] - run: klayout -b -r /home/lrburle/mpw_precheck/checks/tech-files/sky130A_mr.drc -rd input=/home/lrburle/OSU/google_ring_oscillator/caravel/gds/user_project_wrapper.gds -rd topcell=user_project_wrapper -rd report=/home/lrburle/OSU/google_ring_oscillator/caravel/precheck_results/12_MAR_2024___18_28_47/outputs/reports/klayout_beol_check.xml -rd beol=true >& /home/lrburle/OSU/google_ring_oscillator/caravel/precheck_results/12_MAR_2024___18_28_47/logs/klayout_beol_check.log
2024-03-12 18:29:10 - [ERROR] - Total # of DRC violations is 1092 Please check /home/lrburle/OSU/google_ring_oscillator/caravel/precheck_results/12_MAR_2024___18_28_47/outputs/reports/klayout_beol_check.xml For more details
2024-03-12 18:29:10 - [WARNING] - {{Klayout BEOL CHECK FAILED}} The GDS file, user_project_wrapper.gds, has DRC violations.
2024-03-12 18:29:10 - [INFO] - {{STEP UPDATE}} Executing Check 11 of 16: Klayout Offgrid
2024-03-12 18:29:10 - [INFO] - in CUSTOM klayout_gds_drc_check
2024-03-12 18:29:10 - [INFO] - run: klayout -b -r /home/lrburle/mpw_precheck/checks/tech-files/sky130A_mr.drc -rd input=/home/lrburle/OSU/google_ring_oscillator/caravel/gds/user_project_wrapper.gds -rd topcell=user_project_wrapper -rd report=/home/lrburle/OSU/google_ring_oscillator/caravel/precheck_results/12_MAR_2024___18_28_47/outputs/reports/klayout_offgrid_check.xml -rd offgrid=true >& /home/lrburle/OSU/google_ring_oscillator/caravel/precheck_results/12_MAR_2024___18_28_47/logs/klayout_offgrid_check.log
2024-03-12 18:29:11 - [INFO] - No DRC Violations found
2024-03-12 18:29:11 - [INFO] - {{Klayout Offgrid CHECK PASSED}} The GDS file, user_project_wrapper.gds, has no DRC violations.
2024-03-12 18:29:11 - [INFO] - {{STEP UPDATE}} Executing Check 12 of 16: Klayout Metal Minimum Clear Area Density
2024-03-12 18:29:11 - [INFO] - in CUSTOM klayout_gds_drc_check
2024-03-12 18:29:11 - [INFO] - run: klayout -b -r /home/lrburle/mpw_precheck/checks/drc_checks/klayout/met_min_ca_density.lydrc -rd input=/home/lrburle/OSU/google_ring_oscillator/caravel/gds/user_project_wrapper.gds -rd topcell=user_project_wrapper -rd report=/home/lrburle/OSU/google_ring_oscillator/caravel/precheck_results/12_MAR_2024___18_28_47/outputs/reports/klayout_met_min_ca_density_check.xml >& /home/lrburle/OSU/google_ring_oscillator/caravel/precheck_results/12_MAR_2024___18_28_47/logs/klayout_met_min_ca_density_check.log
2024-03-12 18:29:12 - [INFO] - No DRC Violations found
2024-03-12 18:29:12 - [INFO] - {{Klayout Metal Minimum Clear Area Density CHECK PASSED}} The GDS file, user_project_wrapper.gds, has no DRC violations.
2024-03-12 18:29:12 - [INFO] - {{STEP UPDATE}} Executing Check 13 of 16: Klayout Pin Label Purposes Overlapping Drawing
2024-03-12 18:29:12 - [INFO] - in CUSTOM klayout_gds_drc_check
2024-03-12 18:29:12 - [INFO] - run: klayout -b -r /home/lrburle/mpw_precheck/checks/drc_checks/klayout/pin_label_purposes_overlapping_drawing.rb.drc -rd input=/home/lrburle/OSU/google_ring_oscillator/caravel/gds/user_project_wrapper.gds -rd topcell=user_project_wrapper -rd report=/home/lrburle/OSU/google_ring_oscillator/caravel/precheck_results/12_MAR_2024___18_28_47/outputs/reports/klayout_pin_label_purposes_overlapping_drawing_check.xml -rd top_cell_name=user_project_wrapper >& /home/lrburle/OSU/google_ring_oscillator/caravel/precheck_results/12_MAR_2024___18_28_47/logs/klayout_pin_label_purposes_overlapping_drawing_check.log
2024-03-12 18:29:13 - [ERROR] - ERROR klayout_pin_label_purposes_overlapping_drawing FAILED, stat=2, see /home/lrburle/OSU/google_ring_oscillator/caravel/precheck_results/12_MAR_2024___18_28_47/logs/klayout_pin_label_purposes_overlapping_drawing_check.log
2024-03-12 18:29:13 - [WARNING] - {{Klayout Pin Label Purposes Overlapping Drawing CHECK FAILED}} The GDS file, user_project_wrapper.gds, has DRC violations.
2024-03-12 18:29:13 - [INFO] - {{STEP UPDATE}} Executing Check 14 of 16: Klayout ZeroArea
2024-03-12 18:29:13 - [INFO] - in CUSTOM klayout_gds_drc_check
2024-03-12 18:29:13 - [INFO] - run: klayout -b -r /home/lrburle/mpw_precheck/checks/drc_checks/klayout/zeroarea.rb.drc -rd input=/home/lrburle/OSU/google_ring_oscillator/caravel/gds/user_project_wrapper.gds -rd topcell=user_project_wrapper -rd report=/home/lrburle/OSU/google_ring_oscillator/caravel/precheck_results/12_MAR_2024___18_28_47/outputs/reports/klayout_zeroarea_check.xml -rd cleaned_output=/home/lrburle/OSU/google_ring_oscillator/caravel/precheck_results/12_MAR_2024___18_28_47/outputs/user_project_wrapper_no_zero_areas.gds >& /home/lrburle/OSU/google_ring_oscillator/caravel/precheck_results/12_MAR_2024___18_28_47/logs/klayout_zeroarea_check.log
2024-03-12 18:29:14 - [INFO] - No DRC Violations found
2024-03-12 18:29:14 - [INFO] - {{Klayout ZeroArea CHECK PASSED}} The GDS file, user_project_wrapper.gds, has no DRC violations.
2024-03-12 18:29:14 - [INFO] - {{STEP UPDATE}} Executing Check 15 of 16: OEB
2024-03-12 18:29:14 - [INFO] - Loading LVS environment from /home/lrburle/OSU/google_ring_oscillator/caravel/lvs/user_project_wrapper/lvs_config.json
2024-03-12 18:29:14 - [INFO] - EXTRACT_FLATGLOB : 
2024-03-12 18:29:14 - [INFO] - EXTRACT_ABSTRACT : *__fill_* *__fakediode_* *__tapvpwrvgnd_*
2024-03-12 18:29:14 - [INFO] - LVS_FLATTEN : 
2024-03-12 18:29:14 - [INFO] - LVS_NOFLATTEN : 
2024-03-12 18:29:14 - [INFO] - LVS_IGNORE : 
2024-03-12 18:29:14 - [INFO] - LVS_SPICE_FILES : /opt/open_pdk/share/pdk/sky130A/libs.ref/sky130_fd_sc_hd/spice/sky130_ef_sc_hd__decap_12.spice /opt/open_pdk/share/pdk/sky130A/libs.ref/sky130_fd_sc_hd/spice/sky130_fd_sc_hd.spice
2024-03-12 18:29:14 - [INFO] - LVS_VERILOG_FILES : /home/lrburle/OSU/google_ring_oscillator/caravel/verilog/gl/user_proj_example.v /home/lrburle/OSU/google_ring_oscillator/caravel/verilog/gl/user_project_wrapper.v
2024-03-12 18:29:14 - [INFO] - LAYOUT_FILE : /home/lrburle/OSU/google_ring_oscillator/caravel/gds/user_project_wrapper.gds
2024-03-12 18:29:14 - [INFO] - run: run_oeb_check
2024-03-12 18:29:14 - [INFO] - OEB output directory: /home/lrburle/OSU/google_ring_oscillator/caravel/precheck_results/12_MAR_2024___18_28_47
2024-03-12 18:29:23 - [ERROR] - ERROR OEB FAILED, stat=5, see /home/lrburle/OSU/google_ring_oscillator/caravel/precheck_results/12_MAR_2024___18_28_47/logs/OEB_check.log
2024-03-12 18:29:23 - [WARNING] - {{OEB CHECK FAILED}} The design, user_project_wrapper, has OEB violations.
2024-03-12 18:29:23 - [INFO] - {{STEP UPDATE}} Executing Check 16 of 16: LVS
2024-03-12 18:29:23 - [INFO] - Loading LVS environment from /home/lrburle/OSU/google_ring_oscillator/caravel/lvs/user_project_wrapper/lvs_config.json
2024-03-12 18:29:23 - [INFO] - EXTRACT_FLATGLOB : 
2024-03-12 18:29:23 - [INFO] - EXTRACT_ABSTRACT : *__fill_* *__fakediode_* *__tapvpwrvgnd_*
2024-03-12 18:29:23 - [INFO] - LVS_FLATTEN : 
2024-03-12 18:29:23 - [INFO] - LVS_NOFLATTEN : 
2024-03-12 18:29:23 - [INFO] - LVS_IGNORE : 
2024-03-12 18:29:23 - [INFO] - LVS_SPICE_FILES : /opt/open_pdk/share/pdk/sky130A/libs.ref/sky130_fd_sc_hd/spice/sky130_ef_sc_hd__decap_12.spice /opt/open_pdk/share/pdk/sky130A/libs.ref/sky130_fd_sc_hd/spice/sky130_fd_sc_hd.spice
2024-03-12 18:29:23 - [INFO] - LVS_VERILOG_FILES : /home/lrburle/OSU/google_ring_oscillator/caravel/verilog/gl/user_proj_example.v /home/lrburle/OSU/google_ring_oscillator/caravel/verilog/gl/user_project_wrapper.v
2024-03-12 18:29:23 - [INFO] - LAYOUT_FILE : /home/lrburle/OSU/google_ring_oscillator/caravel/gds/user_project_wrapper.gds
2024-03-12 18:29:23 - [INFO] - run: run_be_checks
2024-03-12 18:29:23 - [INFO] - LVS output directory: /home/lrburle/OSU/google_ring_oscillator/caravel/precheck_results/12_MAR_2024___18_28_47
2024-03-12 18:29:56 - [ERROR] - ERROR LVS FAILED, stat=1, see /home/lrburle/OSU/google_ring_oscillator/caravel/precheck_results/12_MAR_2024___18_28_47/logs/LVS_check.log
2024-03-12 18:29:56 - [WARNING] - {{LVS CHECK FAILED}} The design, user_project_wrapper, has LVS violations.
2024-03-12 18:29:56 - [INFO] - {{FINISH}} Executing Finished, the full log 'precheck.log' can be found in '/home/lrburle/OSU/google_ring_oscillator/caravel/precheck_results/12_MAR_2024___18_28_47/logs'
2024-03-12 18:29:56 - [CRITICAL] - {{FAILURE}} 5 Check(s) Failed: ['Klayout FEOL', 'Klayout BEOL', 'Klayout Pin Label Purposes Overlapping Drawing', 'OEB', 'LVS'] !!!
