"polygons" in: met_min_ca_density.lydrc:35
    Polygons (raw): 108821 (flat)  2199 (hierarchical)
    Elapsed: 0.010s  Memory: 601.00M
"polygons" in: met_min_ca_density.lydrc:36
    Polygons (raw): 75813 (flat)  1420 (hierarchical)
    Elapsed: 0.000s  Memory: 601.00M
"polygons" in: met_min_ca_density.lydrc:38
    Polygons (raw): 85128 (flat)  3091 (hierarchical)
    Elapsed: 0.000s  Memory: 601.00M
"polygons" in: met_min_ca_density.lydrc:39
    Polygons (raw): 7993 (flat)  2675 (hierarchical)
    Elapsed: 0.000s  Memory: 601.00M
"polygons" in: met_min_ca_density.lydrc:41
    Polygons (raw): 9905 (flat)  2961 (hierarchical)
    Elapsed: 0.000s  Memory: 601.00M
"polygons" in: met_min_ca_density.lydrc:42
    Polygons (raw): 4954 (flat)  1750 (hierarchical)
    Elapsed: 0.010s  Memory: 601.00M
"polygons" in: met_min_ca_density.lydrc:44
    Polygons (raw): 5755 (flat)  1661 (hierarchical)
    Elapsed: 0.000s  Memory: 601.00M
"polygons" in: met_min_ca_density.lydrc:45
    Polygons (raw): 3571 (flat)  1423 (hierarchical)
    Elapsed: 0.000s  Memory: 601.00M
"polygons" in: met_min_ca_density.lydrc:47
    Polygons (raw): 634 (flat)  480 (hierarchical)
    Elapsed: 0.000s  Memory: 601.00M
"polygons" in: met_min_ca_density.lydrc:48
    Polygons (raw): 0 (flat)  0 (hierarchical)
    Elapsed: 0.000s  Memory: 601.00M
"polygons" in: met_min_ca_density.lydrc:49
    Polygons (raw): 13092 (flat)  13092 (hierarchical)
    Elapsed: 0.020s  Memory: 602.00M
"polygons" in: met_min_ca_density.lydrc:51
    Polygons (raw): 352 (flat)  352 (hierarchical)
    Elapsed: 0.000s  Memory: 602.00M
"input" in: met_min_ca_density.lydrc:53
    Polygons (raw): 106 (flat)  12 (hierarchical)
    Elapsed: 0.000s  Memory: 602.00M
"area" in: met_min_ca_density.lydrc:55
    Elapsed: 0.000s  Memory: 602.00M
"polygons" in: met_min_ca_density.lydrc:59
    Polygons (raw): 108821 (flat)  2199 (hierarchical)
    Elapsed: 0.010s  Memory: 602.00M
"area" in: met_min_ca_density.lydrc:59
    Elapsed: 0.040s  Memory: 602.00M
li1_ca_density is 0.9984862180032884
"polygons" in: met_min_ca_density.lydrc:69
    Polygons (raw): 85128 (flat)  3091 (hierarchical)
    Elapsed: 0.000s  Memory: 602.00M
"area" in: met_min_ca_density.lydrc:69
    Elapsed: 0.050s  Memory: 602.00M
m1_ca_density is 0.9990456519886364
"polygons" in: met_min_ca_density.lydrc:79
    Polygons (raw): 9905 (flat)  2961 (hierarchical)
    Elapsed: 0.000s  Memory: 602.00M
"area" in: met_min_ca_density.lydrc:79
    Elapsed: 0.020s  Memory: 603.00M
m2_ca_density is 0.9994432050829896
"polygons" in: met_min_ca_density.lydrc:89
    Polygons (raw): 5755 (flat)  1661 (hierarchical)
    Elapsed: 0.000s  Memory: 603.00M
"area" in: met_min_ca_density.lydrc:89
    Elapsed: 0.010s  Memory: 603.00M
m3_ca_density is 0.9993304601421428
"polygons" in: met_min_ca_density.lydrc:99
    Polygons (raw): 634 (flat)  480 (hierarchical)
    Elapsed: 0.000s  Memory: 603.00M
"area" in: met_min_ca_density.lydrc:99
    Elapsed: 0.010s  Memory: 603.00M
m4_ca_density is 0.8390627741769147
"polygons" in: met_min_ca_density.lydrc:109
    Polygons (raw): 352 (flat)  352 (hierarchical)
    Elapsed: 0.000s  Memory: 603.00M
"area" in: met_min_ca_density.lydrc:109
    Elapsed: 0.000s  Memory: 603.00M
m5_ca_density is 0.8405503611457037
Writing report database: /home/lburleson/OSU/google_ring_oscillator/caravel/precheck_results/02_APR_2024___19_14_58/outputs/reports/klayout_met_min_ca_density_check.xml ..
Total elapsed: 0.220s  Memory: 603.00M
