2024-04-09 20:14:50 - [INFO] - {{EXTRACTING FILES}} Extracting compressed files in: /home/lburleson/OSU/google_ring_oscillator/caravel
2024-04-09 20:14:51 - [INFO] - {{Project Type Info}} digital
2024-04-09 20:14:51 - [INFO] - {{Project GDS Info}} user_project_wrapper: e9a0892b8d24974db42d133d0935bc1fe8b7de38
2024-04-09 20:14:51 - [INFO] - {{Tools Info}} KLayout: v0.28.12 | Magic: v8.3.452
2024-04-09 20:14:51 - [INFO] - {{PDKs Info}} SKY130A: None | Open PDKs: e3b630d9b7c0e23615367d52c4f78b2d2ede58ac
2024-04-09 20:14:51 - [INFO] - {{START}} Precheck Started, the full log 'precheck.log' will be located in '/home/lburleson/OSU/google_ring_oscillator/caravel/precheck_results/09_APR_2024___20_14_50/logs'
2024-04-09 20:14:51 - [INFO] - {{PRECHECK SEQUENCE}} Precheck will run the following checks: [License, Makefile, Default, Documentation, Consistency, GPIO-Defines, XOR, Magic DRC, Klayout FEOL, Klayout BEOL, Klayout Offgrid, Klayout Metal Minimum Clear Area Density, Klayout Pin Label Purposes Overlapping Drawing, Klayout ZeroArea, OEB, LVS]
2024-04-09 20:14:51 - [INFO] - {{STEP UPDATE}} Executing Check 1 of 16: License
2024-04-09 20:14:52 - [INFO] - An approved LICENSE (Apache-2.0) was found in /home/lburleson/OSU/google_ring_oscillator/caravel.
2024-04-09 20:14:52 - [INFO] - {{MAIN LICENSE CHECK PASSED}} An approved LICENSE was found in project root.
2024-04-09 20:14:53 - [INFO] - An approved LICENSE (Apache-2.0) was found in /home/lburleson/OSU/google_ring_oscillator/caravel.
2024-04-09 20:14:54 - [INFO] - An approved LICENSE (Apache-2.0) was found in /home/lburleson/OSU/google_ring_oscillator/caravel.
2024-04-09 20:14:55 - [INFO] - An approved LICENSE (Apache-2.0) was found in /home/lburleson/OSU/google_ring_oscillator/caravel.
2024-04-09 20:14:56 - [INFO] - An approved LICENSE (Apache-2.0) was found in /home/lburleson/OSU/google_ring_oscillator/caravel.
2024-04-09 20:14:56 - [INFO] - {{SUBMODULES LICENSE CHECK PASSED}} No prohibited LICENSE file(s) was found in project submodules
2024-04-09 20:14:58 - [INFO] - {{SPDX COMPLIANCE CHECK PASSED}} Project is compliant with the SPDX Standard
2024-04-09 20:14:58 - [INFO] - {{STEP UPDATE}} Executing Check 2 of 16: Makefile
2024-04-09 20:14:58 - [INFO] - {{MAKEFILE CHECK PASSED}} Makefile valid.
2024-04-09 20:14:58 - [INFO] - {{STEP UPDATE}} Executing Check 3 of 16: Default
2024-04-09 20:14:58 - [INFO] - {{README DEFAULT CHECK PASSED}} Project 'README.md' was modified and is not identical to the default 'README.md'
2024-04-09 20:14:58 - [INFO] - {{CONTENT DEFAULT CHECK PASSED}} Project 'gds' was modified and is not identical to the default 'gds'
2024-04-09 20:14:58 - [INFO] - {{STEP UPDATE}} Executing Check 4 of 16: Documentation
2024-04-09 20:14:59 - [INFO] - {{DOCUMENTATION CHECK PASSED}} Project documentation is appropriate.
2024-04-09 20:14:59 - [INFO] - {{STEP UPDATE}} Executing Check 5 of 16: Consistency
2024-04-09 20:15:03 - [INFO] - PORTS CHECK PASSED: Netlist user_project_wrapper ports match the golden wrapper ports
2024-04-09 20:15:03 - [INFO] - COMPLEXITY CHECK PASSED: Netlist user_project_wrapper contains at least 1 instances (16 instances). 
2024-04-09 20:15:03 - [INFO] - MODELING CHECK PASSED: Netlist user_project_wrapper is structural.
2024-04-09 20:15:03 - [INFO] - LAYOUT CHECK PASSED: The GDS layout for user_project_wrapper matches the provided structural netlist.
2024-04-09 20:15:03 - [INFO] - POWER CONNECTIONS CHECK PASSED: All instances in user_project_wrapper are connected to power
2024-04-09 20:15:03 - [INFO] - PORT TYPES CHECK PASSED: Netlist user_project_wrapper port types match the golden wrapper port types.
2024-04-09 20:15:03 - [INFO] - {{NETLIST CONSISTENCY CHECK PASSED}} user_project_wrapper netlist passed all consistency checks.
2024-04-09 20:15:03 - [INFO] - {{CONSISTENCY CHECK PASSED}} The user netlist and the top netlist are valid.
2024-04-09 20:15:03 - [INFO] - {{STEP UPDATE}} Executing Check 6 of 16: GPIO-Defines
2024-04-09 20:15:03 - [INFO] - GPIO-DEFINES: Checking verilog/rtl/user_defines.v, parsing files: ['/home/lburleson/mpw_precheck/checks/gpio_defines_check/verilog_assets/gpio_modes_base.v', '/home/lburleson/OSU/google_ring_oscillator/caravel/verilog/rtl/user_defines.v', '/home/lburleson/mpw_precheck/checks/gpio_defines_check/verilog_assets/gpio_modes_observe.v']
2024-04-09 20:15:04 - [INFO] - GPIO-DEFINES report path: /home/lburleson/OSU/google_ring_oscillator/caravel/precheck_results/09_APR_2024___20_14_50/outputs/reports/gpio_defines.report
2024-04-09 20:15:04 - [INFO] - {{GPIO-DEFINES CHECK PASSED}} The user verilog/rtl/user_defines.v is valid.
2024-04-09 20:15:04 - [INFO] - {{STEP UPDATE}} Executing Check 7 of 16: XOR
2024-04-09 20:15:07 - [INFO] - {{XOR CHECK UPDATE}} Total XOR differences: 0, for more details view /home/lburleson/OSU/google_ring_oscillator/caravel/precheck_results/09_APR_2024___20_14_50/outputs/user_project_wrapper.xor.gds
2024-04-09 20:15:07 - [INFO] - {{XOR CHECK PASSED}} The GDS file has no XOR violations.
2024-04-09 20:15:07 - [INFO] - {{STEP UPDATE}} Executing Check 8 of 16: Magic DRC
2024-04-09 20:15:12 - [WARNING] - Error generating DRC violation report(s), the full set of Magic DRC reports will not be generated. local variable 'layer' referenced before assignment
2024-04-09 20:15:12 - [ERROR] - Violation Message 'This layer can't abut or partially overlap between subcells' found 133 times.
2024-04-09 20:15:12 - [ERROR] - Violation Message 'Metal1 spacing < 0.14um (met1.2)' found 155 times.
2024-04-09 20:15:12 - [ERROR] - Violation Message 'All nwells must contain metal-connected N+ taps (nwell.4)' found 1 times.
2024-04-09 20:15:12 - [ERROR] - Violation Message 'Metal1 width < 0.14um (met1.1)' found 1 times.
2024-04-09 20:15:12 - [ERROR] - Violation Message 'Via1 width < 0.26um (via.1a + 2 * via.4a)' found 2 times.
2024-04-09 20:15:12 - [ERROR] - 292 DRC violations
2024-04-09 20:15:12 - [WARNING] - {{MAGIC DRC CHECK FAILED}} The GDS file, user_project_wrapper.gds, has DRC violations.
2024-04-09 20:15:12 - [INFO] - {{STEP UPDATE}} Executing Check 9 of 16: Klayout FEOL
2024-04-09 20:15:12 - [INFO] - in CUSTOM klayout_gds_drc_check
2024-04-09 20:15:12 - [INFO] - run: klayout -b -r /home/lburleson/mpw_precheck/checks/tech-files/sky130A_mr.drc -rd input=/home/lburleson/OSU/google_ring_oscillator/caravel/gds/user_project_wrapper.gds -rd topcell=user_project_wrapper -rd report=/home/lburleson/OSU/google_ring_oscillator/caravel/precheck_results/09_APR_2024___20_14_50/outputs/reports/klayout_feol_check.xml -rd feol=true >& /home/lburleson/OSU/google_ring_oscillator/caravel/precheck_results/09_APR_2024___20_14_50/logs/klayout_feol_check.log
2024-04-09 20:15:14 - [ERROR] - Total # of DRC violations is 8 Please check /home/lburleson/OSU/google_ring_oscillator/caravel/precheck_results/09_APR_2024___20_14_50/outputs/reports/klayout_feol_check.xml For more details
2024-04-09 20:15:14 - [WARNING] - {{Klayout FEOL CHECK FAILED}} The GDS file, user_project_wrapper.gds, has DRC violations.
2024-04-09 20:15:14 - [INFO] - {{STEP UPDATE}} Executing Check 10 of 16: Klayout BEOL
2024-04-09 20:15:14 - [INFO] - in CUSTOM klayout_gds_drc_check
2024-04-09 20:15:14 - [INFO] - run: klayout -b -r /home/lburleson/mpw_precheck/checks/tech-files/sky130A_mr.drc -rd input=/home/lburleson/OSU/google_ring_oscillator/caravel/gds/user_project_wrapper.gds -rd topcell=user_project_wrapper -rd report=/home/lburleson/OSU/google_ring_oscillator/caravel/precheck_results/09_APR_2024___20_14_50/outputs/reports/klayout_beol_check.xml -rd beol=true >& /home/lburleson/OSU/google_ring_oscillator/caravel/precheck_results/09_APR_2024___20_14_50/logs/klayout_beol_check.log
2024-04-09 20:15:19 - [ERROR] - Total # of DRC violations is 31 Please check /home/lburleson/OSU/google_ring_oscillator/caravel/precheck_results/09_APR_2024___20_14_50/outputs/reports/klayout_beol_check.xml For more details
2024-04-09 20:15:19 - [WARNING] - {{Klayout BEOL CHECK FAILED}} The GDS file, user_project_wrapper.gds, has DRC violations.
2024-04-09 20:15:19 - [INFO] - {{STEP UPDATE}} Executing Check 11 of 16: Klayout Offgrid
2024-04-09 20:15:19 - [INFO] - in CUSTOM klayout_gds_drc_check
2024-04-09 20:15:19 - [INFO] - run: klayout -b -r /home/lburleson/mpw_precheck/checks/tech-files/sky130A_mr.drc -rd input=/home/lburleson/OSU/google_ring_oscillator/caravel/gds/user_project_wrapper.gds -rd topcell=user_project_wrapper -rd report=/home/lburleson/OSU/google_ring_oscillator/caravel/precheck_results/09_APR_2024___20_14_50/outputs/reports/klayout_offgrid_check.xml -rd offgrid=true >& /home/lburleson/OSU/google_ring_oscillator/caravel/precheck_results/09_APR_2024___20_14_50/logs/klayout_offgrid_check.log
2024-04-09 20:15:20 - [INFO] - No DRC Violations found
2024-04-09 20:15:20 - [INFO] - {{Klayout Offgrid CHECK PASSED}} The GDS file, user_project_wrapper.gds, has no DRC violations.
2024-04-09 20:15:20 - [INFO] - {{STEP UPDATE}} Executing Check 12 of 16: Klayout Metal Minimum Clear Area Density
2024-04-09 20:15:20 - [INFO] - in CUSTOM klayout_gds_drc_check
2024-04-09 20:15:20 - [INFO] - run: klayout -b -r /home/lburleson/mpw_precheck/checks/drc_checks/klayout/met_min_ca_density.lydrc -rd input=/home/lburleson/OSU/google_ring_oscillator/caravel/gds/user_project_wrapper.gds -rd topcell=user_project_wrapper -rd report=/home/lburleson/OSU/google_ring_oscillator/caravel/precheck_results/09_APR_2024___20_14_50/outputs/reports/klayout_met_min_ca_density_check.xml >& /home/lburleson/OSU/google_ring_oscillator/caravel/precheck_results/09_APR_2024___20_14_50/logs/klayout_met_min_ca_density_check.log
2024-04-09 20:15:22 - [INFO] - No DRC Violations found
2024-04-09 20:15:22 - [INFO] - {{Klayout Metal Minimum Clear Area Density CHECK PASSED}} The GDS file, user_project_wrapper.gds, has no DRC violations.
2024-04-09 20:15:22 - [INFO] - {{STEP UPDATE}} Executing Check 13 of 16: Klayout Pin Label Purposes Overlapping Drawing
2024-04-09 20:15:22 - [INFO] - in CUSTOM klayout_gds_drc_check
2024-04-09 20:15:22 - [INFO] - run: klayout -b -r /home/lburleson/mpw_precheck/checks/drc_checks/klayout/pin_label_purposes_overlapping_drawing.rb.drc -rd input=/home/lburleson/OSU/google_ring_oscillator/caravel/gds/user_project_wrapper.gds -rd topcell=user_project_wrapper -rd report=/home/lburleson/OSU/google_ring_oscillator/caravel/precheck_results/09_APR_2024___20_14_50/outputs/reports/klayout_pin_label_purposes_overlapping_drawing_check.xml -rd top_cell_name=user_project_wrapper >& /home/lburleson/OSU/google_ring_oscillator/caravel/precheck_results/09_APR_2024___20_14_50/logs/klayout_pin_label_purposes_overlapping_drawing_check.log
2024-04-09 20:15:23 - [ERROR] - ERROR klayout_pin_label_purposes_overlapping_drawing FAILED, stat=2, see /home/lburleson/OSU/google_ring_oscillator/caravel/precheck_results/09_APR_2024___20_14_50/logs/klayout_pin_label_purposes_overlapping_drawing_check.log
2024-04-09 20:15:23 - [WARNING] - {{Klayout Pin Label Purposes Overlapping Drawing CHECK FAILED}} The GDS file, user_project_wrapper.gds, has DRC violations.
2024-04-09 20:15:23 - [INFO] - {{STEP UPDATE}} Executing Check 14 of 16: Klayout ZeroArea
2024-04-09 20:15:23 - [INFO] - in CUSTOM klayout_gds_drc_check
2024-04-09 20:15:23 - [INFO] - run: klayout -b -r /home/lburleson/mpw_precheck/checks/drc_checks/klayout/zeroarea.rb.drc -rd input=/home/lburleson/OSU/google_ring_oscillator/caravel/gds/user_project_wrapper.gds -rd topcell=user_project_wrapper -rd report=/home/lburleson/OSU/google_ring_oscillator/caravel/precheck_results/09_APR_2024___20_14_50/outputs/reports/klayout_zeroarea_check.xml -rd cleaned_output=/home/lburleson/OSU/google_ring_oscillator/caravel/precheck_results/09_APR_2024___20_14_50/outputs/user_project_wrapper_no_zero_areas.gds >& /home/lburleson/OSU/google_ring_oscillator/caravel/precheck_results/09_APR_2024___20_14_50/logs/klayout_zeroarea_check.log
2024-04-09 20:15:24 - [INFO] - No DRC Violations found
2024-04-09 20:15:24 - [INFO] - {{Klayout ZeroArea CHECK PASSED}} The GDS file, user_project_wrapper.gds, has no DRC violations.
2024-04-09 20:15:24 - [INFO] - {{STEP UPDATE}} Executing Check 15 of 16: OEB
2024-04-09 20:15:24 - [INFO] - Loading LVS environment from /home/lburleson/OSU/google_ring_oscillator/caravel/lvs/user_project_wrapper/lvs_config.json
2024-04-09 20:15:24 - [INFO] - EXTRACT_FLATGLOB : 
2024-04-09 20:15:24 - [INFO] - EXTRACT_ABSTRACT : *__fill_* *__fakediode_* *__tapvpwrvgnd_*
2024-04-09 20:15:24 - [INFO] - LVS_FLATTEN : 
2024-04-09 20:15:24 - [INFO] - LVS_NOFLATTEN : 
2024-04-09 20:15:24 - [INFO] - LVS_IGNORE : 
2024-04-09 20:15:24 - [INFO] - LVS_SPICE_FILES : /opt/share/pdk/sky130A/libs.ref/sky130_fd_sc_hd/spice/sky130_ef_sc_hd__decap_12.spice /opt/share/pdk/sky130A/libs.ref/sky130_fd_sc_hd/spice/sky130_fd_sc_hd.spice
2024-04-09 20:15:24 - [INFO] - LVS_VERILOG_FILES : /home/lburleson/OSU/google_ring_oscillator/caravel/verilog/gl/user_proj_example.v /home/lburleson/OSU/google_ring_oscillator/caravel/verilog/gl/user_project_wrapper.v
2024-04-09 20:15:24 - [INFO] - LAYOUT_FILE : /home/lburleson/OSU/google_ring_oscillator/caravel/gds/user_project_wrapper.gds
2024-04-09 20:15:24 - [INFO] - run: run_oeb_check
2024-04-09 20:15:24 - [INFO] - OEB output directory: /home/lburleson/OSU/google_ring_oscillator/caravel/precheck_results/09_APR_2024___20_14_50
2024-04-09 20:15:30 - [ERROR] - ERROR OEB FAILED, stat=5, see /home/lburleson/OSU/google_ring_oscillator/caravel/precheck_results/09_APR_2024___20_14_50/logs/OEB_check.log
2024-04-09 20:15:30 - [WARNING] - {{OEB CHECK FAILED}} The design, user_project_wrapper, has OEB violations.
2024-04-09 20:15:30 - [INFO] - {{STEP UPDATE}} Executing Check 16 of 16: LVS
2024-04-09 20:15:30 - [INFO] - Loading LVS environment from /home/lburleson/OSU/google_ring_oscillator/caravel/lvs/user_project_wrapper/lvs_config.json
2024-04-09 20:15:30 - [INFO] - EXTRACT_FLATGLOB : 
2024-04-09 20:15:30 - [INFO] - EXTRACT_ABSTRACT : *__fill_* *__fakediode_* *__tapvpwrvgnd_*
2024-04-09 20:15:30 - [INFO] - LVS_FLATTEN : 
2024-04-09 20:15:30 - [INFO] - LVS_NOFLATTEN : 
2024-04-09 20:15:30 - [INFO] - LVS_IGNORE : 
2024-04-09 20:15:30 - [INFO] - LVS_SPICE_FILES : /opt/share/pdk/sky130A/libs.ref/sky130_fd_sc_hd/spice/sky130_ef_sc_hd__decap_12.spice /opt/share/pdk/sky130A/libs.ref/sky130_fd_sc_hd/spice/sky130_fd_sc_hd.spice
2024-04-09 20:15:30 - [INFO] - LVS_VERILOG_FILES : /home/lburleson/OSU/google_ring_oscillator/caravel/verilog/gl/user_proj_example.v /home/lburleson/OSU/google_ring_oscillator/caravel/verilog/gl/user_project_wrapper.v
2024-04-09 20:15:30 - [INFO] - LAYOUT_FILE : /home/lburleson/OSU/google_ring_oscillator/caravel/gds/user_project_wrapper.gds
2024-04-09 20:15:30 - [INFO] - run: run_be_checks
2024-04-09 20:15:30 - [INFO] - LVS output directory: /home/lburleson/OSU/google_ring_oscillator/caravel/precheck_results/09_APR_2024___20_14_50
2024-04-09 20:16:07 - [ERROR] - ERROR LVS FAILED, stat=1, see /home/lburleson/OSU/google_ring_oscillator/caravel/precheck_results/09_APR_2024___20_14_50/logs/LVS_check.log
2024-04-09 20:16:07 - [WARNING] - {{LVS CHECK FAILED}} The design, user_project_wrapper, has LVS violations.
2024-04-09 20:16:07 - [INFO] - {{FINISH}} Executing Finished, the full log 'precheck.log' can be found in '/home/lburleson/OSU/google_ring_oscillator/caravel/precheck_results/09_APR_2024___20_14_50/logs'
2024-04-09 20:16:07 - [CRITICAL] - {{FAILURE}} 5 Check(s) Failed: ['Klayout FEOL', 'Klayout BEOL', 'Klayout Pin Label Purposes Overlapping Drawing', 'OEB', 'LVS'] !!!
