"polygons" in: met_min_ca_density.lydrc:35
    Polygons (raw): 27181 (flat)  1841 (hierarchical)
    Elapsed: 0.000s  Memory: 601.00M
"polygons" in: met_min_ca_density.lydrc:36
    Polygons (raw): 34118 (flat)  969 (hierarchical)
    Elapsed: 0.000s  Memory: 601.00M
"polygons" in: met_min_ca_density.lydrc:38
    Polygons (raw): 23238 (flat)  3349 (hierarchical)
    Elapsed: 0.000s  Memory: 601.00M
"polygons" in: met_min_ca_density.lydrc:39
    Polygons (raw): 11134 (flat)  6777 (hierarchical)
    Elapsed: 0.010s  Memory: 601.00M
"polygons" in: met_min_ca_density.lydrc:41
    Polygons (raw): 8002 (flat)  3225 (hierarchical)
    Elapsed: 0.010s  Memory: 601.00M
"polygons" in: met_min_ca_density.lydrc:42
    Polygons (raw): 6886 (flat)  4202 (hierarchical)
    Elapsed: 0.000s  Memory: 602.00M
"polygons" in: met_min_ca_density.lydrc:44
    Polygons (raw): 4939 (flat)  1840 (hierarchical)
    Elapsed: 0.000s  Memory: 602.00M
"polygons" in: met_min_ca_density.lydrc:45
    Polygons (raw): 6105 (flat)  3975 (hierarchical)
    Elapsed: 0.000s  Memory: 602.00M
"polygons" in: met_min_ca_density.lydrc:47
    Polygons (raw): 693 (flat)  584 (hierarchical)
    Elapsed: 0.000s  Memory: 602.00M
"polygons" in: met_min_ca_density.lydrc:48
    Polygons (raw): 0 (flat)  0 (hierarchical)
    Elapsed: 0.000s  Memory: 602.00M
"polygons" in: met_min_ca_density.lydrc:49
    Polygons (raw): 13092 (flat)  13092 (hierarchical)
    Elapsed: 0.010s  Memory: 602.00M
"polygons" in: met_min_ca_density.lydrc:51
    Polygons (raw): 352 (flat)  352 (hierarchical)
    Elapsed: 0.010s  Memory: 602.00M
"input" in: met_min_ca_density.lydrc:53
    Polygons (raw): 1901 (flat)  31 (hierarchical)
    Elapsed: 0.000s  Memory: 602.00M
"area" in: met_min_ca_density.lydrc:55
    Elapsed: 0.010s  Memory: 602.00M
"polygons" in: met_min_ca_density.lydrc:59
    Polygons (raw): 27181 (flat)  1841 (hierarchical)
    Elapsed: 0.000s  Memory: 602.00M
"area" in: met_min_ca_density.lydrc:59
    Elapsed: 0.040s  Memory: 603.00M
li1_ca_density is 0.9984992736709993
"polygons" in: met_min_ca_density.lydrc:69
    Polygons (raw): 23238 (flat)  3349 (hierarchical)
    Elapsed: 0.000s  Memory: 603.00M
"area" in: met_min_ca_density.lydrc:69
    Elapsed: 0.040s  Memory: 603.00M
m1_ca_density is 0.9988341020586862
"polygons" in: met_min_ca_density.lydrc:79
    Polygons (raw): 8002 (flat)  3225 (hierarchical)
    Elapsed: 0.010s  Memory: 603.00M
"area" in: met_min_ca_density.lydrc:79
    Elapsed: 0.020s  Memory: 604.00M
m2_ca_density is 0.9991753017103829
"polygons" in: met_min_ca_density.lydrc:89
    Polygons (raw): 4939 (flat)  1840 (hierarchical)
    Elapsed: 0.000s  Memory: 604.00M
"area" in: met_min_ca_density.lydrc:89
    Elapsed: 0.010s  Memory: 604.00M
m3_ca_density is 0.9993188909825459
"polygons" in: met_min_ca_density.lydrc:99
    Polygons (raw): 693 (flat)  584 (hierarchical)
    Elapsed: 0.000s  Memory: 604.00M
"area" in: met_min_ca_density.lydrc:99
    Elapsed: 0.000s  Memory: 604.00M
m4_ca_density is 0.839108183542672
"polygons" in: met_min_ca_density.lydrc:109
    Polygons (raw): 352 (flat)  352 (hierarchical)
    Elapsed: 0.000s  Memory: 604.00M
"area" in: met_min_ca_density.lydrc:109
    Elapsed: 0.010s  Memory: 604.00M
m5_ca_density is 0.8405503611457037
Writing report database: /home/lburleson/OSU/google_ring_oscillator/caravel/precheck_results/18_MAY_2024___17_40_56/outputs/reports/klayout_met_min_ca_density_check.xml ..
Total elapsed: 0.250s  Memory: 604.00M
