"polygons" in: met_min_ca_density.lydrc:35
    Polygons (raw): 108755 (flat)  2137 (hierarchical)
    Elapsed: 0.000s  Memory: 601.00M
"polygons" in: met_min_ca_density.lydrc:36
    Polygons (raw): 76548 (flat)  1439 (hierarchical)
    Elapsed: 0.000s  Memory: 601.00M
"polygons" in: met_min_ca_density.lydrc:38
    Polygons (raw): 85223 (flat)  3172 (hierarchical)
    Elapsed: 0.000s  Memory: 601.00M
"polygons" in: met_min_ca_density.lydrc:39
    Polygons (raw): 7930 (flat)  2616 (hierarchical)
    Elapsed: 0.010s  Memory: 601.00M
"polygons" in: met_min_ca_density.lydrc:41
    Polygons (raw): 10039 (flat)  3063 (hierarchical)
    Elapsed: 0.000s  Memory: 601.00M
"polygons" in: met_min_ca_density.lydrc:42
    Polygons (raw): 4903 (flat)  1703 (hierarchical)
    Elapsed: 0.000s  Memory: 601.00M
"polygons" in: met_min_ca_density.lydrc:44
    Polygons (raw): 5828 (flat)  1742 (hierarchical)
    Elapsed: 0.010s  Memory: 601.00M
"polygons" in: met_min_ca_density.lydrc:45
    Polygons (raw): 3633 (flat)  1485 (hierarchical)
    Elapsed: 0.000s  Memory: 601.00M
"polygons" in: met_min_ca_density.lydrc:47
    Polygons (raw): 811 (flat)  657 (hierarchical)
    Elapsed: 0.000s  Memory: 601.00M
"polygons" in: met_min_ca_density.lydrc:48
    Polygons (raw): 0 (flat)  0 (hierarchical)
    Elapsed: 0.000s  Memory: 601.00M
"polygons" in: met_min_ca_density.lydrc:49
    Polygons (raw): 13092 (flat)  13092 (hierarchical)
    Elapsed: 0.010s  Memory: 602.00M
"polygons" in: met_min_ca_density.lydrc:51
    Polygons (raw): 352 (flat)  352 (hierarchical)
    Elapsed: 0.010s  Memory: 602.00M
"input" in: met_min_ca_density.lydrc:53
    Polygons (raw): 106 (flat)  12 (hierarchical)
    Elapsed: 0.000s  Memory: 602.00M
"area" in: met_min_ca_density.lydrc:55
    Elapsed: 0.010s  Memory: 602.00M
"polygons" in: met_min_ca_density.lydrc:59
    Polygons (raw): 108755 (flat)  2137 (hierarchical)
    Elapsed: 0.000s  Memory: 602.00M
"area" in: met_min_ca_density.lydrc:59
    Elapsed: 0.040s  Memory: 602.00M
li1_ca_density is 0.9984862290774829
"polygons" in: met_min_ca_density.lydrc:69
    Polygons (raw): 85223 (flat)  3172 (hierarchical)
    Elapsed: 0.000s  Memory: 602.00M
"area" in: met_min_ca_density.lydrc:69
    Elapsed: 0.040s  Memory: 602.00M
m1_ca_density is 0.998996579404382
"polygons" in: met_min_ca_density.lydrc:79
    Polygons (raw): 10039 (flat)  3063 (hierarchical)
    Elapsed: 0.010s  Memory: 602.00M
"area" in: met_min_ca_density.lydrc:79
    Elapsed: 0.010s  Memory: 603.00M
m2_ca_density is 0.9993936067627257
"polygons" in: met_min_ca_density.lydrc:89
    Polygons (raw): 5828 (flat)  1742 (hierarchical)
    Elapsed: 0.000s  Memory: 603.00M
"area" in: met_min_ca_density.lydrc:89
    Elapsed: 0.010s  Memory: 603.00M
m3_ca_density is 0.9992927391544404
"polygons" in: met_min_ca_density.lydrc:99
    Polygons (raw): 811 (flat)  657 (hierarchical)
    Elapsed: 0.000s  Memory: 603.00M
"area" in: met_min_ca_density.lydrc:99
    Elapsed: 0.010s  Memory: 603.00M
m4_ca_density is 0.8388239768616711
"polygons" in: met_min_ca_density.lydrc:109
    Polygons (raw): 352 (flat)  352 (hierarchical)
    Elapsed: 0.000s  Memory: 603.00M
"area" in: met_min_ca_density.lydrc:109
    Elapsed: 0.000s  Memory: 603.00M
m5_ca_density is 0.8405503611457037
Writing report database: /home/lburleson/OSU/google_ring_oscillator/caravel/precheck_results/26_MAR_2024___17_55_07/outputs/reports/klayout_met_min_ca_density_check.xml ..
Total elapsed: 0.220s  Memory: 603.00M
