BEGIN: Tue 26 Mar 2024 05:55:52 PM UTC
Netgen 1.5.254 compiled on Wed Dec  6 15:58:41 UTC 2023
Warning: netgen command 'format' use fully-qualified name '::netgen::format'
Warning: netgen command 'global' use fully-qualified name '::netgen::global'
Reading netlist file /home/lburleson/OSU/google_ring_oscillator/caravel/precheck_results/26_MAR_2024___17_55_07/tmp/ext/user_project_wrapper.gds.nowell.spice
Call to undefined subcircuit sky130_fd_pr__pfet_01v8_hvt
Creating placeholder cell definition.
Call to undefined subcircuit sky130_fd_pr__nfet_01v8
Creating placeholder cell definition.
Call to undefined subcircuit sky130_fd_pr__pfet_01v8
Creating placeholder cell definition.
Call to undefined subcircuit sky130_fd_pr__nfet_01v8_lvt
Creating placeholder cell definition.
Reading netlist file /home/lburleson/OSU/google_ring_oscillator/caravel/precheck_results/26_MAR_2024___17_55_07/tmp/nowell.ext/user_project_wrapper.gds.nowell.spice
Call to undefined subcircuit sky130_fd_pr__pfet_01v8_hvt
Creating placeholder cell definition.
Call to undefined subcircuit sky130_fd_pr__nfet_01v8
Creating placeholder cell definition.
Call to undefined subcircuit sky130_fd_pr__pfet_01v8
Creating placeholder cell definition.
Call to undefined subcircuit sky130_fd_pr__nfet_01v8_lvt
Creating placeholder cell definition.

Reading setup file /opt/share/pdk/sky130A/libs.tech/netgen/sky130A_setup.tcl

Model sky130_fd_pr__res_generic_po pin end_a == end_b
No property mult found for device sky130_fd_pr__res_generic_po
Model sky130_fd_pr__res_generic_po pin end_a == end_b
No property mult found for device sky130_fd_pr__res_generic_po
Model sky130_fd_pr__nfet_01v8 pin 1 == 3
No property mult found for device sky130_fd_pr__nfet_01v8
No property sa found for device sky130_fd_pr__nfet_01v8
No property sb found for device sky130_fd_pr__nfet_01v8
No property sd found for device sky130_fd_pr__nfet_01v8
No property nf found for device sky130_fd_pr__nfet_01v8
No property nrd found for device sky130_fd_pr__nfet_01v8
No property nrs found for device sky130_fd_pr__nfet_01v8
No property area found for device sky130_fd_pr__nfet_01v8
No property perim found for device sky130_fd_pr__nfet_01v8
No property topography found for device sky130_fd_pr__nfet_01v8
Model sky130_fd_pr__nfet_01v8 pin 1 == 3
No property mult found for device sky130_fd_pr__nfet_01v8
No property sa found for device sky130_fd_pr__nfet_01v8
No property sb found for device sky130_fd_pr__nfet_01v8
No property sd found for device sky130_fd_pr__nfet_01v8
No property nf found for device sky130_fd_pr__nfet_01v8
No property nrd found for device sky130_fd_pr__nfet_01v8
No property nrs found for device sky130_fd_pr__nfet_01v8
No property area found for device sky130_fd_pr__nfet_01v8
No property perim found for device sky130_fd_pr__nfet_01v8
No property topography found for device sky130_fd_pr__nfet_01v8
Model sky130_fd_pr__nfet_01v8_lvt pin 1 == 3
No property mult found for device sky130_fd_pr__nfet_01v8_lvt
No property sa found for device sky130_fd_pr__nfet_01v8_lvt
No property sb found for device sky130_fd_pr__nfet_01v8_lvt
No property sd found for device sky130_fd_pr__nfet_01v8_lvt
No property nf found for device sky130_fd_pr__nfet_01v8_lvt
No property nrd found for device sky130_fd_pr__nfet_01v8_lvt
No property nrs found for device sky130_fd_pr__nfet_01v8_lvt
No property area found for device sky130_fd_pr__nfet_01v8_lvt
No property perim found for device sky130_fd_pr__nfet_01v8_lvt
No property topography found for device sky130_fd_pr__nfet_01v8_lvt
Model sky130_fd_pr__nfet_01v8_lvt pin 1 == 3
No property mult found for device sky130_fd_pr__nfet_01v8_lvt
No property sa found for device sky130_fd_pr__nfet_01v8_lvt
No property sb found for device sky130_fd_pr__nfet_01v8_lvt
No property sd found for device sky130_fd_pr__nfet_01v8_lvt
No property nf found for device sky130_fd_pr__nfet_01v8_lvt
No property nrd found for device sky130_fd_pr__nfet_01v8_lvt
No property nrs found for device sky130_fd_pr__nfet_01v8_lvt
No property area found for device sky130_fd_pr__nfet_01v8_lvt
No property perim found for device sky130_fd_pr__nfet_01v8_lvt
No property topography found for device sky130_fd_pr__nfet_01v8_lvt
Model sky130_fd_pr__pfet_01v8 pin 1 == 3
No property mult found for device sky130_fd_pr__pfet_01v8
No property sa found for device sky130_fd_pr__pfet_01v8
No property sb found for device sky130_fd_pr__pfet_01v8
No property sd found for device sky130_fd_pr__pfet_01v8
No property nf found for device sky130_fd_pr__pfet_01v8
No property nrd found for device sky130_fd_pr__pfet_01v8
No property nrs found for device sky130_fd_pr__pfet_01v8
No property area found for device sky130_fd_pr__pfet_01v8
No property perim found for device sky130_fd_pr__pfet_01v8
No property topography found for device sky130_fd_pr__pfet_01v8
Model sky130_fd_pr__pfet_01v8 pin 1 == 3
No property mult found for device sky130_fd_pr__pfet_01v8
No property sa found for device sky130_fd_pr__pfet_01v8
No property sb found for device sky130_fd_pr__pfet_01v8
No property sd found for device sky130_fd_pr__pfet_01v8
No property nf found for device sky130_fd_pr__pfet_01v8
No property nrd found for device sky130_fd_pr__pfet_01v8
No property nrs found for device sky130_fd_pr__pfet_01v8
No property area found for device sky130_fd_pr__pfet_01v8
No property perim found for device sky130_fd_pr__pfet_01v8
No property topography found for device sky130_fd_pr__pfet_01v8
Model sky130_fd_pr__pfet_01v8_hvt pin 1 == 3
No property mult found for device sky130_fd_pr__pfet_01v8_hvt
No property sa found for device sky130_fd_pr__pfet_01v8_hvt
No property sb found for device sky130_fd_pr__pfet_01v8_hvt
No property sd found for device sky130_fd_pr__pfet_01v8_hvt
No property nf found for device sky130_fd_pr__pfet_01v8_hvt
No property nrd found for device sky130_fd_pr__pfet_01v8_hvt
No property nrs found for device sky130_fd_pr__pfet_01v8_hvt
No property area found for device sky130_fd_pr__pfet_01v8_hvt
No property perim found for device sky130_fd_pr__pfet_01v8_hvt
No property topography found for device sky130_fd_pr__pfet_01v8_hvt
Model sky130_fd_pr__pfet_01v8_hvt pin 1 == 3
No property mult found for device sky130_fd_pr__pfet_01v8_hvt
No property sa found for device sky130_fd_pr__pfet_01v8_hvt
No property sb found for device sky130_fd_pr__pfet_01v8_hvt
No property sd found for device sky130_fd_pr__pfet_01v8_hvt
No property nf found for device sky130_fd_pr__pfet_01v8_hvt
No property nrd found for device sky130_fd_pr__pfet_01v8_hvt
No property nrs found for device sky130_fd_pr__pfet_01v8_hvt
No property area found for device sky130_fd_pr__pfet_01v8_hvt
No property perim found for device sky130_fd_pr__pfet_01v8_hvt
No property topography found for device sky130_fd_pr__pfet_01v8_hvt
Comparison output logged to file /home/lburleson/OSU/google_ring_oscillator/caravel/precheck_results/26_MAR_2024___17_55_07/tmp/soft.report
Logging to file "/home/lburleson/OSU/google_ring_oscillator/caravel/precheck_results/26_MAR_2024___17_55_07/tmp/soft.report" enabled
Circuit sky130_fd_pr__pfet_01v8 contains no devices.
Circuit sky130_fd_pr__nfet_01v8_lvt contains no devices.
Circuit sky130_fd_pr__nfet_01v8 contains no devices.
Circuit sky130_fd_pr__pfet_01v8_hvt contains no devices.

Contents of circuit 1:  Circuit: 'sky130_osu_sc_12T_hs__mux2_1'
Circuit sky130_osu_sc_12T_hs__mux2_1 contains 6 device instances.
  Class: sky130_fd_pr__nfet_01v8_lvt instances:   3
  Class: sky130_fd_pr__pfet_01v8 instances:   3
Circuit contains 7 nets.
Contents of circuit 2:  Circuit: 'sky130_osu_sc_12T_hs__mux2_1'
Circuit sky130_osu_sc_12T_hs__mux2_1 contains 6 device instances.
  Class: sky130_fd_pr__nfet_01v8_lvt instances:   3
  Class: sky130_fd_pr__pfet_01v8 instances:   3
Circuit contains 10 nets.

Circuit 1 contains 6 devices, Circuit 2 contains 6 devices.
Circuit 1 contains 7 nets,    Circuit 2 contains 10 nets. *** MISMATCH ***

  Flattening non-matched subcircuits sky130_osu_sc_12T_hs__mux2_1 sky130_osu_sc_12T_hs__mux2_1

Flattening instances of sky130_osu_sc_12T_hs__mux2_1 in file /home/lburleson/OSU/google_ring_oscillator/caravel/precheck_results/26_MAR_2024___17_55_07/tmp/ext/user_project_wrapper.gds.nowell.spice
Flattening instances of sky130_osu_sc_12T_hs__mux2_1 in file /home/lburleson/OSU/google_ring_oscillator/caravel/precheck_results/26_MAR_2024___17_55_07/tmp/nowell.ext/user_project_wrapper.gds.nowell.spice

Contents of circuit 1:  Circuit: 'scs130hd_mpr2ca_8'
Circuit scs130hd_mpr2ca_8 contains 36 device instances.
  Class: sky130_fd_pr__nfet_01v8 instances:  18
  Class: sky130_fd_pr__pfet_01v8_hvt instances:  18
Circuit contains 25 nets.
Contents of circuit 2:  Circuit: 'scs130hd_mpr2ca_8'
Circuit scs130hd_mpr2ca_8 contains 36 device instances.
  Class: sky130_fd_pr__nfet_01v8 instances:  18
  Class: sky130_fd_pr__pfet_01v8_hvt instances:  18
Circuit contains 25 nets.

Circuit 1 contains 36 devices, Circuit 2 contains 36 devices.
Circuit 1 contains 25 nets,    Circuit 2 contains 25 nets.


Contents of circuit 1:  Circuit: 'sky130_osu_sc_12T_hs__inv_1'
Circuit sky130_osu_sc_12T_hs__inv_1 contains 2 device instances.
  Class: sky130_fd_pr__nfet_01v8_lvt instances:   1
  Class: sky130_fd_pr__pfet_01v8 instances:   1
Circuit contains 4 nets, and 1 disconnected pin.
Contents of circuit 2:  Circuit: 'sky130_osu_sc_12T_hs__inv_1'
Circuit sky130_osu_sc_12T_hs__inv_1 contains 2 device instances.
  Class: sky130_fd_pr__nfet_01v8_lvt instances:   1
  Class: sky130_fd_pr__pfet_01v8 instances:   1
Circuit contains 5 nets.

Circuit 1 contains 2 devices, Circuit 2 contains 2 devices.
Circuit 1 contains 4 nets,    Circuit 2 contains 5 nets. *** MISMATCH ***

  Flattening non-matched subcircuits sky130_osu_sc_12T_hs__inv_1 sky130_osu_sc_12T_hs__inv_1

Flattening instances of sky130_osu_sc_12T_hs__inv_1 in file /home/lburleson/OSU/google_ring_oscillator/caravel/precheck_results/26_MAR_2024___17_55_07/tmp/ext/user_project_wrapper.gds.nowell.spice
Flattening instances of sky130_osu_sc_12T_hs__inv_1 in file /home/lburleson/OSU/google_ring_oscillator/caravel/precheck_results/26_MAR_2024___17_55_07/tmp/nowell.ext/user_project_wrapper.gds.nowell.spice

Contents of circuit 1:  Circuit: 'scs130hd_mpr2xa_8'
Circuit scs130hd_mpr2xa_8 contains 29 device instances.
  Class: sky130_fd_pr__nfet_01v8 instances:  15
  Class: sky130_fd_pr__pfet_01v8 instances:  14
Circuit contains 20 nets.
Contents of circuit 2:  Circuit: 'scs130hd_mpr2xa_8'
Circuit scs130hd_mpr2xa_8 contains 29 device instances.
  Class: sky130_fd_pr__nfet_01v8 instances:  15
  Class: sky130_fd_pr__pfet_01v8 instances:  14
Circuit contains 20 nets.

Circuit 1 contains 29 devices, Circuit 2 contains 29 devices.
Circuit 1 contains 20 nets,    Circuit 2 contains 20 nets.


Contents of circuit 1:  Circuit: 'scs130hd_mpr2ct_8'
Circuit scs130hd_mpr2ct_8 contains 36 device instances.
  Class: sky130_fd_pr__nfet_01v8 instances:  18
  Class: sky130_fd_pr__pfet_01v8_hvt instances:  18
Circuit contains 25 nets.
Contents of circuit 2:  Circuit: 'scs130hd_mpr2ct_8'
Circuit scs130hd_mpr2ct_8 contains 36 device instances.
  Class: sky130_fd_pr__nfet_01v8 instances:  18
  Class: sky130_fd_pr__pfet_01v8_hvt instances:  18
Circuit contains 25 nets.

Circuit 1 contains 36 devices, Circuit 2 contains 36 devices.
Circuit 1 contains 25 nets,    Circuit 2 contains 25 nets.


Contents of circuit 1:  Circuit: 'scs130hd_mpr2ea_8'
Circuit scs130hd_mpr2ea_8 contains 30 device instances.
  Class: sky130_fd_pr__nfet_01v8 instances:  15
  Class: sky130_fd_pr__pfet_01v8 instances:  15
Circuit contains 21 nets.
Contents of circuit 2:  Circuit: 'scs130hd_mpr2ea_8'
Circuit scs130hd_mpr2ea_8 contains 30 device instances.
  Class: sky130_fd_pr__nfet_01v8 instances:  15
  Class: sky130_fd_pr__pfet_01v8 instances:  15
Circuit contains 21 nets.

Circuit 1 contains 30 devices, Circuit 2 contains 30 devices.
Circuit 1 contains 21 nets,    Circuit 2 contains 21 nets.


Contents of circuit 1:  Circuit: 'scs130hd_mpr2et_8'
Circuit scs130hd_mpr2et_8 contains 36 device instances.
  Class: sky130_fd_pr__nfet_01v8 instances:  18
  Class: sky130_fd_pr__pfet_01v8 instances:  18
Circuit contains 24 nets.
Contents of circuit 2:  Circuit: 'scs130hd_mpr2et_8'
Circuit scs130hd_mpr2et_8 contains 36 device instances.
  Class: sky130_fd_pr__nfet_01v8 instances:  18
  Class: sky130_fd_pr__pfet_01v8 instances:  18
Circuit contains 24 nets.

Circuit 1 contains 36 devices, Circuit 2 contains 36 devices.
Circuit 1 contains 24 nets,    Circuit 2 contains 24 nets.


Contents of circuit 1:  Circuit: 'sky130_ef_sc_hd__decap_12'
Circuit sky130_ef_sc_hd__decap_12 contains 2 device instances.
  Class: sky130_fd_pr__nfet_01v8 instances:   1
  Class: sky130_fd_pr__pfet_01v8_hvt instances:   1
Circuit contains 2 nets.
Contents of circuit 2:  Circuit: 'sky130_ef_sc_hd__decap_12'
Circuit sky130_ef_sc_hd__decap_12 contains 2 device instances.
  Class: sky130_fd_pr__nfet_01v8 instances:   1
  Class: sky130_fd_pr__pfet_01v8_hvt instances:   1
Circuit contains 2 nets.

Circuit 1 contains 2 devices, Circuit 2 contains 2 devices.
Circuit 1 contains 2 nets,    Circuit 2 contains 2 nets.


Contents of circuit 1:  Circuit: 'sky130_fd_sc_hd__decap_4'
Circuit sky130_fd_sc_hd__decap_4 contains 2 device instances.
  Class: sky130_fd_pr__nfet_01v8 instances:   1
  Class: sky130_fd_pr__pfet_01v8_hvt instances:   1
Circuit contains 2 nets.
Contents of circuit 2:  Circuit: 'sky130_fd_sc_hd__decap_4'
Circuit sky130_fd_sc_hd__decap_4 contains 2 device instances.
  Class: sky130_fd_pr__nfet_01v8 instances:   1
  Class: sky130_fd_pr__pfet_01v8_hvt instances:   1
Circuit contains 2 nets.

Circuit 1 contains 2 devices, Circuit 2 contains 2 devices.
Circuit 1 contains 2 nets,    Circuit 2 contains 2 nets.


Contents of circuit 1:  Circuit: 'sky130_fd_sc_hd__buf_12'
Circuit sky130_fd_sc_hd__buf_12 contains 4 device instances.
  Class: sky130_fd_pr__nfet_01v8 instances:   2
  Class: sky130_fd_pr__pfet_01v8_hvt instances:   2
Circuit contains 5 nets.
Contents of circuit 2:  Circuit: 'sky130_fd_sc_hd__buf_12'
Circuit sky130_fd_sc_hd__buf_12 contains 4 device instances.
  Class: sky130_fd_pr__nfet_01v8 instances:   2
  Class: sky130_fd_pr__pfet_01v8_hvt instances:   2
Circuit contains 5 nets.

Circuit 1 contains 4 devices, Circuit 2 contains 4 devices.
Circuit 1 contains 5 nets,    Circuit 2 contains 5 nets.


Contents of circuit 1:  Circuit: 'sky130_fd_sc_hd__decap_3'
Circuit sky130_fd_sc_hd__decap_3 contains 2 device instances.
  Class: sky130_fd_pr__nfet_01v8 instances:   1
  Class: sky130_fd_pr__pfet_01v8_hvt instances:   1
Circuit contains 2 nets.
Contents of circuit 2:  Circuit: 'sky130_fd_sc_hd__decap_3'
Circuit sky130_fd_sc_hd__decap_3 contains 2 device instances.
  Class: sky130_fd_pr__nfet_01v8 instances:   1
  Class: sky130_fd_pr__pfet_01v8_hvt instances:   1
Circuit contains 2 nets.

Circuit 1 contains 2 devices, Circuit 2 contains 2 devices.
Circuit 1 contains 2 nets,    Circuit 2 contains 2 nets.


Contents of circuit 1:  Circuit: 'sky130_fd_sc_hd__decap_6'
Circuit sky130_fd_sc_hd__decap_6 contains 2 device instances.
  Class: sky130_fd_pr__nfet_01v8 instances:   1
  Class: sky130_fd_pr__pfet_01v8_hvt instances:   1
Circuit contains 2 nets.
Contents of circuit 2:  Circuit: 'sky130_fd_sc_hd__decap_6'
Circuit sky130_fd_sc_hd__decap_6 contains 2 device instances.
  Class: sky130_fd_pr__nfet_01v8 instances:   1
  Class: sky130_fd_pr__pfet_01v8_hvt instances:   1
Circuit contains 2 nets.

Circuit 1 contains 2 devices, Circuit 2 contains 2 devices.
Circuit 1 contains 2 nets,    Circuit 2 contains 2 nets.


Contents of circuit 1:  Circuit: 'sky130_fd_sc_hd__decap_8'
Circuit sky130_fd_sc_hd__decap_8 contains 2 device instances.
  Class: sky130_fd_pr__nfet_01v8 instances:   1
  Class: sky130_fd_pr__pfet_01v8_hvt instances:   1
Circuit contains 2 nets.
Contents of circuit 2:  Circuit: 'sky130_fd_sc_hd__decap_8'
Circuit sky130_fd_sc_hd__decap_8 contains 2 device instances.
  Class: sky130_fd_pr__nfet_01v8 instances:   1
  Class: sky130_fd_pr__pfet_01v8_hvt instances:   1
Circuit contains 2 nets.

Circuit 1 contains 2 devices, Circuit 2 contains 2 devices.
Circuit 1 contains 2 nets,    Circuit 2 contains 2 nets.


Contents of circuit 1:  Circuit: 'sky130_fd_sc_hd__a21oi_2'
Circuit sky130_fd_sc_hd__a21oi_2 contains 8 device instances.
  Class: sky130_fd_pr__nfet_01v8 instances:   5
  Class: sky130_fd_pr__pfet_01v8_hvt instances:   3
Circuit contains 9 nets.
Contents of circuit 2:  Circuit: 'sky130_fd_sc_hd__a21oi_2'
Circuit sky130_fd_sc_hd__a21oi_2 contains 8 device instances.
  Class: sky130_fd_pr__nfet_01v8 instances:   5
  Class: sky130_fd_pr__pfet_01v8_hvt instances:   3
Circuit contains 9 nets.

Circuit 1 contains 8 devices, Circuit 2 contains 8 devices.
Circuit 1 contains 9 nets,    Circuit 2 contains 9 nets.


Contents of circuit 1:  Circuit: 'sky130_fd_sc_hd__nor2_1'
Circuit sky130_fd_sc_hd__nor2_1 contains 4 device instances.
  Class: sky130_fd_pr__nfet_01v8 instances:   2
  Class: sky130_fd_pr__pfet_01v8_hvt instances:   2
Circuit contains 6 nets.
Contents of circuit 2:  Circuit: 'sky130_fd_sc_hd__nor2_1'
Circuit sky130_fd_sc_hd__nor2_1 contains 4 device instances.
  Class: sky130_fd_pr__nfet_01v8 instances:   2
  Class: sky130_fd_pr__pfet_01v8_hvt instances:   2
Circuit contains 6 nets.

Circuit 1 contains 4 devices, Circuit 2 contains 4 devices.
Circuit 1 contains 6 nets,    Circuit 2 contains 6 nets.


Contents of circuit 1:  Circuit: 'sky130_fd_sc_hd__mux2_1'
Circuit sky130_fd_sc_hd__mux2_1 contains 12 device instances.
  Class: sky130_fd_pr__nfet_01v8 instances:   6
  Class: sky130_fd_pr__pfet_01v8_hvt instances:   6
Circuit contains 12 nets.
Contents of circuit 2:  Circuit: 'sky130_fd_sc_hd__mux2_1'
Circuit sky130_fd_sc_hd__mux2_1 contains 12 device instances.
  Class: sky130_fd_pr__nfet_01v8 instances:   6
  Class: sky130_fd_pr__pfet_01v8_hvt instances:   6
Circuit contains 12 nets.

Circuit 1 contains 12 devices, Circuit 2 contains 12 devices.
Circuit 1 contains 12 nets,    Circuit 2 contains 12 nets.


Contents of circuit 1:  Circuit: 'sky130_fd_sc_hd__mux4_1'
Circuit sky130_fd_sc_hd__mux4_1 contains 26 device instances.
  Class: sky130_fd_pr__nfet_01v8 instances:  13
  Class: sky130_fd_pr__pfet_01v8_hvt instances:  13
Circuit contains 22 nets.
Contents of circuit 2:  Circuit: 'sky130_fd_sc_hd__mux4_1'
Circuit sky130_fd_sc_hd__mux4_1 contains 26 device instances.
  Class: sky130_fd_pr__nfet_01v8 instances:  13
  Class: sky130_fd_pr__pfet_01v8_hvt instances:  13
Circuit contains 22 nets.

Circuit 1 contains 26 devices, Circuit 2 contains 26 devices.
Circuit 1 contains 22 nets,    Circuit 2 contains 22 nets.


Contents of circuit 1:  Circuit: 'sky130_fd_sc_hd__a41o_1'
Circuit sky130_fd_sc_hd__a41o_1 contains 12 device instances.
  Class: sky130_fd_pr__nfet_01v8 instances:   6
  Class: sky130_fd_pr__pfet_01v8_hvt instances:   6
Circuit contains 13 nets.
Contents of circuit 2:  Circuit: 'sky130_fd_sc_hd__a41o_1'
Circuit sky130_fd_sc_hd__a41o_1 contains 12 device instances.
  Class: sky130_fd_pr__nfet_01v8 instances:   6
  Class: sky130_fd_pr__pfet_01v8_hvt instances:   6
Circuit contains 13 nets.

Circuit 1 contains 12 devices, Circuit 2 contains 12 devices.
Circuit 1 contains 13 nets,    Circuit 2 contains 13 nets.


Contents of circuit 1:  Circuit: 'sky130_fd_sc_hd__or3b_1'
Circuit sky130_fd_sc_hd__or3b_1 contains 10 device instances.
  Class: sky130_fd_pr__nfet_01v8 instances:   5
  Class: sky130_fd_pr__pfet_01v8_hvt instances:   5
Circuit contains 10 nets.
Contents of circuit 2:  Circuit: 'sky130_fd_sc_hd__or3b_1'
Circuit sky130_fd_sc_hd__or3b_1 contains 10 device instances.
  Class: sky130_fd_pr__nfet_01v8 instances:   5
  Class: sky130_fd_pr__pfet_01v8_hvt instances:   5
Circuit contains 10 nets.

Circuit 1 contains 10 devices, Circuit 2 contains 10 devices.
Circuit 1 contains 10 nets,    Circuit 2 contains 10 nets.


Contents of circuit 1:  Circuit: 'sky130_fd_sc_hd__clkbuf_1'
Circuit sky130_fd_sc_hd__clkbuf_1 contains 4 device instances.
  Class: sky130_fd_pr__nfet_01v8 instances:   2
  Class: sky130_fd_pr__pfet_01v8_hvt instances:   2
Circuit contains 5 nets.
Contents of circuit 2:  Circuit: 'sky130_fd_sc_hd__clkbuf_1'
Circuit sky130_fd_sc_hd__clkbuf_1 contains 4 device instances.
  Class: sky130_fd_pr__nfet_01v8 instances:   2
  Class: sky130_fd_pr__pfet_01v8_hvt instances:   2
Circuit contains 5 nets.

Circuit 1 contains 4 devices, Circuit 2 contains 4 devices.
Circuit 1 contains 5 nets,    Circuit 2 contains 5 nets.


Contents of circuit 1:  Circuit: 'sky130_fd_sc_hd__buf_1'
Circuit sky130_fd_sc_hd__buf_1 contains 4 device instances.
  Class: sky130_fd_pr__nfet_01v8 instances:   2
  Class: sky130_fd_pr__pfet_01v8_hvt instances:   2
Circuit contains 5 nets.
Contents of circuit 2:  Circuit: 'sky130_fd_sc_hd__buf_1'
Circuit sky130_fd_sc_hd__buf_1 contains 4 device instances.
  Class: sky130_fd_pr__nfet_01v8 instances:   2
  Class: sky130_fd_pr__pfet_01v8_hvt instances:   2
Circuit contains 5 nets.

Circuit 1 contains 4 devices, Circuit 2 contains 4 devices.
Circuit 1 contains 5 nets,    Circuit 2 contains 5 nets.


Contents of circuit 1:  Circuit: 'sky130_fd_sc_hd__nand3b_1'
Circuit sky130_fd_sc_hd__nand3b_1 contains 8 device instances.
  Class: sky130_fd_pr__nfet_01v8 instances:   4
  Class: sky130_fd_pr__pfet_01v8_hvt instances:   4
Circuit contains 9 nets.
Contents of circuit 2:  Circuit: 'sky130_fd_sc_hd__nand3b_1'
Circuit sky130_fd_sc_hd__nand3b_1 contains 8 device instances.
  Class: sky130_fd_pr__nfet_01v8 instances:   4
  Class: sky130_fd_pr__pfet_01v8_hvt instances:   4
Circuit contains 9 nets.

Circuit 1 contains 8 devices, Circuit 2 contains 8 devices.
Circuit 1 contains 9 nets,    Circuit 2 contains 9 nets.


Contents of circuit 1:  Circuit: 'sky130_fd_sc_hd__nand2_1'
Circuit sky130_fd_sc_hd__nand2_1 contains 4 device instances.
  Class: sky130_fd_pr__nfet_01v8 instances:   2
  Class: sky130_fd_pr__pfet_01v8_hvt instances:   2
Circuit contains 6 nets.
Contents of circuit 2:  Circuit: 'sky130_fd_sc_hd__nand2_1'
Circuit sky130_fd_sc_hd__nand2_1 contains 4 device instances.
  Class: sky130_fd_pr__nfet_01v8 instances:   2
  Class: sky130_fd_pr__pfet_01v8_hvt instances:   2
Circuit contains 6 nets.

Circuit 1 contains 4 devices, Circuit 2 contains 4 devices.
Circuit 1 contains 6 nets,    Circuit 2 contains 6 nets.


Contents of circuit 1:  Circuit: 'sky130_fd_sc_hd__clkbuf_2'
Circuit sky130_fd_sc_hd__clkbuf_2 contains 4 device instances.
  Class: sky130_fd_pr__nfet_01v8 instances:   2
  Class: sky130_fd_pr__pfet_01v8_hvt instances:   2
Circuit contains 5 nets.
Contents of circuit 2:  Circuit: 'sky130_fd_sc_hd__clkbuf_2'
Circuit sky130_fd_sc_hd__clkbuf_2 contains 4 device instances.
  Class: sky130_fd_pr__nfet_01v8 instances:   2
  Class: sky130_fd_pr__pfet_01v8_hvt instances:   2
Circuit contains 5 nets.

Circuit 1 contains 4 devices, Circuit 2 contains 4 devices.
Circuit 1 contains 5 nets,    Circuit 2 contains 5 nets.


Contents of circuit 1:  Circuit: 'sky130_fd_sc_hd__a2111oi_1'
Circuit sky130_fd_sc_hd__a2111oi_1 contains 10 device instances.
  Class: sky130_fd_pr__nfet_01v8 instances:   5
  Class: sky130_fd_pr__pfet_01v8_hvt instances:   5
Circuit contains 12 nets.
Contents of circuit 2:  Circuit: 'sky130_fd_sc_hd__a2111oi_1'
Circuit sky130_fd_sc_hd__a2111oi_1 contains 10 device instances.
  Class: sky130_fd_pr__nfet_01v8 instances:   5
  Class: sky130_fd_pr__pfet_01v8_hvt instances:   5
Circuit contains 12 nets.

Circuit 1 contains 10 devices, Circuit 2 contains 10 devices.
Circuit 1 contains 12 nets,    Circuit 2 contains 12 nets.


Contents of circuit 1:  Circuit: 'sky130_fd_sc_hd__nor3b_1'
Circuit sky130_fd_sc_hd__nor3b_1 contains 8 device instances.
  Class: sky130_fd_pr__nfet_01v8 instances:   4
  Class: sky130_fd_pr__pfet_01v8_hvt instances:   4
Circuit contains 9 nets.
Contents of circuit 2:  Circuit: 'sky130_fd_sc_hd__nor3b_1'
Circuit sky130_fd_sc_hd__nor3b_1 contains 8 device instances.
  Class: sky130_fd_pr__nfet_01v8 instances:   4
  Class: sky130_fd_pr__pfet_01v8_hvt instances:   4
Circuit contains 9 nets.

Circuit 1 contains 8 devices, Circuit 2 contains 8 devices.
Circuit 1 contains 9 nets,    Circuit 2 contains 9 nets.


Contents of circuit 1:  Circuit: 'sky130_fd_sc_hd__buf_2'
Circuit sky130_fd_sc_hd__buf_2 contains 4 device instances.
  Class: sky130_fd_pr__nfet_01v8 instances:   2
  Class: sky130_fd_pr__pfet_01v8_hvt instances:   2
Circuit contains 5 nets.
Contents of circuit 2:  Circuit: 'sky130_fd_sc_hd__buf_2'
Circuit sky130_fd_sc_hd__buf_2 contains 4 device instances.
  Class: sky130_fd_pr__nfet_01v8 instances:   2
  Class: sky130_fd_pr__pfet_01v8_hvt instances:   2
Circuit contains 5 nets.

Circuit 1 contains 4 devices, Circuit 2 contains 4 devices.
Circuit 1 contains 5 nets,    Circuit 2 contains 5 nets.


Contents of circuit 1:  Circuit: 'sky130_fd_sc_hd__and3b_1'
Circuit sky130_fd_sc_hd__and3b_1 contains 10 device instances.
  Class: sky130_fd_pr__nfet_01v8 instances:   5
  Class: sky130_fd_pr__pfet_01v8_hvt instances:   5
Circuit contains 10 nets.
Contents of circuit 2:  Circuit: 'sky130_fd_sc_hd__and3b_1'
Circuit sky130_fd_sc_hd__and3b_1 contains 10 device instances.
  Class: sky130_fd_pr__nfet_01v8 instances:   5
  Class: sky130_fd_pr__pfet_01v8_hvt instances:   5
Circuit contains 10 nets.

Circuit 1 contains 10 devices, Circuit 2 contains 10 devices.
Circuit 1 contains 10 nets,    Circuit 2 contains 10 nets.


Contents of circuit 1:  Circuit: 'sky130_osu_single_mpr2ca_8_b0r1'
Circuit sky130_osu_single_mpr2ca_8_b0r1 contains 27 device instances.
  Class: sky130_fd_pr__nfet_01v8_lvt instances:  13
  Class: scs130hd_mpr2ca_8     instances:   1
  Class: sky130_fd_pr__pfet_01v8 instances:  13
Circuit contains 18 nets, and 4 disconnected pins.
Contents of circuit 2:  Circuit: 'sky130_osu_single_mpr2ca_8_b0r1'
Circuit sky130_osu_single_mpr2ca_8_b0r1 contains 27 device instances.
  Class: sky130_fd_pr__nfet_01v8_lvt instances:  13
  Class: scs130hd_mpr2ca_8     instances:   1
  Class: sky130_fd_pr__pfet_01v8 instances:  13
Circuit contains 32 nets.

Circuit 1 contains 27 devices, Circuit 2 contains 27 devices.
Circuit 1 contains 18 nets,    Circuit 2 contains 32 nets. *** MISMATCH ***

  Flattening non-matched subcircuits sky130_osu_single_mpr2ca_8_b0r1 sky130_osu_single_mpr2ca_8_b0r1

Flattening instances of sky130_osu_single_mpr2ca_8_b0r1 in file /home/lburleson/OSU/google_ring_oscillator/caravel/precheck_results/26_MAR_2024___17_55_07/tmp/ext/user_project_wrapper.gds.nowell.spice
Flattening instances of sky130_osu_single_mpr2ca_8_b0r1 in file /home/lburleson/OSU/google_ring_oscillator/caravel/precheck_results/26_MAR_2024___17_55_07/tmp/nowell.ext/user_project_wrapper.gds.nowell.spice

Contents of circuit 1:  Circuit: 'sky130_osu_single_mpr2xa_8_b0r2'
Circuit sky130_osu_single_mpr2xa_8_b0r2 contains 27 device instances.
  Class: scs130hd_mpr2xa_8     instances:   1
  Class: sky130_fd_pr__nfet_01v8_lvt instances:  13
  Class: sky130_fd_pr__pfet_01v8 instances:  13
Circuit contains 18 nets, and 4 disconnected pins.
Contents of circuit 2:  Circuit: 'sky130_osu_single_mpr2xa_8_b0r2'
Circuit sky130_osu_single_mpr2xa_8_b0r2 contains 27 device instances.
  Class: scs130hd_mpr2xa_8     instances:   1
  Class: sky130_fd_pr__nfet_01v8_lvt instances:  13
  Class: sky130_fd_pr__pfet_01v8 instances:  13
Circuit contains 32 nets.

Circuit 1 contains 27 devices, Circuit 2 contains 27 devices.
Circuit 1 contains 18 nets,    Circuit 2 contains 32 nets. *** MISMATCH ***

  Flattening non-matched subcircuits sky130_osu_single_mpr2xa_8_b0r2 sky130_osu_single_mpr2xa_8_b0r2

Flattening instances of sky130_osu_single_mpr2xa_8_b0r2 in file /home/lburleson/OSU/google_ring_oscillator/caravel/precheck_results/26_MAR_2024___17_55_07/tmp/ext/user_project_wrapper.gds.nowell.spice
Flattening instances of sky130_osu_single_mpr2xa_8_b0r2 in file /home/lburleson/OSU/google_ring_oscillator/caravel/precheck_results/26_MAR_2024___17_55_07/tmp/nowell.ext/user_project_wrapper.gds.nowell.spice

Contents of circuit 1:  Circuit: 'sky130_osu_single_mpr2ct_8_b0r1'
Circuit sky130_osu_single_mpr2ct_8_b0r1 contains 27 device instances.
  Class: sky130_fd_pr__nfet_01v8_lvt instances:  13
  Class: scs130hd_mpr2ct_8     instances:   1
  Class: sky130_fd_pr__pfet_01v8 instances:  13
Circuit contains 18 nets, and 4 disconnected pins.
Contents of circuit 2:  Circuit: 'sky130_osu_single_mpr2ct_8_b0r1'
Circuit sky130_osu_single_mpr2ct_8_b0r1 contains 27 device instances.
  Class: sky130_fd_pr__nfet_01v8_lvt instances:  13
  Class: scs130hd_mpr2ct_8     instances:   1
  Class: sky130_fd_pr__pfet_01v8 instances:  13
Circuit contains 32 nets.

Circuit 1 contains 27 devices, Circuit 2 contains 27 devices.
Circuit 1 contains 18 nets,    Circuit 2 contains 32 nets. *** MISMATCH ***

  Flattening non-matched subcircuits sky130_osu_single_mpr2ct_8_b0r1 sky130_osu_single_mpr2ct_8_b0r1

Flattening instances of sky130_osu_single_mpr2ct_8_b0r1 in file /home/lburleson/OSU/google_ring_oscillator/caravel/precheck_results/26_MAR_2024___17_55_07/tmp/ext/user_project_wrapper.gds.nowell.spice
Flattening instances of sky130_osu_single_mpr2ct_8_b0r1 in file /home/lburleson/OSU/google_ring_oscillator/caravel/precheck_results/26_MAR_2024___17_55_07/tmp/nowell.ext/user_project_wrapper.gds.nowell.spice

Contents of circuit 1:  Circuit: 'sky130_osu_single_mpr2ea_8_b0r1'
Circuit sky130_osu_single_mpr2ea_8_b0r1 contains 27 device instances.
  Class: sky130_fd_pr__nfet_01v8_lvt instances:  13
  Class: sky130_fd_pr__pfet_01v8 instances:  13
  Class: scs130hd_mpr2ea_8     instances:   1
Circuit contains 18 nets, and 4 disconnected pins.
Contents of circuit 2:  Circuit: 'sky130_osu_single_mpr2ea_8_b0r1'
Circuit sky130_osu_single_mpr2ea_8_b0r1 contains 27 device instances.
  Class: sky130_fd_pr__nfet_01v8_lvt instances:  13
  Class: sky130_fd_pr__pfet_01v8 instances:  13
  Class: scs130hd_mpr2ea_8     instances:   1
Circuit contains 32 nets.

Circuit 1 contains 27 devices, Circuit 2 contains 27 devices.
Circuit 1 contains 18 nets,    Circuit 2 contains 32 nets. *** MISMATCH ***

  Flattening non-matched subcircuits sky130_osu_single_mpr2ea_8_b0r1 sky130_osu_single_mpr2ea_8_b0r1

Flattening instances of sky130_osu_single_mpr2ea_8_b0r1 in file /home/lburleson/OSU/google_ring_oscillator/caravel/precheck_results/26_MAR_2024___17_55_07/tmp/ext/user_project_wrapper.gds.nowell.spice
Flattening instances of sky130_osu_single_mpr2ea_8_b0r1 in file /home/lburleson/OSU/google_ring_oscillator/caravel/precheck_results/26_MAR_2024___17_55_07/tmp/nowell.ext/user_project_wrapper.gds.nowell.spice

Contents of circuit 1:  Circuit: 'sky130_osu_single_mpr2et_8_b0r1'
Circuit sky130_osu_single_mpr2et_8_b0r1 contains 27 device instances.
  Class: scs130hd_mpr2et_8     instances:   1
  Class: sky130_fd_pr__nfet_01v8_lvt instances:  13
  Class: sky130_fd_pr__pfet_01v8 instances:  13
Circuit contains 18 nets, and 4 disconnected pins.
Contents of circuit 2:  Circuit: 'sky130_osu_single_mpr2et_8_b0r1'
Circuit sky130_osu_single_mpr2et_8_b0r1 contains 27 device instances.
  Class: scs130hd_mpr2et_8     instances:   1
  Class: sky130_fd_pr__nfet_01v8_lvt instances:  13
  Class: sky130_fd_pr__pfet_01v8 instances:  13
Circuit contains 32 nets.

Circuit 1 contains 27 devices, Circuit 2 contains 27 devices.
Circuit 1 contains 18 nets,    Circuit 2 contains 32 nets. *** MISMATCH ***

  Flattening non-matched subcircuits sky130_osu_single_mpr2et_8_b0r1 sky130_osu_single_mpr2et_8_b0r1

Flattening instances of sky130_osu_single_mpr2et_8_b0r1 in file /home/lburleson/OSU/google_ring_oscillator/caravel/precheck_results/26_MAR_2024___17_55_07/tmp/ext/user_project_wrapper.gds.nowell.spice
Flattening instances of sky130_osu_single_mpr2et_8_b0r1 in file /home/lburleson/OSU/google_ring_oscillator/caravel/precheck_results/26_MAR_2024___17_55_07/tmp/nowell.ext/user_project_wrapper.gds.nowell.spice

Contents of circuit 1:  Circuit: 'sky130_osu_single_mpr2xa_8_b0r1'
Circuit sky130_osu_single_mpr2xa_8_b0r1 contains 27 device instances.
  Class: scs130hd_mpr2xa_8     instances:   1
  Class: sky130_fd_pr__nfet_01v8_lvt instances:  13
  Class: sky130_fd_pr__pfet_01v8 instances:  13
Circuit contains 18 nets, and 4 disconnected pins.
Contents of circuit 2:  Circuit: 'sky130_osu_single_mpr2xa_8_b0r1'
Circuit sky130_osu_single_mpr2xa_8_b0r1 contains 27 device instances.
  Class: scs130hd_mpr2xa_8     instances:   1
  Class: sky130_fd_pr__nfet_01v8_lvt instances:  13
  Class: sky130_fd_pr__pfet_01v8 instances:  13
Circuit contains 32 nets.

Circuit 1 contains 27 devices, Circuit 2 contains 27 devices.
Circuit 1 contains 18 nets,    Circuit 2 contains 32 nets. *** MISMATCH ***

  Flattening non-matched subcircuits sky130_osu_single_mpr2xa_8_b0r1 sky130_osu_single_mpr2xa_8_b0r1

Flattening instances of sky130_osu_single_mpr2xa_8_b0r1 in file /home/lburleson/OSU/google_ring_oscillator/caravel/precheck_results/26_MAR_2024___17_55_07/tmp/ext/user_project_wrapper.gds.nowell.spice
Flattening instances of sky130_osu_single_mpr2xa_8_b0r1 in file /home/lburleson/OSU/google_ring_oscillator/caravel/precheck_results/26_MAR_2024___17_55_07/tmp/nowell.ext/user_project_wrapper.gds.nowell.spice

Contents of circuit 1:  Circuit: 'sky130_osu_single_mpr2ca_8_b0r2'
Circuit sky130_osu_single_mpr2ca_8_b0r2 contains 27 device instances.
  Class: sky130_fd_pr__nfet_01v8_lvt instances:  13
  Class: scs130hd_mpr2ca_8     instances:   1
  Class: sky130_fd_pr__pfet_01v8 instances:  13
Circuit contains 18 nets, and 4 disconnected pins.
Contents of circuit 2:  Circuit: 'sky130_osu_single_mpr2ca_8_b0r2'
Circuit sky130_osu_single_mpr2ca_8_b0r2 contains 27 device instances.
  Class: sky130_fd_pr__nfet_01v8_lvt instances:  13
  Class: scs130hd_mpr2ca_8     instances:   1
  Class: sky130_fd_pr__pfet_01v8 instances:  13
Circuit contains 32 nets.

Circuit 1 contains 27 devices, Circuit 2 contains 27 devices.
Circuit 1 contains 18 nets,    Circuit 2 contains 32 nets. *** MISMATCH ***

  Flattening non-matched subcircuits sky130_osu_single_mpr2ca_8_b0r2 sky130_osu_single_mpr2ca_8_b0r2

Flattening instances of sky130_osu_single_mpr2ca_8_b0r2 in file /home/lburleson/OSU/google_ring_oscillator/caravel/precheck_results/26_MAR_2024___17_55_07/tmp/ext/user_project_wrapper.gds.nowell.spice
Flattening instances of sky130_osu_single_mpr2ca_8_b0r2 in file /home/lburleson/OSU/google_ring_oscillator/caravel/precheck_results/26_MAR_2024___17_55_07/tmp/nowell.ext/user_project_wrapper.gds.nowell.spice

Contents of circuit 1:  Circuit: 'sky130_osu_single_mpr2ct_8_b0r2'
Circuit sky130_osu_single_mpr2ct_8_b0r2 contains 27 device instances.
  Class: sky130_fd_pr__nfet_01v8_lvt instances:  13
  Class: scs130hd_mpr2ct_8     instances:   1
  Class: sky130_fd_pr__pfet_01v8 instances:  13
Circuit contains 18 nets, and 4 disconnected pins.
Contents of circuit 2:  Circuit: 'sky130_osu_single_mpr2ct_8_b0r2'
Circuit sky130_osu_single_mpr2ct_8_b0r2 contains 27 device instances.
  Class: sky130_fd_pr__nfet_01v8_lvt instances:  13
  Class: scs130hd_mpr2ct_8     instances:   1
  Class: sky130_fd_pr__pfet_01v8 instances:  13
Circuit contains 32 nets.

Circuit 1 contains 27 devices, Circuit 2 contains 27 devices.
Circuit 1 contains 18 nets,    Circuit 2 contains 32 nets. *** MISMATCH ***

  Flattening non-matched subcircuits sky130_osu_single_mpr2ct_8_b0r2 sky130_osu_single_mpr2ct_8_b0r2

Flattening instances of sky130_osu_single_mpr2ct_8_b0r2 in file /home/lburleson/OSU/google_ring_oscillator/caravel/precheck_results/26_MAR_2024___17_55_07/tmp/ext/user_project_wrapper.gds.nowell.spice
Flattening instances of sky130_osu_single_mpr2ct_8_b0r2 in file /home/lburleson/OSU/google_ring_oscillator/caravel/precheck_results/26_MAR_2024___17_55_07/tmp/nowell.ext/user_project_wrapper.gds.nowell.spice

Contents of circuit 1:  Circuit: 'sky130_osu_single_mpr2et_8_b0r2'
Circuit sky130_osu_single_mpr2et_8_b0r2 contains 27 device instances.
  Class: scs130hd_mpr2et_8     instances:   1
  Class: sky130_fd_pr__nfet_01v8_lvt instances:  13
  Class: sky130_fd_pr__pfet_01v8 instances:  13
Circuit contains 18 nets, and 4 disconnected pins.
Contents of circuit 2:  Circuit: 'sky130_osu_single_mpr2et_8_b0r2'
Circuit sky130_osu_single_mpr2et_8_b0r2 contains 27 device instances.
  Class: scs130hd_mpr2et_8     instances:   1
  Class: sky130_fd_pr__nfet_01v8_lvt instances:  13
  Class: sky130_fd_pr__pfet_01v8 instances:  13
Circuit contains 32 nets.

Circuit 1 contains 27 devices, Circuit 2 contains 27 devices.
Circuit 1 contains 18 nets,    Circuit 2 contains 32 nets. *** MISMATCH ***

  Flattening non-matched subcircuits sky130_osu_single_mpr2et_8_b0r2 sky130_osu_single_mpr2et_8_b0r2

Flattening instances of sky130_osu_single_mpr2et_8_b0r2 in file /home/lburleson/OSU/google_ring_oscillator/caravel/precheck_results/26_MAR_2024___17_55_07/tmp/ext/user_project_wrapper.gds.nowell.spice
Flattening instances of sky130_osu_single_mpr2et_8_b0r2 in file /home/lburleson/OSU/google_ring_oscillator/caravel/precheck_results/26_MAR_2024___17_55_07/tmp/nowell.ext/user_project_wrapper.gds.nowell.spice

Contents of circuit 1:  Circuit: 'sky130_osu_single_mpr2ea_8_b0r2'
Circuit sky130_osu_single_mpr2ea_8_b0r2 contains 27 device instances.
  Class: sky130_fd_pr__nfet_01v8_lvt instances:  13
  Class: sky130_fd_pr__pfet_01v8 instances:  13
  Class: scs130hd_mpr2ea_8     instances:   1
Circuit contains 18 nets, and 4 disconnected pins.
Contents of circuit 2:  Circuit: 'sky130_osu_single_mpr2ea_8_b0r2'
Circuit sky130_osu_single_mpr2ea_8_b0r2 contains 27 device instances.
  Class: sky130_fd_pr__nfet_01v8_lvt instances:  13
  Class: sky130_fd_pr__pfet_01v8 instances:  13
  Class: scs130hd_mpr2ea_8     instances:   1
Circuit contains 32 nets.

Circuit 1 contains 27 devices, Circuit 2 contains 27 devices.
Circuit 1 contains 18 nets,    Circuit 2 contains 32 nets. *** MISMATCH ***

  Flattening non-matched subcircuits sky130_osu_single_mpr2ea_8_b0r2 sky130_osu_single_mpr2ea_8_b0r2

Flattening instances of sky130_osu_single_mpr2ea_8_b0r2 in file /home/lburleson/OSU/google_ring_oscillator/caravel/precheck_results/26_MAR_2024___17_55_07/tmp/ext/user_project_wrapper.gds.nowell.spice
Flattening instances of sky130_osu_single_mpr2ea_8_b0r2 in file /home/lburleson/OSU/google_ring_oscillator/caravel/precheck_results/26_MAR_2024___17_55_07/tmp/nowell.ext/user_project_wrapper.gds.nowell.spice

Contents of circuit 1:  Circuit: 'mux16x1_project'
Circuit mux16x1_project contains 309 device instances.
  Class: sky130_fd_sc_hd__a41o_1 instances:   1
  Class: sky130_fd_sc_hd__buf_1 instances:   1
  Class: sky130_fd_sc_hd__buf_2 instances:   1
  Class: sky130_fd_sc_hd__and3b_1 instances:   1
  Class: sky130_fd_sc_hd__mux4_1 instances:   2
  Class: sky130_ef_sc_hd__decap_12 instances: 165
  Class: sky130_fd_sc_hd__clkbuf_1 instances:  16
  Class: sky130_fd_sc_hd__clkbuf_2 instances:   2
  Class: sky130_fd_sc_hd__buf_12 instances:   1
  Class: sky130_fd_sc_hd__decap_3 instances:  70
  Class: sky130_fd_sc_hd__decap_4 instances:  20
  Class: sky130_fd_sc_hd__decap_6 instances:   5
  Class: sky130_fd_sc_hd__decap_8 instances:  14
  Class: sky130_fd_sc_hd__a2111oi_1 instances:   1
  Class: sky130_fd_sc_hd__nand2_1 instances:   1
  Class: sky130_fd_sc_hd__nand3b_1 instances:   1
  Class: sky130_fd_sc_hd__mux2_1 instances:   3
  Class: sky130_fd_sc_hd__nor3b_1 instances:   1
  Class: sky130_fd_sc_hd__or3b_1 instances:   1
  Class: sky130_fd_sc_hd__a21oi_2 instances:   1
  Class: sky130_fd_sc_hd__nor2_1 instances:   1
Circuit contains 57 nets.
Contents of circuit 2:  Circuit: 'mux16x1_project'
Circuit mux16x1_project contains 309 device instances.
  Class: sky130_fd_sc_hd__a41o_1 instances:   1
  Class: sky130_fd_sc_hd__buf_1 instances:   1
  Class: sky130_fd_sc_hd__buf_2 instances:   1
  Class: sky130_fd_sc_hd__and3b_1 instances:   1
  Class: sky130_fd_sc_hd__mux4_1 instances:   2
  Class: sky130_ef_sc_hd__decap_12 instances: 165
  Class: sky130_fd_sc_hd__clkbuf_1 instances:  16
  Class: sky130_fd_sc_hd__clkbuf_2 instances:   2
  Class: sky130_fd_sc_hd__buf_12 instances:   1
  Class: sky130_fd_sc_hd__decap_3 instances:  70
  Class: sky130_fd_sc_hd__decap_4 instances:  20
  Class: sky130_fd_sc_hd__decap_6 instances:   5
  Class: sky130_fd_sc_hd__decap_8 instances:  14
  Class: sky130_fd_sc_hd__a2111oi_1 instances:   1
  Class: sky130_fd_sc_hd__nand2_1 instances:   1
  Class: sky130_fd_sc_hd__nand3b_1 instances:   1
  Class: sky130_fd_sc_hd__mux2_1 instances:   3
  Class: sky130_fd_sc_hd__nor3b_1 instances:   1
  Class: sky130_fd_sc_hd__or3b_1 instances:   1
  Class: sky130_fd_sc_hd__a21oi_2 instances:   1
  Class: sky130_fd_sc_hd__nor2_1 instances:   1
Circuit contains 57 nets.

Circuit was modified by parallel/series device merging.
New circuit summary:

Contents of circuit 1:  Circuit: 'mux16x1_project'
Circuit mux16x1_project contains 40 device instances.
  Class: sky130_fd_sc_hd__a41o_1 instances:   1
  Class: sky130_fd_sc_hd__buf_1 instances:   1
  Class: sky130_fd_sc_hd__buf_2 instances:   1
  Class: sky130_fd_sc_hd__and3b_1 instances:   1
  Class: sky130_fd_sc_hd__mux4_1 instances:   2
  Class: sky130_ef_sc_hd__decap_12 instances:   1
  Class: sky130_fd_sc_hd__clkbuf_1 instances:  16
  Class: sky130_fd_sc_hd__clkbuf_2 instances:   2
  Class: sky130_fd_sc_hd__buf_12 instances:   1
  Class: sky130_fd_sc_hd__decap_3 instances:   1
  Class: sky130_fd_sc_hd__decap_4 instances:   1
  Class: sky130_fd_sc_hd__decap_6 instances:   1
  Class: sky130_fd_sc_hd__decap_8 instances:   1
  Class: sky130_fd_sc_hd__a2111oi_1 instances:   1
  Class: sky130_fd_sc_hd__nand2_1 instances:   1
  Class: sky130_fd_sc_hd__nand3b_1 instances:   1
  Class: sky130_fd_sc_hd__mux2_1 instances:   3
  Class: sky130_fd_sc_hd__nor3b_1 instances:   1
  Class: sky130_fd_sc_hd__or3b_1 instances:   1
  Class: sky130_fd_sc_hd__a21oi_2 instances:   1
  Class: sky130_fd_sc_hd__nor2_1 instances:   1
Circuit contains 57 nets.
Contents of circuit 2:  Circuit: 'mux16x1_project'
Circuit mux16x1_project contains 40 device instances.
  Class: sky130_fd_sc_hd__a41o_1 instances:   1
  Class: sky130_fd_sc_hd__buf_1 instances:   1
  Class: sky130_fd_sc_hd__buf_2 instances:   1
  Class: sky130_fd_sc_hd__and3b_1 instances:   1
  Class: sky130_fd_sc_hd__mux4_1 instances:   2
  Class: sky130_ef_sc_hd__decap_12 instances:   1
  Class: sky130_fd_sc_hd__clkbuf_1 instances:  16
  Class: sky130_fd_sc_hd__clkbuf_2 instances:   2
  Class: sky130_fd_sc_hd__buf_12 instances:   1
  Class: sky130_fd_sc_hd__decap_3 instances:   1
  Class: sky130_fd_sc_hd__decap_4 instances:   1
  Class: sky130_fd_sc_hd__decap_6 instances:   1
  Class: sky130_fd_sc_hd__decap_8 instances:   1
  Class: sky130_fd_sc_hd__a2111oi_1 instances:   1
  Class: sky130_fd_sc_hd__nand2_1 instances:   1
  Class: sky130_fd_sc_hd__nand3b_1 instances:   1
  Class: sky130_fd_sc_hd__mux2_1 instances:   3
  Class: sky130_fd_sc_hd__nor3b_1 instances:   1
  Class: sky130_fd_sc_hd__or3b_1 instances:   1
  Class: sky130_fd_sc_hd__a21oi_2 instances:   1
  Class: sky130_fd_sc_hd__nor2_1 instances:   1
Circuit contains 57 nets.

Circuit 1 contains 40 devices, Circuit 2 contains 40 devices.
Circuit 1 contains 57 nets,    Circuit 2 contains 57 nets.


Contents of circuit 1:  Circuit: 'sky130_osu_ring_oscillator_mpr2ca_8_b0r1'
Circuit sky130_osu_ring_oscillator_mpr2ca_8_b0r1 contains 141 device instances.
  Class: sky130_fd_pr__nfet_01v8_lvt instances:  68
  Class: scs130hd_mpr2ca_8     instances:   5
  Class: sky130_fd_pr__pfet_01v8 instances:  68
Circuit contains 80 nets, and 20 disconnected pins.
Contents of circuit 2:  Circuit: 'sky130_osu_ring_oscillator_mpr2ca_8_b0r1'
Circuit sky130_osu_ring_oscillator_mpr2ca_8_b0r1 contains 141 device instances.
  Class: sky130_fd_pr__nfet_01v8_lvt instances:  68
  Class: scs130hd_mpr2ca_8     instances:   5
  Class: sky130_fd_pr__pfet_01v8 instances:  68
Circuit contains 149 nets.

Circuit 1 contains 141 devices, Circuit 2 contains 141 devices.
Circuit 1 contains 80 nets,    Circuit 2 contains 149 nets. *** MISMATCH ***

  Flattening non-matched subcircuits sky130_osu_ring_oscillator_mpr2ca_8_b0r1 sky130_osu_ring_oscillator_mpr2ca_8_b0r1

Flattening instances of sky130_osu_ring_oscillator_mpr2ca_8_b0r1 in file /home/lburleson/OSU/google_ring_oscillator/caravel/precheck_results/26_MAR_2024___17_55_07/tmp/ext/user_project_wrapper.gds.nowell.spice
Flattening instances of sky130_osu_ring_oscillator_mpr2ca_8_b0r1 in file /home/lburleson/OSU/google_ring_oscillator/caravel/precheck_results/26_MAR_2024___17_55_07/tmp/nowell.ext/user_project_wrapper.gds.nowell.spice

Contents of circuit 1:  Circuit: 'sky130_osu_ring_oscillator_mpr2xa_8_b0r2'
Circuit sky130_osu_ring_oscillator_mpr2xa_8_b0r2 contains 141 device instances.
  Class: scs130hd_mpr2xa_8     instances:   5
  Class: sky130_fd_pr__nfet_01v8_lvt instances:  68
  Class: sky130_fd_pr__pfet_01v8 instances:  68
Circuit contains 80 nets, and 20 disconnected pins.
Contents of circuit 2:  Circuit: 'sky130_osu_ring_oscillator_mpr2xa_8_b0r2'
Circuit sky130_osu_ring_oscillator_mpr2xa_8_b0r2 contains 141 device instances.
  Class: scs130hd_mpr2xa_8     instances:   5
  Class: sky130_fd_pr__nfet_01v8_lvt instances:  68
  Class: sky130_fd_pr__pfet_01v8 instances:  68
Circuit contains 149 nets.

Circuit 1 contains 141 devices, Circuit 2 contains 141 devices.
Circuit 1 contains 80 nets,    Circuit 2 contains 149 nets. *** MISMATCH ***

  Flattening non-matched subcircuits sky130_osu_ring_oscillator_mpr2xa_8_b0r2 sky130_osu_ring_oscillator_mpr2xa_8_b0r2

Flattening instances of sky130_osu_ring_oscillator_mpr2xa_8_b0r2 in file /home/lburleson/OSU/google_ring_oscillator/caravel/precheck_results/26_MAR_2024___17_55_07/tmp/ext/user_project_wrapper.gds.nowell.spice
Flattening instances of sky130_osu_ring_oscillator_mpr2xa_8_b0r2 in file /home/lburleson/OSU/google_ring_oscillator/caravel/precheck_results/26_MAR_2024___17_55_07/tmp/nowell.ext/user_project_wrapper.gds.nowell.spice

Contents of circuit 1:  Circuit: 'sky130_osu_ring_oscillator_mpr2ct_8_b0r1'
Circuit sky130_osu_ring_oscillator_mpr2ct_8_b0r1 contains 141 device instances.
  Class: sky130_fd_pr__nfet_01v8_lvt instances:  68
  Class: scs130hd_mpr2ct_8     instances:   5
  Class: sky130_fd_pr__pfet_01v8 instances:  68
Circuit contains 80 nets, and 20 disconnected pins.
Contents of circuit 2:  Circuit: 'sky130_osu_ring_oscillator_mpr2ct_8_b0r1'
Circuit sky130_osu_ring_oscillator_mpr2ct_8_b0r1 contains 141 device instances.
  Class: sky130_fd_pr__nfet_01v8_lvt instances:  68
  Class: scs130hd_mpr2ct_8     instances:   5
  Class: sky130_fd_pr__pfet_01v8 instances:  68
Circuit contains 149 nets.

Circuit 1 contains 141 devices, Circuit 2 contains 141 devices.
Circuit 1 contains 80 nets,    Circuit 2 contains 149 nets. *** MISMATCH ***

  Flattening non-matched subcircuits sky130_osu_ring_oscillator_mpr2ct_8_b0r1 sky130_osu_ring_oscillator_mpr2ct_8_b0r1

Flattening instances of sky130_osu_ring_oscillator_mpr2ct_8_b0r1 in file /home/lburleson/OSU/google_ring_oscillator/caravel/precheck_results/26_MAR_2024___17_55_07/tmp/ext/user_project_wrapper.gds.nowell.spice
Flattening instances of sky130_osu_ring_oscillator_mpr2ct_8_b0r1 in file /home/lburleson/OSU/google_ring_oscillator/caravel/precheck_results/26_MAR_2024___17_55_07/tmp/nowell.ext/user_project_wrapper.gds.nowell.spice

Contents of circuit 1:  Circuit: 'sky130_osu_ring_oscillator_mpr2ea_8_b0r1'
Circuit sky130_osu_ring_oscillator_mpr2ea_8_b0r1 contains 141 device instances.
  Class: sky130_fd_pr__nfet_01v8_lvt instances:  68
  Class: sky130_fd_pr__pfet_01v8 instances:  68
  Class: scs130hd_mpr2ea_8     instances:   5
Circuit contains 80 nets, and 20 disconnected pins.
Contents of circuit 2:  Circuit: 'sky130_osu_ring_oscillator_mpr2ea_8_b0r1'
Circuit sky130_osu_ring_oscillator_mpr2ea_8_b0r1 contains 141 device instances.
  Class: sky130_fd_pr__nfet_01v8_lvt instances:  68
  Class: sky130_fd_pr__pfet_01v8 instances:  68
  Class: scs130hd_mpr2ea_8     instances:   5
Circuit contains 149 nets.

Circuit 1 contains 141 devices, Circuit 2 contains 141 devices.
Circuit 1 contains 80 nets,    Circuit 2 contains 149 nets. *** MISMATCH ***

  Flattening non-matched subcircuits sky130_osu_ring_oscillator_mpr2ea_8_b0r1 sky130_osu_ring_oscillator_mpr2ea_8_b0r1

Flattening instances of sky130_osu_ring_oscillator_mpr2ea_8_b0r1 in file /home/lburleson/OSU/google_ring_oscillator/caravel/precheck_results/26_MAR_2024___17_55_07/tmp/ext/user_project_wrapper.gds.nowell.spice
Flattening instances of sky130_osu_ring_oscillator_mpr2ea_8_b0r1 in file /home/lburleson/OSU/google_ring_oscillator/caravel/precheck_results/26_MAR_2024___17_55_07/tmp/nowell.ext/user_project_wrapper.gds.nowell.spice

Contents of circuit 1:  Circuit: 'sky130_osu_ring_oscillator_mpr2et_8_b0r1'
Circuit sky130_osu_ring_oscillator_mpr2et_8_b0r1 contains 141 device instances.
  Class: scs130hd_mpr2et_8     instances:   5
  Class: sky130_fd_pr__nfet_01v8_lvt instances:  68
  Class: sky130_fd_pr__pfet_01v8 instances:  68
Circuit contains 80 nets, and 20 disconnected pins.
Contents of circuit 2:  Circuit: 'sky130_osu_ring_oscillator_mpr2et_8_b0r1'
Circuit sky130_osu_ring_oscillator_mpr2et_8_b0r1 contains 141 device instances.
  Class: scs130hd_mpr2et_8     instances:   5
  Class: sky130_fd_pr__nfet_01v8_lvt instances:  68
  Class: sky130_fd_pr__pfet_01v8 instances:  68
Circuit contains 149 nets.

Circuit 1 contains 141 devices, Circuit 2 contains 141 devices.
Circuit 1 contains 80 nets,    Circuit 2 contains 149 nets. *** MISMATCH ***

  Flattening non-matched subcircuits sky130_osu_ring_oscillator_mpr2et_8_b0r1 sky130_osu_ring_oscillator_mpr2et_8_b0r1

Flattening instances of sky130_osu_ring_oscillator_mpr2et_8_b0r1 in file /home/lburleson/OSU/google_ring_oscillator/caravel/precheck_results/26_MAR_2024___17_55_07/tmp/ext/user_project_wrapper.gds.nowell.spice
Flattening instances of sky130_osu_ring_oscillator_mpr2et_8_b0r1 in file /home/lburleson/OSU/google_ring_oscillator/caravel/precheck_results/26_MAR_2024___17_55_07/tmp/nowell.ext/user_project_wrapper.gds.nowell.spice

Contents of circuit 1:  Circuit: 'sky130_osu_ring_oscillator_mpr2xa_8_b0r1'
Circuit sky130_osu_ring_oscillator_mpr2xa_8_b0r1 contains 141 device instances.
  Class: scs130hd_mpr2xa_8     instances:   5
  Class: sky130_fd_pr__nfet_01v8_lvt instances:  68
  Class: sky130_fd_pr__pfet_01v8 instances:  68
Circuit contains 80 nets, and 20 disconnected pins.
Contents of circuit 2:  Circuit: 'sky130_osu_ring_oscillator_mpr2xa_8_b0r1'
Circuit sky130_osu_ring_oscillator_mpr2xa_8_b0r1 contains 141 device instances.
  Class: scs130hd_mpr2xa_8     instances:   5
  Class: sky130_fd_pr__nfet_01v8_lvt instances:  68
  Class: sky130_fd_pr__pfet_01v8 instances:  68
Circuit contains 149 nets.

Circuit 1 contains 141 devices, Circuit 2 contains 141 devices.
Circuit 1 contains 80 nets,    Circuit 2 contains 149 nets. *** MISMATCH ***

  Flattening non-matched subcircuits sky130_osu_ring_oscillator_mpr2xa_8_b0r1 sky130_osu_ring_oscillator_mpr2xa_8_b0r1

Flattening instances of sky130_osu_ring_oscillator_mpr2xa_8_b0r1 in file /home/lburleson/OSU/google_ring_oscillator/caravel/precheck_results/26_MAR_2024___17_55_07/tmp/ext/user_project_wrapper.gds.nowell.spice
Flattening instances of sky130_osu_ring_oscillator_mpr2xa_8_b0r1 in file /home/lburleson/OSU/google_ring_oscillator/caravel/precheck_results/26_MAR_2024___17_55_07/tmp/nowell.ext/user_project_wrapper.gds.nowell.spice

Contents of circuit 1:  Circuit: 'sky130_osu_ring_oscillator_mpr2ca_8_b0r2'
Circuit sky130_osu_ring_oscillator_mpr2ca_8_b0r2 contains 141 device instances.
  Class: sky130_fd_pr__nfet_01v8_lvt instances:  68
  Class: scs130hd_mpr2ca_8     instances:   5
  Class: sky130_fd_pr__pfet_01v8 instances:  68
Circuit contains 80 nets, and 20 disconnected pins.
Contents of circuit 2:  Circuit: 'sky130_osu_ring_oscillator_mpr2ca_8_b0r2'
Circuit sky130_osu_ring_oscillator_mpr2ca_8_b0r2 contains 141 device instances.
  Class: sky130_fd_pr__nfet_01v8_lvt instances:  68
  Class: scs130hd_mpr2ca_8     instances:   5
  Class: sky130_fd_pr__pfet_01v8 instances:  68
Circuit contains 149 nets.

Circuit 1 contains 141 devices, Circuit 2 contains 141 devices.
Circuit 1 contains 80 nets,    Circuit 2 contains 149 nets. *** MISMATCH ***

  Flattening non-matched subcircuits sky130_osu_ring_oscillator_mpr2ca_8_b0r2 sky130_osu_ring_oscillator_mpr2ca_8_b0r2

Flattening instances of sky130_osu_ring_oscillator_mpr2ca_8_b0r2 in file /home/lburleson/OSU/google_ring_oscillator/caravel/precheck_results/26_MAR_2024___17_55_07/tmp/ext/user_project_wrapper.gds.nowell.spice
Flattening instances of sky130_osu_ring_oscillator_mpr2ca_8_b0r2 in file /home/lburleson/OSU/google_ring_oscillator/caravel/precheck_results/26_MAR_2024___17_55_07/tmp/nowell.ext/user_project_wrapper.gds.nowell.spice

Contents of circuit 1:  Circuit: 'sky130_fd_sc_hd__conb_1'
Circuit sky130_fd_sc_hd__conb_1 contains 2 device instances.
  Class: sky130_fd_pr__res_generic_po instances:   2
Circuit contains 4 nets.
Contents of circuit 2:  Circuit: 'sky130_fd_sc_hd__conb_1'
Circuit sky130_fd_sc_hd__conb_1 contains 2 device instances.
  Class: sky130_fd_pr__res_generic_po instances:   2
Circuit contains 4 nets.

Circuit 1 contains 2 devices, Circuit 2 contains 2 devices.
Circuit 1 contains 4 nets,    Circuit 2 contains 4 nets.


Contents of circuit 1:  Circuit: 'sky130_osu_ring_oscillator_mpr2ct_8_b0r2'
Circuit sky130_osu_ring_oscillator_mpr2ct_8_b0r2 contains 141 device instances.
  Class: sky130_fd_pr__nfet_01v8_lvt instances:  68
  Class: scs130hd_mpr2ct_8     instances:   5
  Class: sky130_fd_pr__pfet_01v8 instances:  68
Circuit contains 80 nets, and 20 disconnected pins.
Contents of circuit 2:  Circuit: 'sky130_osu_ring_oscillator_mpr2ct_8_b0r2'
Circuit sky130_osu_ring_oscillator_mpr2ct_8_b0r2 contains 141 device instances.
  Class: sky130_fd_pr__nfet_01v8_lvt instances:  68
  Class: scs130hd_mpr2ct_8     instances:   5
  Class: sky130_fd_pr__pfet_01v8 instances:  68
Circuit contains 149 nets.

Circuit 1 contains 141 devices, Circuit 2 contains 141 devices.
Circuit 1 contains 80 nets,    Circuit 2 contains 149 nets. *** MISMATCH ***

  Flattening non-matched subcircuits sky130_osu_ring_oscillator_mpr2ct_8_b0r2 sky130_osu_ring_oscillator_mpr2ct_8_b0r2

Flattening instances of sky130_osu_ring_oscillator_mpr2ct_8_b0r2 in file /home/lburleson/OSU/google_ring_oscillator/caravel/precheck_results/26_MAR_2024___17_55_07/tmp/ext/user_project_wrapper.gds.nowell.spice
Flattening instances of sky130_osu_ring_oscillator_mpr2ct_8_b0r2 in file /home/lburleson/OSU/google_ring_oscillator/caravel/precheck_results/26_MAR_2024___17_55_07/tmp/nowell.ext/user_project_wrapper.gds.nowell.spice

Contents of circuit 1:  Circuit: 'sky130_osu_ring_oscillator_mpr2et_8_b0r2'
Circuit sky130_osu_ring_oscillator_mpr2et_8_b0r2 contains 141 device instances.
  Class: scs130hd_mpr2et_8     instances:   5
  Class: sky130_fd_pr__nfet_01v8_lvt instances:  68
  Class: sky130_fd_pr__pfet_01v8 instances:  68
Circuit contains 80 nets, and 20 disconnected pins.
Contents of circuit 2:  Circuit: 'sky130_osu_ring_oscillator_mpr2et_8_b0r2'
Circuit sky130_osu_ring_oscillator_mpr2et_8_b0r2 contains 141 device instances.
  Class: scs130hd_mpr2et_8     instances:   5
  Class: sky130_fd_pr__nfet_01v8_lvt instances:  68
  Class: sky130_fd_pr__pfet_01v8 instances:  68
Circuit contains 149 nets.

Circuit 1 contains 141 devices, Circuit 2 contains 141 devices.
Circuit 1 contains 80 nets,    Circuit 2 contains 149 nets. *** MISMATCH ***

  Flattening non-matched subcircuits sky130_osu_ring_oscillator_mpr2et_8_b0r2 sky130_osu_ring_oscillator_mpr2et_8_b0r2

Flattening instances of sky130_osu_ring_oscillator_mpr2et_8_b0r2 in file /home/lburleson/OSU/google_ring_oscillator/caravel/precheck_results/26_MAR_2024___17_55_07/tmp/ext/user_project_wrapper.gds.nowell.spice
Flattening instances of sky130_osu_ring_oscillator_mpr2et_8_b0r2 in file /home/lburleson/OSU/google_ring_oscillator/caravel/precheck_results/26_MAR_2024___17_55_07/tmp/nowell.ext/user_project_wrapper.gds.nowell.spice

Contents of circuit 1:  Circuit: 'sky130_osu_ring_oscillator_mpr2ea_8_b0r2'
Circuit sky130_osu_ring_oscillator_mpr2ea_8_b0r2 contains 141 device instances.
  Class: sky130_fd_pr__nfet_01v8_lvt instances:  68
  Class: sky130_fd_pr__pfet_01v8 instances:  68
  Class: scs130hd_mpr2ea_8     instances:   5
Circuit contains 80 nets, and 20 disconnected pins.
Contents of circuit 2:  Circuit: 'sky130_osu_ring_oscillator_mpr2ea_8_b0r2'
Circuit sky130_osu_ring_oscillator_mpr2ea_8_b0r2 contains 141 device instances.
  Class: sky130_fd_pr__nfet_01v8_lvt instances:  68
  Class: sky130_fd_pr__pfet_01v8 instances:  68
  Class: scs130hd_mpr2ea_8     instances:   5
Circuit contains 149 nets.

Circuit 1 contains 141 devices, Circuit 2 contains 141 devices.
Circuit 1 contains 80 nets,    Circuit 2 contains 149 nets. *** MISMATCH ***

  Flattening non-matched subcircuits sky130_osu_ring_oscillator_mpr2ea_8_b0r2 sky130_osu_ring_oscillator_mpr2ea_8_b0r2

Flattening instances of sky130_osu_ring_oscillator_mpr2ea_8_b0r2 in file /home/lburleson/OSU/google_ring_oscillator/caravel/precheck_results/26_MAR_2024___17_55_07/tmp/ext/user_project_wrapper.gds.nowell.spice
Flattening instances of sky130_osu_ring_oscillator_mpr2ea_8_b0r2 in file /home/lburleson/OSU/google_ring_oscillator/caravel/precheck_results/26_MAR_2024___17_55_07/tmp/nowell.ext/user_project_wrapper.gds.nowell.spice

Contents of circuit 1:  Circuit: 'user_project_wrapper'
Circuit user_project_wrapper contains 1416 device instances.
  Class: scs130hd_mpr2xa_8     instances:  10
  Class: scs130hd_mpr2et_8     instances:  10
  Class: sky130_fd_pr__nfet_01v8_lvt instances: 680
  Class: sky130_fd_sc_hd__conb_1 instances:   1
  Class: scs130hd_mpr2ca_8     instances:  10
  Class: mux16x1_project       instances:   5
  Class: scs130hd_mpr2ct_8     instances:  10
  Class: sky130_fd_pr__pfet_01v8 instances: 680
  Class: scs130hd_mpr2ea_8     instances:  10
Circuit contains 730 nets, and 200 disconnected pins.
Contents of circuit 2:  Circuit: 'user_project_wrapper'
Circuit user_project_wrapper contains 1416 device instances.
  Class: scs130hd_mpr2xa_8     instances:  10
  Class: scs130hd_mpr2et_8     instances:  10
  Class: sky130_fd_pr__nfet_01v8_lvt instances: 680
  Class: sky130_fd_sc_hd__conb_1 instances:   1
  Class: scs130hd_mpr2ca_8     instances:  10
  Class: mux16x1_project       instances:   5
  Class: scs130hd_mpr2ct_8     instances:  10
  Class: sky130_fd_pr__pfet_01v8 instances: 680
  Class: scs130hd_mpr2ea_8     instances:  10
Circuit contains 1410 nets.

Circuit 1 contains 1416 devices, Circuit 2 contains 1416 devices.
Circuit 1 contains 730 nets,    Circuit 2 contains 1410 nets. *** MISMATCH ***


Final result: 
Netlists do not match.
Logging to file "/home/lburleson/OSU/google_ring_oscillator/caravel/precheck_results/26_MAR_2024___17_55_07/tmp/soft.report" disabled
LVS Done.
END: Tue 26 Mar 2024 05:55:53 PM UTC
Runtime: 0:00:01 (hh:mm:ss)
