CVC: Log output to /home/lburleson/OSU/google_ring_oscillator/caravel/precheck_results/12_MAY_2024___21_46_22/tmp/cvc.oeb.log
CVC: Error output to /home/lburleson/OSU/google_ring_oscillator/caravel/precheck_results/12_MAY_2024___21_46_22/tmp/cvc.oeb.error.gz
CVC: Debug output to /home/lburleson/OSU/google_ring_oscillator/caravel/precheck_results/12_MAY_2024___21_46_22/tmp/cvc.oeb.debug.gz
CVC: Circuit Validation Check  Version 1.1.5
CVC: Start: Sun May 12 21:47:03 2024

Using the following parameters for CVC (Circuit Validation Check) from /home/lburleson/OSU/google_ring_oscillator/caravel/precheck_results/12_MAY_2024___21_46_22/tmp/cvcrc.oeb
CVC_TOP = 'user_project_wrapper'
CVC_NETLIST = '/home/lburleson/OSU/google_ring_oscillator/caravel/precheck_results/12_MAY_2024___21_46_22/tmp/ext/user_project_wrapper.cdl.gz'
CVC_MODE = 'user_project_wrapper'
CVC_MODEL_FILE = '/home/lburleson/mpw_precheck/checks/be_checks//tech/sky130A/cvc.models'
CVC_POWER_FILE = '/home/lburleson/OSU/google_ring_oscillator/caravel/precheck_results/12_MAY_2024___21_46_22/tmp/cvc.power.user_project_wrapper'
CVC_FUSE_FILE = ''
CVC_REPORT_FILE = '/home/lburleson/OSU/google_ring_oscillator/caravel/precheck_results/12_MAY_2024___21_46_22/tmp/cvc.oeb.log'
CVC_REPORT_TITLE = 'CVC user_project_wrapper'
CVC_CIRCUIT_ERROR_LIMIT = '100'
CVC_SEARCH_LIMIT = '100'
CVC_LEAK_LIMIT = '0.0002'
CVC_SOI = 'false'
CVC_SCRC = 'false'
CVC_VTH_GATES = 'false'
CVC_MIN_VTH_GATES = 'false'
CVC_IGNORE_VTH_FLOATING = 'false'
CVC_IGNORE_NO_LEAK_FLOATING = 'false'
CVC_LEAK_OVERVOLTAGE = 'true'
CVC_LOGIC_DIODES = 'false'
CVC_ANALOG_GATES = 'true'
CVC_BACKUP_RESULTS = 'false'
CVC_MOS_DIODE_ERROR_THRESHOLD = '0'
CVC_SHORT_ERROR_THRESHOLD = '0'
CVC_BIAS_ERROR_THRESHOLD = '0'
CVC_FORWARD_ERROR_THRESHOLD = '0'
CVC_FLOATING_ERROR_THRESHOLD = '0'
CVC_GATE_ERROR_THRESHOLD = '0'
CVC_LEAK?_ERROR_THRESHOLD = '0'
CVC_EXPECTED_ERROR_THRESHOLD = '0'
CVC_OVERVOLTAGE_ERROR_THRESHOLD = '0'
CVC_PARALLEL_CIRCUIT_PORT_LIMIT = '0'
CVC_CELL_ERROR_LIMIT_FILE = ''
CVC_CELL_CHECKSUM_FILE = ''
CVC_LARGE_CIRCUIT_SIZE = '10000000'
CVC_NET_CHECK_FILE = ''
CVC_MODEL_CHECK_FILE = ''
End of parameters

CVC: Reading device model settings...
CVC: Reading power settings...
CVC: Parsing netlist /home/lburleson/OSU/google_ring_oscillator/caravel/precheck_results/12_MAY_2024___21_46_22/tmp/ext/user_project_wrapper.cdl.gz
Cdl fixed data size 27598
Usage CDL: Time: 0  Memory: 4848  I/O: 8  Swap: 0
CVC: Counting and linking...
CVC: Assigning IDs ...
Usage DB: Time: 0  Memory: 5360  I/O: 8  Swap: 0
CVC: 2366(2366) instances, 2705(2705) nets, 7090(7090) devices.
CVC: Setting models ...
Setting model tolerances...

> c 6
CVC: Shorting switches...
	Shorted 0 short
	Shorted 0 sky130_fd_pr__res_generic_l1
	Shorted 0 sky130_fd_pr__res_generic_m1
	Shorted 0 sky130_fd_pr__res_generic_m2
	Shorted 0 sky130_fd_pr__res_generic_m3
	Shorted 0 sky130_fd_pr__res_generic_m4
	Shorted 0 sky130_fd_pr__res_generic_m5
Setting instance power...

ModelList> filename /home/lburleson/mpw_precheck/checks/be_checks//tech/sky130A/cvc.models
 Model> sky130_fd_pr__cap_mim_m3_1         0 C->capacitor  Parameters>
 Model> sky130_fd_pr__cap_mim_m3_2         0 C->capacitor  Parameters>
 Model> sky130_fd_pr__cap_var         0 C->capacitor  Parameters>
 Model> sky130_fd_pr__cap_var_lvt         0 C->capacitor  Parameters>
 Model> condiode           0 D->diode      Parameters> Diodes> 1-2
 Model> sky130_fd_pr__diode_pd2nw_05v5         0 D->diode      Parameters> Diodes> 1-2
 Model> sky130_fd_pr__diode_pd2nw_05v5_lvt         0 D->diode      Parameters> Diodes> 1-2
 Model> sky130_fd_pr__diode_pd2nw_11v0         0 D->diode      Parameters> Diodes> 1-2
 Model> sky130_fd_pr__diode_pw2nd_05v5         0 D->diode      Parameters> Diodes> 1-2
 Model> sky130_fd_pr__diode_pw2nd_05v5_nvt         0 D->diode      Parameters> Diodes> 1-2
 Model> sky130_fd_pr__diode_pw2nd_11v0         0 D->diode      Parameters> Diodes> 1-2
 Model> sky130_fd_pr__model__parasitic__diode_ps2dn         0 D->diode      Parameters> Diodes> 1-2
 Model> sky130_fd_pr__model__parasitic__diode_ps2nw         0 D->diode      Parameters> Diodes> 1-2
 Model> sky130_fd_pr__model__parasitic__diode_pw2dn         0 D->diode      Parameters> Diodes> 1-2
 Model> nfet_01v8          0 M->nmos       Parameters> Vth=0.2 Vds=1.8 Vgs=1.8 R=L/W*7000 Diodes> 4-1 4-3
 Model> pfet_01v8_hvt         0 M->pmos       Parameters> Vth=-0.2 Vds=1.8 Vgs=1.8 R=L/W*7000 Diodes> 1-4 3-4
 Model> sky130_fd_bs_flash__special_sonosfet_star         0 M->nmos       Parameters> Vth=0.2 R=L/W*7000 Diodes> 4-1 4-3
 Model> sky130_fd_pr__esd_nfet_g5v0d10v5         0 M->nmos       Parameters> Vth=0.2 R=L/W*7000 Diodes> 4-1 4-3
 Model> sky130_fd_pr__nfet_01v8      2830 M->nmos       Parameters> Vth=0.2 Vds=1.8 Vgs=1.8 R=L/W*7000 Diodes> 4-1 4-3
 Model> sky130_fd_pr__nfet_01v8_lvt       680 M->nmos       Parameters> Vth=0.1 Vds=1.8 Vgs=1.8 R=L/W*7000 Diodes> 4-1 4-3
 Model> sky130_fd_pr__nfet_03v3_nvt         0 M->nmos       Parameters> Vth=0.2 Vds=3.3 Vgs=3.3 R=L/W*7000 Diodes> 4-1 4-3
 Model> sky130_fd_pr__nfet_05v0_nvt         0 M->nmos       Parameters> Vth=0.2 R=L/W*7000 Diodes> 4-1 4-3
 Model> sky130_fd_pr__nfet_g5v0d10v5         0 M->nmos       Parameters> Vth=0.2 R=L/W*7000 Diodes> 4-1 4-3
 Model> sky130_fd_pr__pfet_01v8      1150 M->pmos       Parameters> Vth=-0.2 Vds=1.8 Vgs=1.8 R=L/W*7000 Diodes> 1-4 3-4
 Model> sky130_fd_pr__pfet_01v8_hvt      2340 M->pmos       Parameters> Vth=-0.3 Vds=1.8 Vgs=1.8 R=L/W*7000 Diodes> 1-4 3-4
 Model> sky130_fd_pr__pfet_01v8_lvt         0 M->pmos       Parameters> Vth=-0.1 Vds=1.8 Vgs=1.8 R=L/W*7000 Diodes> 1-4 3-4
 Model> sky130_fd_pr__pfet_g5v0d10v5         0 M->pmos       Parameters> Vth=-0.2 R=L/W*7000 Diodes> 1-4 3-4
 Model> sky130_fd_pr__special_nfet_latch         0 M->nmos       Parameters> Vth=0.2 Vds=1.8 Vgs=1.8 R=L/W*7000 Diodes> 4-1 4-3
 Model> sky130_fd_pr__special_nfet_pass         0 M->nmos       Parameters> Vth=0.2 Vds=1.8 Vgs=1.8 R=L/W*7000 Diodes> 4-1 4-3
 Model> sky130_fd_pr__special_pfet_pass         0 M->pmos       Parameters> Vth=-0.2 Vds=1.8 Vgs=1.8 R=L/W*7000 Diodes> 1-4 3-4
 Model> sky130_fd_pr__pnp_05v5         0 Q->bipolar    Parameters>
 Model> short              0 R->switch_on  Parameters>
 Model> sky130_fd_pr__reram_reram_cell         0 R->resistor   Parameters> R=10
 Model> sky130_fd_pr__res_generic_l1         0 R->switch_on  Parameters>
 Model> sky130_fd_pr__res_generic_m1         0 R->switch_on  Parameters>
 Model> sky130_fd_pr__res_generic_m2         0 R->switch_on  Parameters>
 Model> sky130_fd_pr__res_generic_m3         0 R->switch_on  Parameters>
 Model> sky130_fd_pr__res_generic_m4         0 R->switch_on  Parameters>
 Model> sky130_fd_pr__res_generic_m5         0 R->switch_on  Parameters>
 Model> sky130_fd_pr__res_generic_nd         0 R->resistor   Parameters> R=l/w*120
 Model> sky130_fd_pr__res_generic_nd__hv         0 R->resistor   Parameters> R=l/w*114
 Model> sky130_fd_pr__res_generic_pd__hv         0 R->resistor   Parameters> R=l/w*191
 Model> sky130_fd_pr__res_generic_po        90 R->resistor   Parameters> R=l/w*48
 Model> sky130_fd_pr__res_high_po         0 R->resistor   Parameters> R=l/w*2000
 Model> sky130_fd_pr__res_xhigh_po         0 R->resistor   Parameters> R=l/w*2000
ModelList> end

Power List> filename /home/lburleson/OSU/google_ring_oscillator/caravel/precheck_results/12_MAY_2024___21_46_22/tmp/cvc.power.user_project_wrapper
vccd* power 1.8
 ->vccd1 power 1.8 -> 1.8 power
 ->vccd2 power 1.8 -> 1.8 power
vdda* power 3.3
 ->vdda1 power 3.3 -> 3.3 power
 ->vdda2 power 3.3 -> 3.3 power
vssa* power 0.0
 ->vssa1 power 0.0 -> 0.0 power
 ->vssa2 power 0.0 -> 0.0 power
vssd* power 0.0
 ->vssd1 power 0.0 -> 0.0 power
 ->vssd2 power 0.0 -> 0.0 power
 user_clock2 input min@0.0 max@1.8 -> min@0.0 max@1.8 input
 wb_clk_i input min@0.0 max@1.8 -> min@0.0 max@1.8 input
 wb_rst_i input min@0.0 max@1.8 -> min@0.0 max@1.8 input
 wbs_cyc_i input min@0.0 max@1.8 -> min@0.0 max@1.8 input
 wbs_stb_i input min@0.0 max@1.8 -> min@0.0 max@1.8 input
 wbs_we_i input min@0.0 max@1.8 -> min@0.0 max@1.8 input
io_in[*] input min@0.0 max@1.8
 ->io_in[0] input min@0.0 max@1.8 -> min@0.0 max@1.8 input
 ->io_in[10] input min@0.0 max@1.8 -> min@0.0 max@1.8 input
 ->io_in[11] input min@0.0 max@1.8 -> min@0.0 max@1.8 input
 ->io_in[12] input min@0.0 max@1.8 -> min@0.0 max@1.8 input
 ->io_in[13] input min@0.0 max@1.8 -> min@0.0 max@1.8 input
 ->io_in[14] input min@0.0 max@1.8 -> min@0.0 max@1.8 input
 ->io_in[15] input min@0.0 max@1.8 -> min@0.0 max@1.8 input
 ->io_in[16] input min@0.0 max@1.8 -> min@0.0 max@1.8 input
 ->io_in[17] input min@0.0 max@1.8 -> min@0.0 max@1.8 input
 ->io_in[18] input min@0.0 max@1.8 -> min@0.0 max@1.8 input
 ->io_in[19] input min@0.0 max@1.8 -> min@0.0 max@1.8 input
 ->io_in[1] input min@0.0 max@1.8 -> min@0.0 max@1.8 input
 ->io_in[20] input min@0.0 max@1.8 -> min@0.0 max@1.8 input
 ->io_in[21] input min@0.0 max@1.8 -> min@0.0 max@1.8 input
 ->io_in[22] input min@0.0 max@1.8 -> min@0.0 max@1.8 input
 ->io_in[23] input min@0.0 max@1.8 -> min@0.0 max@1.8 input
 ->io_in[24] input min@0.0 max@1.8 -> min@0.0 max@1.8 input
 ->io_in[25] input min@0.0 max@1.8 -> min@0.0 max@1.8 input
 ->io_in[26] input min@0.0 max@1.8 -> min@0.0 max@1.8 input
 ->io_in[27] input min@0.0 max@1.8 -> min@0.0 max@1.8 input
 ->io_in[28] input min@0.0 max@1.8 -> min@0.0 max@1.8 input
 ->io_in[29] input min@0.0 max@1.8 -> min@0.0 max@1.8 input
 ->io_in[2] input min@0.0 max@1.8 -> min@0.0 max@1.8 input
 ->io_in[30] input min@0.0 max@1.8 -> min@0.0 max@1.8 input
 ->io_in[31] input min@0.0 max@1.8 -> min@0.0 max@1.8 input
 ->io_in[32] input min@0.0 max@1.8 -> min@0.0 max@1.8 input
 ->io_in[33] input min@0.0 max@1.8 -> min@0.0 max@1.8 input
 ->io_in[34] input min@0.0 max@1.8 -> min@0.0 max@1.8 input
 ->io_in[35] input min@0.0 max@1.8 -> min@0.0 max@1.8 input
 ->io_in[36] input min@0.0 max@1.8 -> min@0.0 max@1.8 input
 ->io_in[37] input min@0.0 max@1.8 -> min@0.0 max@1.8 input
 ->io_in[3] input min@0.0 max@1.8 -> min@0.0 max@1.8 input
 ->io_in[4] input min@0.0 max@1.8 -> min@0.0 max@1.8 input
 ->io_in[5] input min@0.0 max@1.8 -> min@0.0 max@1.8 input
 ->io_in[6] input min@0.0 max@1.8 -> min@0.0 max@1.8 input
 ->io_in[7] input min@0.0 max@1.8 -> min@0.0 max@1.8 input
 ->io_in[8] input min@0.0 max@1.8 -> min@0.0 max@1.8 input
 ->io_in[9] input min@0.0 max@1.8 -> min@0.0 max@1.8 input
la_data_in[*] input min@0.0 max@1.8
 ->la_data_in[0] input min@0.0 max@1.8 -> min@0.0 max@1.8 input
 ->la_data_in[100] input min@0.0 max@1.8 -> min@0.0 max@1.8 input
 ->la_data_in[101] input min@0.0 max@1.8 -> min@0.0 max@1.8 input
 ->la_data_in[102] input min@0.0 max@1.8 -> min@0.0 max@1.8 input
 ->la_data_in[103] input min@0.0 max@1.8 -> min@0.0 max@1.8 input
 ->la_data_in[104] input min@0.0 max@1.8 -> min@0.0 max@1.8 input
 ->la_data_in[105] input min@0.0 max@1.8 -> min@0.0 max@1.8 input
 ->la_data_in[106] input min@0.0 max@1.8 -> min@0.0 max@1.8 input
 ->la_data_in[107] input min@0.0 max@1.8 -> min@0.0 max@1.8 input
 ->la_data_in[108] input min@0.0 max@1.8 -> min@0.0 max@1.8 input
 ->la_data_in[109] input min@0.0 max@1.8 -> min@0.0 max@1.8 input
 ->la_data_in[10] input min@0.0 max@1.8 -> min@0.0 max@1.8 input
 ->la_data_in[110] input min@0.0 max@1.8 -> min@0.0 max@1.8 input
 ->la_data_in[111] input min@0.0 max@1.8 -> min@0.0 max@1.8 input
 ->la_data_in[112] input min@0.0 max@1.8 -> min@0.0 max@1.8 input
 ->la_data_in[113] input min@0.0 max@1.8 -> min@0.0 max@1.8 input
 ->la_data_in[114] input min@0.0 max@1.8 -> min@0.0 max@1.8 input
 ->la_data_in[115] input min@0.0 max@1.8 -> min@0.0 max@1.8 input
 ->la_data_in[116] input min@0.0 max@1.8 -> min@0.0 max@1.8 input
 ->la_data_in[117] input min@0.0 max@1.8 -> min@0.0 max@1.8 input
 ->la_data_in[118] input min@0.0 max@1.8 -> min@0.0 max@1.8 input
 ->la_data_in[119] input min@0.0 max@1.8 -> min@0.0 max@1.8 input
 ->la_data_in[11] input min@0.0 max@1.8 -> min@0.0 max@1.8 input
 ->la_data_in[120] input min@0.0 max@1.8 -> min@0.0 max@1.8 input
 ->la_data_in[121] input min@0.0 max@1.8 -> min@0.0 max@1.8 input
 ->la_data_in[122] input min@0.0 max@1.8 -> min@0.0 max@1.8 input
 ->la_data_in[123] input min@0.0 max@1.8 -> min@0.0 max@1.8 input
 ->la_data_in[124] input min@0.0 max@1.8 -> min@0.0 max@1.8 input
 ->la_data_in[125] input min@0.0 max@1.8 -> min@0.0 max@1.8 input
 ->la_data_in[126] input min@0.0 max@1.8 -> min@0.0 max@1.8 input
 ->la_data_in[127] input min@0.0 max@1.8 -> min@0.0 max@1.8 input
 ->la_data_in[12] input min@0.0 max@1.8 -> min@0.0 max@1.8 input
 ->la_data_in[13] input min@0.0 max@1.8 -> min@0.0 max@1.8 input
 ->la_data_in[14] input min@0.0 max@1.8 -> min@0.0 max@1.8 input
 ->la_data_in[15] input min@0.0 max@1.8 -> min@0.0 max@1.8 input
 ->la_data_in[16] input min@0.0 max@1.8 -> min@0.0 max@1.8 input
 ->la_data_in[17] input min@0.0 max@1.8 -> min@0.0 max@1.8 input
 ->la_data_in[18] input min@0.0 max@1.8 -> min@0.0 max@1.8 input
 ->la_data_in[19] input min@0.0 max@1.8 -> min@0.0 max@1.8 input
 ->la_data_in[1] input min@0.0 max@1.8 -> min@0.0 max@1.8 input
 ->la_data_in[20] input min@0.0 max@1.8 -> min@0.0 max@1.8 input
 ->la_data_in[21] input min@0.0 max@1.8 -> min@0.0 max@1.8 input
 ->la_data_in[22] input min@0.0 max@1.8 -> min@0.0 max@1.8 input
 ->la_data_in[23] input min@0.0 max@1.8 -> min@0.0 max@1.8 input
 ->la_data_in[24] input min@0.0 max@1.8 -> min@0.0 max@1.8 input
 ->la_data_in[25] input min@0.0 max@1.8 -> min@0.0 max@1.8 input
 ->la_data_in[26] input min@0.0 max@1.8 -> min@0.0 max@1.8 input
 ->la_data_in[27] input min@0.0 max@1.8 -> min@0.0 max@1.8 input
 ->la_data_in[28] input min@0.0 max@1.8 -> min@0.0 max@1.8 input
 ->la_data_in[29] input min@0.0 max@1.8 -> min@0.0 max@1.8 input
 ->la_data_in[2] input min@0.0 max@1.8 -> min@0.0 max@1.8 input
 ->la_data_in[30] input min@0.0 max@1.8 -> min@0.0 max@1.8 input
 ->la_data_in[31] input min@0.0 max@1.8 -> min@0.0 max@1.8 input
 ->la_data_in[32] input min@0.0 max@1.8 -> min@0.0 max@1.8 input
 ->la_data_in[33] input min@0.0 max@1.8 -> min@0.0 max@1.8 input
 ->la_data_in[34] input min@0.0 max@1.8 -> min@0.0 max@1.8 input
 ->la_data_in[35] input min@0.0 max@1.8 -> min@0.0 max@1.8 input
 ->la_data_in[36] input min@0.0 max@1.8 -> min@0.0 max@1.8 input
 ->la_data_in[37] input min@0.0 max@1.8 -> min@0.0 max@1.8 input
 ->la_data_in[38] input min@0.0 max@1.8 -> min@0.0 max@1.8 input
 ->la_data_in[39] input min@0.0 max@1.8 -> min@0.0 max@1.8 input
 ->la_data_in[3] input min@0.0 max@1.8 -> min@0.0 max@1.8 input
 ->la_data_in[40] input min@0.0 max@1.8 -> min@0.0 max@1.8 input
 ->la_data_in[41] input min@0.0 max@1.8 -> min@0.0 max@1.8 input
 ->la_data_in[42] input min@0.0 max@1.8 -> min@0.0 max@1.8 input
 ->la_data_in[43] input min@0.0 max@1.8 -> min@0.0 max@1.8 input
 ->la_data_in[44] input min@0.0 max@1.8 -> min@0.0 max@1.8 input
 ->la_data_in[45] input min@0.0 max@1.8 -> min@0.0 max@1.8 input
 ->la_data_in[46] input min@0.0 max@1.8 -> min@0.0 max@1.8 input
 ->la_data_in[47] input min@0.0 max@1.8 -> min@0.0 max@1.8 input
 ->la_data_in[48] input min@0.0 max@1.8 -> min@0.0 max@1.8 input
 ->la_data_in[49] input min@0.0 max@1.8 -> min@0.0 max@1.8 input
 ->la_data_in[4] input min@0.0 max@1.8 -> min@0.0 max@1.8 input
 ->la_data_in[50] input min@0.0 max@1.8 -> min@0.0 max@1.8 input
 ->la_data_in[51] input min@0.0 max@1.8 -> min@0.0 max@1.8 input
 ->la_data_in[52] input min@0.0 max@1.8 -> min@0.0 max@1.8 input
 ->la_data_in[53] input min@0.0 max@1.8 -> min@0.0 max@1.8 input
 ->la_data_in[54] input min@0.0 max@1.8 -> min@0.0 max@1.8 input
 ->la_data_in[55] input min@0.0 max@1.8 -> min@0.0 max@1.8 input
 ->la_data_in[56] input min@0.0 max@1.8 -> min@0.0 max@1.8 input
 ->la_data_in[57] input min@0.0 max@1.8 -> min@0.0 max@1.8 input
 ->la_data_in[58] input min@0.0 max@1.8 -> min@0.0 max@1.8 input
 ->la_data_in[59] input min@0.0 max@1.8 -> min@0.0 max@1.8 input
 ->la_data_in[5] input min@0.0 max@1.8 -> min@0.0 max@1.8 input
 ->la_data_in[60] input min@0.0 max@1.8 -> min@0.0 max@1.8 input
 ->la_data_in[61] input min@0.0 max@1.8 -> min@0.0 max@1.8 input
 ->la_data_in[62] input min@0.0 max@1.8 -> min@0.0 max@1.8 input
 ->la_data_in[63] input min@0.0 max@1.8 -> min@0.0 max@1.8 input
 ->la_data_in[64] input min@0.0 max@1.8 -> min@0.0 max@1.8 input
 ->la_data_in[65] input min@0.0 max@1.8 -> min@0.0 max@1.8 input
 ->la_data_in[66] input min@0.0 max@1.8 -> min@0.0 max@1.8 input
 ->la_data_in[67] input min@0.0 max@1.8 -> min@0.0 max@1.8 input
 ->la_data_in[68] input min@0.0 max@1.8 -> min@0.0 max@1.8 input
 ->la_data_in[69] input min@0.0 max@1.8 -> min@0.0 max@1.8 input
 ->la_data_in[6] input min@0.0 max@1.8 -> min@0.0 max@1.8 input
 ->la_data_in[70] input min@0.0 max@1.8 -> min@0.0 max@1.8 input
 ->la_data_in[71] input min@0.0 max@1.8 -> min@0.0 max@1.8 input
 ->la_data_in[72] input min@0.0 max@1.8 -> min@0.0 max@1.8 input
 ->la_data_in[73] input min@0.0 max@1.8 -> min@0.0 max@1.8 input
 ->la_data_in[74] input min@0.0 max@1.8 -> min@0.0 max@1.8 input
 ->la_data_in[75] input min@0.0 max@1.8 -> min@0.0 max@1.8 input
 ->la_data_in[76] input min@0.0 max@1.8 -> min@0.0 max@1.8 input
 ->la_data_in[77] input min@0.0 max@1.8 -> min@0.0 max@1.8 input
 ->la_data_in[78] input min@0.0 max@1.8 -> min@0.0 max@1.8 input
 ->la_data_in[79] input min@0.0 max@1.8 -> min@0.0 max@1.8 input
 ->la_data_in[7] input min@0.0 max@1.8 -> min@0.0 max@1.8 input
 ->la_data_in[80] input min@0.0 max@1.8 -> min@0.0 max@1.8 input
 ->la_data_in[81] input min@0.0 max@1.8 -> min@0.0 max@1.8 input
 ->la_data_in[82] input min@0.0 max@1.8 -> min@0.0 max@1.8 input
 ->la_data_in[83] input min@0.0 max@1.8 -> min@0.0 max@1.8 input
 ->la_data_in[84] input min@0.0 max@1.8 -> min@0.0 max@1.8 input
 ->la_data_in[85] input min@0.0 max@1.8 -> min@0.0 max@1.8 input
 ->la_data_in[86] input min@0.0 max@1.8 -> min@0.0 max@1.8 input
 ->la_data_in[87] input min@0.0 max@1.8 -> min@0.0 max@1.8 input
 ->la_data_in[88] input min@0.0 max@1.8 -> min@0.0 max@1.8 input
 ->la_data_in[89] input min@0.0 max@1.8 -> min@0.0 max@1.8 input
 ->la_data_in[8] input min@0.0 max@1.8 -> min@0.0 max@1.8 input
 ->la_data_in[90] input min@0.0 max@1.8 -> min@0.0 max@1.8 input
 ->la_data_in[91] input min@0.0 max@1.8 -> min@0.0 max@1.8 input
 ->la_data_in[92] input min@0.0 max@1.8 -> min@0.0 max@1.8 input
 ->la_data_in[93] input min@0.0 max@1.8 -> min@0.0 max@1.8 input
 ->la_data_in[94] input min@0.0 max@1.8 -> min@0.0 max@1.8 input
 ->la_data_in[95] input min@0.0 max@1.8 -> min@0.0 max@1.8 input
 ->la_data_in[96] input min@0.0 max@1.8 -> min@0.0 max@1.8 input
 ->la_data_in[97] input min@0.0 max@1.8 -> min@0.0 max@1.8 input
 ->la_data_in[98] input min@0.0 max@1.8 -> min@0.0 max@1.8 input
 ->la_data_in[99] input min@0.0 max@1.8 -> min@0.0 max@1.8 input
 ->la_data_in[9] input min@0.0 max@1.8 -> min@0.0 max@1.8 input
la_oenb[*] input min@0.0 max@1.8
 ->la_oenb[0] input min@0.0 max@1.8 -> min@0.0 max@1.8 input
 ->la_oenb[100] input min@0.0 max@1.8 -> min@0.0 max@1.8 input
 ->la_oenb[101] input min@0.0 max@1.8 -> min@0.0 max@1.8 input
 ->la_oenb[102] input min@0.0 max@1.8 -> min@0.0 max@1.8 input
 ->la_oenb[103] input min@0.0 max@1.8 -> min@0.0 max@1.8 input
 ->la_oenb[104] input min@0.0 max@1.8 -> min@0.0 max@1.8 input
 ->la_oenb[105] input min@0.0 max@1.8 -> min@0.0 max@1.8 input
 ->la_oenb[106] input min@0.0 max@1.8 -> min@0.0 max@1.8 input
 ->la_oenb[107] input min@0.0 max@1.8 -> min@0.0 max@1.8 input
 ->la_oenb[108] input min@0.0 max@1.8 -> min@0.0 max@1.8 input
 ->la_oenb[109] input min@0.0 max@1.8 -> min@0.0 max@1.8 input
 ->la_oenb[10] input min@0.0 max@1.8 -> min@0.0 max@1.8 input
 ->la_oenb[110] input min@0.0 max@1.8 -> min@0.0 max@1.8 input
 ->la_oenb[111] input min@0.0 max@1.8 -> min@0.0 max@1.8 input
 ->la_oenb[112] input min@0.0 max@1.8 -> min@0.0 max@1.8 input
 ->la_oenb[113] input min@0.0 max@1.8 -> min@0.0 max@1.8 input
 ->la_oenb[114] input min@0.0 max@1.8 -> min@0.0 max@1.8 input
 ->la_oenb[115] input min@0.0 max@1.8 -> min@0.0 max@1.8 input
 ->la_oenb[116] input min@0.0 max@1.8 -> min@0.0 max@1.8 input
 ->la_oenb[117] input min@0.0 max@1.8 -> min@0.0 max@1.8 input
 ->la_oenb[118] input min@0.0 max@1.8 -> min@0.0 max@1.8 input
 ->la_oenb[119] input min@0.0 max@1.8 -> min@0.0 max@1.8 input
 ->la_oenb[11] input min@0.0 max@1.8 -> min@0.0 max@1.8 input
 ->la_oenb[120] input min@0.0 max@1.8 -> min@0.0 max@1.8 input
 ->la_oenb[121] input min@0.0 max@1.8 -> min@0.0 max@1.8 input
 ->la_oenb[122] input min@0.0 max@1.8 -> min@0.0 max@1.8 input
 ->la_oenb[123] input min@0.0 max@1.8 -> min@0.0 max@1.8 input
 ->la_oenb[124] input min@0.0 max@1.8 -> min@0.0 max@1.8 input
 ->la_oenb[125] input min@0.0 max@1.8 -> min@0.0 max@1.8 input
 ->la_oenb[126] input min@0.0 max@1.8 -> min@0.0 max@1.8 input
 ->la_oenb[127] input min@0.0 max@1.8 -> min@0.0 max@1.8 input
 ->la_oenb[12] input min@0.0 max@1.8 -> min@0.0 max@1.8 input
 ->la_oenb[13] input min@0.0 max@1.8 -> min@0.0 max@1.8 input
 ->la_oenb[14] input min@0.0 max@1.8 -> min@0.0 max@1.8 input
 ->la_oenb[15] input min@0.0 max@1.8 -> min@0.0 max@1.8 input
 ->la_oenb[16] input min@0.0 max@1.8 -> min@0.0 max@1.8 input
 ->la_oenb[17] input min@0.0 max@1.8 -> min@0.0 max@1.8 input
 ->la_oenb[18] input min@0.0 max@1.8 -> min@0.0 max@1.8 input
 ->la_oenb[19] input min@0.0 max@1.8 -> min@0.0 max@1.8 input
 ->la_oenb[1] input min@0.0 max@1.8 -> min@0.0 max@1.8 input
 ->la_oenb[20] input min@0.0 max@1.8 -> min@0.0 max@1.8 input
 ->la_oenb[21] input min@0.0 max@1.8 -> min@0.0 max@1.8 input
 ->la_oenb[22] input min@0.0 max@1.8 -> min@0.0 max@1.8 input
 ->la_oenb[23] input min@0.0 max@1.8 -> min@0.0 max@1.8 input
 ->la_oenb[24] input min@0.0 max@1.8 -> min@0.0 max@1.8 input
 ->la_oenb[25] input min@0.0 max@1.8 -> min@0.0 max@1.8 input
 ->la_oenb[26] input min@0.0 max@1.8 -> min@0.0 max@1.8 input
 ->la_oenb[27] input min@0.0 max@1.8 -> min@0.0 max@1.8 input
 ->la_oenb[28] input min@0.0 max@1.8 -> min@0.0 max@1.8 input
 ->la_oenb[29] input min@0.0 max@1.8 -> min@0.0 max@1.8 input
 ->la_oenb[2] input min@0.0 max@1.8 -> min@0.0 max@1.8 input
 ->la_oenb[30] input min@0.0 max@1.8 -> min@0.0 max@1.8 input
 ->la_oenb[31] input min@0.0 max@1.8 -> min@0.0 max@1.8 input
 ->la_oenb[32] input min@0.0 max@1.8 -> min@0.0 max@1.8 input
 ->la_oenb[33] input min@0.0 max@1.8 -> min@0.0 max@1.8 input
 ->la_oenb[34] input min@0.0 max@1.8 -> min@0.0 max@1.8 input
 ->la_oenb[35] input min@0.0 max@1.8 -> min@0.0 max@1.8 input
 ->la_oenb[36] input min@0.0 max@1.8 -> min@0.0 max@1.8 input
 ->la_oenb[37] input min@0.0 max@1.8 -> min@0.0 max@1.8 input
 ->la_oenb[38] input min@0.0 max@1.8 -> min@0.0 max@1.8 input
 ->la_oenb[39] input min@0.0 max@1.8 -> min@0.0 max@1.8 input
 ->la_oenb[3] input min@0.0 max@1.8 -> min@0.0 max@1.8 input
 ->la_oenb[40] input min@0.0 max@1.8 -> min@0.0 max@1.8 input
 ->la_oenb[41] input min@0.0 max@1.8 -> min@0.0 max@1.8 input
 ->la_oenb[42] input min@0.0 max@1.8 -> min@0.0 max@1.8 input
 ->la_oenb[43] input min@0.0 max@1.8 -> min@0.0 max@1.8 input
 ->la_oenb[44] input min@0.0 max@1.8 -> min@0.0 max@1.8 input
 ->la_oenb[45] input min@0.0 max@1.8 -> min@0.0 max@1.8 input
 ->la_oenb[46] input min@0.0 max@1.8 -> min@0.0 max@1.8 input
 ->la_oenb[47] input min@0.0 max@1.8 -> min@0.0 max@1.8 input
 ->la_oenb[48] input min@0.0 max@1.8 -> min@0.0 max@1.8 input
 ->la_oenb[49] input min@0.0 max@1.8 -> min@0.0 max@1.8 input
 ->la_oenb[4] input min@0.0 max@1.8 -> min@0.0 max@1.8 input
 ->la_oenb[50] input min@0.0 max@1.8 -> min@0.0 max@1.8 input
 ->la_oenb[51] input min@0.0 max@1.8 -> min@0.0 max@1.8 input
 ->la_oenb[52] input min@0.0 max@1.8 -> min@0.0 max@1.8 input
 ->la_oenb[53] input min@0.0 max@1.8 -> min@0.0 max@1.8 input
 ->la_oenb[54] input min@0.0 max@1.8 -> min@0.0 max@1.8 input
 ->la_oenb[55] input min@0.0 max@1.8 -> min@0.0 max@1.8 input
 ->la_oenb[56] input min@0.0 max@1.8 -> min@0.0 max@1.8 input
 ->la_oenb[57] input min@0.0 max@1.8 -> min@0.0 max@1.8 input
 ->la_oenb[58] input min@0.0 max@1.8 -> min@0.0 max@1.8 input
 ->la_oenb[59] input min@0.0 max@1.8 -> min@0.0 max@1.8 input
 ->la_oenb[5] input min@0.0 max@1.8 -> min@0.0 max@1.8 input
 ->la_oenb[60] input min@0.0 max@1.8 -> min@0.0 max@1.8 input
 ->la_oenb[61] input min@0.0 max@1.8 -> min@0.0 max@1.8 input
 ->la_oenb[62] input min@0.0 max@1.8 -> min@0.0 max@1.8 input
 ->la_oenb[63] input min@0.0 max@1.8 -> min@0.0 max@1.8 input
 ->la_oenb[64] input min@0.0 max@1.8 -> min@0.0 max@1.8 input
 ->la_oenb[65] input min@0.0 max@1.8 -> min@0.0 max@1.8 input
 ->la_oenb[66] input min@0.0 max@1.8 -> min@0.0 max@1.8 input
 ->la_oenb[67] input min@0.0 max@1.8 -> min@0.0 max@1.8 input
 ->la_oenb[68] input min@0.0 max@1.8 -> min@0.0 max@1.8 input
 ->la_oenb[69] input min@0.0 max@1.8 -> min@0.0 max@1.8 input
 ->la_oenb[6] input min@0.0 max@1.8 -> min@0.0 max@1.8 input
 ->la_oenb[70] input min@0.0 max@1.8 -> min@0.0 max@1.8 input
 ->la_oenb[71] input min@0.0 max@1.8 -> min@0.0 max@1.8 input
 ->la_oenb[72] input min@0.0 max@1.8 -> min@0.0 max@1.8 input
 ->la_oenb[73] input min@0.0 max@1.8 -> min@0.0 max@1.8 input
 ->la_oenb[74] input min@0.0 max@1.8 -> min@0.0 max@1.8 input
 ->la_oenb[75] input min@0.0 max@1.8 -> min@0.0 max@1.8 input
 ->la_oenb[76] input min@0.0 max@1.8 -> min@0.0 max@1.8 input
 ->la_oenb[77] input min@0.0 max@1.8 -> min@0.0 max@1.8 input
 ->la_oenb[78] input min@0.0 max@1.8 -> min@0.0 max@1.8 input
 ->la_oenb[79] input min@0.0 max@1.8 -> min@0.0 max@1.8 input
 ->la_oenb[7] input min@0.0 max@1.8 -> min@0.0 max@1.8 input
 ->la_oenb[80] input min@0.0 max@1.8 -> min@0.0 max@1.8 input
 ->la_oenb[81] input min@0.0 max@1.8 -> min@0.0 max@1.8 input
 ->la_oenb[82] input min@0.0 max@1.8 -> min@0.0 max@1.8 input
 ->la_oenb[83] input min@0.0 max@1.8 -> min@0.0 max@1.8 input
 ->la_oenb[84] input min@0.0 max@1.8 -> min@0.0 max@1.8 input
 ->la_oenb[85] input min@0.0 max@1.8 -> min@0.0 max@1.8 input
 ->la_oenb[86] input min@0.0 max@1.8 -> min@0.0 max@1.8 input
 ->la_oenb[87] input min@0.0 max@1.8 -> min@0.0 max@1.8 input
 ->la_oenb[88] input min@0.0 max@1.8 -> min@0.0 max@1.8 input
 ->la_oenb[89] input min@0.0 max@1.8 -> min@0.0 max@1.8 input
 ->la_oenb[8] input min@0.0 max@1.8 -> min@0.0 max@1.8 input
 ->la_oenb[90] input min@0.0 max@1.8 -> min@0.0 max@1.8 input
 ->la_oenb[91] input min@0.0 max@1.8 -> min@0.0 max@1.8 input
 ->la_oenb[92] input min@0.0 max@1.8 -> min@0.0 max@1.8 input
 ->la_oenb[93] input min@0.0 max@1.8 -> min@0.0 max@1.8 input
 ->la_oenb[94] input min@0.0 max@1.8 -> min@0.0 max@1.8 input
 ->la_oenb[95] input min@0.0 max@1.8 -> min@0.0 max@1.8 input
 ->la_oenb[96] input min@0.0 max@1.8 -> min@0.0 max@1.8 input
 ->la_oenb[97] input min@0.0 max@1.8 -> min@0.0 max@1.8 input
 ->la_oenb[98] input min@0.0 max@1.8 -> min@0.0 max@1.8 input
 ->la_oenb[99] input min@0.0 max@1.8 -> min@0.0 max@1.8 input
 ->la_oenb[9] input min@0.0 max@1.8 -> min@0.0 max@1.8 input
wbs_adr_i[*] input min@0.0 max@1.8
 ->wbs_adr_i[0] input min@0.0 max@1.8 -> min@0.0 max@1.8 input
 ->wbs_adr_i[10] input min@0.0 max@1.8 -> min@0.0 max@1.8 input
 ->wbs_adr_i[11] input min@0.0 max@1.8 -> min@0.0 max@1.8 input
 ->wbs_adr_i[12] input min@0.0 max@1.8 -> min@0.0 max@1.8 input
 ->wbs_adr_i[13] input min@0.0 max@1.8 -> min@0.0 max@1.8 input
 ->wbs_adr_i[14] input min@0.0 max@1.8 -> min@0.0 max@1.8 input
 ->wbs_adr_i[15] input min@0.0 max@1.8 -> min@0.0 max@1.8 input
 ->wbs_adr_i[16] input min@0.0 max@1.8 -> min@0.0 max@1.8 input
 ->wbs_adr_i[17] input min@0.0 max@1.8 -> min@0.0 max@1.8 input
 ->wbs_adr_i[18] input min@0.0 max@1.8 -> min@0.0 max@1.8 input
 ->wbs_adr_i[19] input min@0.0 max@1.8 -> min@0.0 max@1.8 input
 ->wbs_adr_i[1] input min@0.0 max@1.8 -> min@0.0 max@1.8 input
 ->wbs_adr_i[20] input min@0.0 max@1.8 -> min@0.0 max@1.8 input
 ->wbs_adr_i[21] input min@0.0 max@1.8 -> min@0.0 max@1.8 input
 ->wbs_adr_i[22] input min@0.0 max@1.8 -> min@0.0 max@1.8 input
 ->wbs_adr_i[23] input min@0.0 max@1.8 -> min@0.0 max@1.8 input
 ->wbs_adr_i[24] input min@0.0 max@1.8 -> min@0.0 max@1.8 input
 ->wbs_adr_i[25] input min@0.0 max@1.8 -> min@0.0 max@1.8 input
 ->wbs_adr_i[26] input min@0.0 max@1.8 -> min@0.0 max@1.8 input
 ->wbs_adr_i[27] input min@0.0 max@1.8 -> min@0.0 max@1.8 input
 ->wbs_adr_i[28] input min@0.0 max@1.8 -> min@0.0 max@1.8 input
 ->wbs_adr_i[29] input min@0.0 max@1.8 -> min@0.0 max@1.8 input
 ->wbs_adr_i[2] input min@0.0 max@1.8 -> min@0.0 max@1.8 input
 ->wbs_adr_i[30] input min@0.0 max@1.8 -> min@0.0 max@1.8 input
 ->wbs_adr_i[31] input min@0.0 max@1.8 -> min@0.0 max@1.8 input
 ->wbs_adr_i[3] input min@0.0 max@1.8 -> min@0.0 max@1.8 input
 ->wbs_adr_i[4] input min@0.0 max@1.8 -> min@0.0 max@1.8 input
 ->wbs_adr_i[5] input min@0.0 max@1.8 -> min@0.0 max@1.8 input
 ->wbs_adr_i[6] input min@0.0 max@1.8 -> min@0.0 max@1.8 input
 ->wbs_adr_i[7] input min@0.0 max@1.8 -> min@0.0 max@1.8 input
 ->wbs_adr_i[8] input min@0.0 max@1.8 -> min@0.0 max@1.8 input
 ->wbs_adr_i[9] input min@0.0 max@1.8 -> min@0.0 max@1.8 input
wbs_dat_i[*] input min@0.0 max@1.8
 ->wbs_dat_i[0] input min@0.0 max@1.8 -> min@0.0 max@1.8 input
 ->wbs_dat_i[10] input min@0.0 max@1.8 -> min@0.0 max@1.8 input
 ->wbs_dat_i[11] input min@0.0 max@1.8 -> min@0.0 max@1.8 input
 ->wbs_dat_i[12] input min@0.0 max@1.8 -> min@0.0 max@1.8 input
 ->wbs_dat_i[13] input min@0.0 max@1.8 -> min@0.0 max@1.8 input
 ->wbs_dat_i[14] input min@0.0 max@1.8 -> min@0.0 max@1.8 input
 ->wbs_dat_i[15] input min@0.0 max@1.8 -> min@0.0 max@1.8 input
 ->wbs_dat_i[16] input min@0.0 max@1.8 -> min@0.0 max@1.8 input
 ->wbs_dat_i[17] input min@0.0 max@1.8 -> min@0.0 max@1.8 input
 ->wbs_dat_i[18] input min@0.0 max@1.8 -> min@0.0 max@1.8 input
 ->wbs_dat_i[19] input min@0.0 max@1.8 -> min@0.0 max@1.8 input
 ->wbs_dat_i[1] input min@0.0 max@1.8 -> min@0.0 max@1.8 input
 ->wbs_dat_i[20] input min@0.0 max@1.8 -> min@0.0 max@1.8 input
 ->wbs_dat_i[21] input min@0.0 max@1.8 -> min@0.0 max@1.8 input
 ->wbs_dat_i[22] input min@0.0 max@1.8 -> min@0.0 max@1.8 input
 ->wbs_dat_i[23] input min@0.0 max@1.8 -> min@0.0 max@1.8 input
 ->wbs_dat_i[24] input min@0.0 max@1.8 -> min@0.0 max@1.8 input
 ->wbs_dat_i[25] input min@0.0 max@1.8 -> min@0.0 max@1.8 input
 ->wbs_dat_i[26] input min@0.0 max@1.8 -> min@0.0 max@1.8 input
 ->wbs_dat_i[27] input min@0.0 max@1.8 -> min@0.0 max@1.8 input
 ->wbs_dat_i[28] input min@0.0 max@1.8 -> min@0.0 max@1.8 input
 ->wbs_dat_i[29] input min@0.0 max@1.8 -> min@0.0 max@1.8 input
 ->wbs_dat_i[2] input min@0.0 max@1.8 -> min@0.0 max@1.8 input
 ->wbs_dat_i[30] input min@0.0 max@1.8 -> min@0.0 max@1.8 input
 ->wbs_dat_i[31] input min@0.0 max@1.8 -> min@0.0 max@1.8 input
 ->wbs_dat_i[3] input min@0.0 max@1.8 -> min@0.0 max@1.8 input
 ->wbs_dat_i[4] input min@0.0 max@1.8 -> min@0.0 max@1.8 input
 ->wbs_dat_i[5] input min@0.0 max@1.8 -> min@0.0 max@1.8 input
 ->wbs_dat_i[6] input min@0.0 max@1.8 -> min@0.0 max@1.8 input
 ->wbs_dat_i[7] input min@0.0 max@1.8 -> min@0.0 max@1.8 input
 ->wbs_dat_i[8] input min@0.0 max@1.8 -> min@0.0 max@1.8 input
 ->wbs_dat_i[9] input min@0.0 max@1.8 -> min@0.0 max@1.8 input
wbs_sel_i[*] input min@0.0 max@1.8
 ->wbs_sel_i[0] input min@0.0 max@1.8 -> min@0.0 max@1.8 input
 ->wbs_sel_i[1] input min@0.0 max@1.8 -> min@0.0 max@1.8 input
 ->wbs_sel_i[2] input min@0.0 max@1.8 -> min@0.0 max@1.8 input
 ->wbs_sel_i[3] input min@0.0 max@1.8 -> min@0.0 max@1.8 input
> expected values
> macros
Power List> end

CVC: Linking devices...
Usage EQUIV: Time: 0  Memory: 7164  I/O: 96  Swap: 0
Power nets 382
Hash dump:parameter->resistance map
Contains 89 buckets, 173 elements
Element count 0, 5
Element count 1, 26
Element count 2, 32
Element count 3, 22
Element count 4, 3
Element count 5, 1
Unused hash: 0.06, average depth 2.46
Hash dump:text->circuit map
Contains 37 buckets, 54 elements
Element count 0, 5
Element count 1, 17
Element count 2, 9
Element count 3, 5
Element count 4, 1
Unused hash: 0.14, average depth 2.11
Hash dump:string->text map
Contains 1493 buckets, 2008 elements
Element count 0, 388
Element count 1, 515
Element count 2, 362
Element count 3, 160
Element count 4, 54
Element count 5, 11
Element count 6, 3
Unused hash: 0.26, average depth 2.32
CVC: Shorting non conducting resistors...
CVC: Calculating resistor voltages...
Usage RES: Time: 0  Memory: 7164  I/O: 96  Swap: 0
Power nets 382
CVC: Calculating min/max voltages...
Processing trivial nets found 700 trivial nets
CVC: Ignoring invalid calculations...
CVC:   Removed 0 calculations
Copying master nets
CVC: Ignoring non-conducting devices...
CVC:   Ignored 0 devices
Usage MIN/MAX1: Time: 0  Memory: 7164  I/O: 96  Swap: 0
Power nets 927
! Checking forward bias diode errors: 

! Checking nmos source/drain vs bias errors: 

! Checking nmos gate vs source errors: 

! Checking pmos source/drain vs bias errors: 

! Checking pmos gate vs source errors: 

Usage ERROR: Time: 0  Memory: 7164  I/O: 96  Swap: 0
CVC: Propagating Simulation voltages 1...
Usage SIM1: Time: 0  Memory: 7164  I/O: 96  Swap: 0
Power nets 927
CVC: Propagating Simulation voltages 3...
Usage SIM2: Time: 0  Memory: 7164  I/O: 104  Swap: 0
Power nets 927
Added 5 latch voltages
CVC: Propagating Simulation voltages 3...
Usage LATCH 1: Time: 0  Memory: 7164  I/O: 104  Swap: 0
Added 0 latch voltages
CVC: Calculating min/max voltages...
Processing trivial nets found 540 trivial nets
CVC: Ignoring invalid calculations...
CVC:   Removed 95 calculations
Copying master nets
CVC: Ignoring non-conducting devices...
CVC:   Ignored 10 devices
Usage MIN/MAX2: Time: 0  Memory: 7164  I/O: 104  Swap: 0
Power nets 1392
! Checking overvoltage errors

! Checking nmos possible leak errors: 

! Checking pmos possible leak errors: 

! Checking mos floating input errors:

! Checking expected values:

CVC: Error Counts
CVC: Fuse Problems:         0
CVC: Min Voltage Conflicts: 0
CVC: Max Voltage Conflicts: 0
CVC: Leaks:                 0
CVC: LDD drain->source:     0
CVC: HI-Z Inputs:           0
CVC: Forward Bias Diodes:   0
CVC: NMOS Source vs Bulk:   0
CVC: NMOS Gate vs Source:   0
CVC: NMOS Possible Leaks:   0
CVC: PMOS Source vs Bulk:   0
CVC: PMOS Gate vs Source:   0
CVC: PMOS Possible Leaks:   0
CVC: Overvoltage-VBG:       0
CVC: Overvoltage-VBS:       0
CVC: Overvoltage-VDS:       0
CVC: Overvoltage-VGS:       0
CVC: Model errors:          0
CVC: Unexpected voltage :   0
CVC: Total:                 0
Usage Total: Time: 0  Memory: 7944  I/O: 144  Swap: 0
Virtual net update/access 20251/615771
CVC: Log output to /home/lburleson/OSU/google_ring_oscillator/caravel/precheck_results/12_MAY_2024___21_46_22/tmp/cvc.oeb.log
CVC: End: Sun May 12 21:47:03 2024


> gn io_in[0]
Net io_in[0]: 29
 connections: gate 0 source 0 drain 0 bulk 0
 base definition io_in[*]
  default min unknown
  default sim unknown
  default max unknown
 defined as  input min@0.0 max@1.8 =>  min@0.0 max@1.8 input


> gn io_in[1]
Net io_in[1]: 40
 connections: gate 0 source 0 drain 0 bulk 0
 base definition io_in[*]
  default min unknown
  default sim unknown
  default max unknown
 defined as  input min@0.0 max@1.8 =>  min@0.0 max@1.8 input


> gn io_in[2]
Net io_in[2]: 51
 connections: gate 0 source 0 drain 0 bulk 0
 base definition io_in[*]
  default min unknown
  default sim unknown
  default max unknown
 defined as  input min@0.0 max@1.8 =>  min@0.0 max@1.8 input


> gn io_in[3]
Net io_in[3]: 60
 connections: gate 0 source 0 drain 0 bulk 0
 base definition io_in[*]
  default min unknown
  default sim unknown
  default max unknown
 defined as  input min@0.0 max@1.8 =>  min@0.0 max@1.8 input


> gn io_in[4]
Net io_in[4]: 61
 connections: gate 0 source 0 drain 0 bulk 0
 base definition io_in[*]
  default min unknown
  default sim unknown
  default max unknown
 defined as  input min@0.0 max@1.8 =>  min@0.0 max@1.8 input


> gn io_in[5]
Net io_in[5]: 62
 connections: gate 120 source 0 drain 0 bulk 0
 base definition io_in[*]
  default min unknown
  default sim unknown
  default max unknown
 defined as  input min@0.0 max@1.8 =>  min@0.0 max@1.8 input


> gn io_in[6]
Net io_in[6]: 63
 connections: gate 120 source 0 drain 0 bulk 0
 base definition io_in[*]
  default min unknown
  default sim unknown
  default max unknown
 defined as  input min@0.0 max@1.8 =>  min@0.0 max@1.8 input


> gn io_in[7]
Net io_in[7]: 64
 connections: gate 120 source 0 drain 0 bulk 0
 base definition io_in[*]
  default min unknown
  default sim unknown
  default max unknown
 defined as  input min@0.0 max@1.8 =>  min@0.0 max@1.8 input


> gn io_in[8]
Net io_in[8]: 65
 connections: gate 120 source 0 drain 0 bulk 0
 base definition io_in[*]
  default min unknown
  default sim unknown
  default max unknown
 defined as  input min@0.0 max@1.8 =>  min@0.0 max@1.8 input


> gn io_in[9]
Net io_in[9]: 66
 connections: gate 120 source 0 drain 0 bulk 0
 base definition io_in[*]
  default min unknown
  default sim unknown
  default max unknown
 defined as  input min@0.0 max@1.8 =>  min@0.0 max@1.8 input


> gn io_in[10]
Net io_in[10]: 30
 connections: gate 40 source 0 drain 0 bulk 0
 base definition io_in[*]
  default min unknown
  default sim unknown
  default max unknown
 defined as  input min@0.0 max@1.8 =>  min@0.0 max@1.8 input


> gn io_in[11]
Net io_in[11]: 31
 connections: gate 10 source 0 drain 0 bulk 0
 base definition io_in[*]
  default min unknown
  default sim unknown
  default max unknown
 defined as  input min@0.0 max@1.8 =>  min@0.0 max@1.8 input


> gn io_in[12]
Net io_in[12]: 32
 connections: gate 10 source 0 drain 0 bulk 0
 base definition io_in[*]
  default min unknown
  default sim unknown
  default max unknown
 defined as  input min@0.0 max@1.8 =>  min@0.0 max@1.8 input


> gn io_in[13]
Net io_in[13]: 33
 connections: gate 10 source 0 drain 0 bulk 0
 base definition io_in[*]
  default min unknown
  default sim unknown
  default max unknown
 defined as  input min@0.0 max@1.8 =>  min@0.0 max@1.8 input


> gn io_in[14]
Net io_in[14]: 34
 connections: gate 10 source 0 drain 0 bulk 0
 base definition io_in[*]
  default min unknown
  default sim unknown
  default max unknown
 defined as  input min@0.0 max@1.8 =>  min@0.0 max@1.8 input


> gn io_in[15]
Net io_in[15]: 35
 connections: gate 0 source 0 drain 0 bulk 0
 base definition io_in[*]
  default min unknown
  default sim unknown
  default max unknown
 defined as  input min@0.0 max@1.8 =>  min@0.0 max@1.8 input


> gn io_in[16]
Net io_in[16]: 36
 connections: gate 0 source 0 drain 0 bulk 0
 base definition io_in[*]
  default min unknown
  default sim unknown
  default max unknown
 defined as  input min@0.0 max@1.8 =>  min@0.0 max@1.8 input


> gn io_in[17]
Net io_in[17]: 37
 connections: gate 0 source 0 drain 0 bulk 0
 base definition io_in[*]
  default min unknown
  default sim unknown
  default max unknown
 defined as  input min@0.0 max@1.8 =>  min@0.0 max@1.8 input


> gn io_in[18]
Net io_in[18]: 38
 connections: gate 0 source 0 drain 0 bulk 0
 base definition io_in[*]
  default min unknown
  default sim unknown
  default max unknown
 defined as  input min@0.0 max@1.8 =>  min@0.0 max@1.8 input


> gn io_in[19]
Net io_in[19]: 39
 connections: gate 0 source 0 drain 0 bulk 0
 base definition io_in[*]
  default min unknown
  default sim unknown
  default max unknown
 defined as  input min@0.0 max@1.8 =>  min@0.0 max@1.8 input


> gn io_in[20]
Net io_in[20]: 41
 connections: gate 0 source 0 drain 0 bulk 0
 base definition io_in[*]
  default min unknown
  default sim unknown
  default max unknown
 defined as  input min@0.0 max@1.8 =>  min@0.0 max@1.8 input


> gn io_in[21]
Net io_in[21]: 42
 connections: gate 0 source 0 drain 0 bulk 0
 base definition io_in[*]
  default min unknown
  default sim unknown
  default max unknown
 defined as  input min@0.0 max@1.8 =>  min@0.0 max@1.8 input


> gn io_in[22]
Net io_in[22]: 43
 connections: gate 0 source 0 drain 0 bulk 0
 base definition io_in[*]
  default min unknown
  default sim unknown
  default max unknown
 defined as  input min@0.0 max@1.8 =>  min@0.0 max@1.8 input


> gn io_in[23]
Net io_in[23]: 44
 connections: gate 0 source 0 drain 0 bulk 0
 base definition io_in[*]
  default min unknown
  default sim unknown
  default max unknown
 defined as  input min@0.0 max@1.8 =>  min@0.0 max@1.8 input


> gn io_in[24]
Net io_in[24]: 45
 connections: gate 0 source 0 drain 0 bulk 0
 base definition io_in[*]
  default min unknown
  default sim unknown
  default max unknown
 defined as  input min@0.0 max@1.8 =>  min@0.0 max@1.8 input


> gn io_in[25]
Net io_in[25]: 46
 connections: gate 0 source 0 drain 0 bulk 0
 base definition io_in[*]
  default min unknown
  default sim unknown
  default max unknown
 defined as  input min@0.0 max@1.8 =>  min@0.0 max@1.8 input


> gn io_in[26]
Net io_in[26]: 47
 connections: gate 0 source 0 drain 0 bulk 0
 base definition io_in[*]
  default min unknown
  default sim unknown
  default max unknown
 defined as  input min@0.0 max@1.8 =>  min@0.0 max@1.8 input


> gn io_in[27]
Net io_in[27]: 48
 connections: gate 0 source 0 drain 0 bulk 0
 base definition io_in[*]
  default min unknown
  default sim unknown
  default max unknown
 defined as  input min@0.0 max@1.8 =>  min@0.0 max@1.8 input


> gn io_in[28]
Net io_in[28]: 49
 connections: gate 0 source 0 drain 0 bulk 0
 base definition io_in[*]
  default min unknown
  default sim unknown
  default max unknown
 defined as  input min@0.0 max@1.8 =>  min@0.0 max@1.8 input


> gn io_in[29]
Net io_in[29]: 50
 connections: gate 0 source 0 drain 0 bulk 0
 base definition io_in[*]
  default min unknown
  default sim unknown
  default max unknown
 defined as  input min@0.0 max@1.8 =>  min@0.0 max@1.8 input


> gn io_in[30]
Net io_in[30]: 52
 connections: gate 0 source 0 drain 0 bulk 0
 base definition io_in[*]
  default min unknown
  default sim unknown
  default max unknown
 defined as  input min@0.0 max@1.8 =>  min@0.0 max@1.8 input


> gn io_in[31]
Net io_in[31]: 53
 connections: gate 0 source 0 drain 0 bulk 0
 base definition io_in[*]
  default min unknown
  default sim unknown
  default max unknown
 defined as  input min@0.0 max@1.8 =>  min@0.0 max@1.8 input


> gn io_in[32]
Net io_in[32]: 54
 connections: gate 0 source 0 drain 0 bulk 0
 base definition io_in[*]
  default min unknown
  default sim unknown
  default max unknown
 defined as  input min@0.0 max@1.8 =>  min@0.0 max@1.8 input


> gn io_in[33]
Net io_in[33]: 55
 connections: gate 0 source 0 drain 0 bulk 0
 base definition io_in[*]
  default min unknown
  default sim unknown
  default max unknown
 defined as  input min@0.0 max@1.8 =>  min@0.0 max@1.8 input


> gn io_in[34]
Net io_in[34]: 56
 connections: gate 0 source 0 drain 0 bulk 0
 base definition io_in[*]
  default min unknown
  default sim unknown
  default max unknown
 defined as  input min@0.0 max@1.8 =>  min@0.0 max@1.8 input


> gn io_in[35]
Net io_in[35]: 57
 connections: gate 0 source 0 drain 0 bulk 0
 base definition io_in[*]
  default min unknown
  default sim unknown
  default max unknown
 defined as  input min@0.0 max@1.8 =>  min@0.0 max@1.8 input


> gn io_in[36]
Net io_in[36]: 58
 connections: gate 0 source 0 drain 0 bulk 0
 base definition io_in[*]
  default min unknown
  default sim unknown
  default max unknown
 defined as  input min@0.0 max@1.8 =>  min@0.0 max@1.8 input


> gn io_in[37]
Net io_in[37]: 59
 connections: gate 0 source 0 drain 0 bulk 0
 base definition io_in[*]
  default min unknown
  default sim unknown
  default max unknown
 defined as  input min@0.0 max@1.8 =>  min@0.0 max@1.8 input


> gn io_out[0]
Net io_out[0]: 97
 connections: gate 0 source 0 drain 0 bulk 0


> gn io_out[1]
Net io_out[1]: 108
 connections: gate 0 source 0 drain 0 bulk 0


> gn io_out[2]
Net io_out[2]: 119
 connections: gate 0 source 0 drain 0 bulk 0


> gn io_out[3]
Net io_out[3]: 128
 connections: gate 0 source 0 drain 0 bulk 0


> gn io_out[4]
Net io_out[4]: 129
 connections: gate 0 source 0 drain 0 bulk 0


> gn io_out[5]
Net io_out[5]: 130
 connections: gate 0 source 0 drain 0 bulk 0


> gn io_out[6]
Net io_out[6]: 131
 connections: gate 0 source 0 drain 0 bulk 0


> gn io_out[7]
Net io_out[7]: 132
 connections: gate 0 source 0 drain 0 bulk 0


> gn io_out[8]
Net io_out[8]: 133
 connections: gate 0 source 0 drain 0 bulk 0


> gn io_out[9]
Net io_out[9]: 134
 connections: gate 0 source 0 drain 0 bulk 0


> gn io_out[10]
Net io_out[10]: 98
 connections: gate 0 source 0 drain 0 bulk 0


> gn io_out[11]
Net io_out[11]: 99
 connections: gate 0 source 0 drain 0 bulk 0


> gn io_out[12]
Net io_out[12]: 100
 connections: gate 0 source 0 drain 0 bulk 0


> gn io_out[13]
Net io_out[13]: 101
 connections: gate 0 source 0 drain 0 bulk 0


> gn io_out[14]
Net io_out[14]: 102
 connections: gate 0 source 0 drain 0 bulk 0


> gn io_out[15]
Net io_out[15]: 103
 connections: gate 0 source 1 drain 1 bulk 0

Initial min path
io_out[15]
->vssd1
vssd* power 0.0 -> 0.0 power

Initial max path
io_out[15]
->vccd1
vccd* power 1.8 -> 1.8 power

Min path
io_out[15]
->vssd1 r=1615
vssd* power 0.0 -> 0.0 power

Max path
io_out[15]
->vccd1 r=1050
vccd* power 1.8 -> 1.8 power


> gn io_out[16]
Net io_out[16]: 104
 connections: gate 0 source 1 drain 1 bulk 0

Initial min path
io_out[16]
->vssd1
vssd* power 0.0 -> 0.0 power

Initial max path
io_out[16]
->vccd1
vccd* power 1.8 -> 1.8 power

Min path
io_out[16]
->vssd1 r=1615
vssd* power 0.0 -> 0.0 power

Max path
io_out[16]
->vccd1 r=1050
vccd* power 1.8 -> 1.8 power


> gn io_out[17]
Net io_out[17]: 105
 connections: gate 0 source 1 drain 1 bulk 0

Initial min path
io_out[17]
->vssd1
vssd* power 0.0 -> 0.0 power

Initial max path
io_out[17]
->vccd1
vccd* power 1.8 -> 1.8 power

Min path
io_out[17]
->vssd1 r=1615
vssd* power 0.0 -> 0.0 power

Max path
io_out[17]
->vccd1 r=1050
vccd* power 1.8 -> 1.8 power


> gn io_out[18]
Net io_out[18]: 106
 connections: gate 0 source 1 drain 1 bulk 0

Initial min path
io_out[18]
->vssd1
vssd* power 0.0 -> 0.0 power

Initial max path
io_out[18]
->vccd1
vccd* power 1.8 -> 1.8 power

Min path
io_out[18]
->vssd1 r=1615
vssd* power 0.0 -> 0.0 power

Max path
io_out[18]
->vccd1 r=1050
vccd* power 1.8 -> 1.8 power


> gn io_out[19]
Net io_out[19]: 107
 connections: gate 0 source 1 drain 1 bulk 0

Initial min path
io_out[19]
->vssd1
vssd* power 0.0 -> 0.0 power

Initial max path
io_out[19]
->vccd1
vccd* power 1.8 -> 1.8 power

Min path
io_out[19]
->vssd1 r=1615
vssd* power 0.0 -> 0.0 power

Max path
io_out[19]
->vccd1 r=1050
vccd* power 1.8 -> 1.8 power


> gn io_out[20]
Net io_out[20]: 109
 connections: gate 0 source 0 drain 0 bulk 0


> gn io_out[21]
Net io_out[21]: 110
 connections: gate 0 source 0 drain 0 bulk 0


> gn io_out[22]
Net io_out[22]: 111
 connections: gate 0 source 0 drain 0 bulk 0


> gn io_out[23]
Net io_out[23]: 112
 connections: gate 0 source 0 drain 0 bulk 0


> gn io_out[24]
Net io_out[24]: 113
 connections: gate 0 source 0 drain 0 bulk 0


> gn io_out[25]
Net io_out[25]: 114
 connections: gate 0 source 0 drain 0 bulk 0


> gn io_out[26]
Net io_out[26]: 115
 connections: gate 0 source 0 drain 0 bulk 0


> gn io_out[27]
Net io_out[27]: 116
 connections: gate 0 source 0 drain 0 bulk 0


> gn io_out[28]
Net io_out[28]: 117
 connections: gate 0 source 0 drain 0 bulk 0


> gn io_out[29]
Net io_out[29]: 118
 connections: gate 0 source 0 drain 0 bulk 0


> gn io_out[30]
Net io_out[30]: 120
 connections: gate 0 source 0 drain 0 bulk 0


> gn io_out[31]
Net io_out[31]: 121
 connections: gate 0 source 0 drain 0 bulk 0


> gn io_out[32]
Net io_out[32]: 122
 connections: gate 0 source 0 drain 0 bulk 0


> gn io_out[33]
Net io_out[33]: 123
 connections: gate 0 source 0 drain 0 bulk 0


> gn io_out[34]
Net io_out[34]: 124
 connections: gate 0 source 0 drain 0 bulk 0


> gn io_out[35]
Net io_out[35]: 125
 connections: gate 0 source 0 drain 0 bulk 0


> gn io_out[36]
Net io_out[36]: 126
 connections: gate 0 source 0 drain 0 bulk 0


> gn io_out[37]
Net io_out[37]: 127
 connections: gate 0 source 0 drain 0 bulk 0


> gn io_oeb[0]
Net io_oeb[0]: 67
 connections: gate 0 source 0 drain 0 bulk 0


> gn io_oeb[1]
Net io_oeb[1]: 73
 connections: gate 0 source 0 drain 0 bulk 0


> gn io_oeb[2]
Net io_oeb[2]: 84
 connections: gate 0 source 0 drain 0 bulk 0


> gn io_oeb[3]
Net io_oeb[3]: 93
 connections: gate 0 source 0 drain 0 bulk 0


> gn io_oeb[4]
Net io_oeb[4]: 94
 connections: gate 0 source 0 drain 0 bulk 0


> gn io_oeb[5]
Net io_oeb[5]: 644
 connections: gate 0 source 0 drain 1 bulk 0

Initial min path
io_oeb[5]
->vccd1
vccd* power 1.8 -> 1.8 power

Initial max path
io_oeb[5]
->vccd1
vccd* power 1.8 -> 1.8 power

Initial sim path
io_oeb[5]
->vccd1
vccd* power 1.8 -> 1.8 power

Min path
io_oeb[5]
->vccd1 r=5
vccd* power 1.8 -> 1.8 power

Max path
io_oeb[5]
->vccd1 r=5
vccd* power 1.8 -> 1.8 power

Sim path
io_oeb[5]
->vccd1 r=5
vccd* power 1.8 -> 1.8 power


> gn io_oeb[6]
Net io_oeb[6]: 643
 connections: gate 0 source 0 drain 1 bulk 0

Initial min path
io_oeb[6]
->vccd1
vccd* power 1.8 -> 1.8 power

Initial max path
io_oeb[6]
->vccd1
vccd* power 1.8 -> 1.8 power

Initial sim path
io_oeb[6]
->vccd1
vccd* power 1.8 -> 1.8 power

Min path
io_oeb[6]
->vccd1 r=5
vccd* power 1.8 -> 1.8 power

Max path
io_oeb[6]
->vccd1 r=5
vccd* power 1.8 -> 1.8 power

Sim path
io_oeb[6]
->vccd1 r=5
vccd* power 1.8 -> 1.8 power


> gn io_oeb[7]
Net io_oeb[7]: 642
 connections: gate 0 source 0 drain 1 bulk 0

Initial min path
io_oeb[7]
->vccd1
vccd* power 1.8 -> 1.8 power

Initial max path
io_oeb[7]
->vccd1
vccd* power 1.8 -> 1.8 power

Initial sim path
io_oeb[7]
->vccd1
vccd* power 1.8 -> 1.8 power

Min path
io_oeb[7]
->vccd1 r=5
vccd* power 1.8 -> 1.8 power

Max path
io_oeb[7]
->vccd1 r=5
vccd* power 1.8 -> 1.8 power

Sim path
io_oeb[7]
->vccd1 r=5
vccd* power 1.8 -> 1.8 power


> gn io_oeb[8]
Net io_oeb[8]: 95
 connections: gate 0 source 0 drain 1 bulk 0

Initial min path
io_oeb[8]
->vccd1
vccd* power 1.8 -> 1.8 power

Initial max path
io_oeb[8]
->vccd1
vccd* power 1.8 -> 1.8 power

Initial sim path
io_oeb[8]
->vccd1
vccd* power 1.8 -> 1.8 power

Min path
io_oeb[8]
->vccd1 r=5
vccd* power 1.8 -> 1.8 power

Max path
io_oeb[8]
->vccd1 r=5
vccd* power 1.8 -> 1.8 power

Sim path
io_oeb[8]
->vccd1 r=5
vccd* power 1.8 -> 1.8 power


> gn io_oeb[9]
Net io_oeb[9]: 96
 connections: gate 0 source 0 drain 1 bulk 0

Initial min path
io_oeb[9]
->vccd1
vccd* power 1.8 -> 1.8 power

Initial max path
io_oeb[9]
->vccd1
vccd* power 1.8 -> 1.8 power

Initial sim path
io_oeb[9]
->vccd1
vccd* power 1.8 -> 1.8 power

Min path
io_oeb[9]
->vccd1 r=5
vccd* power 1.8 -> 1.8 power

Max path
io_oeb[9]
->vccd1 r=5
vccd* power 1.8 -> 1.8 power

Sim path
io_oeb[9]
->vccd1 r=5
vccd* power 1.8 -> 1.8 power


> gn io_oeb[10]
Net io_oeb[10]: 641
 connections: gate 0 source 0 drain 1 bulk 0

Initial min path
io_oeb[10]
->vccd1
vccd* power 1.8 -> 1.8 power

Initial max path
io_oeb[10]
->vccd1
vccd* power 1.8 -> 1.8 power

Initial sim path
io_oeb[10]
->vccd1
vccd* power 1.8 -> 1.8 power

Min path
io_oeb[10]
->vccd1 r=5
vccd* power 1.8 -> 1.8 power

Max path
io_oeb[10]
->vccd1 r=5
vccd* power 1.8 -> 1.8 power

Sim path
io_oeb[10]
->vccd1 r=5
vccd* power 1.8 -> 1.8 power


> gn io_oeb[11]
Net io_oeb[11]: 640
 connections: gate 0 source 0 drain 1 bulk 0

Initial min path
io_oeb[11]
->vccd1
vccd* power 1.8 -> 1.8 power

Initial max path
io_oeb[11]
->vccd1
vccd* power 1.8 -> 1.8 power

Initial sim path
io_oeb[11]
->vccd1
vccd* power 1.8 -> 1.8 power

Min path
io_oeb[11]
->vccd1 r=5
vccd* power 1.8 -> 1.8 power

Max path
io_oeb[11]
->vccd1 r=5
vccd* power 1.8 -> 1.8 power

Sim path
io_oeb[11]
->vccd1 r=5
vccd* power 1.8 -> 1.8 power


> gn io_oeb[12]
Net io_oeb[12]: 639
 connections: gate 0 source 0 drain 1 bulk 0

Initial min path
io_oeb[12]
->vccd1
vccd* power 1.8 -> 1.8 power

Initial max path
io_oeb[12]
->vccd1
vccd* power 1.8 -> 1.8 power

Initial sim path
io_oeb[12]
->vccd1
vccd* power 1.8 -> 1.8 power

Min path
io_oeb[12]
->vccd1 r=5
vccd* power 1.8 -> 1.8 power

Max path
io_oeb[12]
->vccd1 r=5
vccd* power 1.8 -> 1.8 power

Sim path
io_oeb[12]
->vccd1 r=5
vccd* power 1.8 -> 1.8 power


> gn io_oeb[13]
Net io_oeb[13]: 638
 connections: gate 0 source 0 drain 1 bulk 0

Initial min path
io_oeb[13]
->vccd1
vccd* power 1.8 -> 1.8 power

Initial max path
io_oeb[13]
->vccd1
vccd* power 1.8 -> 1.8 power

Initial sim path
io_oeb[13]
->vccd1
vccd* power 1.8 -> 1.8 power

Min path
io_oeb[13]
->vccd1 r=5
vccd* power 1.8 -> 1.8 power

Max path
io_oeb[13]
->vccd1 r=5
vccd* power 1.8 -> 1.8 power

Sim path
io_oeb[13]
->vccd1 r=5
vccd* power 1.8 -> 1.8 power


> gn io_oeb[14]
Net io_oeb[14]: 637
 connections: gate 0 source 0 drain 1 bulk 0

Initial min path
io_oeb[14]
->vccd1
vccd* power 1.8 -> 1.8 power

Initial max path
io_oeb[14]
->vccd1
vccd* power 1.8 -> 1.8 power

Initial sim path
io_oeb[14]
->vccd1
vccd* power 1.8 -> 1.8 power

Min path
io_oeb[14]
->vccd1 r=5
vccd* power 1.8 -> 1.8 power

Max path
io_oeb[14]
->vccd1 r=5
vccd* power 1.8 -> 1.8 power

Sim path
io_oeb[14]
->vccd1 r=5
vccd* power 1.8 -> 1.8 power


> gn io_oeb[15]
Net io_oeb[15]: 68
 connections: gate 0 source 1 drain 0 bulk 0

Initial min path
io_oeb[15]
->vssd1
vssd* power 0.0 -> 0.0 power

Initial max path
io_oeb[15]
->vssd1
vssd* power 0.0 -> 0.0 power

Initial sim path
io_oeb[15]
->vssd1
vssd* power 0.0 -> 0.0 power

Min path
io_oeb[15]
->vssd1 r=5
vssd* power 0.0 -> 0.0 power

Max path
io_oeb[15]
->vssd1 r=5
vssd* power 0.0 -> 0.0 power

Sim path
io_oeb[15]
->vssd1 r=5
vssd* power 0.0 -> 0.0 power


> gn io_oeb[16]
Net io_oeb[16]: 69
 connections: gate 0 source 1 drain 0 bulk 0

Initial min path
io_oeb[16]
->vssd1
vssd* power 0.0 -> 0.0 power

Initial max path
io_oeb[16]
->vssd1
vssd* power 0.0 -> 0.0 power

Initial sim path
io_oeb[16]
->vssd1
vssd* power 0.0 -> 0.0 power

Min path
io_oeb[16]
->vssd1 r=5
vssd* power 0.0 -> 0.0 power

Max path
io_oeb[16]
->vssd1 r=5
vssd* power 0.0 -> 0.0 power

Sim path
io_oeb[16]
->vssd1 r=5
vssd* power 0.0 -> 0.0 power


> gn io_oeb[17]
Net io_oeb[17]: 70
 connections: gate 0 source 1 drain 0 bulk 0

Initial min path
io_oeb[17]
->vssd1
vssd* power 0.0 -> 0.0 power

Initial max path
io_oeb[17]
->vssd1
vssd* power 0.0 -> 0.0 power

Initial sim path
io_oeb[17]
->vssd1
vssd* power 0.0 -> 0.0 power

Min path
io_oeb[17]
->vssd1 r=5
vssd* power 0.0 -> 0.0 power

Max path
io_oeb[17]
->vssd1 r=5
vssd* power 0.0 -> 0.0 power

Sim path
io_oeb[17]
->vssd1 r=5
vssd* power 0.0 -> 0.0 power


> gn io_oeb[18]
Net io_oeb[18]: 71
 connections: gate 0 source 1 drain 0 bulk 0

Initial min path
io_oeb[18]
->vssd1
vssd* power 0.0 -> 0.0 power

Initial max path
io_oeb[18]
->vssd1
vssd* power 0.0 -> 0.0 power

Initial sim path
io_oeb[18]
->vssd1
vssd* power 0.0 -> 0.0 power

Min path
io_oeb[18]
->vssd1 r=5
vssd* power 0.0 -> 0.0 power

Max path
io_oeb[18]
->vssd1 r=5
vssd* power 0.0 -> 0.0 power

Sim path
io_oeb[18]
->vssd1 r=5
vssd* power 0.0 -> 0.0 power


> gn io_oeb[19]
Net io_oeb[19]: 72
 connections: gate 0 source 1 drain 0 bulk 0

Initial min path
io_oeb[19]
->vssd1
vssd* power 0.0 -> 0.0 power

Initial max path
io_oeb[19]
->vssd1
vssd* power 0.0 -> 0.0 power

Initial sim path
io_oeb[19]
->vssd1
vssd* power 0.0 -> 0.0 power

Min path
io_oeb[19]
->vssd1 r=5
vssd* power 0.0 -> 0.0 power

Max path
io_oeb[19]
->vssd1 r=5
vssd* power 0.0 -> 0.0 power

Sim path
io_oeb[19]
->vssd1 r=5
vssd* power 0.0 -> 0.0 power


> gn io_oeb[20]
Net io_oeb[20]: 74
 connections: gate 0 source 0 drain 0 bulk 0


> gn io_oeb[21]
Net io_oeb[21]: 75
 connections: gate 0 source 0 drain 0 bulk 0


> gn io_oeb[22]
Net io_oeb[22]: 76
 connections: gate 0 source 0 drain 0 bulk 0


> gn io_oeb[23]
Net io_oeb[23]: 77
 connections: gate 0 source 0 drain 0 bulk 0


> gn io_oeb[24]
Net io_oeb[24]: 78
 connections: gate 0 source 0 drain 0 bulk 0


> gn io_oeb[25]
Net io_oeb[25]: 79
 connections: gate 0 source 0 drain 0 bulk 0


> gn io_oeb[26]
Net io_oeb[26]: 80
 connections: gate 0 source 0 drain 0 bulk 0


> gn io_oeb[27]
Net io_oeb[27]: 81
 connections: gate 0 source 0 drain 0 bulk 0


> gn io_oeb[28]
Net io_oeb[28]: 82
 connections: gate 0 source 0 drain 0 bulk 0


> gn io_oeb[29]
Net io_oeb[29]: 83
 connections: gate 0 source 0 drain 0 bulk 0


> gn io_oeb[30]
Net io_oeb[30]: 85
 connections: gate 0 source 0 drain 0 bulk 0


> gn io_oeb[31]
Net io_oeb[31]: 86
 connections: gate 0 source 0 drain 0 bulk 0


> gn io_oeb[32]
Net io_oeb[32]: 87
 connections: gate 0 source 0 drain 0 bulk 0


> gn io_oeb[33]
Net io_oeb[33]: 88
 connections: gate 0 source 0 drain 0 bulk 0


> gn io_oeb[34]
Net io_oeb[34]: 89
 connections: gate 0 source 0 drain 0 bulk 0


> gn io_oeb[35]
Net io_oeb[35]: 90
 connections: gate 0 source 0 drain 0 bulk 0


> gn io_oeb[36]
Net io_oeb[36]: 91
 connections: gate 0 source 0 drain 0 bulk 0


> gn io_oeb[37]
Net io_oeb[37]: 92
 connections: gate 0 source 0 drain 0 bulk 0


> gn io_in[0]
Net io_in[0]: 29
 connections: gate 0 source 0 drain 0 bulk 0
 base definition io_in[*]
  default min unknown
  default sim unknown
  default max unknown
 defined as  input min@0.0 max@1.8 =>  min@0.0 max@1.8 input


> gn io_in[1]
Net io_in[1]: 40
 connections: gate 0 source 0 drain 0 bulk 0
 base definition io_in[*]
  default min unknown
  default sim unknown
  default max unknown
 defined as  input min@0.0 max@1.8 =>  min@0.0 max@1.8 input


> gn io_in[2]
Net io_in[2]: 51
 connections: gate 0 source 0 drain 0 bulk 0
 base definition io_in[*]
  default min unknown
  default sim unknown
  default max unknown
 defined as  input min@0.0 max@1.8 =>  min@0.0 max@1.8 input


> gn io_in[3]
Net io_in[3]: 60
 connections: gate 0 source 0 drain 0 bulk 0
 base definition io_in[*]
  default min unknown
  default sim unknown
  default max unknown
 defined as  input min@0.0 max@1.8 =>  min@0.0 max@1.8 input


> gn io_in[4]
Net io_in[4]: 61
 connections: gate 0 source 0 drain 0 bulk 0
 base definition io_in[*]
  default min unknown
  default sim unknown
  default max unknown
 defined as  input min@0.0 max@1.8 =>  min@0.0 max@1.8 input


> gn io_in[5]
Net io_in[5]: 62
 connections: gate 120 source 0 drain 0 bulk 0
 base definition io_in[*]
  default min unknown
  default sim unknown
  default max unknown
 defined as  input min@0.0 max@1.8 =>  min@0.0 max@1.8 input


> gn io_in[6]
Net io_in[6]: 63
 connections: gate 120 source 0 drain 0 bulk 0
 base definition io_in[*]
  default min unknown
  default sim unknown
  default max unknown
 defined as  input min@0.0 max@1.8 =>  min@0.0 max@1.8 input


> gn io_in[7]
Net io_in[7]: 64
 connections: gate 120 source 0 drain 0 bulk 0
 base definition io_in[*]
  default min unknown
  default sim unknown
  default max unknown
 defined as  input min@0.0 max@1.8 =>  min@0.0 max@1.8 input


> gn io_in[8]
Net io_in[8]: 65
 connections: gate 120 source 0 drain 0 bulk 0
 base definition io_in[*]
  default min unknown
  default sim unknown
  default max unknown
 defined as  input min@0.0 max@1.8 =>  min@0.0 max@1.8 input


> gn io_in[9]
Net io_in[9]: 66
 connections: gate 120 source 0 drain 0 bulk 0
 base definition io_in[*]
  default min unknown
  default sim unknown
  default max unknown
 defined as  input min@0.0 max@1.8 =>  min@0.0 max@1.8 input


> gn io_in[10]
Net io_in[10]: 30
 connections: gate 40 source 0 drain 0 bulk 0
 base definition io_in[*]
  default min unknown
  default sim unknown
  default max unknown
 defined as  input min@0.0 max@1.8 =>  min@0.0 max@1.8 input


> gn io_in[11]
Net io_in[11]: 31
 connections: gate 10 source 0 drain 0 bulk 0
 base definition io_in[*]
  default min unknown
  default sim unknown
  default max unknown
 defined as  input min@0.0 max@1.8 =>  min@0.0 max@1.8 input


> gn io_in[12]
Net io_in[12]: 32
 connections: gate 10 source 0 drain 0 bulk 0
 base definition io_in[*]
  default min unknown
  default sim unknown
  default max unknown
 defined as  input min@0.0 max@1.8 =>  min@0.0 max@1.8 input


> gn io_in[13]
Net io_in[13]: 33
 connections: gate 10 source 0 drain 0 bulk 0
 base definition io_in[*]
  default min unknown
  default sim unknown
  default max unknown
 defined as  input min@0.0 max@1.8 =>  min@0.0 max@1.8 input


> gn io_in[14]
Net io_in[14]: 34
 connections: gate 10 source 0 drain 0 bulk 0
 base definition io_in[*]
  default min unknown
  default sim unknown
  default max unknown
 defined as  input min@0.0 max@1.8 =>  min@0.0 max@1.8 input


> gn io_in[15]
Net io_in[15]: 35
 connections: gate 0 source 0 drain 0 bulk 0
 base definition io_in[*]
  default min unknown
  default sim unknown
  default max unknown
 defined as  input min@0.0 max@1.8 =>  min@0.0 max@1.8 input


> gn io_in[16]
Net io_in[16]: 36
 connections: gate 0 source 0 drain 0 bulk 0
 base definition io_in[*]
  default min unknown
  default sim unknown
  default max unknown
 defined as  input min@0.0 max@1.8 =>  min@0.0 max@1.8 input


> gn io_in[17]
Net io_in[17]: 37
 connections: gate 0 source 0 drain 0 bulk 0
 base definition io_in[*]
  default min unknown
  default sim unknown
  default max unknown
 defined as  input min@0.0 max@1.8 =>  min@0.0 max@1.8 input


> gn io_in[18]
Net io_in[18]: 38
 connections: gate 0 source 0 drain 0 bulk 0
 base definition io_in[*]
  default min unknown
  default sim unknown
  default max unknown
 defined as  input min@0.0 max@1.8 =>  min@0.0 max@1.8 input


> gn io_in[19]
Net io_in[19]: 39
 connections: gate 0 source 0 drain 0 bulk 0
 base definition io_in[*]
  default min unknown
  default sim unknown
  default max unknown
 defined as  input min@0.0 max@1.8 =>  min@0.0 max@1.8 input


> gn io_in[20]
Net io_in[20]: 41
 connections: gate 0 source 0 drain 0 bulk 0
 base definition io_in[*]
  default min unknown
  default sim unknown
  default max unknown
 defined as  input min@0.0 max@1.8 =>  min@0.0 max@1.8 input


> gn io_in[21]
Net io_in[21]: 42
 connections: gate 0 source 0 drain 0 bulk 0
 base definition io_in[*]
  default min unknown
  default sim unknown
  default max unknown
 defined as  input min@0.0 max@1.8 =>  min@0.0 max@1.8 input


> gn io_in[22]
Net io_in[22]: 43
 connections: gate 0 source 0 drain 0 bulk 0
 base definition io_in[*]
  default min unknown
  default sim unknown
  default max unknown
 defined as  input min@0.0 max@1.8 =>  min@0.0 max@1.8 input


> gn io_in[23]
Net io_in[23]: 44
 connections: gate 0 source 0 drain 0 bulk 0
 base definition io_in[*]
  default min unknown
  default sim unknown
  default max unknown
 defined as  input min@0.0 max@1.8 =>  min@0.0 max@1.8 input


> gn io_in[24]
Net io_in[24]: 45
 connections: gate 0 source 0 drain 0 bulk 0
 base definition io_in[*]
  default min unknown
  default sim unknown
  default max unknown
 defined as  input min@0.0 max@1.8 =>  min@0.0 max@1.8 input


> gn io_in[25]
Net io_in[25]: 46
 connections: gate 0 source 0 drain 0 bulk 0
 base definition io_in[*]
  default min unknown
  default sim unknown
  default max unknown
 defined as  input min@0.0 max@1.8 =>  min@0.0 max@1.8 input


> gn io_in[26]
Net io_in[26]: 47
 connections: gate 0 source 0 drain 0 bulk 0
 base definition io_in[*]
  default min unknown
  default sim unknown
  default max unknown
 defined as  input min@0.0 max@1.8 =>  min@0.0 max@1.8 input


> gn io_in[27]
Net io_in[27]: 48
 connections: gate 0 source 0 drain 0 bulk 0
 base definition io_in[*]
  default min unknown
  default sim unknown
  default max unknown
 defined as  input min@0.0 max@1.8 =>  min@0.0 max@1.8 input


> gn io_in[28]
Net io_in[28]: 49
 connections: gate 0 source 0 drain 0 bulk 0
 base definition io_in[*]
  default min unknown
  default sim unknown
  default max unknown
 defined as  input min@0.0 max@1.8 =>  min@0.0 max@1.8 input


> gn io_in[29]
Net io_in[29]: 50
 connections: gate 0 source 0 drain 0 bulk 0
 base definition io_in[*]
  default min unknown
  default sim unknown
  default max unknown
 defined as  input min@0.0 max@1.8 =>  min@0.0 max@1.8 input


> gn io_in[30]
Net io_in[30]: 52
 connections: gate 0 source 0 drain 0 bulk 0
 base definition io_in[*]
  default min unknown
  default sim unknown
  default max unknown
 defined as  input min@0.0 max@1.8 =>  min@0.0 max@1.8 input


> gn io_in[31]
Net io_in[31]: 53
 connections: gate 0 source 0 drain 0 bulk 0
 base definition io_in[*]
  default min unknown
  default sim unknown
  default max unknown
 defined as  input min@0.0 max@1.8 =>  min@0.0 max@1.8 input


> gn io_in[32]
Net io_in[32]: 54
 connections: gate 0 source 0 drain 0 bulk 0
 base definition io_in[*]
  default min unknown
  default sim unknown
  default max unknown
 defined as  input min@0.0 max@1.8 =>  min@0.0 max@1.8 input


> gn io_in[33]
Net io_in[33]: 55
 connections: gate 0 source 0 drain 0 bulk 0
 base definition io_in[*]
  default min unknown
  default sim unknown
  default max unknown
 defined as  input min@0.0 max@1.8 =>  min@0.0 max@1.8 input


> gn io_in[34]
Net io_in[34]: 56
 connections: gate 0 source 0 drain 0 bulk 0
 base definition io_in[*]
  default min unknown
  default sim unknown
  default max unknown
 defined as  input min@0.0 max@1.8 =>  min@0.0 max@1.8 input


> gn io_in[35]
Net io_in[35]: 57
 connections: gate 0 source 0 drain 0 bulk 0
 base definition io_in[*]
  default min unknown
  default sim unknown
  default max unknown
 defined as  input min@0.0 max@1.8 =>  min@0.0 max@1.8 input


> gn io_in[36]
Net io_in[36]: 58
 connections: gate 0 source 0 drain 0 bulk 0
 base definition io_in[*]
  default min unknown
  default sim unknown
  default max unknown
 defined as  input min@0.0 max@1.8 =>  min@0.0 max@1.8 input


> gn io_in[37]
Net io_in[37]: 59
 connections: gate 0 source 0 drain 0 bulk 0
 base definition io_in[*]
  default min unknown
  default sim unknown
  default max unknown
 defined as  input min@0.0 max@1.8 =>  min@0.0 max@1.8 input


> gn analog_io[0]
Net analog_io[0]: 0
 connections: gate 0 source 0 drain 0 bulk 0


> gn analog_io[1]
Net analog_io[1]: 11
 connections: gate 0 source 0 drain 0 bulk 0


> gn analog_io[2]
Net analog_io[2]: 21
 connections: gate 0 source 0 drain 0 bulk 0


> gn analog_io[3]
Net analog_io[3]: 22
 connections: gate 0 source 0 drain 0 bulk 0


> gn analog_io[4]
Net analog_io[4]: 23
 connections: gate 0 source 0 drain 0 bulk 0


> gn analog_io[5]
Net analog_io[5]: 24
 connections: gate 0 source 0 drain 0 bulk 0


> gn analog_io[6]
Net analog_io[6]: 25
 connections: gate 0 source 0 drain 0 bulk 0


> gn analog_io[7]
Net analog_io[7]: 26
 connections: gate 0 source 0 drain 0 bulk 0


> gn analog_io[8]
Net analog_io[8]: 27
 connections: gate 0 source 0 drain 0 bulk 0


> gn analog_io[9]
Net analog_io[9]: 28
 connections: gate 0 source 0 drain 0 bulk 0


> gn analog_io[10]
Net analog_io[10]: 1
 connections: gate 0 source 0 drain 0 bulk 0


> gn analog_io[11]
Net analog_io[11]: 2
 connections: gate 0 source 0 drain 0 bulk 0


> gn analog_io[12]
Net analog_io[12]: 3
 connections: gate 0 source 0 drain 0 bulk 0


> gn analog_io[13]
Net analog_io[13]: 4
 connections: gate 0 source 0 drain 0 bulk 0


> gn analog_io[14]
Net analog_io[14]: 5
 connections: gate 0 source 0 drain 0 bulk 0


> gn analog_io[15]
Net analog_io[15]: 6
 connections: gate 0 source 0 drain 0 bulk 0


> gn analog_io[16]
Net analog_io[16]: 7
 connections: gate 0 source 0 drain 0 bulk 0


> gn analog_io[17]
Net analog_io[17]: 8
 connections: gate 0 source 0 drain 0 bulk 0


> gn analog_io[18]
Net analog_io[18]: 9
 connections: gate 0 source 0 drain 0 bulk 0


> gn analog_io[19]
Net analog_io[19]: 10
 connections: gate 0 source 0 drain 0 bulk 0


> gn analog_io[20]
Net analog_io[20]: 12
 connections: gate 0 source 0 drain 0 bulk 0


> gn analog_io[21]
Net analog_io[21]: 13
 connections: gate 0 source 0 drain 0 bulk 0


> gn analog_io[22]
Net analog_io[22]: 14
 connections: gate 0 source 0 drain 0 bulk 0


> gn analog_io[23]
Net analog_io[23]: 15
 connections: gate 0 source 0 drain 0 bulk 0


> gn analog_io[24]
Net analog_io[24]: 16
 connections: gate 0 source 0 drain 0 bulk 0


> gn analog_io[25]
Net analog_io[25]: 17
 connections: gate 0 source 0 drain 0 bulk 0


> gn analog_io[26]
Net analog_io[26]: 18
 connections: gate 0 source 0 drain 0 bulk 0


> gn analog_io[27]
Net analog_io[27]: 19
 connections: gate 0 source 0 drain 0 bulk 0


> gn analog_io[28]
Net analog_io[28]: 20
 connections: gate 0 source 0 drain 0 bulk 0


> q
Runtime: 0:00:00 (hh:mm:ss)
