2024-05-12 21:46:22 - [INFO] - {{EXTRACTING FILES}} Extracting compressed files in: /home/lburleson/OSU/google_ring_oscillator/caravel
2024-05-12 21:46:23 - [INFO] - {{Project Type Info}} digital
2024-05-12 21:46:23 - [INFO] - {{Project GDS Info}} user_project_wrapper: a619ca086e731e6341c1b02e7456cf54701768cf
2024-05-12 21:46:23 - [INFO] - {{Tools Info}} KLayout: v0.28.12 | Magic: v8.3.452
2024-05-12 21:46:23 - [INFO] - {{PDKs Info}} SKY130A: None | Open PDKs: e3b630d9b7c0e23615367d52c4f78b2d2ede58ac
2024-05-12 21:46:23 - [INFO] - {{START}} Precheck Started, the full log 'precheck.log' will be located in '/home/lburleson/OSU/google_ring_oscillator/caravel/precheck_results/12_MAY_2024___21_46_22/logs'
2024-05-12 21:46:23 - [INFO] - {{PRECHECK SEQUENCE}} Precheck will run the following checks: [License, Makefile, Default, Documentation, Consistency, GPIO-Defines, XOR, Magic DRC, Klayout FEOL, Klayout BEOL, Klayout Offgrid, Klayout Metal Minimum Clear Area Density, Klayout Pin Label Purposes Overlapping Drawing, Klayout ZeroArea, OEB, LVS]
2024-05-12 21:46:23 - [INFO] - {{STEP UPDATE}} Executing Check 1 of 16: License
2024-05-12 21:46:24 - [INFO] - An approved LICENSE (Apache-2.0) was found in /home/lburleson/OSU/google_ring_oscillator/caravel.
2024-05-12 21:46:24 - [INFO] - {{MAIN LICENSE CHECK PASSED}} An approved LICENSE was found in project root.
2024-05-12 21:46:25 - [INFO] - An approved LICENSE (Apache-2.0) was found in /home/lburleson/OSU/google_ring_oscillator/caravel.
2024-05-12 21:46:26 - [INFO] - An approved LICENSE (Apache-2.0) was found in /home/lburleson/OSU/google_ring_oscillator/caravel.
2024-05-12 21:46:27 - [INFO] - An approved LICENSE (Apache-2.0) was found in /home/lburleson/OSU/google_ring_oscillator/caravel.
2024-05-12 21:46:28 - [INFO] - An approved LICENSE (Apache-2.0) was found in /home/lburleson/OSU/google_ring_oscillator/caravel.
2024-05-12 21:46:28 - [INFO] - {{SUBMODULES LICENSE CHECK PASSED}} No prohibited LICENSE file(s) was found in project submodules
2024-05-12 21:46:30 - [INFO] - {{SPDX COMPLIANCE CHECK PASSED}} Project is compliant with the SPDX Standard
2024-05-12 21:46:30 - [INFO] - {{STEP UPDATE}} Executing Check 2 of 16: Makefile
2024-05-12 21:46:30 - [INFO] - {{MAKEFILE CHECK PASSED}} Makefile valid.
2024-05-12 21:46:30 - [INFO] - {{STEP UPDATE}} Executing Check 3 of 16: Default
2024-05-12 21:46:30 - [INFO] - {{README DEFAULT CHECK PASSED}} Project 'README.md' was modified and is not identical to the default 'README.md'
2024-05-12 21:46:31 - [INFO] - {{CONTENT DEFAULT CHECK PASSED}} Project 'gds' was modified and is not identical to the default 'gds'
2024-05-12 21:46:31 - [INFO] - {{STEP UPDATE}} Executing Check 4 of 16: Documentation
2024-05-12 21:46:32 - [INFO] - {{DOCUMENTATION CHECK PASSED}} Project documentation is appropriate.
2024-05-12 21:46:32 - [INFO] - {{STEP UPDATE}} Executing Check 5 of 16: Consistency
2024-05-12 21:46:36 - [INFO] - PORTS CHECK PASSED: Netlist user_project_wrapper ports match the golden wrapper ports
2024-05-12 21:46:36 - [INFO] - COMPLEXITY CHECK PASSED: Netlist user_project_wrapper contains at least 1 instances (60 instances). 
2024-05-12 21:46:36 - [INFO] - MODELING CHECK PASSED: Netlist user_project_wrapper is structural.
2024-05-12 21:46:36 - [INFO] - LAYOUT CHECK PASSED: The GDS layout for user_project_wrapper matches the provided structural netlist.
2024-05-12 21:46:36 - [INFO] - POWER CONNECTIONS CHECK PASSED: All instances in user_project_wrapper are connected to power
2024-05-12 21:46:36 - [INFO] - PORT TYPES CHECK PASSED: Netlist user_project_wrapper port types match the golden wrapper port types.
2024-05-12 21:46:36 - [INFO] - {{NETLIST CONSISTENCY CHECK PASSED}} user_project_wrapper netlist passed all consistency checks.
2024-05-12 21:46:36 - [INFO] - {{CONSISTENCY CHECK PASSED}} The user netlist and the top netlist are valid.
2024-05-12 21:46:36 - [INFO] - {{STEP UPDATE}} Executing Check 6 of 16: GPIO-Defines
2024-05-12 21:46:36 - [INFO] - GPIO-DEFINES: Checking verilog/rtl/user_defines.v, parsing files: ['/home/lburleson/mpw_precheck/checks/gpio_defines_check/verilog_assets/gpio_modes_base.v', '/home/lburleson/OSU/google_ring_oscillator/caravel/verilog/rtl/user_defines.v', '/home/lburleson/mpw_precheck/checks/gpio_defines_check/verilog_assets/gpio_modes_observe.v']
2024-05-12 21:46:37 - [INFO] - GPIO-DEFINES report path: /home/lburleson/OSU/google_ring_oscillator/caravel/precheck_results/12_MAY_2024___21_46_22/outputs/reports/gpio_defines.report
2024-05-12 21:46:37 - [INFO] - {{GPIO-DEFINES CHECK PASSED}} The user verilog/rtl/user_defines.v is valid.
2024-05-12 21:46:37 - [INFO] - {{STEP UPDATE}} Executing Check 7 of 16: XOR
2024-05-12 21:46:40 - [INFO] - {{XOR CHECK UPDATE}} Total XOR differences: 0, for more details view /home/lburleson/OSU/google_ring_oscillator/caravel/precheck_results/12_MAY_2024___21_46_22/outputs/user_project_wrapper.xor.gds
2024-05-12 21:46:40 - [INFO] - {{XOR CHECK PASSED}} The GDS file has no XOR violations.
2024-05-12 21:46:40 - [INFO] - {{STEP UPDATE}} Executing Check 8 of 16: Magic DRC
2024-05-12 21:46:45 - [INFO] - 0 DRC violations
2024-05-12 21:46:45 - [INFO] - {{MAGIC DRC CHECK PASSED}} The GDS file, user_project_wrapper.gds, has no DRC violations.
2024-05-12 21:46:45 - [INFO] - {{STEP UPDATE}} Executing Check 9 of 16: Klayout FEOL
2024-05-12 21:46:45 - [INFO] - in CUSTOM klayout_gds_drc_check
2024-05-12 21:46:45 - [INFO] - run: klayout -b -r /home/lburleson/mpw_precheck/checks/tech-files/sky130A_mr.drc -rd input=/home/lburleson/OSU/google_ring_oscillator/caravel/gds/user_project_wrapper.gds -rd topcell=user_project_wrapper -rd report=/home/lburleson/OSU/google_ring_oscillator/caravel/precheck_results/12_MAY_2024___21_46_22/outputs/reports/klayout_feol_check.xml -rd feol=true >& /home/lburleson/OSU/google_ring_oscillator/caravel/precheck_results/12_MAY_2024___21_46_22/logs/klayout_feol_check.log
2024-05-12 21:46:47 - [INFO] - No DRC Violations found
2024-05-12 21:46:47 - [INFO] - {{Klayout FEOL CHECK PASSED}} The GDS file, user_project_wrapper.gds, has no DRC violations.
2024-05-12 21:46:47 - [INFO] - {{STEP UPDATE}} Executing Check 10 of 16: Klayout BEOL
2024-05-12 21:46:47 - [INFO] - in CUSTOM klayout_gds_drc_check
2024-05-12 21:46:47 - [INFO] - run: klayout -b -r /home/lburleson/mpw_precheck/checks/tech-files/sky130A_mr.drc -rd input=/home/lburleson/OSU/google_ring_oscillator/caravel/gds/user_project_wrapper.gds -rd topcell=user_project_wrapper -rd report=/home/lburleson/OSU/google_ring_oscillator/caravel/precheck_results/12_MAY_2024___21_46_22/outputs/reports/klayout_beol_check.xml -rd beol=true >& /home/lburleson/OSU/google_ring_oscillator/caravel/precheck_results/12_MAY_2024___21_46_22/logs/klayout_beol_check.log
2024-05-12 21:46:51 - [INFO] - No DRC Violations found
2024-05-12 21:46:51 - [INFO] - {{Klayout BEOL CHECK PASSED}} The GDS file, user_project_wrapper.gds, has no DRC violations.
2024-05-12 21:46:51 - [INFO] - {{STEP UPDATE}} Executing Check 11 of 16: Klayout Offgrid
2024-05-12 21:46:51 - [INFO] - in CUSTOM klayout_gds_drc_check
2024-05-12 21:46:51 - [INFO] - run: klayout -b -r /home/lburleson/mpw_precheck/checks/tech-files/sky130A_mr.drc -rd input=/home/lburleson/OSU/google_ring_oscillator/caravel/gds/user_project_wrapper.gds -rd topcell=user_project_wrapper -rd report=/home/lburleson/OSU/google_ring_oscillator/caravel/precheck_results/12_MAY_2024___21_46_22/outputs/reports/klayout_offgrid_check.xml -rd offgrid=true >& /home/lburleson/OSU/google_ring_oscillator/caravel/precheck_results/12_MAY_2024___21_46_22/logs/klayout_offgrid_check.log
2024-05-12 21:46:53 - [INFO] - No DRC Violations found
2024-05-12 21:46:53 - [INFO] - {{Klayout Offgrid CHECK PASSED}} The GDS file, user_project_wrapper.gds, has no DRC violations.
2024-05-12 21:46:53 - [INFO] - {{STEP UPDATE}} Executing Check 12 of 16: Klayout Metal Minimum Clear Area Density
2024-05-12 21:46:53 - [INFO] - in CUSTOM klayout_gds_drc_check
2024-05-12 21:46:53 - [INFO] - run: klayout -b -r /home/lburleson/mpw_precheck/checks/drc_checks/klayout/met_min_ca_density.lydrc -rd input=/home/lburleson/OSU/google_ring_oscillator/caravel/gds/user_project_wrapper.gds -rd topcell=user_project_wrapper -rd report=/home/lburleson/OSU/google_ring_oscillator/caravel/precheck_results/12_MAY_2024___21_46_22/outputs/reports/klayout_met_min_ca_density_check.xml >& /home/lburleson/OSU/google_ring_oscillator/caravel/precheck_results/12_MAY_2024___21_46_22/logs/klayout_met_min_ca_density_check.log
2024-05-12 21:46:54 - [INFO] - No DRC Violations found
2024-05-12 21:46:54 - [INFO] - {{Klayout Metal Minimum Clear Area Density CHECK PASSED}} The GDS file, user_project_wrapper.gds, has no DRC violations.
2024-05-12 21:46:54 - [INFO] - {{STEP UPDATE}} Executing Check 13 of 16: Klayout Pin Label Purposes Overlapping Drawing
2024-05-12 21:46:54 - [INFO] - in CUSTOM klayout_gds_drc_check
2024-05-12 21:46:54 - [INFO] - run: klayout -b -r /home/lburleson/mpw_precheck/checks/drc_checks/klayout/pin_label_purposes_overlapping_drawing.rb.drc -rd input=/home/lburleson/OSU/google_ring_oscillator/caravel/gds/user_project_wrapper.gds -rd topcell=user_project_wrapper -rd report=/home/lburleson/OSU/google_ring_oscillator/caravel/precheck_results/12_MAY_2024___21_46_22/outputs/reports/klayout_pin_label_purposes_overlapping_drawing_check.xml -rd top_cell_name=user_project_wrapper >& /home/lburleson/OSU/google_ring_oscillator/caravel/precheck_results/12_MAY_2024___21_46_22/logs/klayout_pin_label_purposes_overlapping_drawing_check.log
2024-05-12 21:46:56 - [INFO] - No DRC Violations found
2024-05-12 21:46:56 - [INFO] - {{Klayout Pin Label Purposes Overlapping Drawing CHECK PASSED}} The GDS file, user_project_wrapper.gds, has no DRC violations.
2024-05-12 21:46:56 - [INFO] - {{STEP UPDATE}} Executing Check 14 of 16: Klayout ZeroArea
2024-05-12 21:46:56 - [INFO] - in CUSTOM klayout_gds_drc_check
2024-05-12 21:46:56 - [INFO] - run: klayout -b -r /home/lburleson/mpw_precheck/checks/drc_checks/klayout/zeroarea.rb.drc -rd input=/home/lburleson/OSU/google_ring_oscillator/caravel/gds/user_project_wrapper.gds -rd topcell=user_project_wrapper -rd report=/home/lburleson/OSU/google_ring_oscillator/caravel/precheck_results/12_MAY_2024___21_46_22/outputs/reports/klayout_zeroarea_check.xml -rd cleaned_output=/home/lburleson/OSU/google_ring_oscillator/caravel/precheck_results/12_MAY_2024___21_46_22/outputs/user_project_wrapper_no_zero_areas.gds >& /home/lburleson/OSU/google_ring_oscillator/caravel/precheck_results/12_MAY_2024___21_46_22/logs/klayout_zeroarea_check.log
2024-05-12 21:46:57 - [INFO] - No DRC Violations found
2024-05-12 21:46:57 - [INFO] - {{Klayout ZeroArea CHECK PASSED}} The GDS file, user_project_wrapper.gds, has no DRC violations.
2024-05-12 21:46:57 - [INFO] - {{STEP UPDATE}} Executing Check 15 of 16: OEB
2024-05-12 21:46:57 - [INFO] - Loading LVS environment from /home/lburleson/OSU/google_ring_oscillator/caravel/lvs/user_project_wrapper/lvs_config.json
2024-05-12 21:46:57 - [INFO] - EXTRACT_FLATGLOB : 
2024-05-12 21:46:57 - [INFO] - EXTRACT_ABSTRACT : *__fill_* *__fakediode_* *__tapvpwrvgnd_*
2024-05-12 21:46:57 - [INFO] - LVS_FLATTEN : 
2024-05-12 21:46:57 - [INFO] - LVS_NOFLATTEN : 
2024-05-12 21:46:57 - [INFO] - LVS_IGNORE : sky130_osu_ring_oscillator_mpr2ca_8_b0r1 sky130_osu_ring_oscillator_mpr2ca_8_b0r2 sky130_osu_ring_oscillator_mpr2ct_8_b0r1 sky130_osu_ring_oscillator_mpr2ct_8_b0r2 sky130_osu_ring_oscillator_mpr2ea_8_b0r1 sky130_osu_ring_oscillator_mpr2ea_8_b0r2 sky130_osu_ring_oscillator_mpr2et_8_b0r1 sky130_osu_ring_oscillator_mpr2et_8_b0r2 sky130_osu_ring_oscillator_mpr2xa_8_b0r1 sky130_osu_ring_oscillator_mpr2xa_8_b0r2 sky130_osu_single_mpr2ca_8_b0r1 sky130_osu_single_mpr2ca_8_b0r2 sky130_osu_single_mpr2ct_8_b0r1 sky130_osu_single_mpr2ct_8_b0r2 sky130_osu_single_mpr2ea_8_b0r1 sky130_osu_single_mpr2ea_8_b0r2 sky130_osu_single_mpr2et_8_b0r1 sky130_osu_single_mpr2et_8_b0r2 sky130_osu_single_mpr2xa_8_b0r1 sky130_osu_single_mpr2xa_8_b0r2 scs130hd_mpr2ca_8 scs130hd_mpr2ct_8 scs130hd_mpr2ea_8 scs130hd_mpr2et_8 scs130hd_mpr2xa_8 sky130_osu_sc_12T_hs__mux2_1 sky130_osu_sc_12T_hs__inv_1
2024-05-12 21:46:57 - [INFO] - LVS_SPICE_FILES : /opt/share/pdk/sky130A/libs.ref/sky130_fd_sc_hd/spice/sky130_ef_sc_hd__decap_12.spice /opt/share/pdk/sky130A/libs.ref/sky130_fd_sc_hd/spice/sky130_fd_sc_hd.spice /home/lburleson/OSU/google_ring_oscillator/caravel/spi/custom_design_spice_decks/sky130_osu_ring_oscillator_mpr2ca_8_b0r1.spice /home/lburleson/OSU/google_ring_oscillator/caravel/spi/custom_design_spice_decks/sky130_osu_ring_oscillator_mpr2ca_8_b0r2.spice /home/lburleson/OSU/google_ring_oscillator/caravel/spi/custom_design_spice_decks/sky130_osu_ring_oscillator_mpr2ct_8_b0r1.spice /home/lburleson/OSU/google_ring_oscillator/caravel/spi/custom_design_spice_decks/sky130_osu_ring_oscillator_mpr2ct_8_b0r2.spice /home/lburleson/OSU/google_ring_oscillator/caravel/spi/custom_design_spice_decks/sky130_osu_ring_oscillator_mpr2ea_8_b0r1.spice /home/lburleson/OSU/google_ring_oscillator/caravel/spi/custom_design_spice_decks/sky130_osu_ring_oscillator_mpr2ea_8_b0r2.spice /home/lburleson/OSU/google_ring_oscillator/caravel/spi/custom_design_spice_decks/sky130_osu_ring_oscillator_mpr2et_8_b0r1.spice /home/lburleson/OSU/google_ring_oscillator/caravel/spi/custom_design_spice_decks/sky130_osu_ring_oscillator_mpr2et_8_b0r2.spice /home/lburleson/OSU/google_ring_oscillator/caravel/spi/custom_design_spice_decks/sky130_osu_ring_oscillator_mpr2xa_8_b0r1.spice /home/lburleson/OSU/google_ring_oscillator/caravel/spi/custom_design_spice_decks/sky130_osu_ring_oscillator_mpr2xa_8_b0r2.spice /home/lburleson/OSU/google_ring_oscillator/caravel/spi/custom_design_spice_decks/sky130_osu_single_mpr2ca_8_b0r1.spice /home/lburleson/OSU/google_ring_oscillator/caravel/spi/custom_design_spice_decks/sky130_osu_single_mpr2ca_8_b0r2.spice /home/lburleson/OSU/google_ring_oscillator/caravel/spi/custom_design_spice_decks/sky130_osu_single_mpr2ct_8_b0r1.spice /home/lburleson/OSU/google_ring_oscillator/caravel/spi/custom_design_spice_decks/sky130_osu_single_mpr2ct_8_b0r2.spice /home/lburleson/OSU/google_ring_oscillator/caravel/spi/custom_design_spice_decks/sky130_osu_single_mpr2ea_8_b0r1.spice /home/lburleson/OSU/google_ring_oscillator/caravel/spi/custom_design_spice_decks/sky130_osu_single_mpr2ea_8_b0r2.spice /home/lburleson/OSU/google_ring_oscillator/caravel/spi/custom_design_spice_decks/sky130_osu_single_mpr2et_8_b0r1.spice /home/lburleson/OSU/google_ring_oscillator/caravel/spi/custom_design_spice_decks/sky130_osu_single_mpr2et_8_b0r2.spice /home/lburleson/OSU/google_ring_oscillator/caravel/spi/custom_design_spice_decks/sky130_osu_single_mpr2xa_8_b0r1.spice /home/lburleson/OSU/google_ring_oscillator/caravel/spi/custom_design_spice_decks/sky130_osu_single_mpr2xa_8_b0r2.spice /home/lburleson/OSU/google_ring_oscillator/caravel/spi/custom_design_spice_decks/scs130hd_mpr2ca_8.spice /home/lburleson/OSU/google_ring_oscillator/caravel/spi/custom_design_spice_decks/scs130hd_mpr2ct_8.spice /home/lburleson/OSU/google_ring_oscillator/caravel/spi/custom_design_spice_decks/scs130hd_mpr2ea_8.spice /home/lburleson/OSU/google_ring_oscillator/caravel/spi/custom_design_spice_decks/scs130hd_mpr2et_8.spice /home/lburleson/OSU/google_ring_oscillator/caravel/spi/custom_design_spice_decks/scs130hd_mpr2xa_8.spice /home/lburleson/OSU/google_ring_oscillator/caravel/spi/custom_design_spice_decks/sky130_osu_sc_12T_hs__mux2_1.spice /home/lburleson/OSU/google_ring_oscillator/caravel/spi/custom_design_spice_decks/sky130_osu_sc_12T_hs__inv_1.spice /home/lburleson/OSU/google_ring_oscillator/caravel/spi/lvs/mux16x1_project.spice /home/lburleson/OSU/google_ring_oscillator/caravel/spi/lvs/user_project_wrapper.spice
2024-05-12 21:46:57 - [INFO] - LVS_VERILOG_FILES : /home/lburleson/OSU/google_ring_oscillator/caravel/verilog/gl/user_project_wrapper.v
2024-05-12 21:46:57 - [INFO] - LAYOUT_FILE : /home/lburleson/OSU/google_ring_oscillator/caravel/gds/user_project_wrapper.gds
2024-05-12 21:46:57 - [INFO] - run: run_oeb_check
2024-05-12 21:46:57 - [INFO] - OEB output directory: /home/lburleson/OSU/google_ring_oscillator/caravel/precheck_results/12_MAY_2024___21_46_22
2024-05-12 21:47:03 - [INFO] - {{OEB CHECK PASSED}} The design, user_project_wrapper, has no OEB violations.
2024-05-12 21:47:03 - [INFO] - {{STEP UPDATE}} Executing Check 16 of 16: LVS
2024-05-12 21:47:03 - [INFO] - Loading LVS environment from /home/lburleson/OSU/google_ring_oscillator/caravel/lvs/user_project_wrapper/lvs_config.json
2024-05-12 21:47:03 - [INFO] - EXTRACT_FLATGLOB : 
2024-05-12 21:47:03 - [INFO] - EXTRACT_ABSTRACT : *__fill_* *__fakediode_* *__tapvpwrvgnd_*
2024-05-12 21:47:03 - [INFO] - LVS_FLATTEN : 
2024-05-12 21:47:03 - [INFO] - LVS_NOFLATTEN : 
2024-05-12 21:47:03 - [INFO] - LVS_IGNORE : sky130_osu_ring_oscillator_mpr2ca_8_b0r1 sky130_osu_ring_oscillator_mpr2ca_8_b0r2 sky130_osu_ring_oscillator_mpr2ct_8_b0r1 sky130_osu_ring_oscillator_mpr2ct_8_b0r2 sky130_osu_ring_oscillator_mpr2ea_8_b0r1 sky130_osu_ring_oscillator_mpr2ea_8_b0r2 sky130_osu_ring_oscillator_mpr2et_8_b0r1 sky130_osu_ring_oscillator_mpr2et_8_b0r2 sky130_osu_ring_oscillator_mpr2xa_8_b0r1 sky130_osu_ring_oscillator_mpr2xa_8_b0r2 sky130_osu_single_mpr2ca_8_b0r1 sky130_osu_single_mpr2ca_8_b0r2 sky130_osu_single_mpr2ct_8_b0r1 sky130_osu_single_mpr2ct_8_b0r2 sky130_osu_single_mpr2ea_8_b0r1 sky130_osu_single_mpr2ea_8_b0r2 sky130_osu_single_mpr2et_8_b0r1 sky130_osu_single_mpr2et_8_b0r2 sky130_osu_single_mpr2xa_8_b0r1 sky130_osu_single_mpr2xa_8_b0r2 scs130hd_mpr2ca_8 scs130hd_mpr2ct_8 scs130hd_mpr2ea_8 scs130hd_mpr2et_8 scs130hd_mpr2xa_8 sky130_osu_sc_12T_hs__mux2_1 sky130_osu_sc_12T_hs__inv_1
2024-05-12 21:47:03 - [INFO] - LVS_SPICE_FILES : /opt/share/pdk/sky130A/libs.ref/sky130_fd_sc_hd/spice/sky130_ef_sc_hd__decap_12.spice /opt/share/pdk/sky130A/libs.ref/sky130_fd_sc_hd/spice/sky130_fd_sc_hd.spice /home/lburleson/OSU/google_ring_oscillator/caravel/spi/custom_design_spice_decks/sky130_osu_ring_oscillator_mpr2ca_8_b0r1.spice /home/lburleson/OSU/google_ring_oscillator/caravel/spi/custom_design_spice_decks/sky130_osu_ring_oscillator_mpr2ca_8_b0r2.spice /home/lburleson/OSU/google_ring_oscillator/caravel/spi/custom_design_spice_decks/sky130_osu_ring_oscillator_mpr2ct_8_b0r1.spice /home/lburleson/OSU/google_ring_oscillator/caravel/spi/custom_design_spice_decks/sky130_osu_ring_oscillator_mpr2ct_8_b0r2.spice /home/lburleson/OSU/google_ring_oscillator/caravel/spi/custom_design_spice_decks/sky130_osu_ring_oscillator_mpr2ea_8_b0r1.spice /home/lburleson/OSU/google_ring_oscillator/caravel/spi/custom_design_spice_decks/sky130_osu_ring_oscillator_mpr2ea_8_b0r2.spice /home/lburleson/OSU/google_ring_oscillator/caravel/spi/custom_design_spice_decks/sky130_osu_ring_oscillator_mpr2et_8_b0r1.spice /home/lburleson/OSU/google_ring_oscillator/caravel/spi/custom_design_spice_decks/sky130_osu_ring_oscillator_mpr2et_8_b0r2.spice /home/lburleson/OSU/google_ring_oscillator/caravel/spi/custom_design_spice_decks/sky130_osu_ring_oscillator_mpr2xa_8_b0r1.spice /home/lburleson/OSU/google_ring_oscillator/caravel/spi/custom_design_spice_decks/sky130_osu_ring_oscillator_mpr2xa_8_b0r2.spice /home/lburleson/OSU/google_ring_oscillator/caravel/spi/custom_design_spice_decks/sky130_osu_single_mpr2ca_8_b0r1.spice /home/lburleson/OSU/google_ring_oscillator/caravel/spi/custom_design_spice_decks/sky130_osu_single_mpr2ca_8_b0r2.spice /home/lburleson/OSU/google_ring_oscillator/caravel/spi/custom_design_spice_decks/sky130_osu_single_mpr2ct_8_b0r1.spice /home/lburleson/OSU/google_ring_oscillator/caravel/spi/custom_design_spice_decks/sky130_osu_single_mpr2ct_8_b0r2.spice /home/lburleson/OSU/google_ring_oscillator/caravel/spi/custom_design_spice_decks/sky130_osu_single_mpr2ea_8_b0r1.spice /home/lburleson/OSU/google_ring_oscillator/caravel/spi/custom_design_spice_decks/sky130_osu_single_mpr2ea_8_b0r2.spice /home/lburleson/OSU/google_ring_oscillator/caravel/spi/custom_design_spice_decks/sky130_osu_single_mpr2et_8_b0r1.spice /home/lburleson/OSU/google_ring_oscillator/caravel/spi/custom_design_spice_decks/sky130_osu_single_mpr2et_8_b0r2.spice /home/lburleson/OSU/google_ring_oscillator/caravel/spi/custom_design_spice_decks/sky130_osu_single_mpr2xa_8_b0r1.spice /home/lburleson/OSU/google_ring_oscillator/caravel/spi/custom_design_spice_decks/sky130_osu_single_mpr2xa_8_b0r2.spice /home/lburleson/OSU/google_ring_oscillator/caravel/spi/custom_design_spice_decks/scs130hd_mpr2ca_8.spice /home/lburleson/OSU/google_ring_oscillator/caravel/spi/custom_design_spice_decks/scs130hd_mpr2ct_8.spice /home/lburleson/OSU/google_ring_oscillator/caravel/spi/custom_design_spice_decks/scs130hd_mpr2ea_8.spice /home/lburleson/OSU/google_ring_oscillator/caravel/spi/custom_design_spice_decks/scs130hd_mpr2et_8.spice /home/lburleson/OSU/google_ring_oscillator/caravel/spi/custom_design_spice_decks/scs130hd_mpr2xa_8.spice /home/lburleson/OSU/google_ring_oscillator/caravel/spi/custom_design_spice_decks/sky130_osu_sc_12T_hs__mux2_1.spice /home/lburleson/OSU/google_ring_oscillator/caravel/spi/custom_design_spice_decks/sky130_osu_sc_12T_hs__inv_1.spice /home/lburleson/OSU/google_ring_oscillator/caravel/spi/lvs/mux16x1_project.spice /home/lburleson/OSU/google_ring_oscillator/caravel/spi/lvs/user_project_wrapper.spice
2024-05-12 21:47:03 - [INFO] - LVS_VERILOG_FILES : /home/lburleson/OSU/google_ring_oscillator/caravel/verilog/gl/user_project_wrapper.v
2024-05-12 21:47:03 - [INFO] - LAYOUT_FILE : /home/lburleson/OSU/google_ring_oscillator/caravel/gds/user_project_wrapper.gds
2024-05-12 21:47:03 - [INFO] - run: run_be_checks
2024-05-12 21:47:03 - [INFO] - LVS output directory: /home/lburleson/OSU/google_ring_oscillator/caravel/precheck_results/12_MAY_2024___21_46_22
2024-05-12 21:47:12 - [ERROR] - ERROR LVS FAILED, stat=1, see /home/lburleson/OSU/google_ring_oscillator/caravel/precheck_results/12_MAY_2024___21_46_22/logs/LVS_check.log
2024-05-12 21:47:12 - [WARNING] - {{LVS CHECK FAILED}} The design, user_project_wrapper, has LVS violations.
2024-05-12 21:47:12 - [INFO] - {{FINISH}} Executing Finished, the full log 'precheck.log' can be found in '/home/lburleson/OSU/google_ring_oscillator/caravel/precheck_results/12_MAY_2024___21_46_22/logs'
2024-05-12 21:47:12 - [CRITICAL] - {{FAILURE}} 1 Check(s) Failed: ['LVS'] !!!
