/home/lburleson/mpw_precheck/checks/be_checks/run_oeb_check: line 59: /home/lburleson/mpw_precheck/checks/be_checks//set_lvs_env.py: No such file or directory
DESIGN NAME: user_project_wrapper
WORK_ROOT   : /home/lburleson/OSU/google_ring_oscillator/caravel/precheck_results/08_APR_2024___00_05_37/tmp
LOG_ROOT    : /home/lburleson/OSU/google_ring_oscillator/caravel/precheck_results/08_APR_2024___00_05_37/logs
SIGNOFF_ROOT: /home/lburleson/OSU/google_ring_oscillator/caravel/precheck_results/08_APR_2024___00_05_37/outputs/reports
 
Running extract...
TOP LAYOUT: user_project_wrapper
LAYOUT FILE: /home/lburleson/OSU/google_ring_oscillator/caravel/gds/user_project_wrapper.gds
EXTRACT_FLATGLOB: 
EXTRACT_ABSTRACT: *__fill_*
 *__fakediode_*
 *__tapvpwrvgnd_*
WORK_ROOT   : /home/lburleson/OSU/google_ring_oscillator/caravel/precheck_results/08_APR_2024___00_05_37/tmp
LOG_ROOT    : /home/lburleson/OSU/google_ring_oscillator/caravel/precheck_results/08_APR_2024___00_05_37/logs
SIGNOFF_ROOT: /home/lburleson/OSU/google_ring_oscillator/caravel/precheck_results/08_APR_2024___00_05_37/outputs/reports
LOG FILE: /home/lburleson/OSU/google_ring_oscillator/caravel/precheck_results/08_APR_2024___00_05_37/logs/ext.log
Tech files do not match:
/opt/share/pdk/sky130A/libs.tech/magic/sky130A.tech: version 1.0.437-0-ge3b630d
/home/lburleson/mpw_precheck/checks/be_checks//tech/sky130A/sky130A.tech: version 1.0.393-0-ge6f9c88
Results may be incorrect. Contact efabless to update the soft connection rules.
WORK_ROOT   : /home/lburleson/OSU/google_ring_oscillator/caravel/precheck_results/08_APR_2024___00_05_37/tmp
LOG_ROOT    : /home/lburleson/OSU/google_ring_oscillator/caravel/precheck_results/08_APR_2024___00_05_37/logs
SIGNOFF_ROOT: /home/lburleson/OSU/google_ring_oscillator/caravel/precheck_results/08_APR_2024___00_05_37/outputs/reports
 
Running hierarchical comparison between verilog and layout...
No verilog files...
[INFO] Changing from /home/lburleson/OSU/google_ring_oscillator/caravel/gds/user_project_wrapper.gds
	to /home/lburleson/OSU/google_ring_oscillator/caravel/precheck_results/08_APR_2024___00_05_37/tmp/layout.txt
Hierarchy check for  passed.
Extracting to /home/lburleson/OSU/google_ring_oscillator/caravel/precheck_results/08_APR_2024___00_05_37/tmp/ext
 
CIFIN_STYLE: 
EXTRACT_STYLE: 

Magic 8.3 revision 452 - Compiled on Wed Dec  6 15:58:28 UTC 2023.
Starting magic under Tcl interpreter
Using the terminal as the console.
Using NULL graphics device.
Processing system .magicrc file
Sourcing design magicrc.well for technology sky130A ...
2 Magic internal units = 1 Lambda
Input style sky130(): scaleFactor=2, multiplier=2
The following types are not handled by extraction and will be treated as non-electrical types:
    ubm 
Scaled tech values by 2 / 1 to match internal grid scaling
Loading "/home/lburleson/mpw_precheck/checks/be_checks//scripts/gds.digital.spice.tcl" from command line.
Extracting with top ports unique (digital)
CIF input style is now "sky130()"
Flattening 
Extracting /home/lburleson/OSU/google_ring_oscillator/caravel/gds/user_project_wrapper.gds
Warning: Calma reading is not undoable!  I hope that's OK.
Library written using GDS-II Release 3.0
Library name: user_project_wrapper
Reading "sky130_osu_sc_12T_hs__mux2_1".
Reading "sky130_osu_sc_12T_hs__fill_2".
Reading "sky130_osu_sc_12T_hs__inv_1".
Reading "sky130_osu_sc_12T_hs__fill_8".
Reading "scs130hd_mpr2et_8".
Reading "sky130_osu_single_mpr2et_8_b0r2".
Reading "sky130_osu_ring_oscillator_mpr2et_8_b0r2".
CIF file read warning: CIF style sky130(): units rescaled by factor of 5 / 1
Reading "scs130hd_mpr2xa_8".
Reading "sky130_osu_single_mpr2xa_8_b0r2".
Reading "sky130_osu_ring_oscillator_mpr2xa_8_b0r2".
Reading "sky130_fd_sc_hd__buf_1".
Reading "sky130_fd_sc_hd__decap_3".
Reading "sky130_fd_sc_hd__fill_1".
Reading "sky130_fd_sc_hd__decap_4".
Reading "sky130_fd_sc_hd__clkbuf_2".
Reading "sky130_fd_sc_hd__tapvpwrvgnd_1".
Reading "sky130_ef_sc_hd__decap_12".
Reading "sky130_fd_sc_hd__decap_8".
Reading "sky130_fd_sc_hd__buf_2".
Reading "sky130_fd_sc_hd__clkbuf_1".
Reading "sky130_fd_sc_hd__fill_2".
Reading "sky130_fd_sc_hd__mux4_1".
Reading "sky130_fd_sc_hd__decap_6".
Reading "sky130_fd_sc_hd__mux2_1".
Reading "sky130_fd_sc_hd__nor2_1".
Reading "sky130_fd_sc_hd__a21oi_2".
Reading "sky130_fd_sc_hd__buf_12".
Reading "sky130_fd_sc_hd__nor3b_1".
Reading "sky130_fd_sc_hd__a2111oi_1".
CIF file read warning: Input off lambda grid by 2/5; snapped to grid.
Reading "sky130_fd_sc_hd__and3b_1".
Reading "sky130_fd_sc_hd__a41o_1".
Reading "sky130_fd_sc_hd__nand3b_1".
Reading "sky130_fd_sc_hd__nand2_1".
Reading "sky130_fd_sc_hd__or3b_1".
Reading "mux16x1_project".
Reading "scs130hd_mpr2ct_8".
Reading "sky130_osu_single_mpr2ct_8_b0r2".
Reading "sky130_osu_ring_oscillator_mpr2ct_8_b0r2".
Reading "scs130hd_mpr2ea_8".
Reading "sky130_osu_single_mpr2ea_8_b0r2".
Reading "sky130_osu_ring_oscillator_mpr2ea_8_b0r2".
Reading "scs130hd_mpr2ca_8".
Reading "sky130_osu_single_mpr2ca_8_b0r2".
Reading "sky130_osu_ring_oscillator_mpr2ca_8_b0r2".
Reading "sky130_osu_single_mpr2xa_8_b0r1".
Reading "sky130_osu_ring_oscillator_mpr2xa_8_b0r1".
Reading "sky130_osu_single_mpr2ea_8_b0r1".
Reading "sky130_osu_ring_oscillator_mpr2ea_8_b0r1".
Reading "sky130_osu_single_mpr2et_8_b0r1".
Reading "sky130_osu_ring_oscillator_mpr2et_8_b0r1".
Reading "sky130_osu_single_mpr2ct_8_b0r1".
Reading "sky130_osu_ring_oscillator_mpr2ct_8_b0r1".
Reading "sky130_osu_single_mpr2ca_8_b0r1".
Reading "sky130_osu_ring_oscillator_mpr2ca_8_b0r1".
Reading "sky130_fd_sc_hd__conb_1".
Reading "user_project_wrapper".
The following types are not handled by extraction and will be treated as non-electrical types:
    ubm 
Extraction style is now "ngspice()"
Processing sky130_fd_sc_hd__conb_1
Processing sky130_fd_sc_hd__buf_1
Processing sky130_fd_sc_hd__decap_3
Processing sky130_fd_sc_hd__decap_4
Processing sky130_fd_sc_hd__clkbuf_2
Processing sky130_ef_sc_hd__decap_12
Processing sky130_fd_sc_hd__decap_8
Processing sky130_fd_sc_hd__buf_2
Processing sky130_fd_sc_hd__clkbuf_1
Processing sky130_fd_sc_hd__mux4_1
Processing sky130_fd_sc_hd__decap_6
Processing sky130_fd_sc_hd__mux2_1
Processing sky130_fd_sc_hd__nor2_1
Processing sky130_fd_sc_hd__a21oi_2
Processing sky130_fd_sc_hd__buf_12
Processing sky130_fd_sc_hd__nor3b_1
Processing sky130_fd_sc_hd__a2111oi_1
Processing sky130_fd_sc_hd__and3b_1
Processing sky130_fd_sc_hd__a41o_1
Processing sky130_fd_sc_hd__nand3b_1
Processing sky130_fd_sc_hd__nand2_1
Processing sky130_fd_sc_hd__or3b_1
Processing mux16x1_project
Processing sky130_osu_sc_12T_hs__mux2_1
Processing scs130hd_mpr2ca_8
Processing sky130_osu_sc_12T_hs__inv_1
Processing sky130_osu_single_mpr2ca_8_b0r1
Processing sky130_osu_ring_oscillator_mpr2ca_8_b0r1
Processing scs130hd_mpr2ct_8
Processing sky130_osu_single_mpr2ct_8_b0r1
Processing sky130_osu_ring_oscillator_mpr2ct_8_b0r1
Processing scs130hd_mpr2et_8
Processing sky130_osu_single_mpr2et_8_b0r1
Processing sky130_osu_ring_oscillator_mpr2et_8_b0r1
Processing scs130hd_mpr2ea_8
Processing sky130_osu_single_mpr2ea_8_b0r1
Processing sky130_osu_ring_oscillator_mpr2ea_8_b0r1
Processing scs130hd_mpr2xa_8
Processing sky130_osu_single_mpr2xa_8_b0r1
Processing sky130_osu_ring_oscillator_mpr2xa_8_b0r1
Processing sky130_osu_single_mpr2ca_8_b0r2
Processing sky130_osu_ring_oscillator_mpr2ca_8_b0r2
Processing sky130_osu_single_mpr2ea_8_b0r2
Processing sky130_osu_ring_oscillator_mpr2ea_8_b0r2
Processing sky130_osu_single_mpr2ct_8_b0r2
Processing sky130_osu_ring_oscillator_mpr2ct_8_b0r2
Processing sky130_osu_single_mpr2xa_8_b0r2
Processing sky130_osu_ring_oscillator_mpr2xa_8_b0r2
Processing sky130_osu_single_mpr2et_8_b0r2
Processing sky130_osu_ring_oscillator_mpr2et_8_b0r2
Processing user_project_wrapper
Extracting sky130_fd_sc_hd__conb_1 into sky130_fd_sc_hd__conb_1.ext:
Extracting sky130_fd_sc_hd__buf_1 into sky130_fd_sc_hd__buf_1.ext:
Extracting sky130_fd_sc_hd__decap_3 into sky130_fd_sc_hd__decap_3.ext:
sky130_fd_sc_hd__decap_3: 2 warnings
Extracting sky130_fd_sc_hd__fill_1 into sky130_fd_sc_hd__fill_1.ext:
Extracting sky130_fd_sc_hd__decap_4 into sky130_fd_sc_hd__decap_4.ext:
sky130_fd_sc_hd__decap_4: 2 warnings
Extracting sky130_fd_sc_hd__clkbuf_2 into sky130_fd_sc_hd__clkbuf_2.ext:
Extracting sky130_fd_sc_hd__tapvpwrvgnd_1 into sky130_fd_sc_hd__tapvpwrvgnd_1.ext:
Extracting sky130_ef_sc_hd__decap_12 into sky130_ef_sc_hd__decap_12.ext:
sky130_ef_sc_hd__decap_12: 2 warnings
Extracting sky130_fd_sc_hd__decap_8 into sky130_fd_sc_hd__decap_8.ext:
sky130_fd_sc_hd__decap_8: 2 warnings
Extracting sky130_fd_sc_hd__buf_2 into sky130_fd_sc_hd__buf_2.ext:
Extracting sky130_fd_sc_hd__clkbuf_1 into sky130_fd_sc_hd__clkbuf_1.ext:
Extracting sky130_fd_sc_hd__fill_2 into sky130_fd_sc_hd__fill_2.ext:
Extracting sky130_fd_sc_hd__mux4_1 into sky130_fd_sc_hd__mux4_1.ext:
Extracting sky130_fd_sc_hd__decap_6 into sky130_fd_sc_hd__decap_6.ext:
sky130_fd_sc_hd__decap_6: 2 warnings
Extracting sky130_fd_sc_hd__mux2_1 into sky130_fd_sc_hd__mux2_1.ext:
Extracting sky130_fd_sc_hd__nor2_1 into sky130_fd_sc_hd__nor2_1.ext:
Extracting sky130_fd_sc_hd__a21oi_2 into sky130_fd_sc_hd__a21oi_2.ext:
Extracting sky130_fd_sc_hd__buf_12 into sky130_fd_sc_hd__buf_12.ext:
Extracting sky130_fd_sc_hd__nor3b_1 into sky130_fd_sc_hd__nor3b_1.ext:
Extracting sky130_fd_sc_hd__a2111oi_1 into sky130_fd_sc_hd__a2111oi_1.ext:
Extracting sky130_fd_sc_hd__and3b_1 into sky130_fd_sc_hd__and3b_1.ext:
Extracting sky130_fd_sc_hd__a41o_1 into sky130_fd_sc_hd__a41o_1.ext:
Extracting sky130_fd_sc_hd__nand3b_1 into sky130_fd_sc_hd__nand3b_1.ext:
Extracting sky130_fd_sc_hd__nand2_1 into sky130_fd_sc_hd__nand2_1.ext:
Extracting sky130_fd_sc_hd__or3b_1 into sky130_fd_sc_hd__or3b_1.ext:
Extracting mux16x1_project into mux16x1_project.ext:
Extracting sky130_osu_sc_12T_hs__mux2_1 into sky130_osu_sc_12T_hs__mux2_1.ext:
Extracting scs130hd_mpr2ca_8 into scs130hd_mpr2ca_8.ext:
Extracting sky130_osu_sc_12T_hs__inv_1 into sky130_osu_sc_12T_hs__inv_1.ext:
Extracting sky130_osu_single_mpr2ca_8_b0r1 into sky130_osu_single_mpr2ca_8_b0r1.ext:
Extracting sky130_osu_ring_oscillator_mpr2ca_8_b0r1 into sky130_osu_ring_oscillator_mpr2ca_8_b0r1.ext:
sky130_osu_ring_oscillator_mpr2ca_8_b0r1: 5 errors
Extracting scs130hd_mpr2ct_8 into scs130hd_mpr2ct_8.ext:
Extracting sky130_osu_single_mpr2ct_8_b0r1 into sky130_osu_single_mpr2ct_8_b0r1.ext:
Extracting sky130_osu_ring_oscillator_mpr2ct_8_b0r1 into sky130_osu_ring_oscillator_mpr2ct_8_b0r1.ext:
Extracting sky130_osu_sc_12T_hs__fill_2 into sky130_osu_sc_12T_hs__fill_2.ext:
Extracting sky130_osu_sc_12T_hs__fill_8 into sky130_osu_sc_12T_hs__fill_8.ext:
Extracting scs130hd_mpr2et_8 into scs130hd_mpr2et_8.ext:
Extracting sky130_osu_single_mpr2et_8_b0r1 into sky130_osu_single_mpr2et_8_b0r1.ext:
Extracting sky130_osu_ring_oscillator_mpr2et_8_b0r1 into sky130_osu_ring_oscillator_mpr2et_8_b0r1.ext:
sky130_osu_ring_oscillator_mpr2et_8_b0r1: 4 errors
Extracting scs130hd_mpr2ea_8 into scs130hd_mpr2ea_8.ext:
Extracting sky130_osu_single_mpr2ea_8_b0r1 into sky130_osu_single_mpr2ea_8_b0r1.ext:
Extracting sky130_osu_ring_oscillator_mpr2ea_8_b0r1 into sky130_osu_ring_oscillator_mpr2ea_8_b0r1.ext:
Extracting scs130hd_mpr2xa_8 into scs130hd_mpr2xa_8.ext:
Extracting sky130_osu_single_mpr2xa_8_b0r1 into sky130_osu_single_mpr2xa_8_b0r1.ext:
sky130_osu_single_mpr2xa_8_b0r1: 1 error
Extracting sky130_osu_ring_oscillator_mpr2xa_8_b0r1 into sky130_osu_ring_oscillator_mpr2xa_8_b0r1.ext:
sky130_osu_ring_oscillator_mpr2xa_8_b0r1: 5 errors
Extracting sky130_osu_single_mpr2ca_8_b0r2 into sky130_osu_single_mpr2ca_8_b0r2.ext:
Extracting sky130_osu_ring_oscillator_mpr2ca_8_b0r2 into sky130_osu_ring_oscillator_mpr2ca_8_b0r2.ext:
sky130_osu_ring_oscillator_mpr2ca_8_b0r2: 5 errors
Extracting sky130_osu_single_mpr2ea_8_b0r2 into sky130_osu_single_mpr2ea_8_b0r2.ext:
Extracting sky130_osu_ring_oscillator_mpr2ea_8_b0r2 into sky130_osu_ring_oscillator_mpr2ea_8_b0r2.ext:
sky130_osu_ring_oscillator_mpr2ea_8_b0r2: 6 errors
Extracting sky130_osu_single_mpr2ct_8_b0r2 into sky130_osu_single_mpr2ct_8_b0r2.ext:
Extracting sky130_osu_ring_oscillator_mpr2ct_8_b0r2 into sky130_osu_ring_oscillator_mpr2ct_8_b0r2.ext:
Extracting sky130_osu_single_mpr2xa_8_b0r2 into sky130_osu_single_mpr2xa_8_b0r2.ext:
Extracting sky130_osu_ring_oscillator_mpr2xa_8_b0r2 into sky130_osu_ring_oscillator_mpr2xa_8_b0r2.ext:
sky130_osu_ring_oscillator_mpr2xa_8_b0r2: 5 errors
Extracting sky130_osu_single_mpr2et_8_b0r2 into sky130_osu_single_mpr2et_8_b0r2.ext:
Extracting sky130_osu_ring_oscillator_mpr2et_8_b0r2 into sky130_osu_ring_oscillator_mpr2et_8_b0r2.ext:
sky130_osu_ring_oscillator_mpr2et_8_b0r2: 4 errors
Extracting user_project_wrapper into user_project_wrapper.ext:
Total of 35 errors (check feedback entries).
Total of 10 warnings.
Devs merged: 0
Devs merged: 0
Devs merged: 28
Devs merged: 28
Devs merged: 28
Devs merged: 28
Devs merged: 32
Devs merged: 32
Devs merged: 32
Devs merged: 32
Devs merged: 32
Devs merged: 32
Devs merged: 32
Devs merged: 32
Devs merged: 32
Devs merged: 32
Devs merged: 34
Devs merged: 34
Devs merged: 34
Devs merged: 36
Devs merged: 36
Devs merged: 36
Devs merged: 36
Devs merged: 36
Devs merged: 36
Devs merged: 36
Devs merged: 36
Devs merged: 36
Devs merged: 36
Devs merged: 36
Devs merged: 38
Devs merged: 38
Devs merged: 38
Devs merged: 38
Devs merged: 38
Devs merged: 38
Devs merged: 38
Devs merged: 38
Devs merged: 38
Devs merged: 38
Devs merged: 38
Devs merged: 38
Devs merged: 38
Devs merged: 38
Devs merged: 38
Devs merged: 38
Devs merged: 38
Devs merged: 38
Devs merged: 38
Devs merged: 38
Devs merged: 38
exttospice finished.
Using technology "sky130A", version 1.0.393-0-ge6f9c88
 
Running CVC for oeb check...
Creating /home/lburleson/OSU/google_ring_oscillator/caravel/precheck_results/08_APR_2024___00_05_37/tmp/ext/user_project_wrapper.cdl
CVC: Circuit Validation Check  Version 1.1.5
CVC: Log output to /home/lburleson/OSU/google_ring_oscillator/caravel/precheck_results/08_APR_2024___00_05_37/tmp/cvc.oeb.log
CVC: Error output to /home/lburleson/OSU/google_ring_oscillator/caravel/precheck_results/08_APR_2024___00_05_37/tmp/cvc.oeb.error.gz
CVC: Debug output to /home/lburleson/OSU/google_ring_oscillator/caravel/precheck_results/08_APR_2024___00_05_37/tmp/cvc.oeb.debug.gz
CVC: Start: Mon Apr  8 00:06:18 2024

Using the following parameters for CVC (Circuit Validation Check) from /home/lburleson/OSU/google_ring_oscillator/caravel/precheck_results/08_APR_2024___00_05_37/tmp/cvcrc.oeb
CVC_TOP = 'user_project_wrapper'
CVC_NETLIST = '/home/lburleson/OSU/google_ring_oscillator/caravel/precheck_results/08_APR_2024___00_05_37/tmp/ext/user_project_wrapper.cdl.gz'
CVC_MODE = 'user_project_wrapper'
CVC_MODEL_FILE = '/home/lburleson/mpw_precheck/checks/be_checks//tech/sky130A/cvc.models'
CVC_POWER_FILE = '/home/lburleson/OSU/google_ring_oscillator/caravel/precheck_results/08_APR_2024___00_05_37/tmp/cvc.power.user_project_wrapper'
CVC_FUSE_FILE = ''
CVC_REPORT_FILE = '/home/lburleson/OSU/google_ring_oscillator/caravel/precheck_results/08_APR_2024___00_05_37/tmp/cvc.oeb.log'
CVC_REPORT_TITLE = 'CVC user_project_wrapper'
CVC_CIRCUIT_ERROR_LIMIT = '100'
CVC_SEARCH_LIMIT = '100'
CVC_LEAK_LIMIT = '0.0002'
CVC_SOI = 'false'
CVC_SCRC = 'false'
CVC_VTH_GATES = 'false'
CVC_MIN_VTH_GATES = 'false'
CVC_IGNORE_VTH_FLOATING = 'false'
CVC_IGNORE_NO_LEAK_FLOATING = 'false'
CVC_LEAK_OVERVOLTAGE = 'true'
CVC_LOGIC_DIODES = 'false'
CVC_ANALOG_GATES = 'true'
CVC_BACKUP_RESULTS = 'false'
CVC_MOS_DIODE_ERROR_THRESHOLD = '0'
CVC_SHORT_ERROR_THRESHOLD = '0'
CVC_BIAS_ERROR_THRESHOLD = '0'
CVC_FORWARD_ERROR_THRESHOLD = '0'
CVC_FLOATING_ERROR_THRESHOLD = '0'
CVC_GATE_ERROR_THRESHOLD = '0'
CVC_LEAK?_ERROR_THRESHOLD = '0'
CVC_EXPECTED_ERROR_THRESHOLD = '0'
CVC_OVERVOLTAGE_ERROR_THRESHOLD = '0'
CVC_PARALLEL_CIRCUIT_PORT_LIMIT = '0'
CVC_CELL_ERROR_LIMIT_FILE = ''
CVC_CELL_CHECKSUM_FILE = ''
CVC_LARGE_CIRCUIT_SIZE = '10000000'
CVC_NET_CHECK_FILE = ''
CVC_MODEL_CHECK_FILE = ''
End of parameters

CVC: Reading device model settings...
CVC: Reading power settings...
CVC: Parsing netlist /home/lburleson/OSU/google_ring_oscillator/caravel/precheck_results/08_APR_2024___00_05_37/tmp/ext/user_project_wrapper.cdl.gz

Cdl fixed data size 27009
Usage CDL: Time: 0  Memory: 4976  I/O: 8  Swap: 0
CVC: Counting and linking...
CVC: Assigning IDs ...
Usage DB: Time: 0  Memory: 5228  I/O: 8  Swap: 0
CVC: 2322(2322) instances, 2618(2618) nets, 7002(7002) devices.
Setting power for mode...
ERROR: could not expand signal vssa* signal vssa* not found
ERROR: Could not find net vssa*
Power definition error
Setting models...
CVC: Setting models ...
Setting model tolerances...
[?1034h** Stage 1/7: Enter command ?> c 6

> c 6
continuing for 6 step(s)
ERROR: skipped due to problems in model/power/fuse files
 gpio |   in   |   out  | analog |  oeb min/sim/max  | Message
