"polygons" in: met_min_ca_density.lydrc:35
    Polygons (raw): 108750 (flat)  2128 (hierarchical)
    Elapsed: 0.010s  Memory: 601.00M
"polygons" in: met_min_ca_density.lydrc:36
    Polygons (raw): 76542 (flat)  1429 (hierarchical)
    Elapsed: 0.000s  Memory: 601.00M
"polygons" in: met_min_ca_density.lydrc:38
    Polygons (raw): 85036 (flat)  2981 (hierarchical)
    Elapsed: 0.000s  Memory: 601.00M
"polygons" in: met_min_ca_density.lydrc:39
    Polygons (raw): 7968 (flat)  2650 (hierarchical)
    Elapsed: 0.010s  Memory: 601.00M
"polygons" in: met_min_ca_density.lydrc:41
    Polygons (raw): 9757 (flat)  2777 (hierarchical)
    Elapsed: 0.000s  Memory: 601.00M
"polygons" in: met_min_ca_density.lydrc:42
    Polygons (raw): 4841 (flat)  1637 (hierarchical)
    Elapsed: 0.000s  Memory: 601.00M
"polygons" in: met_min_ca_density.lydrc:44
    Polygons (raw): 5429 (flat)  1335 (hierarchical)
    Elapsed: 0.010s  Memory: 601.00M
"polygons" in: met_min_ca_density.lydrc:45
    Polygons (raw): 3537 (flat)  1389 (hierarchical)
    Elapsed: 0.010s  Memory: 601.00M
"polygons" in: met_min_ca_density.lydrc:47
    Polygons (raw): 583 (flat)  429 (hierarchical)
    Elapsed: 0.000s  Memory: 601.00M
"polygons" in: met_min_ca_density.lydrc:48
    Polygons (raw): 0 (flat)  0 (hierarchical)
    Elapsed: 0.000s  Memory: 601.00M
"polygons" in: met_min_ca_density.lydrc:49
    Polygons (raw): 13092 (flat)  13092 (hierarchical)
    Elapsed: 0.010s  Memory: 602.00M
"polygons" in: met_min_ca_density.lydrc:51
    Polygons (raw): 352 (flat)  352 (hierarchical)
    Elapsed: 0.000s  Memory: 602.00M
"input" in: met_min_ca_density.lydrc:53
    Polygons (raw): 106 (flat)  12 (hierarchical)
    Elapsed: 0.000s  Memory: 602.00M
"area" in: met_min_ca_density.lydrc:55
    Elapsed: 0.000s  Memory: 602.00M
"polygons" in: met_min_ca_density.lydrc:59
    Polygons (raw): 108750 (flat)  2128 (hierarchical)
    Elapsed: 0.000s  Memory: 602.00M
"area" in: met_min_ca_density.lydrc:59
    Elapsed: 0.040s  Memory: 602.00M
li1_ca_density is 0.9984862271730036
"polygons" in: met_min_ca_density.lydrc:69
    Polygons (raw): 85036 (flat)  2981 (hierarchical)
    Elapsed: 0.000s  Memory: 602.00M
"area" in: met_min_ca_density.lydrc:69
    Elapsed: 0.040s  Memory: 602.00M
m1_ca_density is 0.9990369486568921
"polygons" in: met_min_ca_density.lydrc:79
    Polygons (raw): 9757 (flat)  2777 (hierarchical)
    Elapsed: 0.000s  Memory: 602.00M
"area" in: met_min_ca_density.lydrc:79
    Elapsed: 0.020s  Memory: 603.00M
m2_ca_density is 0.9995707783653098
"polygons" in: met_min_ca_density.lydrc:89
    Polygons (raw): 5429 (flat)  1335 (hierarchical)
    Elapsed: 0.000s  Memory: 603.00M
"area" in: met_min_ca_density.lydrc:89
    Elapsed: 0.010s  Memory: 603.00M
m3_ca_density is 0.9997351849096163
"polygons" in: met_min_ca_density.lydrc:99
    Polygons (raw): 583 (flat)  429 (hierarchical)
    Elapsed: 0.000s  Memory: 603.00M
"area" in: met_min_ca_density.lydrc:99
    Elapsed: 0.000s  Memory: 603.00M
m4_ca_density is 0.8392212365689212
"polygons" in: met_min_ca_density.lydrc:109
    Polygons (raw): 352 (flat)  352 (hierarchical)
    Elapsed: 0.000s  Memory: 603.00M
"area" in: met_min_ca_density.lydrc:109
    Elapsed: 0.000s  Memory: 603.00M
m5_ca_density is 0.8405503611457037
Writing report database: /home/lburleson/OSU/google_ring_oscillator/caravel/precheck_results/29_MAR_2024___15_55_10/outputs/reports/klayout_met_min_ca_density_check.xml ..
Total elapsed: 0.210s  Memory: 603.00M
