BEGIN: Sun 12 May 2024 09:47:11 PM UTC
Netgen 1.5.254 compiled on Tue Apr 16 18:21:46 UTC 2024
Warning: netgen command 'format' use fully-qualified name '::netgen::format'
Warning: netgen command 'global' use fully-qualified name '::netgen::global'
Reading layout /home/lburleson/OSU/google_ring_oscillator/caravel/precheck_results/12_MAY_2024___21_46_22/tmp/ext/user_project_wrapper.gds.spice...
Call to undefined subcircuit sky130_fd_pr__pfet_01v8_hvt
Creating placeholder cell definition.
Call to undefined subcircuit sky130_fd_pr__nfet_01v8
Creating placeholder cell definition.
Call to undefined subcircuit sky130_fd_pr__pfet_01v8
Creating placeholder cell definition.
Call to undefined subcircuit sky130_fd_pr__nfet_01v8_lvt
Creating placeholder cell definition.
Reading source /opt/share/pdk/sky130A/libs.ref/sky130_fd_sc_hd/spice/sky130_ef_sc_hd__decap_12.spice...
Call to undefined subcircuit sky130_fd_pr__pfet_01v8_hvt
Creating placeholder cell definition.
Call to undefined subcircuit sky130_fd_pr__nfet_01v8
Creating placeholder cell definition.
Reading source /opt/share/pdk/sky130A/libs.ref/sky130_fd_sc_hd/spice/sky130_fd_sc_hd.spice...
Call to undefined subcircuit sky130_fd_sc_hd__nand2_2
Creating placeholder cell definition.
Call to undefined subcircuit sky130_fd_sc_hd__nor2_2
Creating placeholder cell definition.
Reading source /home/lburleson/OSU/google_ring_oscillator/caravel/spi/custom_design_spice_decks/sky130_osu_ring_oscillator_mpr2ca_8_b0r1.spice...
Call to undefined subcircuit sky130_fd_pr__pfet_01v8
Creating placeholder cell definition.
Call to undefined subcircuit sky130_fd_pr__nfet_01v8_lvt
Creating placeholder cell definition.
Reading source /home/lburleson/OSU/google_ring_oscillator/caravel/spi/custom_design_spice_decks/sky130_osu_ring_oscillator_mpr2ca_8_b0r2.spice...
Duplicate cell sky130_osu_sc_12T_hs__mux2_1 in file
Renaming original cell to sky130_osu_sc_12T_hs__mux2_1[[0]]
Duplicate cell scs130hd_mpr2ca_8 in file
Renaming original cell to scs130hd_mpr2ca_8[[0]]
Duplicate cell sky130_osu_sc_12T_hs__inv_1 in file
Renaming original cell to sky130_osu_sc_12T_hs__inv_1[[0]]
Reading source /home/lburleson/OSU/google_ring_oscillator/caravel/spi/custom_design_spice_decks/sky130_osu_ring_oscillator_mpr2ct_8_b0r1.spice...
Duplicate cell sky130_osu_sc_12T_hs__mux2_1 in file
Renaming original cell to sky130_osu_sc_12T_hs__mux2_1[[1]]
Duplicate cell sky130_osu_sc_12T_hs__inv_1 in file
Renaming original cell to sky130_osu_sc_12T_hs__inv_1[[1]]
Reading source /home/lburleson/OSU/google_ring_oscillator/caravel/spi/custom_design_spice_decks/sky130_osu_ring_oscillator_mpr2ct_8_b0r2.spice...
Duplicate cell sky130_osu_sc_12T_hs__mux2_1 in file
Renaming original cell to sky130_osu_sc_12T_hs__mux2_1[[2]]
Duplicate cell sky130_osu_sc_12T_hs__inv_1 in file
Renaming original cell to sky130_osu_sc_12T_hs__inv_1[[2]]
Duplicate cell scs130hd_mpr2ct_8 in file
Renaming original cell to scs130hd_mpr2ct_8[[0]]
Reading source /home/lburleson/OSU/google_ring_oscillator/caravel/spi/custom_design_spice_decks/sky130_osu_ring_oscillator_mpr2ea_8_b0r1.spice...
Duplicate cell sky130_osu_sc_12T_hs__mux2_1 in file
Renaming original cell to sky130_osu_sc_12T_hs__mux2_1[[3]]
Duplicate cell sky130_osu_sc_12T_hs__inv_1 in file
Renaming original cell to sky130_osu_sc_12T_hs__inv_1[[3]]
Reading source /home/lburleson/OSU/google_ring_oscillator/caravel/spi/custom_design_spice_decks/sky130_osu_ring_oscillator_mpr2ea_8_b0r2.spice...
Duplicate cell sky130_osu_sc_12T_hs__mux2_1 in file
Renaming original cell to sky130_osu_sc_12T_hs__mux2_1[[4]]
Duplicate cell sky130_osu_sc_12T_hs__inv_1 in file
Renaming original cell to sky130_osu_sc_12T_hs__inv_1[[4]]
Duplicate cell scs130hd_mpr2ea_8 in file
Renaming original cell to scs130hd_mpr2ea_8[[0]]
Reading source /home/lburleson/OSU/google_ring_oscillator/caravel/spi/custom_design_spice_decks/sky130_osu_ring_oscillator_mpr2et_8_b0r1.spice...
Duplicate cell sky130_osu_sc_12T_hs__mux2_1 in file
Renaming original cell to sky130_osu_sc_12T_hs__mux2_1[[5]]
Duplicate cell sky130_osu_sc_12T_hs__inv_1 in file
Renaming original cell to sky130_osu_sc_12T_hs__inv_1[[5]]
Reading source /home/lburleson/OSU/google_ring_oscillator/caravel/spi/custom_design_spice_decks/sky130_osu_ring_oscillator_mpr2et_8_b0r2.spice...
Duplicate cell sky130_osu_sc_12T_hs__mux2_1 in file
Renaming original cell to sky130_osu_sc_12T_hs__mux2_1[[6]]
Duplicate cell scs130hd_mpr2et_8 in file
Renaming original cell to scs130hd_mpr2et_8[[0]]
Duplicate cell sky130_osu_sc_12T_hs__inv_1 in file
Renaming original cell to sky130_osu_sc_12T_hs__inv_1[[6]]
Reading source /home/lburleson/OSU/google_ring_oscillator/caravel/spi/custom_design_spice_decks/sky130_osu_ring_oscillator_mpr2xa_8_b0r1.spice...
Duplicate cell sky130_osu_sc_12T_hs__mux2_1 in file
Renaming original cell to sky130_osu_sc_12T_hs__mux2_1[[7]]
Duplicate cell sky130_osu_sc_12T_hs__inv_1 in file
Renaming original cell to sky130_osu_sc_12T_hs__inv_1[[7]]
Reading source /home/lburleson/OSU/google_ring_oscillator/caravel/spi/custom_design_spice_decks/sky130_osu_ring_oscillator_mpr2xa_8_b0r2.spice...
Duplicate cell sky130_osu_sc_12T_hs__mux2_1 in file
Renaming original cell to sky130_osu_sc_12T_hs__mux2_1[[8]]
Duplicate cell scs130hd_mpr2xa_8 in file
Renaming original cell to scs130hd_mpr2xa_8[[0]]
Duplicate cell sky130_osu_sc_12T_hs__inv_1 in file
Renaming original cell to sky130_osu_sc_12T_hs__inv_1[[8]]
Reading source /home/lburleson/OSU/google_ring_oscillator/caravel/spi/custom_design_spice_decks/sky130_osu_single_mpr2ca_8_b0r1.spice...
Duplicate cell sky130_osu_sc_12T_hs__mux2_1 in file
Renaming original cell to sky130_osu_sc_12T_hs__mux2_1[[9]]
Duplicate cell scs130hd_mpr2ca_8 in file
Renaming original cell to scs130hd_mpr2ca_8[[1]]
Duplicate cell sky130_osu_sc_12T_hs__inv_1 in file
Renaming original cell to sky130_osu_sc_12T_hs__inv_1[[9]]
Duplicate cell sky130_osu_single_mpr2ca_8_b0r1 in file
Renaming original cell to sky130_osu_single_mpr2ca_8_b0r1[[0]]
Reading source /home/lburleson/OSU/google_ring_oscillator/caravel/spi/custom_design_spice_decks/sky130_osu_single_mpr2ca_8_b0r2.spice...
Duplicate cell sky130_osu_sc_12T_hs__mux2_1 in file
Renaming original cell to sky130_osu_sc_12T_hs__mux2_1[[10]]
Duplicate cell scs130hd_mpr2ca_8 in file
Renaming original cell to scs130hd_mpr2ca_8[[2]]
Duplicate cell sky130_osu_sc_12T_hs__inv_1 in file
Renaming original cell to sky130_osu_sc_12T_hs__inv_1[[10]]
Duplicate cell sky130_osu_single_mpr2ca_8_b0r2 in file
Renaming original cell to sky130_osu_single_mpr2ca_8_b0r2[[0]]
Reading source /home/lburleson/OSU/google_ring_oscillator/caravel/spi/custom_design_spice_decks/sky130_osu_single_mpr2ct_8_b0r1.spice...
Duplicate cell sky130_osu_sc_12T_hs__mux2_1 in file
Renaming original cell to sky130_osu_sc_12T_hs__mux2_1[[11]]
Duplicate cell sky130_osu_sc_12T_hs__inv_1 in file
Renaming original cell to sky130_osu_sc_12T_hs__inv_1[[11]]
Duplicate cell scs130hd_mpr2ct_8 in file
Renaming original cell to scs130hd_mpr2ct_8[[1]]
Duplicate cell sky130_osu_single_mpr2ct_8_b0r1 in file
Renaming original cell to sky130_osu_single_mpr2ct_8_b0r1[[0]]
Reading source /home/lburleson/OSU/google_ring_oscillator/caravel/spi/custom_design_spice_decks/sky130_osu_single_mpr2ct_8_b0r2.spice...
Duplicate cell sky130_osu_sc_12T_hs__mux2_1 in file
Renaming original cell to sky130_osu_sc_12T_hs__mux2_1[[12]]
Duplicate cell sky130_osu_sc_12T_hs__inv_1 in file
Renaming original cell to sky130_osu_sc_12T_hs__inv_1[[12]]
Duplicate cell scs130hd_mpr2ct_8 in file
Renaming original cell to scs130hd_mpr2ct_8[[2]]
Duplicate cell sky130_osu_single_mpr2ct_8_b0r2 in file
Renaming original cell to sky130_osu_single_mpr2ct_8_b0r2[[0]]
Reading source /home/lburleson/OSU/google_ring_oscillator/caravel/spi/custom_design_spice_decks/sky130_osu_single_mpr2ea_8_b0r1.spice...
Duplicate cell sky130_osu_sc_12T_hs__mux2_1 in file
Renaming original cell to sky130_osu_sc_12T_hs__mux2_1[[13]]
Duplicate cell sky130_osu_sc_12T_hs__inv_1 in file
Renaming original cell to sky130_osu_sc_12T_hs__inv_1[[13]]
Duplicate cell scs130hd_mpr2ea_8 in file
Renaming original cell to scs130hd_mpr2ea_8[[1]]
Duplicate cell sky130_osu_single_mpr2ea_8_b0r1 in file
Renaming original cell to sky130_osu_single_mpr2ea_8_b0r1[[0]]
Reading source /home/lburleson/OSU/google_ring_oscillator/caravel/spi/custom_design_spice_decks/sky130_osu_single_mpr2ea_8_b0r2.spice...
Duplicate cell sky130_osu_sc_12T_hs__mux2_1 in file
Renaming original cell to sky130_osu_sc_12T_hs__mux2_1[[14]]
Duplicate cell sky130_osu_sc_12T_hs__inv_1 in file
Renaming original cell to sky130_osu_sc_12T_hs__inv_1[[14]]
Duplicate cell scs130hd_mpr2ea_8 in file
Renaming original cell to scs130hd_mpr2ea_8[[2]]
Duplicate cell sky130_osu_single_mpr2ea_8_b0r2 in file
Renaming original cell to sky130_osu_single_mpr2ea_8_b0r2[[0]]
Reading source /home/lburleson/OSU/google_ring_oscillator/caravel/spi/custom_design_spice_decks/sky130_osu_single_mpr2et_8_b0r1.spice...
Duplicate cell scs130hd_mpr2et_8 in file
Renaming original cell to scs130hd_mpr2et_8[[1]]
Duplicate cell sky130_osu_sc_12T_hs__mux2_1 in file
Renaming original cell to sky130_osu_sc_12T_hs__mux2_1[[15]]
Duplicate cell sky130_osu_sc_12T_hs__inv_1 in file
Renaming original cell to sky130_osu_sc_12T_hs__inv_1[[15]]
Duplicate cell sky130_osu_single_mpr2et_8_b0r1 in file
Renaming original cell to sky130_osu_single_mpr2et_8_b0r1[[0]]
Reading source /home/lburleson/OSU/google_ring_oscillator/caravel/spi/custom_design_spice_decks/sky130_osu_single_mpr2et_8_b0r2.spice...
Duplicate cell scs130hd_mpr2et_8 in file
Renaming original cell to scs130hd_mpr2et_8[[2]]
Duplicate cell sky130_osu_sc_12T_hs__mux2_1 in file
Renaming original cell to sky130_osu_sc_12T_hs__mux2_1[[16]]
Duplicate cell sky130_osu_sc_12T_hs__inv_1 in file
Renaming original cell to sky130_osu_sc_12T_hs__inv_1[[16]]
Duplicate cell sky130_osu_single_mpr2et_8_b0r2 in file
Renaming original cell to sky130_osu_single_mpr2et_8_b0r2[[0]]
Reading source /home/lburleson/OSU/google_ring_oscillator/caravel/spi/custom_design_spice_decks/sky130_osu_single_mpr2xa_8_b0r1.spice...
Duplicate cell scs130hd_mpr2xa_8 in file
Renaming original cell to scs130hd_mpr2xa_8[[1]]
Duplicate cell sky130_osu_sc_12T_hs__mux2_1 in file
Renaming original cell to sky130_osu_sc_12T_hs__mux2_1[[17]]
Duplicate cell sky130_osu_sc_12T_hs__inv_1 in file
Renaming original cell to sky130_osu_sc_12T_hs__inv_1[[17]]
Duplicate cell sky130_osu_single_mpr2xa_8_b0r1 in file
Renaming original cell to sky130_osu_single_mpr2xa_8_b0r1[[0]]
Reading source /home/lburleson/OSU/google_ring_oscillator/caravel/spi/custom_design_spice_decks/sky130_osu_single_mpr2xa_8_b0r2.spice...
Duplicate cell scs130hd_mpr2xa_8 in file
Renaming original cell to scs130hd_mpr2xa_8[[2]]
Duplicate cell sky130_osu_sc_12T_hs__mux2_1 in file
Renaming original cell to sky130_osu_sc_12T_hs__mux2_1[[18]]
Duplicate cell sky130_osu_sc_12T_hs__inv_1 in file
Renaming original cell to sky130_osu_sc_12T_hs__inv_1[[18]]
Duplicate cell sky130_osu_single_mpr2xa_8_b0r2 in file
Renaming original cell to sky130_osu_single_mpr2xa_8_b0r2[[0]]
Reading source /home/lburleson/OSU/google_ring_oscillator/caravel/spi/custom_design_spice_decks/scs130hd_mpr2ca_8.spice...
Duplicate cell scs130hd_mpr2ca_8 in file
Renaming original cell to scs130hd_mpr2ca_8[[3]]
Reading source /home/lburleson/OSU/google_ring_oscillator/caravel/spi/custom_design_spice_decks/scs130hd_mpr2ct_8.spice...
Duplicate cell scs130hd_mpr2ct_8 in file
Renaming original cell to scs130hd_mpr2ct_8[[3]]
Reading source /home/lburleson/OSU/google_ring_oscillator/caravel/spi/custom_design_spice_decks/scs130hd_mpr2ea_8.spice...
Duplicate cell scs130hd_mpr2ea_8 in file
Renaming original cell to scs130hd_mpr2ea_8[[3]]
Reading source /home/lburleson/OSU/google_ring_oscillator/caravel/spi/custom_design_spice_decks/scs130hd_mpr2et_8.spice...
Duplicate cell scs130hd_mpr2et_8 in file
Renaming original cell to scs130hd_mpr2et_8[[3]]
Reading source /home/lburleson/OSU/google_ring_oscillator/caravel/spi/custom_design_spice_decks/scs130hd_mpr2xa_8.spice...
Duplicate cell scs130hd_mpr2xa_8 in file
Renaming original cell to scs130hd_mpr2xa_8[[3]]
Reading source /home/lburleson/OSU/google_ring_oscillator/caravel/spi/custom_design_spice_decks/sky130_osu_sc_12T_hs__mux2_1.spice...
Duplicate cell sky130_osu_sc_12T_hs__mux2_1 in file
Renaming original cell to sky130_osu_sc_12T_hs__mux2_1[[19]]
Reading source /home/lburleson/OSU/google_ring_oscillator/caravel/spi/custom_design_spice_decks/sky130_osu_sc_12T_hs__inv_1.spice...
Duplicate cell sky130_osu_sc_12T_hs__inv_1 in file
Renaming original cell to sky130_osu_sc_12T_hs__inv_1[[19]]
Reading source /home/lburleson/OSU/google_ring_oscillator/caravel/spi/lvs/mux16x1_project.spice...
Duplicate cell sky130_ef_sc_hd__decap_12 in file
Renaming original cell to sky130_ef_sc_hd__decap_12[[0]]
Duplicate cell sky130_fd_sc_hd__decap_4 in file
Renaming original cell to sky130_fd_sc_hd__decap_4[[0]]
Duplicate cell sky130_fd_sc_hd__buf_12 in file
Renaming original cell to sky130_fd_sc_hd__buf_12[[0]]
Duplicate cell sky130_fd_sc_hd__decap_3 in file
Renaming original cell to sky130_fd_sc_hd__decap_3[[0]]
Duplicate cell sky130_fd_sc_hd__decap_6 in file
Renaming original cell to sky130_fd_sc_hd__decap_6[[0]]
Duplicate cell sky130_fd_sc_hd__fill_1 in file
Renaming original cell to sky130_fd_sc_hd__fill_1[[0]]
Duplicate cell sky130_fd_sc_hd__fill_2 in file
Renaming original cell to sky130_fd_sc_hd__fill_2[[0]]
Duplicate cell sky130_fd_sc_hd__decap_8 in file
Renaming original cell to sky130_fd_sc_hd__decap_8[[0]]
Duplicate cell sky130_fd_sc_hd__a21oi_2 in file
Renaming original cell to sky130_fd_sc_hd__a21oi_2[[0]]
Duplicate cell sky130_fd_sc_hd__nor2_1 in file
Renaming original cell to sky130_fd_sc_hd__nor2_1[[0]]
Duplicate cell sky130_fd_sc_hd__mux2_1 in file
Renaming original cell to sky130_fd_sc_hd__mux2_1[[0]]
Duplicate cell sky130_fd_sc_hd__mux4_1 in file
Renaming original cell to sky130_fd_sc_hd__mux4_1[[0]]
Duplicate cell sky130_fd_sc_hd__a41o_1 in file
Renaming original cell to sky130_fd_sc_hd__a41o_1[[0]]
Duplicate cell sky130_fd_sc_hd__clkbuf_1 in file
Renaming original cell to sky130_fd_sc_hd__clkbuf_1[[0]]
Duplicate cell sky130_fd_sc_hd__tapvpwrvgnd_1 in file
Renaming original cell to sky130_fd_sc_hd__tapvpwrvgnd_1[[0]]
Duplicate cell sky130_fd_sc_hd__or3b_1 in file
Renaming original cell to sky130_fd_sc_hd__or3b_1[[0]]
Duplicate cell sky130_fd_sc_hd__buf_1 in file
Renaming original cell to sky130_fd_sc_hd__buf_1[[0]]
Duplicate cell sky130_fd_sc_hd__nand3b_1 in file
Renaming original cell to sky130_fd_sc_hd__nand3b_1[[0]]
Duplicate cell sky130_fd_sc_hd__nand2_1 in file
Renaming original cell to sky130_fd_sc_hd__nand2_1[[0]]
Duplicate cell sky130_fd_sc_hd__clkbuf_2 in file
Renaming original cell to sky130_fd_sc_hd__clkbuf_2[[0]]
Duplicate cell sky130_fd_sc_hd__a2111oi_1 in file
Renaming original cell to sky130_fd_sc_hd__a2111oi_1[[0]]
Duplicate cell sky130_fd_sc_hd__buf_2 in file
Renaming original cell to sky130_fd_sc_hd__buf_2[[0]]
Duplicate cell sky130_fd_sc_hd__nor3b_1 in file
Renaming original cell to sky130_fd_sc_hd__nor3b_1[[0]]
Duplicate cell sky130_fd_sc_hd__and3b_1 in file
Renaming original cell to sky130_fd_sc_hd__and3b_1[[0]]
Reading source /home/lburleson/OSU/google_ring_oscillator/caravel/spi/lvs/user_project_wrapper.spice...
Duplicate cell mux16x1_project in file
Renaming original cell to mux16x1_project[[0]]
Reading source /home/lburleson/OSU/google_ring_oscillator/caravel/verilog/gl/user_project_wrapper.v...
Warning:  A case-insensitive file has been read and so the	verilog file must be treated case-insensitive to match.
Duplicate cell user_project_wrapper in file
Renaming original cell to user_project_wrapper[[0]]
Warning:  Net {x1_0,x1_1,x1_2,x1_3,x1_4,x1_5,x1_6,x1_7,x1_8,x1_9,zero_1_10,zero_1_11,zero_1_12,zero_1_13,zero_1_14,zero_1_15} bus width (16) does not match port data_in bus width (10) or array width (1).
Note:  Implicit pin data_in[10] in instance mprj1 of mux16x1_project in cell user_project_wrapper
Note:  Implicit pin data_in[11] in instance mprj1 of mux16x1_project in cell user_project_wrapper
Note:  Implicit pin data_in[12] in instance mprj1 of mux16x1_project in cell user_project_wrapper
Note:  Implicit pin data_in[13] in instance mprj1 of mux16x1_project in cell user_project_wrapper
Note:  Implicit pin data_in[14] in instance mprj1 of mux16x1_project in cell user_project_wrapper
Note:  Implicit pin data_in[15] in instance mprj1 of mux16x1_project in cell user_project_wrapper
Warning:  Net {x2_0,x2_1,x2_2,x2_3,x2_4,x2_5,x2_6,x2_7,x2_8,x2_9,zero_2_10,zero_2_11,zero_2_12,zero_2_13,zero_2_14,zero_2_15} bus width (16) does not match port data_in bus width (10) or array width (1).
Note:  Implicit pin data_in[10] in instance mprj2 of mux16x1_project in cell user_project_wrapper
Note:  Implicit pin data_in[11] in instance mprj2 of mux16x1_project in cell user_project_wrapper
Note:  Implicit pin data_in[12] in instance mprj2 of mux16x1_project in cell user_project_wrapper
Note:  Implicit pin data_in[13] in instance mprj2 of mux16x1_project in cell user_project_wrapper
Note:  Implicit pin data_in[14] in instance mprj2 of mux16x1_project in cell user_project_wrapper
Note:  Implicit pin data_in[15] in instance mprj2 of mux16x1_project in cell user_project_wrapper
Warning:  Net {x3_0,x3_1,x3_2,x3_3,x3_4,x3_5,x3_6,x3_7,x3_8,x3_9,zero_3_10,zero_3_11,zero_3_12,zero_3_13,zero_3_14,zero_3_15} bus width (16) does not match port data_in bus width (10) or array width (1).
Note:  Implicit pin data_in[10] in instance mprj3 of mux16x1_project in cell user_project_wrapper
Note:  Implicit pin data_in[11] in instance mprj3 of mux16x1_project in cell user_project_wrapper
Note:  Implicit pin data_in[12] in instance mprj3 of mux16x1_project in cell user_project_wrapper
Note:  Implicit pin data_in[13] in instance mprj3 of mux16x1_project in cell user_project_wrapper
Note:  Implicit pin data_in[14] in instance mprj3 of mux16x1_project in cell user_project_wrapper
Note:  Implicit pin data_in[15] in instance mprj3 of mux16x1_project in cell user_project_wrapper
Warning:  Net {x4_0,x4_1,x4_2,x4_3,x4_4,x4_5,x4_6,x4_7,x4_8,x4_9,zero_4_10,zero_4_11,zero_4_12,zero_4_13,zero_4_14,zero_4_15} bus width (16) does not match port data_in bus width (10) or array width (1).
Note:  Implicit pin data_in[10] in instance mprj4 of mux16x1_project in cell user_project_wrapper
Note:  Implicit pin data_in[11] in instance mprj4 of mux16x1_project in cell user_project_wrapper
Note:  Implicit pin data_in[12] in instance mprj4 of mux16x1_project in cell user_project_wrapper
Note:  Implicit pin data_in[13] in instance mprj4 of mux16x1_project in cell user_project_wrapper
Note:  Implicit pin data_in[14] in instance mprj4 of mux16x1_project in cell user_project_wrapper
Note:  Implicit pin data_in[15] in instance mprj4 of mux16x1_project in cell user_project_wrapper
Warning:  Net {x5_0,x5_1,x5_2,x5_3,x5_4,x5_5,x5_6,x5_7,x5_8,x5_9,zero_5_10,zero_5_11,zero_5_12,zero_5_13,zero_5_14,zero_5_15} bus width (16) does not match port data_in bus width (10) or array width (1).
Note:  Implicit pin data_in[10] in instance mprj5 of mux16x1_project in cell user_project_wrapper
Note:  Implicit pin data_in[11] in instance mprj5 of mux16x1_project in cell user_project_wrapper
Note:  Implicit pin data_in[12] in instance mprj5 of mux16x1_project in cell user_project_wrapper
Note:  Implicit pin data_in[13] in instance mprj5 of mux16x1_project in cell user_project_wrapper
Note:  Implicit pin data_in[14] in instance mprj5 of mux16x1_project in cell user_project_wrapper
Note:  Implicit pin data_in[15] in instance mprj5 of mux16x1_project in cell user_project_wrapper
Note:  Implicit pin HI in instance _zero_1_10 of sky130_fd_sc_hd__conb_1 in cell user_project_wrapper
Note:  Implicit pin HI in instance _zero_1_11 of sky130_fd_sc_hd__conb_1 in cell user_project_wrapper
Note:  Implicit pin HI in instance _zero_1_12 of sky130_fd_sc_hd__conb_1 in cell user_project_wrapper
Note:  Implicit pin HI in instance _zero_1_13 of sky130_fd_sc_hd__conb_1 in cell user_project_wrapper
Note:  Implicit pin HI in instance _zero_1_14 of sky130_fd_sc_hd__conb_1 in cell user_project_wrapper
Note:  Implicit pin HI in instance _zero_1_15 of sky130_fd_sc_hd__conb_1 in cell user_project_wrapper
Note:  Implicit pin HI in instance _zero_2_10 of sky130_fd_sc_hd__conb_1 in cell user_project_wrapper
Note:  Implicit pin HI in instance _zero_2_11 of sky130_fd_sc_hd__conb_1 in cell user_project_wrapper
Note:  Implicit pin HI in instance _zero_2_12 of sky130_fd_sc_hd__conb_1 in cell user_project_wrapper
Note:  Implicit pin HI in instance _zero_2_13 of sky130_fd_sc_hd__conb_1 in cell user_project_wrapper
Note:  Implicit pin HI in instance _zero_2_14 of sky130_fd_sc_hd__conb_1 in cell user_project_wrapper
Note:  Implicit pin HI in instance _zero_2_15 of sky130_fd_sc_hd__conb_1 in cell user_project_wrapper
Note:  Implicit pin HI in instance _zero_3_10 of sky130_fd_sc_hd__conb_1 in cell user_project_wrapper
Note:  Implicit pin HI in instance _zero_3_11 of sky130_fd_sc_hd__conb_1 in cell user_project_wrapper
Note:  Implicit pin HI in instance _zero_3_12 of sky130_fd_sc_hd__conb_1 in cell user_project_wrapper
Note:  Implicit pin HI in instance _zero_3_13 of sky130_fd_sc_hd__conb_1 in cell user_project_wrapper
Note:  Implicit pin HI in instance _zero_3_14 of sky130_fd_sc_hd__conb_1 in cell user_project_wrapper
Note:  Implicit pin HI in instance _zero_3_15 of sky130_fd_sc_hd__conb_1 in cell user_project_wrapper
Note:  Implicit pin HI in instance _zero_4_10 of sky130_fd_sc_hd__conb_1 in cell user_project_wrapper
Note:  Implicit pin HI in instance _zero_4_11 of sky130_fd_sc_hd__conb_1 in cell user_project_wrapper
Note:  Implicit pin HI in instance _zero_4_12 of sky130_fd_sc_hd__conb_1 in cell user_project_wrapper
Note:  Implicit pin HI in instance _zero_4_13 of sky130_fd_sc_hd__conb_1 in cell user_project_wrapper
Note:  Implicit pin HI in instance _zero_4_14 of sky130_fd_sc_hd__conb_1 in cell user_project_wrapper
Note:  Implicit pin HI in instance _zero_4_15 of sky130_fd_sc_hd__conb_1 in cell user_project_wrapper
Note:  Implicit pin HI in instance _zero_5_10 of sky130_fd_sc_hd__conb_1 in cell user_project_wrapper
Note:  Implicit pin HI in instance _zero_5_11 of sky130_fd_sc_hd__conb_1 in cell user_project_wrapper
Note:  Implicit pin HI in instance _zero_5_12 of sky130_fd_sc_hd__conb_1 in cell user_project_wrapper
Note:  Implicit pin HI in instance _zero_5_13 of sky130_fd_sc_hd__conb_1 in cell user_project_wrapper
Note:  Implicit pin HI in instance _zero_5_14 of sky130_fd_sc_hd__conb_1 in cell user_project_wrapper
Note:  Implicit pin HI in instance _zero_5_15 of sky130_fd_sc_hd__conb_1 in cell user_project_wrapper
Note:  Implicit pin HI in instance _zero_0 of sky130_fd_sc_hd__conb_1 in cell user_project_wrapper
Note:  Implicit pin HI in instance _zero_1 of sky130_fd_sc_hd__conb_1 in cell user_project_wrapper
Note:  Implicit pin HI in instance _zero_2 of sky130_fd_sc_hd__conb_1 in cell user_project_wrapper
Note:  Implicit pin HI in instance _zero_3 of sky130_fd_sc_hd__conb_1 in cell user_project_wrapper
Note:  Implicit pin HI in instance _zero_4 of sky130_fd_sc_hd__conb_1 in cell user_project_wrapper
Note:  Implicit pin LO in instance _one_0 of sky130_fd_sc_hd__conb_1 in cell user_project_wrapper
Note:  Implicit pin LO in instance _one_1 of sky130_fd_sc_hd__conb_1 in cell user_project_wrapper
Note:  Implicit pin LO in instance _one_2 of sky130_fd_sc_hd__conb_1 in cell user_project_wrapper
Note:  Implicit pin LO in instance _one_3 of sky130_fd_sc_hd__conb_1 in cell user_project_wrapper
Note:  Implicit pin LO in instance _one_4 of sky130_fd_sc_hd__conb_1 in cell user_project_wrapper
Note:  Implicit pin LO in instance _one_5 of sky130_fd_sc_hd__conb_1 in cell user_project_wrapper
Note:  Implicit pin LO in instance _one_6 of sky130_fd_sc_hd__conb_1 in cell user_project_wrapper
Note:  Implicit pin LO in instance _one_7 of sky130_fd_sc_hd__conb_1 in cell user_project_wrapper
Note:  Implicit pin LO in instance _one_8 of sky130_fd_sc_hd__conb_1 in cell user_project_wrapper
Note:  Implicit pin LO in instance _one_9 of sky130_fd_sc_hd__conb_1 in cell user_project_wrapper
Treating empty subcircuits as black-box cells
Generating JSON file result

Reading setup file /home/lburleson/OSU/google_ring_oscillator/caravel/precheck_results/12_MAY_2024___21_46_22/tmp/sky130A_setup.tcl

Model sky130_fd_pr__res_generic_po pin end_a == end_b
No property mult found for device sky130_fd_pr__res_generic_po
Model sky130_fd_pr__res_generic_po pin end_a == end_b
No property mult found for device sky130_fd_pr__res_generic_po
Model sky130_fd_pr__nfet_01v8 pin 1 == 3
No property mult found for device sky130_fd_pr__nfet_01v8
No property sa found for device sky130_fd_pr__nfet_01v8
No property sb found for device sky130_fd_pr__nfet_01v8
No property sd found for device sky130_fd_pr__nfet_01v8
No property nf found for device sky130_fd_pr__nfet_01v8
No property nrd found for device sky130_fd_pr__nfet_01v8
No property nrs found for device sky130_fd_pr__nfet_01v8
No property area found for device sky130_fd_pr__nfet_01v8
No property perim found for device sky130_fd_pr__nfet_01v8
No property topography found for device sky130_fd_pr__nfet_01v8
Model sky130_fd_pr__nfet_01v8 pin 1 == 3
No property mult found for device sky130_fd_pr__nfet_01v8
No property sa found for device sky130_fd_pr__nfet_01v8
No property sb found for device sky130_fd_pr__nfet_01v8
No property sd found for device sky130_fd_pr__nfet_01v8
No property nf found for device sky130_fd_pr__nfet_01v8
No property nrd found for device sky130_fd_pr__nfet_01v8
No property nrs found for device sky130_fd_pr__nfet_01v8
No property area found for device sky130_fd_pr__nfet_01v8
No property perim found for device sky130_fd_pr__nfet_01v8
No property topography found for device sky130_fd_pr__nfet_01v8
Model sky130_fd_pr__nfet_01v8_lvt pin 1 == 3
No property mult found for device sky130_fd_pr__nfet_01v8_lvt
No property sa found for device sky130_fd_pr__nfet_01v8_lvt
No property sb found for device sky130_fd_pr__nfet_01v8_lvt
No property sd found for device sky130_fd_pr__nfet_01v8_lvt
No property nf found for device sky130_fd_pr__nfet_01v8_lvt
No property nrd found for device sky130_fd_pr__nfet_01v8_lvt
No property nrs found for device sky130_fd_pr__nfet_01v8_lvt
No property area found for device sky130_fd_pr__nfet_01v8_lvt
No property perim found for device sky130_fd_pr__nfet_01v8_lvt
No property topography found for device sky130_fd_pr__nfet_01v8_lvt
Model sky130_fd_pr__nfet_01v8_lvt pin 1 == 3
No property mult found for device sky130_fd_pr__nfet_01v8_lvt
No property sa found for device sky130_fd_pr__nfet_01v8_lvt
No property sb found for device sky130_fd_pr__nfet_01v8_lvt
No property sd found for device sky130_fd_pr__nfet_01v8_lvt
No property nf found for device sky130_fd_pr__nfet_01v8_lvt
No property nrd found for device sky130_fd_pr__nfet_01v8_lvt
No property nrs found for device sky130_fd_pr__nfet_01v8_lvt
No property area found for device sky130_fd_pr__nfet_01v8_lvt
No property perim found for device sky130_fd_pr__nfet_01v8_lvt
No property topography found for device sky130_fd_pr__nfet_01v8_lvt
Model sky130_fd_pr__pfet_01v8 pin 1 == 3
No property mult found for device sky130_fd_pr__pfet_01v8
No property sa found for device sky130_fd_pr__pfet_01v8
No property sb found for device sky130_fd_pr__pfet_01v8
No property sd found for device sky130_fd_pr__pfet_01v8
No property nf found for device sky130_fd_pr__pfet_01v8
No property nrd found for device sky130_fd_pr__pfet_01v8
No property nrs found for device sky130_fd_pr__pfet_01v8
No property area found for device sky130_fd_pr__pfet_01v8
No property perim found for device sky130_fd_pr__pfet_01v8
No property topography found for device sky130_fd_pr__pfet_01v8
Model sky130_fd_pr__pfet_01v8 pin 1 == 3
No property mult found for device sky130_fd_pr__pfet_01v8
No property sa found for device sky130_fd_pr__pfet_01v8
No property sb found for device sky130_fd_pr__pfet_01v8
No property sd found for device sky130_fd_pr__pfet_01v8
No property nf found for device sky130_fd_pr__pfet_01v8
No property nrd found for device sky130_fd_pr__pfet_01v8
No property nrs found for device sky130_fd_pr__pfet_01v8
No property area found for device sky130_fd_pr__pfet_01v8
No property perim found for device sky130_fd_pr__pfet_01v8
No property topography found for device sky130_fd_pr__pfet_01v8
Model sky130_fd_pr__pfet_01v8_hvt pin 1 == 3
No property mult found for device sky130_fd_pr__pfet_01v8_hvt
No property sa found for device sky130_fd_pr__pfet_01v8_hvt
No property sb found for device sky130_fd_pr__pfet_01v8_hvt
No property sd found for device sky130_fd_pr__pfet_01v8_hvt
No property nf found for device sky130_fd_pr__pfet_01v8_hvt
No property nrd found for device sky130_fd_pr__pfet_01v8_hvt
No property nrs found for device sky130_fd_pr__pfet_01v8_hvt
No property area found for device sky130_fd_pr__pfet_01v8_hvt
No property perim found for device sky130_fd_pr__pfet_01v8_hvt
No property topography found for device sky130_fd_pr__pfet_01v8_hvt
Model sky130_fd_pr__pfet_01v8_hvt pin 1 == 3
No property mult found for device sky130_fd_pr__pfet_01v8_hvt
No property sa found for device sky130_fd_pr__pfet_01v8_hvt
No property sb found for device sky130_fd_pr__pfet_01v8_hvt
No property sd found for device sky130_fd_pr__pfet_01v8_hvt
No property nf found for device sky130_fd_pr__pfet_01v8_hvt
No property nrd found for device sky130_fd_pr__pfet_01v8_hvt
No property nrs found for device sky130_fd_pr__pfet_01v8_hvt
No property area found for device sky130_fd_pr__pfet_01v8_hvt
No property perim found for device sky130_fd_pr__pfet_01v8_hvt
No property topography found for device sky130_fd_pr__pfet_01v8_hvt
No property value found for device sky130_fd_pr__diode_pw2nd_05v5
No property mult found for device sky130_fd_pr__diode_pw2nd_05v5
No property perim found for device sky130_fd_pr__diode_pw2nd_05v5
Matching pins of sky130_fd_pr__nfet_01v8 in circuits 1 and 2

Subcircuit pins:
Circuit 1: sky130_fd_pr__nfet_01v8                                                |Circuit 2: sky130_fd_pr__nfet_01v8                                                
----------------------------------------------------------------------------------|----------------------------------------------------------------------------------
1                                                                                 |1                                                                                 
2                                                                                 |2                                                                                 
3                                                                                 |3                                                                                 
4                                                                                 |4                                                                                 
---------------------------------------------------------------------------------------------------------------------------------------------------------------------
Cell pin lists are equivalent.
Matching pins of sky130_fd_pr__nfet_01v8_lvt in circuits 1 and 2

Subcircuit pins:
Circuit 1: sky130_fd_pr__nfet_01v8_lvt                                            |Circuit 2: sky130_fd_pr__nfet_01v8_lvt                                            
----------------------------------------------------------------------------------|----------------------------------------------------------------------------------
1                                                                                 |1                                                                                 
2                                                                                 |2                                                                                 
3                                                                                 |3                                                                                 
4                                                                                 |4                                                                                 
---------------------------------------------------------------------------------------------------------------------------------------------------------------------
Cell pin lists are equivalent.
Matching pins of sky130_fd_pr__pfet_01v8_hvt in circuits 1 and 2

Subcircuit pins:
Circuit 1: sky130_fd_pr__pfet_01v8_hvt                                            |Circuit 2: sky130_fd_pr__pfet_01v8_hvt                                            
----------------------------------------------------------------------------------|----------------------------------------------------------------------------------
1                                                                                 |1                                                                                 
2                                                                                 |2                                                                                 
3                                                                                 |3                                                                                 
4                                                                                 |4                                                                                 
---------------------------------------------------------------------------------------------------------------------------------------------------------------------
Cell pin lists are equivalent.
Matching pins of sky130_fd_pr__pfet_01v8 in circuits 1 and 2

Subcircuit pins:
Circuit 1: sky130_fd_pr__pfet_01v8                                                |Circuit 2: sky130_fd_pr__pfet_01v8                                                
----------------------------------------------------------------------------------|----------------------------------------------------------------------------------
1                                                                                 |1                                                                                 
2                                                                                 |2                                                                                 
3                                                                                 |3                                                                                 
4                                                                                 |4                                                                                 
---------------------------------------------------------------------------------------------------------------------------------------------------------------------
Cell pin lists are equivalent.
Ignoring scs130hd_mpr2ca_8 in layout
Ignoring scs130hd_mpr2ca_8 in source
Ignoring scs130hd_mpr2ct_8 in layout
Ignoring scs130hd_mpr2ct_8 in source
Ignoring scs130hd_mpr2ea_8 in layout
Ignoring scs130hd_mpr2ea_8 in source
Ignoring scs130hd_mpr2et_8 in layout
Ignoring scs130hd_mpr2et_8 in source
Ignoring scs130hd_mpr2xa_8 in layout
Ignoring scs130hd_mpr2xa_8 in source
Ignoring sky130_osu_ring_oscillator_mpr2ca_8_b0r1 in layout
Ignoring sky130_osu_ring_oscillator_mpr2ca_8_b0r1 in source
Ignoring sky130_osu_ring_oscillator_mpr2ca_8_b0r2 in layout
Ignoring sky130_osu_ring_oscillator_mpr2ca_8_b0r2 in source
Ignoring sky130_osu_ring_oscillator_mpr2ct_8_b0r1 in layout
Ignoring sky130_osu_ring_oscillator_mpr2ct_8_b0r1 in source
Ignoring sky130_osu_ring_oscillator_mpr2ct_8_b0r2 in layout
Ignoring sky130_osu_ring_oscillator_mpr2ct_8_b0r2 in source
Ignoring sky130_osu_ring_oscillator_mpr2ea_8_b0r1 in layout
Ignoring sky130_osu_ring_oscillator_mpr2ea_8_b0r1 in source
Ignoring sky130_osu_ring_oscillator_mpr2ea_8_b0r2 in layout
Ignoring sky130_osu_ring_oscillator_mpr2ea_8_b0r2 in source
Ignoring sky130_osu_ring_oscillator_mpr2et_8_b0r1 in layout
Ignoring sky130_osu_ring_oscillator_mpr2et_8_b0r1 in source
Ignoring sky130_osu_ring_oscillator_mpr2et_8_b0r2 in layout
Ignoring sky130_osu_ring_oscillator_mpr2et_8_b0r2 in source
Ignoring sky130_osu_ring_oscillator_mpr2xa_8_b0r1 in layout
Ignoring sky130_osu_ring_oscillator_mpr2xa_8_b0r1 in source
Ignoring sky130_osu_ring_oscillator_mpr2xa_8_b0r2 in layout
Ignoring sky130_osu_ring_oscillator_mpr2xa_8_b0r2 in source
Ignoring sky130_osu_sc_12T_hs__inv_1 in layout
Ignoring sky130_osu_sc_12T_hs__inv_1 in source
Ignoring sky130_osu_sc_12T_hs__mux2_1 in layout
Ignoring sky130_osu_sc_12T_hs__mux2_1 in source
Ignoring sky130_osu_single_mpr2ca_8_b0r1 in layout
Ignoring sky130_osu_single_mpr2ca_8_b0r1 in source
Ignoring sky130_osu_single_mpr2ca_8_b0r2 in layout
Ignoring sky130_osu_single_mpr2ca_8_b0r2 in source
Ignoring sky130_osu_single_mpr2ct_8_b0r1 in layout
Ignoring sky130_osu_single_mpr2ct_8_b0r1 in source
Ignoring sky130_osu_single_mpr2ct_8_b0r2 in layout
Ignoring sky130_osu_single_mpr2ct_8_b0r2 in source
Ignoring sky130_osu_single_mpr2ea_8_b0r1 in layout
Ignoring sky130_osu_single_mpr2ea_8_b0r1 in source
Ignoring sky130_osu_single_mpr2ea_8_b0r2 in layout
Ignoring sky130_osu_single_mpr2ea_8_b0r2 in source
Ignoring sky130_osu_single_mpr2et_8_b0r1 in layout
Ignoring sky130_osu_single_mpr2et_8_b0r1 in source
Ignoring sky130_osu_single_mpr2et_8_b0r2 in layout
Ignoring sky130_osu_single_mpr2et_8_b0r2 in source
Ignoring sky130_osu_single_mpr2xa_8_b0r1 in layout
Ignoring sky130_osu_single_mpr2xa_8_b0r1 in source
Ignoring sky130_osu_single_mpr2xa_8_b0r2 in layout
Ignoring sky130_osu_single_mpr2xa_8_b0r2 in source
Comparison output logged to file /home/lburleson/OSU/google_ring_oscillator/caravel/precheck_results/12_MAY_2024___21_46_22/tmp/lvs.report
Logging to file "/home/lburleson/OSU/google_ring_oscillator/caravel/precheck_results/12_MAY_2024___21_46_22/tmp/lvs.report" enabled
Circuit sky130_fd_pr__pfet_01v8_hvt contains no devices.
Circuit sky130_fd_pr__nfet_01v8 contains no devices.

Contents of circuit 1:  Circuit: 'sky130_ef_sc_hd__decap_12'
Circuit sky130_ef_sc_hd__decap_12 contains 2 device instances.
  Class: sky130_fd_pr__nfet_01v8 instances:   1
  Class: sky130_fd_pr__pfet_01v8_hvt instances:   1
Circuit contains 4 nets.
Contents of circuit 2:  Circuit: 'sky130_ef_sc_hd__decap_12'
Circuit sky130_ef_sc_hd__decap_12 contains 0 device instances.
Circuit contains 0 nets, and 4 disconnected pins.

Circuit sky130_ef_sc_hd__decap_12 contains no devices.

Contents of circuit 1:  Circuit: 'sky130_fd_sc_hd__decap_4'
Circuit sky130_fd_sc_hd__decap_4 contains 2 device instances.
  Class: sky130_fd_pr__nfet_01v8 instances:   1
  Class: sky130_fd_pr__pfet_01v8_hvt instances:   1
Circuit contains 4 nets.
Contents of circuit 2:  Circuit: 'sky130_fd_sc_hd__decap_4'
Circuit sky130_fd_sc_hd__decap_4 contains 0 device instances.
Circuit contains 0 nets, and 4 disconnected pins.

Circuit sky130_fd_sc_hd__decap_4 contains no devices.

Contents of circuit 1:  Circuit: 'sky130_fd_sc_hd__buf_12'
Circuit sky130_fd_sc_hd__buf_12 contains 4 device instances.
  Class: sky130_fd_pr__nfet_01v8 instances:   2
  Class: sky130_fd_pr__pfet_01v8_hvt instances:   2
Circuit contains 7 nets.
Contents of circuit 2:  Circuit: 'sky130_fd_sc_hd__buf_12'
Circuit sky130_fd_sc_hd__buf_12 contains 0 device instances.
Circuit contains 0 nets, and 6 disconnected pins.

Circuit sky130_fd_sc_hd__buf_12 contains no devices.

Contents of circuit 1:  Circuit: 'sky130_fd_sc_hd__decap_3'
Circuit sky130_fd_sc_hd__decap_3 contains 2 device instances.
  Class: sky130_fd_pr__nfet_01v8 instances:   1
  Class: sky130_fd_pr__pfet_01v8_hvt instances:   1
Circuit contains 4 nets.
Contents of circuit 2:  Circuit: 'sky130_fd_sc_hd__decap_3'
Circuit sky130_fd_sc_hd__decap_3 contains 0 device instances.
Circuit contains 0 nets, and 4 disconnected pins.

Circuit sky130_fd_sc_hd__decap_3 contains no devices.

Contents of circuit 1:  Circuit: 'sky130_fd_sc_hd__decap_6'
Circuit sky130_fd_sc_hd__decap_6 contains 2 device instances.
  Class: sky130_fd_pr__nfet_01v8 instances:   1
  Class: sky130_fd_pr__pfet_01v8_hvt instances:   1
Circuit contains 4 nets.
Contents of circuit 2:  Circuit: 'sky130_fd_sc_hd__decap_6'
Circuit sky130_fd_sc_hd__decap_6 contains 0 device instances.
Circuit contains 0 nets, and 4 disconnected pins.

Circuit sky130_fd_sc_hd__decap_6 contains no devices.

Contents of circuit 1:  Circuit: 'sky130_fd_sc_hd__fill_1'
Circuit sky130_fd_sc_hd__fill_1 contains 0 device instances.
Circuit contains 0 nets, and 4 disconnected pins.
Contents of circuit 2:  Circuit: 'sky130_fd_sc_hd__fill_1'
Circuit sky130_fd_sc_hd__fill_1 contains 0 device instances.
Circuit contains 0 nets, and 4 disconnected pins.

Circuit sky130_fd_sc_hd__fill_1 contains no devices.

Contents of circuit 1:  Circuit: 'sky130_fd_sc_hd__fill_2'
Circuit sky130_fd_sc_hd__fill_2 contains 0 device instances.
Circuit contains 0 nets, and 4 disconnected pins.
Contents of circuit 2:  Circuit: 'sky130_fd_sc_hd__fill_2'
Circuit sky130_fd_sc_hd__fill_2 contains 0 device instances.
Circuit contains 0 nets, and 4 disconnected pins.

Circuit sky130_fd_sc_hd__fill_2 contains no devices.

Contents of circuit 1:  Circuit: 'sky130_fd_sc_hd__decap_8'
Circuit sky130_fd_sc_hd__decap_8 contains 2 device instances.
  Class: sky130_fd_pr__nfet_01v8 instances:   1
  Class: sky130_fd_pr__pfet_01v8_hvt instances:   1
Circuit contains 4 nets.
Contents of circuit 2:  Circuit: 'sky130_fd_sc_hd__decap_8'
Circuit sky130_fd_sc_hd__decap_8 contains 0 device instances.
Circuit contains 0 nets, and 4 disconnected pins.

Circuit sky130_fd_sc_hd__decap_8 contains no devices.

Contents of circuit 1:  Circuit: 'sky130_fd_sc_hd__a21oi_2'
Circuit sky130_fd_sc_hd__a21oi_2 contains 8 device instances.
  Class: sky130_fd_pr__nfet_01v8 instances:   5
  Class: sky130_fd_pr__pfet_01v8_hvt instances:   3
Circuit contains 11 nets.
Contents of circuit 2:  Circuit: 'sky130_fd_sc_hd__a21oi_2'
Circuit sky130_fd_sc_hd__a21oi_2 contains 0 device instances.
Circuit contains 0 nets, and 8 disconnected pins.

Circuit sky130_fd_sc_hd__a21oi_2 contains no devices.

Contents of circuit 1:  Circuit: 'sky130_fd_sc_hd__nor2_1'
Circuit sky130_fd_sc_hd__nor2_1 contains 4 device instances.
  Class: sky130_fd_pr__nfet_01v8 instances:   2
  Class: sky130_fd_pr__pfet_01v8_hvt instances:   2
Circuit contains 8 nets.
Contents of circuit 2:  Circuit: 'sky130_fd_sc_hd__nor2_1'
Circuit sky130_fd_sc_hd__nor2_1 contains 0 device instances.
Circuit contains 0 nets, and 7 disconnected pins.

Circuit sky130_fd_sc_hd__nor2_1 contains no devices.

Contents of circuit 1:  Circuit: 'sky130_fd_sc_hd__mux2_1'
Circuit sky130_fd_sc_hd__mux2_1 contains 12 device instances.
  Class: sky130_fd_pr__nfet_01v8 instances:   6
  Class: sky130_fd_pr__pfet_01v8_hvt instances:   6
Circuit contains 14 nets.
Contents of circuit 2:  Circuit: 'sky130_fd_sc_hd__mux2_1'
Circuit sky130_fd_sc_hd__mux2_1 contains 0 device instances.
Circuit contains 0 nets, and 8 disconnected pins.

Circuit sky130_fd_sc_hd__mux2_1 contains no devices.

Contents of circuit 1:  Circuit: 'sky130_fd_sc_hd__mux4_1'
Circuit sky130_fd_sc_hd__mux4_1 contains 26 device instances.
  Class: sky130_fd_pr__nfet_01v8 instances:  13
  Class: sky130_fd_pr__pfet_01v8_hvt instances:  13
Circuit contains 24 nets.
Contents of circuit 2:  Circuit: 'sky130_fd_sc_hd__mux4_1'
Circuit sky130_fd_sc_hd__mux4_1 contains 0 device instances.
Circuit contains 0 nets, and 11 disconnected pins.

Circuit sky130_fd_sc_hd__mux4_1 contains no devices.

Contents of circuit 1:  Circuit: 'sky130_fd_sc_hd__a41o_1'
Circuit sky130_fd_sc_hd__a41o_1 contains 12 device instances.
  Class: sky130_fd_pr__nfet_01v8 instances:   6
  Class: sky130_fd_pr__pfet_01v8_hvt instances:   6
Circuit contains 15 nets.
Contents of circuit 2:  Circuit: 'sky130_fd_sc_hd__a41o_1'
Circuit sky130_fd_sc_hd__a41o_1 contains 0 device instances.
Circuit contains 0 nets, and 10 disconnected pins.

Circuit sky130_fd_sc_hd__a41o_1 contains no devices.

Contents of circuit 1:  Circuit: 'sky130_fd_sc_hd__or3b_1'
Circuit sky130_fd_sc_hd__or3b_1 contains 10 device instances.
  Class: sky130_fd_pr__nfet_01v8 instances:   5
  Class: sky130_fd_pr__pfet_01v8_hvt instances:   5
Circuit contains 12 nets.
Contents of circuit 2:  Circuit: 'sky130_fd_sc_hd__or3b_1'
Circuit sky130_fd_sc_hd__or3b_1 contains 0 device instances.
Circuit contains 0 nets, and 8 disconnected pins.

Circuit sky130_fd_sc_hd__or3b_1 contains no devices.

Contents of circuit 1:  Circuit: 'sky130_fd_sc_hd__clkbuf_1'
Circuit sky130_fd_sc_hd__clkbuf_1 contains 4 device instances.
  Class: sky130_fd_pr__nfet_01v8 instances:   2
  Class: sky130_fd_pr__pfet_01v8_hvt instances:   2
Circuit contains 7 nets.
Contents of circuit 2:  Circuit: 'sky130_fd_sc_hd__clkbuf_1'
Circuit sky130_fd_sc_hd__clkbuf_1 contains 0 device instances.
Circuit contains 0 nets, and 6 disconnected pins.

Circuit sky130_fd_sc_hd__clkbuf_1 contains no devices.

Contents of circuit 1:  Circuit: 'sky130_fd_sc_hd__tapvpwrvgnd_1'
Circuit sky130_fd_sc_hd__tapvpwrvgnd_1 contains 0 device instances.
Circuit contains 0 nets, and 2 disconnected pins.
Contents of circuit 2:  Circuit: 'sky130_fd_sc_hd__tapvpwrvgnd_1'
Circuit sky130_fd_sc_hd__tapvpwrvgnd_1 contains 0 device instances.
Circuit contains 0 nets, and 2 disconnected pins.

Circuit sky130_fd_sc_hd__tapvpwrvgnd_1 contains no devices.

Contents of circuit 1:  Circuit: 'sky130_fd_sc_hd__buf_1'
Circuit sky130_fd_sc_hd__buf_1 contains 4 device instances.
  Class: sky130_fd_pr__nfet_01v8 instances:   2
  Class: sky130_fd_pr__pfet_01v8_hvt instances:   2
Circuit contains 7 nets.
Contents of circuit 2:  Circuit: 'sky130_fd_sc_hd__buf_1'
Circuit sky130_fd_sc_hd__buf_1 contains 0 device instances.
Circuit contains 0 nets, and 6 disconnected pins.

Circuit sky130_fd_sc_hd__buf_1 contains no devices.

Contents of circuit 1:  Circuit: 'sky130_fd_sc_hd__nand3b_1'
Circuit sky130_fd_sc_hd__nand3b_1 contains 8 device instances.
  Class: sky130_fd_pr__nfet_01v8 instances:   4
  Class: sky130_fd_pr__pfet_01v8_hvt instances:   4
Circuit contains 11 nets.
Contents of circuit 2:  Circuit: 'sky130_fd_sc_hd__nand3b_1'
Circuit sky130_fd_sc_hd__nand3b_1 contains 0 device instances.
Circuit contains 0 nets, and 8 disconnected pins.

Circuit sky130_fd_sc_hd__nand3b_1 contains no devices.

Contents of circuit 1:  Circuit: 'sky130_fd_sc_hd__nand2_1'
Circuit sky130_fd_sc_hd__nand2_1 contains 4 device instances.
  Class: sky130_fd_pr__nfet_01v8 instances:   2
  Class: sky130_fd_pr__pfet_01v8_hvt instances:   2
Circuit contains 8 nets.
Contents of circuit 2:  Circuit: 'sky130_fd_sc_hd__nand2_1'
Circuit sky130_fd_sc_hd__nand2_1 contains 0 device instances.
Circuit contains 0 nets, and 7 disconnected pins.

Circuit sky130_fd_sc_hd__nand2_1 contains no devices.

Contents of circuit 1:  Circuit: 'sky130_fd_sc_hd__clkbuf_2'
Circuit sky130_fd_sc_hd__clkbuf_2 contains 4 device instances.
  Class: sky130_fd_pr__nfet_01v8 instances:   2
  Class: sky130_fd_pr__pfet_01v8_hvt instances:   2
Circuit contains 7 nets.
Contents of circuit 2:  Circuit: 'sky130_fd_sc_hd__clkbuf_2'
Circuit sky130_fd_sc_hd__clkbuf_2 contains 0 device instances.
Circuit contains 0 nets, and 6 disconnected pins.

Circuit sky130_fd_sc_hd__clkbuf_2 contains no devices.

Contents of circuit 1:  Circuit: 'sky130_fd_sc_hd__a2111oi_1'
Circuit sky130_fd_sc_hd__a2111oi_1 contains 10 device instances.
  Class: sky130_fd_pr__nfet_01v8 instances:   5
  Class: sky130_fd_pr__pfet_01v8_hvt instances:   5
Circuit contains 14 nets.
Contents of circuit 2:  Circuit: 'sky130_fd_sc_hd__a2111oi_1'
Circuit sky130_fd_sc_hd__a2111oi_1 contains 0 device instances.
Circuit contains 0 nets, and 10 disconnected pins.

Circuit sky130_fd_sc_hd__a2111oi_1 contains no devices.

Contents of circuit 1:  Circuit: 'sky130_fd_sc_hd__nor3b_1'
Circuit sky130_fd_sc_hd__nor3b_1 contains 8 device instances.
  Class: sky130_fd_pr__nfet_01v8 instances:   4
  Class: sky130_fd_pr__pfet_01v8_hvt instances:   4
Circuit contains 11 nets.
Contents of circuit 2:  Circuit: 'sky130_fd_sc_hd__nor3b_1'
Circuit sky130_fd_sc_hd__nor3b_1 contains 0 device instances.
Circuit contains 0 nets, and 8 disconnected pins.

Circuit sky130_fd_sc_hd__nor3b_1 contains no devices.

Contents of circuit 1:  Circuit: 'sky130_fd_sc_hd__buf_2'
Circuit sky130_fd_sc_hd__buf_2 contains 4 device instances.
  Class: sky130_fd_pr__nfet_01v8 instances:   2
  Class: sky130_fd_pr__pfet_01v8_hvt instances:   2
Circuit contains 7 nets.
Contents of circuit 2:  Circuit: 'sky130_fd_sc_hd__buf_2'
Circuit sky130_fd_sc_hd__buf_2 contains 0 device instances.
Circuit contains 0 nets, and 6 disconnected pins.

Circuit sky130_fd_sc_hd__buf_2 contains no devices.

Contents of circuit 1:  Circuit: 'sky130_fd_sc_hd__and3b_1'
Circuit sky130_fd_sc_hd__and3b_1 contains 10 device instances.
  Class: sky130_fd_pr__nfet_01v8 instances:   5
  Class: sky130_fd_pr__pfet_01v8_hvt instances:   5
Circuit contains 12 nets.
Contents of circuit 2:  Circuit: 'sky130_fd_sc_hd__and3b_1'
Circuit sky130_fd_sc_hd__and3b_1 contains 0 device instances.
Circuit contains 0 nets, and 8 disconnected pins.

Circuit sky130_fd_sc_hd__and3b_1 contains no devices.

Contents of circuit 1:  Circuit: 'sky130_fd_sc_hd__conb_1'
Circuit sky130_fd_sc_hd__conb_1 contains 2 device instances.
  Class: sky130_fd_pr__res_generic_po instances:   2
Circuit contains 4 nets, and 2 disconnected pins.
Contents of circuit 2:  Circuit: 'sky130_fd_sc_hd__conb_1'
Circuit sky130_fd_sc_hd__conb_1 contains 2 device instances.
  Class: sky130_fd_pr__res_generic_po instances:   2
Circuit contains 4 nets, and 2 disconnected pins.

Circuit 1 contains 2 devices, Circuit 2 contains 2 devices.
Circuit 1 contains 4 nets,    Circuit 2 contains 4 nets.


Contents of circuit 1:  Circuit: 'mux16x1_project'
Circuit mux16x1_project contains 369 device instances.
  Class: sky130_fd_sc_hd__a41o_1 instances:   1
  Class: sky130_fd_sc_hd__buf_1 instances:   1
  Class: sky130_fd_sc_hd__buf_2 instances:   1
  Class: sky130_fd_sc_hd__and3b_1 instances:   1
  Class: sky130_fd_sc_hd__mux4_1 instances:   2
  Class: sky130_ef_sc_hd__decap_12 instances: 165
  Class: sky130_fd_sc_hd__clkbuf_1 instances:  16
  Class: sky130_fd_sc_hd__clkbuf_2 instances:   2
  Class: sky130_fd_sc_hd__buf_12 instances:   1
  Class: sky130_fd_sc_hd__decap_3 instances:  70
  Class: sky130_fd_sc_hd__decap_4 instances:  20
  Class: sky130_fd_sc_hd__decap_6 instances:   5
  Class: sky130_fd_sc_hd__decap_8 instances:  14
  Class: sky130_fd_sc_hd__a2111oi_1 instances:   1
  Class: sky130_fd_sc_hd__nand2_1 instances:   1
  Class: sky130_fd_sc_hd__nand3b_1 instances:   1
  Class: sky130_fd_sc_hd__mux2_1 instances:   3
  Class: sky130_fd_sc_hd__nor3b_1 instances:   1
  Class: sky130_fd_sc_hd__or3b_1 instances:   1
  Class: sky130_fd_sc_hd__tapvpwrvgnd_1 instances:  34
  Class: sky130_fd_sc_hd__a21oi_2 instances:   1
  Class: sky130_fd_sc_hd__fill_1 instances:  13
  Class: sky130_fd_sc_hd__fill_2 instances:  13
  Class: sky130_fd_sc_hd__nor2_1 instances:   1
Circuit contains 57 nets.
Contents of circuit 2:  Circuit: 'mux16x1_project'
Circuit mux16x1_project contains 0 device instances.
Circuit contains 0 nets, and 23 disconnected pins.

Flattened mismatched instances and attempting compare again.

Contents of circuit 1:  Circuit: 'mux16x1_project'
Circuit mux16x1_project contains 794 device instances.
  Class: sky130_fd_pr__nfet_01v8 instances: 398
  Class: sky130_fd_pr__pfet_01v8_hvt instances: 396
Circuit contains 150 nets.
Contents of circuit 2:  Circuit: 'mux16x1_project'
Circuit mux16x1_project contains 0 device instances.
Circuit contains 0 nets, and 23 disconnected pins.

Circuit mux16x1_project contains no devices.

Contents of circuit 1:  Circuit: 'user_project_wrapper'
Circuit user_project_wrapper contains 50 device instances.
  Class: sky130_fd_sc_hd__conb_1 instances:  45
  Class: mux16x1_project       instances:   5
Circuit contains 151 nets, and 619 disconnected pins.
Contents of circuit 2:  Circuit: 'user_project_wrapper'
Circuit user_project_wrapper contains 50 device instances.
  Class: sky130_fd_sc_hd__conb_1 instances:  45
  Class: mux16x1_project       instances:   5
Circuit contains 181 nets, and 619 disconnected pins.

Circuit 1 contains 50 devices, Circuit 2 contains 50 devices.
Circuit 1 contains 151 nets,    Circuit 2 contains 181 nets. *** MISMATCH ***


Final result: 
Top level cell failed pin matching.

Logging to file "/home/lburleson/OSU/google_ring_oscillator/caravel/precheck_results/12_MAY_2024___21_46_22/tmp/lvs.report" disabled
LVS Done.
Warning: device level LVS may be incomplete because 27 cell(s) was/were ignored: see /home/lburleson/OSU/google_ring_oscillator/caravel/precheck_results/12_MAY_2024___21_46_22/tmp/ignore.glob
END: Sun 12 May 2024 09:47:12 PM UTC
Runtime: 0:00:01 (hh:mm:ss)
