BEGIN: Sun 12 May 2024 09:47:09 PM UTC
Netgen 1.5.254 compiled on Tue Apr 16 18:21:46 UTC 2024
Warning: netgen command 'format' use fully-qualified name '::netgen::format'
Warning: netgen command 'global' use fully-qualified name '::netgen::global'
Reading netlist file /home/lburleson/OSU/google_ring_oscillator/caravel/precheck_results/12_MAY_2024___21_46_22/tmp/ext/user_project_wrapper.gds.nowell.spice
Call to undefined subcircuit sky130_fd_pr__pfet_01v8_hvt
Creating placeholder cell definition.
Call to undefined subcircuit sky130_fd_pr__nfet_01v8
Creating placeholder cell definition.
Call to undefined subcircuit sky130_fd_pr__pfet_01v8
Creating placeholder cell definition.
Call to undefined subcircuit sky130_fd_pr__nfet_01v8_lvt
Creating placeholder cell definition.
Reading netlist file /home/lburleson/OSU/google_ring_oscillator/caravel/precheck_results/12_MAY_2024___21_46_22/tmp/nowell.ext/user_project_wrapper.gds.nowell.spice
Call to undefined subcircuit sky130_fd_pr__pfet_01v8_hvt
Creating placeholder cell definition.
Call to undefined subcircuit sky130_fd_pr__nfet_01v8
Creating placeholder cell definition.
Call to undefined subcircuit sky130_fd_pr__pfet_01v8
Creating placeholder cell definition.
Call to undefined subcircuit sky130_fd_pr__nfet_01v8_lvt
Creating placeholder cell definition.

Reading setup file /opt/share/pdk/sky130A/libs.tech/netgen/sky130A_setup.tcl

Model sky130_fd_pr__res_generic_po pin end_a == end_b
No property mult found for device sky130_fd_pr__res_generic_po
Model sky130_fd_pr__res_generic_po pin end_a == end_b
No property mult found for device sky130_fd_pr__res_generic_po
Model sky130_fd_pr__nfet_01v8 pin 1 == 3
No property mult found for device sky130_fd_pr__nfet_01v8
No property sa found for device sky130_fd_pr__nfet_01v8
No property sb found for device sky130_fd_pr__nfet_01v8
No property sd found for device sky130_fd_pr__nfet_01v8
No property nf found for device sky130_fd_pr__nfet_01v8
No property nrd found for device sky130_fd_pr__nfet_01v8
No property nrs found for device sky130_fd_pr__nfet_01v8
No property area found for device sky130_fd_pr__nfet_01v8
No property perim found for device sky130_fd_pr__nfet_01v8
No property topography found for device sky130_fd_pr__nfet_01v8
Model sky130_fd_pr__nfet_01v8 pin 1 == 3
No property mult found for device sky130_fd_pr__nfet_01v8
No property sa found for device sky130_fd_pr__nfet_01v8
No property sb found for device sky130_fd_pr__nfet_01v8
No property sd found for device sky130_fd_pr__nfet_01v8
No property nf found for device sky130_fd_pr__nfet_01v8
No property nrd found for device sky130_fd_pr__nfet_01v8
No property nrs found for device sky130_fd_pr__nfet_01v8
No property area found for device sky130_fd_pr__nfet_01v8
No property perim found for device sky130_fd_pr__nfet_01v8
No property topography found for device sky130_fd_pr__nfet_01v8
Model sky130_fd_pr__nfet_01v8_lvt pin 1 == 3
No property mult found for device sky130_fd_pr__nfet_01v8_lvt
No property sa found for device sky130_fd_pr__nfet_01v8_lvt
No property sb found for device sky130_fd_pr__nfet_01v8_lvt
No property sd found for device sky130_fd_pr__nfet_01v8_lvt
No property nf found for device sky130_fd_pr__nfet_01v8_lvt
No property nrd found for device sky130_fd_pr__nfet_01v8_lvt
No property nrs found for device sky130_fd_pr__nfet_01v8_lvt
No property area found for device sky130_fd_pr__nfet_01v8_lvt
No property perim found for device sky130_fd_pr__nfet_01v8_lvt
No property topography found for device sky130_fd_pr__nfet_01v8_lvt
Model sky130_fd_pr__nfet_01v8_lvt pin 1 == 3
No property mult found for device sky130_fd_pr__nfet_01v8_lvt
No property sa found for device sky130_fd_pr__nfet_01v8_lvt
No property sb found for device sky130_fd_pr__nfet_01v8_lvt
No property sd found for device sky130_fd_pr__nfet_01v8_lvt
No property nf found for device sky130_fd_pr__nfet_01v8_lvt
No property nrd found for device sky130_fd_pr__nfet_01v8_lvt
No property nrs found for device sky130_fd_pr__nfet_01v8_lvt
No property area found for device sky130_fd_pr__nfet_01v8_lvt
No property perim found for device sky130_fd_pr__nfet_01v8_lvt
No property topography found for device sky130_fd_pr__nfet_01v8_lvt
Model sky130_fd_pr__pfet_01v8 pin 1 == 3
No property mult found for device sky130_fd_pr__pfet_01v8
No property sa found for device sky130_fd_pr__pfet_01v8
No property sb found for device sky130_fd_pr__pfet_01v8
No property sd found for device sky130_fd_pr__pfet_01v8
No property nf found for device sky130_fd_pr__pfet_01v8
No property nrd found for device sky130_fd_pr__pfet_01v8
No property nrs found for device sky130_fd_pr__pfet_01v8
No property area found for device sky130_fd_pr__pfet_01v8
No property perim found for device sky130_fd_pr__pfet_01v8
No property topography found for device sky130_fd_pr__pfet_01v8
Model sky130_fd_pr__pfet_01v8 pin 1 == 3
No property mult found for device sky130_fd_pr__pfet_01v8
No property sa found for device sky130_fd_pr__pfet_01v8
No property sb found for device sky130_fd_pr__pfet_01v8
No property sd found for device sky130_fd_pr__pfet_01v8
No property nf found for device sky130_fd_pr__pfet_01v8
No property nrd found for device sky130_fd_pr__pfet_01v8
No property nrs found for device sky130_fd_pr__pfet_01v8
No property area found for device sky130_fd_pr__pfet_01v8
No property perim found for device sky130_fd_pr__pfet_01v8
No property topography found for device sky130_fd_pr__pfet_01v8
Model sky130_fd_pr__pfet_01v8_hvt pin 1 == 3
No property mult found for device sky130_fd_pr__pfet_01v8_hvt
No property sa found for device sky130_fd_pr__pfet_01v8_hvt
No property sb found for device sky130_fd_pr__pfet_01v8_hvt
No property sd found for device sky130_fd_pr__pfet_01v8_hvt
No property nf found for device sky130_fd_pr__pfet_01v8_hvt
No property nrd found for device sky130_fd_pr__pfet_01v8_hvt
No property nrs found for device sky130_fd_pr__pfet_01v8_hvt
No property area found for device sky130_fd_pr__pfet_01v8_hvt
No property perim found for device sky130_fd_pr__pfet_01v8_hvt
No property topography found for device sky130_fd_pr__pfet_01v8_hvt
Model sky130_fd_pr__pfet_01v8_hvt pin 1 == 3
No property mult found for device sky130_fd_pr__pfet_01v8_hvt
No property sa found for device sky130_fd_pr__pfet_01v8_hvt
No property sb found for device sky130_fd_pr__pfet_01v8_hvt
No property sd found for device sky130_fd_pr__pfet_01v8_hvt
No property nf found for device sky130_fd_pr__pfet_01v8_hvt
No property nrd found for device sky130_fd_pr__pfet_01v8_hvt
No property nrs found for device sky130_fd_pr__pfet_01v8_hvt
No property area found for device sky130_fd_pr__pfet_01v8_hvt
No property perim found for device sky130_fd_pr__pfet_01v8_hvt
No property topography found for device sky130_fd_pr__pfet_01v8_hvt
Comparison output logged to file /home/lburleson/OSU/google_ring_oscillator/caravel/precheck_results/12_MAY_2024___21_46_22/tmp/soft.report
Logging to file "/home/lburleson/OSU/google_ring_oscillator/caravel/precheck_results/12_MAY_2024___21_46_22/tmp/soft.report" enabled
Circuit sky130_fd_pr__pfet_01v8 contains no devices.
Circuit sky130_fd_pr__nfet_01v8_lvt contains no devices.
Circuit sky130_fd_pr__nfet_01v8 contains no devices.
Circuit sky130_fd_pr__pfet_01v8_hvt contains no devices.

Contents of circuit 1:  Circuit: 'sky130_osu_sc_12T_hs__mux2_1'
Circuit sky130_osu_sc_12T_hs__mux2_1 contains 6 device instances.
  Class: sky130_fd_pr__nfet_01v8_lvt instances:   3
  Class: sky130_fd_pr__pfet_01v8 instances:   3
Circuit contains 10 nets.
Contents of circuit 2:  Circuit: 'sky130_osu_sc_12T_hs__mux2_1'
Circuit sky130_osu_sc_12T_hs__mux2_1 contains 6 device instances.
  Class: sky130_fd_pr__nfet_01v8_lvt instances:   3
  Class: sky130_fd_pr__pfet_01v8 instances:   3
Circuit contains 7 nets.

Circuit 1 contains 6 devices, Circuit 2 contains 6 devices.
Circuit 1 contains 10 nets,    Circuit 2 contains 7 nets. *** MISMATCH ***

  Flattening non-matched subcircuits sky130_osu_sc_12T_hs__mux2_1 sky130_osu_sc_12T_hs__mux2_1

Flattening instances of sky130_osu_sc_12T_hs__mux2_1 in file /home/lburleson/OSU/google_ring_oscillator/caravel/precheck_results/12_MAY_2024___21_46_22/tmp/ext/user_project_wrapper.gds.nowell.spice
Flattening instances of sky130_osu_sc_12T_hs__mux2_1 in file /home/lburleson/OSU/google_ring_oscillator/caravel/precheck_results/12_MAY_2024___21_46_22/tmp/nowell.ext/user_project_wrapper.gds.nowell.spice

Contents of circuit 1:  Circuit: 'scs130hd_mpr2ca_8'
Circuit scs130hd_mpr2ca_8 contains 36 device instances.
  Class: sky130_fd_pr__nfet_01v8 instances:  18
  Class: sky130_fd_pr__pfet_01v8_hvt instances:  18
Circuit contains 61 nets.
Contents of circuit 2:  Circuit: 'scs130hd_mpr2ca_8'
Circuit scs130hd_mpr2ca_8 contains 36 device instances.
  Class: sky130_fd_pr__nfet_01v8 instances:  18
  Class: sky130_fd_pr__pfet_01v8_hvt instances:  18
Circuit contains 27 nets.

Circuit 1 contains 36 devices, Circuit 2 contains 36 devices.
Circuit 1 contains 61 nets,    Circuit 2 contains 27 nets. *** MISMATCH ***

  Flattening non-matched subcircuits scs130hd_mpr2ca_8 scs130hd_mpr2ca_8

Flattening instances of scs130hd_mpr2ca_8 in file /home/lburleson/OSU/google_ring_oscillator/caravel/precheck_results/12_MAY_2024___21_46_22/tmp/ext/user_project_wrapper.gds.nowell.spice
Flattening instances of scs130hd_mpr2ca_8 in file /home/lburleson/OSU/google_ring_oscillator/caravel/precheck_results/12_MAY_2024___21_46_22/tmp/nowell.ext/user_project_wrapper.gds.nowell.spice

Contents of circuit 1:  Circuit: 'sky130_osu_sc_12T_hs__inv_1'
Circuit sky130_osu_sc_12T_hs__inv_1 contains 2 device instances.
  Class: sky130_fd_pr__nfet_01v8_lvt instances:   1
  Class: sky130_fd_pr__pfet_01v8 instances:   1
Circuit contains 5 nets, and 1 disconnected pin.
Contents of circuit 2:  Circuit: 'sky130_osu_sc_12T_hs__inv_1'
Circuit sky130_osu_sc_12T_hs__inv_1 contains 2 device instances.
  Class: sky130_fd_pr__nfet_01v8_lvt instances:   1
  Class: sky130_fd_pr__pfet_01v8 instances:   1
Circuit contains 4 nets.

Circuit 1 contains 2 devices, Circuit 2 contains 2 devices.
Circuit 1 contains 5 nets,    Circuit 2 contains 4 nets. *** MISMATCH ***

  Flattening non-matched subcircuits sky130_osu_sc_12T_hs__inv_1 sky130_osu_sc_12T_hs__inv_1

Flattening instances of sky130_osu_sc_12T_hs__inv_1 in file /home/lburleson/OSU/google_ring_oscillator/caravel/precheck_results/12_MAY_2024___21_46_22/tmp/ext/user_project_wrapper.gds.nowell.spice
Flattening instances of sky130_osu_sc_12T_hs__inv_1 in file /home/lburleson/OSU/google_ring_oscillator/caravel/precheck_results/12_MAY_2024___21_46_22/tmp/nowell.ext/user_project_wrapper.gds.nowell.spice

Contents of circuit 1:  Circuit: 'scs130hd_mpr2xa_8'
Circuit scs130hd_mpr2xa_8 contains 29 device instances.
  Class: sky130_fd_pr__nfet_01v8 instances:  15
  Class: sky130_fd_pr__pfet_01v8 instances:  14
Circuit contains 49 nets.
Contents of circuit 2:  Circuit: 'scs130hd_mpr2xa_8'
Circuit scs130hd_mpr2xa_8 contains 29 device instances.
  Class: sky130_fd_pr__nfet_01v8 instances:  15
  Class: sky130_fd_pr__pfet_01v8 instances:  14
Circuit contains 22 nets.

Circuit 1 contains 29 devices, Circuit 2 contains 29 devices.
Circuit 1 contains 49 nets,    Circuit 2 contains 22 nets. *** MISMATCH ***

  Flattening non-matched subcircuits scs130hd_mpr2xa_8 scs130hd_mpr2xa_8

Flattening instances of scs130hd_mpr2xa_8 in file /home/lburleson/OSU/google_ring_oscillator/caravel/precheck_results/12_MAY_2024___21_46_22/tmp/ext/user_project_wrapper.gds.nowell.spice
Flattening instances of scs130hd_mpr2xa_8 in file /home/lburleson/OSU/google_ring_oscillator/caravel/precheck_results/12_MAY_2024___21_46_22/tmp/nowell.ext/user_project_wrapper.gds.nowell.spice

Contents of circuit 1:  Circuit: 'scs130hd_mpr2ct_8'
Circuit scs130hd_mpr2ct_8 contains 36 device instances.
  Class: sky130_fd_pr__nfet_01v8 instances:  18
  Class: sky130_fd_pr__pfet_01v8_hvt instances:  18
Circuit contains 61 nets.
Contents of circuit 2:  Circuit: 'scs130hd_mpr2ct_8'
Circuit scs130hd_mpr2ct_8 contains 36 device instances.
  Class: sky130_fd_pr__nfet_01v8 instances:  18
  Class: sky130_fd_pr__pfet_01v8_hvt instances:  18
Circuit contains 27 nets.

Circuit 1 contains 36 devices, Circuit 2 contains 36 devices.
Circuit 1 contains 61 nets,    Circuit 2 contains 27 nets. *** MISMATCH ***

  Flattening non-matched subcircuits scs130hd_mpr2ct_8 scs130hd_mpr2ct_8

Flattening instances of scs130hd_mpr2ct_8 in file /home/lburleson/OSU/google_ring_oscillator/caravel/precheck_results/12_MAY_2024___21_46_22/tmp/ext/user_project_wrapper.gds.nowell.spice
Flattening instances of scs130hd_mpr2ct_8 in file /home/lburleson/OSU/google_ring_oscillator/caravel/precheck_results/12_MAY_2024___21_46_22/tmp/nowell.ext/user_project_wrapper.gds.nowell.spice

Contents of circuit 1:  Circuit: 'scs130hd_mpr2ea_8'
Circuit scs130hd_mpr2ea_8 contains 30 device instances.
  Class: sky130_fd_pr__nfet_01v8 instances:  15
  Class: sky130_fd_pr__pfet_01v8 instances:  15
Circuit contains 51 nets.
Contents of circuit 2:  Circuit: 'scs130hd_mpr2ea_8'
Circuit scs130hd_mpr2ea_8 contains 30 device instances.
  Class: sky130_fd_pr__nfet_01v8 instances:  15
  Class: sky130_fd_pr__pfet_01v8 instances:  15
Circuit contains 23 nets.

Circuit 1 contains 30 devices, Circuit 2 contains 30 devices.
Circuit 1 contains 51 nets,    Circuit 2 contains 23 nets. *** MISMATCH ***

  Flattening non-matched subcircuits scs130hd_mpr2ea_8 scs130hd_mpr2ea_8

Flattening instances of scs130hd_mpr2ea_8 in file /home/lburleson/OSU/google_ring_oscillator/caravel/precheck_results/12_MAY_2024___21_46_22/tmp/ext/user_project_wrapper.gds.nowell.spice
Flattening instances of scs130hd_mpr2ea_8 in file /home/lburleson/OSU/google_ring_oscillator/caravel/precheck_results/12_MAY_2024___21_46_22/tmp/nowell.ext/user_project_wrapper.gds.nowell.spice

Contents of circuit 1:  Circuit: 'scs130hd_mpr2et_8'
Circuit scs130hd_mpr2et_8 contains 36 device instances.
  Class: sky130_fd_pr__nfet_01v8 instances:  18
  Class: sky130_fd_pr__pfet_01v8 instances:  18
Circuit contains 60 nets.
Contents of circuit 2:  Circuit: 'scs130hd_mpr2et_8'
Circuit scs130hd_mpr2et_8 contains 36 device instances.
  Class: sky130_fd_pr__nfet_01v8 instances:  18
  Class: sky130_fd_pr__pfet_01v8 instances:  18
Circuit contains 26 nets.

Circuit 1 contains 36 devices, Circuit 2 contains 36 devices.
Circuit 1 contains 60 nets,    Circuit 2 contains 26 nets. *** MISMATCH ***

  Flattening non-matched subcircuits scs130hd_mpr2et_8 scs130hd_mpr2et_8

Flattening instances of scs130hd_mpr2et_8 in file /home/lburleson/OSU/google_ring_oscillator/caravel/precheck_results/12_MAY_2024___21_46_22/tmp/ext/user_project_wrapper.gds.nowell.spice
Flattening instances of scs130hd_mpr2et_8 in file /home/lburleson/OSU/google_ring_oscillator/caravel/precheck_results/12_MAY_2024___21_46_22/tmp/nowell.ext/user_project_wrapper.gds.nowell.spice

Contents of circuit 1:  Circuit: 'sky130_ef_sc_hd__decap_12'
Circuit sky130_ef_sc_hd__decap_12 contains 2 device instances.
  Class: sky130_fd_pr__nfet_01v8 instances:   1
  Class: sky130_fd_pr__pfet_01v8_hvt instances:   1
Circuit contains 4 nets.
Contents of circuit 2:  Circuit: 'sky130_ef_sc_hd__decap_12'
Circuit sky130_ef_sc_hd__decap_12 contains 2 device instances.
  Class: sky130_fd_pr__nfet_01v8 instances:   1
  Class: sky130_fd_pr__pfet_01v8_hvt instances:   1
Circuit contains 4 nets.

Circuit 1 contains 2 devices, Circuit 2 contains 2 devices.
Circuit 1 contains 4 nets,    Circuit 2 contains 4 nets.

  Flattening non-matched subcircuits sky130_ef_sc_hd__decap_12 sky130_ef_sc_hd__decap_12

Flattening instances of sky130_ef_sc_hd__decap_12 in file /home/lburleson/OSU/google_ring_oscillator/caravel/precheck_results/12_MAY_2024___21_46_22/tmp/ext/user_project_wrapper.gds.nowell.spice
Flattening instances of sky130_ef_sc_hd__decap_12 in file /home/lburleson/OSU/google_ring_oscillator/caravel/precheck_results/12_MAY_2024___21_46_22/tmp/nowell.ext/user_project_wrapper.gds.nowell.spice

Contents of circuit 1:  Circuit: 'sky130_fd_sc_hd__decap_4'
Circuit sky130_fd_sc_hd__decap_4 contains 2 device instances.
  Class: sky130_fd_pr__nfet_01v8 instances:   1
  Class: sky130_fd_pr__pfet_01v8_hvt instances:   1
Circuit contains 4 nets.
Contents of circuit 2:  Circuit: 'sky130_fd_sc_hd__decap_4'
Circuit sky130_fd_sc_hd__decap_4 contains 2 device instances.
  Class: sky130_fd_pr__nfet_01v8 instances:   1
  Class: sky130_fd_pr__pfet_01v8_hvt instances:   1
Circuit contains 4 nets.

Circuit 1 contains 2 devices, Circuit 2 contains 2 devices.
Circuit 1 contains 4 nets,    Circuit 2 contains 4 nets.

  Flattening non-matched subcircuits sky130_fd_sc_hd__decap_4 sky130_fd_sc_hd__decap_4

Flattening instances of sky130_fd_sc_hd__decap_4 in file /home/lburleson/OSU/google_ring_oscillator/caravel/precheck_results/12_MAY_2024___21_46_22/tmp/ext/user_project_wrapper.gds.nowell.spice
Flattening instances of sky130_fd_sc_hd__decap_4 in file /home/lburleson/OSU/google_ring_oscillator/caravel/precheck_results/12_MAY_2024___21_46_22/tmp/nowell.ext/user_project_wrapper.gds.nowell.spice

Contents of circuit 1:  Circuit: 'sky130_fd_sc_hd__buf_12'
Circuit sky130_fd_sc_hd__buf_12 contains 4 device instances.
  Class: sky130_fd_pr__nfet_01v8 instances:   2
  Class: sky130_fd_pr__pfet_01v8_hvt instances:   2
Circuit contains 9 nets.
Contents of circuit 2:  Circuit: 'sky130_fd_sc_hd__buf_12'
Circuit sky130_fd_sc_hd__buf_12 contains 4 device instances.
  Class: sky130_fd_pr__nfet_01v8 instances:   2
  Class: sky130_fd_pr__pfet_01v8_hvt instances:   2
Circuit contains 7 nets.

Circuit 1 contains 4 devices, Circuit 2 contains 4 devices.
Circuit 1 contains 9 nets,    Circuit 2 contains 7 nets. *** MISMATCH ***

  Flattening non-matched subcircuits sky130_fd_sc_hd__buf_12 sky130_fd_sc_hd__buf_12

Flattening instances of sky130_fd_sc_hd__buf_12 in file /home/lburleson/OSU/google_ring_oscillator/caravel/precheck_results/12_MAY_2024___21_46_22/tmp/ext/user_project_wrapper.gds.nowell.spice
Flattening instances of sky130_fd_sc_hd__buf_12 in file /home/lburleson/OSU/google_ring_oscillator/caravel/precheck_results/12_MAY_2024___21_46_22/tmp/nowell.ext/user_project_wrapper.gds.nowell.spice

Contents of circuit 1:  Circuit: 'sky130_fd_sc_hd__decap_3'
Circuit sky130_fd_sc_hd__decap_3 contains 2 device instances.
  Class: sky130_fd_pr__nfet_01v8 instances:   1
  Class: sky130_fd_pr__pfet_01v8_hvt instances:   1
Circuit contains 4 nets.
Contents of circuit 2:  Circuit: 'sky130_fd_sc_hd__decap_3'
Circuit sky130_fd_sc_hd__decap_3 contains 2 device instances.
  Class: sky130_fd_pr__nfet_01v8 instances:   1
  Class: sky130_fd_pr__pfet_01v8_hvt instances:   1
Circuit contains 4 nets.

Circuit 1 contains 2 devices, Circuit 2 contains 2 devices.
Circuit 1 contains 4 nets,    Circuit 2 contains 4 nets.

  Flattening non-matched subcircuits sky130_fd_sc_hd__decap_3 sky130_fd_sc_hd__decap_3

Flattening instances of sky130_fd_sc_hd__decap_3 in file /home/lburleson/OSU/google_ring_oscillator/caravel/precheck_results/12_MAY_2024___21_46_22/tmp/ext/user_project_wrapper.gds.nowell.spice
Flattening instances of sky130_fd_sc_hd__decap_3 in file /home/lburleson/OSU/google_ring_oscillator/caravel/precheck_results/12_MAY_2024___21_46_22/tmp/nowell.ext/user_project_wrapper.gds.nowell.spice

Contents of circuit 1:  Circuit: 'sky130_fd_sc_hd__decap_6'
Circuit sky130_fd_sc_hd__decap_6 contains 2 device instances.
  Class: sky130_fd_pr__nfet_01v8 instances:   1
  Class: sky130_fd_pr__pfet_01v8_hvt instances:   1
Circuit contains 4 nets.
Contents of circuit 2:  Circuit: 'sky130_fd_sc_hd__decap_6'
Circuit sky130_fd_sc_hd__decap_6 contains 2 device instances.
  Class: sky130_fd_pr__nfet_01v8 instances:   1
  Class: sky130_fd_pr__pfet_01v8_hvt instances:   1
Circuit contains 4 nets.

Circuit 1 contains 2 devices, Circuit 2 contains 2 devices.
Circuit 1 contains 4 nets,    Circuit 2 contains 4 nets.

  Flattening non-matched subcircuits sky130_fd_sc_hd__decap_6 sky130_fd_sc_hd__decap_6

Flattening instances of sky130_fd_sc_hd__decap_6 in file /home/lburleson/OSU/google_ring_oscillator/caravel/precheck_results/12_MAY_2024___21_46_22/tmp/ext/user_project_wrapper.gds.nowell.spice
Flattening instances of sky130_fd_sc_hd__decap_6 in file /home/lburleson/OSU/google_ring_oscillator/caravel/precheck_results/12_MAY_2024___21_46_22/tmp/nowell.ext/user_project_wrapper.gds.nowell.spice

Contents of circuit 1:  Circuit: 'sky130_fd_sc_hd__decap_8'
Circuit sky130_fd_sc_hd__decap_8 contains 2 device instances.
  Class: sky130_fd_pr__nfet_01v8 instances:   1
  Class: sky130_fd_pr__pfet_01v8_hvt instances:   1
Circuit contains 4 nets.
Contents of circuit 2:  Circuit: 'sky130_fd_sc_hd__decap_8'
Circuit sky130_fd_sc_hd__decap_8 contains 2 device instances.
  Class: sky130_fd_pr__nfet_01v8 instances:   1
  Class: sky130_fd_pr__pfet_01v8_hvt instances:   1
Circuit contains 4 nets.

Circuit 1 contains 2 devices, Circuit 2 contains 2 devices.
Circuit 1 contains 4 nets,    Circuit 2 contains 4 nets.

  Flattening non-matched subcircuits sky130_fd_sc_hd__decap_8 sky130_fd_sc_hd__decap_8

Flattening instances of sky130_fd_sc_hd__decap_8 in file /home/lburleson/OSU/google_ring_oscillator/caravel/precheck_results/12_MAY_2024___21_46_22/tmp/ext/user_project_wrapper.gds.nowell.spice
Flattening instances of sky130_fd_sc_hd__decap_8 in file /home/lburleson/OSU/google_ring_oscillator/caravel/precheck_results/12_MAY_2024___21_46_22/tmp/nowell.ext/user_project_wrapper.gds.nowell.spice

Contents of circuit 1:  Circuit: 'sky130_fd_sc_hd__a21oi_2'
Circuit sky130_fd_sc_hd__a21oi_2 contains 8 device instances.
  Class: sky130_fd_pr__nfet_01v8 instances:   5
  Class: sky130_fd_pr__pfet_01v8_hvt instances:   3
Circuit contains 17 nets.
Contents of circuit 2:  Circuit: 'sky130_fd_sc_hd__a21oi_2'
Circuit sky130_fd_sc_hd__a21oi_2 contains 8 device instances.
  Class: sky130_fd_pr__nfet_01v8 instances:   5
  Class: sky130_fd_pr__pfet_01v8_hvt instances:   3
Circuit contains 11 nets.

Circuit 1 contains 8 devices, Circuit 2 contains 8 devices.
Circuit 1 contains 17 nets,    Circuit 2 contains 11 nets. *** MISMATCH ***

  Flattening non-matched subcircuits sky130_fd_sc_hd__a21oi_2 sky130_fd_sc_hd__a21oi_2

Flattening instances of sky130_fd_sc_hd__a21oi_2 in file /home/lburleson/OSU/google_ring_oscillator/caravel/precheck_results/12_MAY_2024___21_46_22/tmp/ext/user_project_wrapper.gds.nowell.spice
Flattening instances of sky130_fd_sc_hd__a21oi_2 in file /home/lburleson/OSU/google_ring_oscillator/caravel/precheck_results/12_MAY_2024___21_46_22/tmp/nowell.ext/user_project_wrapper.gds.nowell.spice

Contents of circuit 1:  Circuit: 'sky130_fd_sc_hd__nor2_1'
Circuit sky130_fd_sc_hd__nor2_1 contains 4 device instances.
  Class: sky130_fd_pr__nfet_01v8 instances:   2
  Class: sky130_fd_pr__pfet_01v8_hvt instances:   2
Circuit contains 10 nets.
Contents of circuit 2:  Circuit: 'sky130_fd_sc_hd__nor2_1'
Circuit sky130_fd_sc_hd__nor2_1 contains 4 device instances.
  Class: sky130_fd_pr__nfet_01v8 instances:   2
  Class: sky130_fd_pr__pfet_01v8_hvt instances:   2
Circuit contains 8 nets.

Circuit 1 contains 4 devices, Circuit 2 contains 4 devices.
Circuit 1 contains 10 nets,    Circuit 2 contains 8 nets. *** MISMATCH ***

  Flattening non-matched subcircuits sky130_fd_sc_hd__nor2_1 sky130_fd_sc_hd__nor2_1

Flattening instances of sky130_fd_sc_hd__nor2_1 in file /home/lburleson/OSU/google_ring_oscillator/caravel/precheck_results/12_MAY_2024___21_46_22/tmp/ext/user_project_wrapper.gds.nowell.spice
Flattening instances of sky130_fd_sc_hd__nor2_1 in file /home/lburleson/OSU/google_ring_oscillator/caravel/precheck_results/12_MAY_2024___21_46_22/tmp/nowell.ext/user_project_wrapper.gds.nowell.spice

Contents of circuit 1:  Circuit: 'sky130_fd_sc_hd__mux2_1'
Circuit sky130_fd_sc_hd__mux2_1 contains 12 device instances.
  Class: sky130_fd_pr__nfet_01v8 instances:   6
  Class: sky130_fd_pr__pfet_01v8_hvt instances:   6
Circuit contains 24 nets.
Contents of circuit 2:  Circuit: 'sky130_fd_sc_hd__mux2_1'
Circuit sky130_fd_sc_hd__mux2_1 contains 12 device instances.
  Class: sky130_fd_pr__nfet_01v8 instances:   6
  Class: sky130_fd_pr__pfet_01v8_hvt instances:   6
Circuit contains 14 nets.

Circuit 1 contains 12 devices, Circuit 2 contains 12 devices.
Circuit 1 contains 24 nets,    Circuit 2 contains 14 nets. *** MISMATCH ***

  Flattening non-matched subcircuits sky130_fd_sc_hd__mux2_1 sky130_fd_sc_hd__mux2_1

Flattening instances of sky130_fd_sc_hd__mux2_1 in file /home/lburleson/OSU/google_ring_oscillator/caravel/precheck_results/12_MAY_2024___21_46_22/tmp/ext/user_project_wrapper.gds.nowell.spice
Flattening instances of sky130_fd_sc_hd__mux2_1 in file /home/lburleson/OSU/google_ring_oscillator/caravel/precheck_results/12_MAY_2024___21_46_22/tmp/nowell.ext/user_project_wrapper.gds.nowell.spice

Contents of circuit 1:  Circuit: 'sky130_fd_sc_hd__mux4_1'
Circuit sky130_fd_sc_hd__mux4_1 contains 26 device instances.
  Class: sky130_fd_pr__nfet_01v8 instances:  13
  Class: sky130_fd_pr__pfet_01v8_hvt instances:  13
Circuit contains 48 nets.
Contents of circuit 2:  Circuit: 'sky130_fd_sc_hd__mux4_1'
Circuit sky130_fd_sc_hd__mux4_1 contains 26 device instances.
  Class: sky130_fd_pr__nfet_01v8 instances:  13
  Class: sky130_fd_pr__pfet_01v8_hvt instances:  13
Circuit contains 24 nets.

Circuit 1 contains 26 devices, Circuit 2 contains 26 devices.
Circuit 1 contains 48 nets,    Circuit 2 contains 24 nets. *** MISMATCH ***

  Flattening non-matched subcircuits sky130_fd_sc_hd__mux4_1 sky130_fd_sc_hd__mux4_1

Flattening instances of sky130_fd_sc_hd__mux4_1 in file /home/lburleson/OSU/google_ring_oscillator/caravel/precheck_results/12_MAY_2024___21_46_22/tmp/ext/user_project_wrapper.gds.nowell.spice
Flattening instances of sky130_fd_sc_hd__mux4_1 in file /home/lburleson/OSU/google_ring_oscillator/caravel/precheck_results/12_MAY_2024___21_46_22/tmp/nowell.ext/user_project_wrapper.gds.nowell.spice

Contents of circuit 1:  Circuit: 'sky130_fd_sc_hd__a41o_1'
Circuit sky130_fd_sc_hd__a41o_1 contains 12 device instances.
  Class: sky130_fd_pr__nfet_01v8 instances:   6
  Class: sky130_fd_pr__pfet_01v8_hvt instances:   6
Circuit contains 25 nets.
Contents of circuit 2:  Circuit: 'sky130_fd_sc_hd__a41o_1'
Circuit sky130_fd_sc_hd__a41o_1 contains 12 device instances.
  Class: sky130_fd_pr__nfet_01v8 instances:   6
  Class: sky130_fd_pr__pfet_01v8_hvt instances:   6
Circuit contains 15 nets.

Circuit 1 contains 12 devices, Circuit 2 contains 12 devices.
Circuit 1 contains 25 nets,    Circuit 2 contains 15 nets. *** MISMATCH ***

  Flattening non-matched subcircuits sky130_fd_sc_hd__a41o_1 sky130_fd_sc_hd__a41o_1

Flattening instances of sky130_fd_sc_hd__a41o_1 in file /home/lburleson/OSU/google_ring_oscillator/caravel/precheck_results/12_MAY_2024___21_46_22/tmp/ext/user_project_wrapper.gds.nowell.spice
Flattening instances of sky130_fd_sc_hd__a41o_1 in file /home/lburleson/OSU/google_ring_oscillator/caravel/precheck_results/12_MAY_2024___21_46_22/tmp/nowell.ext/user_project_wrapper.gds.nowell.spice

Contents of circuit 1:  Circuit: 'sky130_fd_sc_hd__or3b_1'
Circuit sky130_fd_sc_hd__or3b_1 contains 10 device instances.
  Class: sky130_fd_pr__nfet_01v8 instances:   5
  Class: sky130_fd_pr__pfet_01v8_hvt instances:   5
Circuit contains 20 nets.
Contents of circuit 2:  Circuit: 'sky130_fd_sc_hd__or3b_1'
Circuit sky130_fd_sc_hd__or3b_1 contains 10 device instances.
  Class: sky130_fd_pr__nfet_01v8 instances:   5
  Class: sky130_fd_pr__pfet_01v8_hvt instances:   5
Circuit contains 12 nets.

Circuit 1 contains 10 devices, Circuit 2 contains 10 devices.
Circuit 1 contains 20 nets,    Circuit 2 contains 12 nets. *** MISMATCH ***

  Flattening non-matched subcircuits sky130_fd_sc_hd__or3b_1 sky130_fd_sc_hd__or3b_1

Flattening instances of sky130_fd_sc_hd__or3b_1 in file /home/lburleson/OSU/google_ring_oscillator/caravel/precheck_results/12_MAY_2024___21_46_22/tmp/ext/user_project_wrapper.gds.nowell.spice
Flattening instances of sky130_fd_sc_hd__or3b_1 in file /home/lburleson/OSU/google_ring_oscillator/caravel/precheck_results/12_MAY_2024___21_46_22/tmp/nowell.ext/user_project_wrapper.gds.nowell.spice

Contents of circuit 1:  Circuit: 'sky130_fd_sc_hd__clkbuf_1'
Circuit sky130_fd_sc_hd__clkbuf_1 contains 4 device instances.
  Class: sky130_fd_pr__nfet_01v8 instances:   2
  Class: sky130_fd_pr__pfet_01v8_hvt instances:   2
Circuit contains 9 nets.
Contents of circuit 2:  Circuit: 'sky130_fd_sc_hd__clkbuf_1'
Circuit sky130_fd_sc_hd__clkbuf_1 contains 4 device instances.
  Class: sky130_fd_pr__nfet_01v8 instances:   2
  Class: sky130_fd_pr__pfet_01v8_hvt instances:   2
Circuit contains 7 nets.

Circuit 1 contains 4 devices, Circuit 2 contains 4 devices.
Circuit 1 contains 9 nets,    Circuit 2 contains 7 nets. *** MISMATCH ***

  Flattening non-matched subcircuits sky130_fd_sc_hd__clkbuf_1 sky130_fd_sc_hd__clkbuf_1

Flattening instances of sky130_fd_sc_hd__clkbuf_1 in file /home/lburleson/OSU/google_ring_oscillator/caravel/precheck_results/12_MAY_2024___21_46_22/tmp/ext/user_project_wrapper.gds.nowell.spice
Flattening instances of sky130_fd_sc_hd__clkbuf_1 in file /home/lburleson/OSU/google_ring_oscillator/caravel/precheck_results/12_MAY_2024___21_46_22/tmp/nowell.ext/user_project_wrapper.gds.nowell.spice

Contents of circuit 1:  Circuit: 'sky130_fd_sc_hd__buf_1'
Circuit sky130_fd_sc_hd__buf_1 contains 4 device instances.
  Class: sky130_fd_pr__nfet_01v8 instances:   2
  Class: sky130_fd_pr__pfet_01v8_hvt instances:   2
Circuit contains 9 nets.
Contents of circuit 2:  Circuit: 'sky130_fd_sc_hd__buf_1'
Circuit sky130_fd_sc_hd__buf_1 contains 4 device instances.
  Class: sky130_fd_pr__nfet_01v8 instances:   2
  Class: sky130_fd_pr__pfet_01v8_hvt instances:   2
Circuit contains 7 nets.

Circuit 1 contains 4 devices, Circuit 2 contains 4 devices.
Circuit 1 contains 9 nets,    Circuit 2 contains 7 nets. *** MISMATCH ***

  Flattening non-matched subcircuits sky130_fd_sc_hd__buf_1 sky130_fd_sc_hd__buf_1

Flattening instances of sky130_fd_sc_hd__buf_1 in file /home/lburleson/OSU/google_ring_oscillator/caravel/precheck_results/12_MAY_2024___21_46_22/tmp/ext/user_project_wrapper.gds.nowell.spice
Flattening instances of sky130_fd_sc_hd__buf_1 in file /home/lburleson/OSU/google_ring_oscillator/caravel/precheck_results/12_MAY_2024___21_46_22/tmp/nowell.ext/user_project_wrapper.gds.nowell.spice

Contents of circuit 1:  Circuit: 'sky130_fd_sc_hd__nand3b_1'
Circuit sky130_fd_sc_hd__nand3b_1 contains 8 device instances.
  Class: sky130_fd_pr__nfet_01v8 instances:   4
  Class: sky130_fd_pr__pfet_01v8_hvt instances:   4
Circuit contains 17 nets.
Contents of circuit 2:  Circuit: 'sky130_fd_sc_hd__nand3b_1'
Circuit sky130_fd_sc_hd__nand3b_1 contains 8 device instances.
  Class: sky130_fd_pr__nfet_01v8 instances:   4
  Class: sky130_fd_pr__pfet_01v8_hvt instances:   4
Circuit contains 11 nets.

Circuit 1 contains 8 devices, Circuit 2 contains 8 devices.
Circuit 1 contains 17 nets,    Circuit 2 contains 11 nets. *** MISMATCH ***

  Flattening non-matched subcircuits sky130_fd_sc_hd__nand3b_1 sky130_fd_sc_hd__nand3b_1

Flattening instances of sky130_fd_sc_hd__nand3b_1 in file /home/lburleson/OSU/google_ring_oscillator/caravel/precheck_results/12_MAY_2024___21_46_22/tmp/ext/user_project_wrapper.gds.nowell.spice
Flattening instances of sky130_fd_sc_hd__nand3b_1 in file /home/lburleson/OSU/google_ring_oscillator/caravel/precheck_results/12_MAY_2024___21_46_22/tmp/nowell.ext/user_project_wrapper.gds.nowell.spice

Contents of circuit 1:  Circuit: 'sky130_fd_sc_hd__nand2_1'
Circuit sky130_fd_sc_hd__nand2_1 contains 4 device instances.
  Class: sky130_fd_pr__nfet_01v8 instances:   2
  Class: sky130_fd_pr__pfet_01v8_hvt instances:   2
Circuit contains 10 nets.
Contents of circuit 2:  Circuit: 'sky130_fd_sc_hd__nand2_1'
Circuit sky130_fd_sc_hd__nand2_1 contains 4 device instances.
  Class: sky130_fd_pr__nfet_01v8 instances:   2
  Class: sky130_fd_pr__pfet_01v8_hvt instances:   2
Circuit contains 8 nets.

Circuit 1 contains 4 devices, Circuit 2 contains 4 devices.
Circuit 1 contains 10 nets,    Circuit 2 contains 8 nets. *** MISMATCH ***

  Flattening non-matched subcircuits sky130_fd_sc_hd__nand2_1 sky130_fd_sc_hd__nand2_1

Flattening instances of sky130_fd_sc_hd__nand2_1 in file /home/lburleson/OSU/google_ring_oscillator/caravel/precheck_results/12_MAY_2024___21_46_22/tmp/ext/user_project_wrapper.gds.nowell.spice
Flattening instances of sky130_fd_sc_hd__nand2_1 in file /home/lburleson/OSU/google_ring_oscillator/caravel/precheck_results/12_MAY_2024___21_46_22/tmp/nowell.ext/user_project_wrapper.gds.nowell.spice

Contents of circuit 1:  Circuit: 'sky130_fd_sc_hd__clkbuf_2'
Circuit sky130_fd_sc_hd__clkbuf_2 contains 4 device instances.
  Class: sky130_fd_pr__nfet_01v8 instances:   2
  Class: sky130_fd_pr__pfet_01v8_hvt instances:   2
Circuit contains 9 nets.
Contents of circuit 2:  Circuit: 'sky130_fd_sc_hd__clkbuf_2'
Circuit sky130_fd_sc_hd__clkbuf_2 contains 4 device instances.
  Class: sky130_fd_pr__nfet_01v8 instances:   2
  Class: sky130_fd_pr__pfet_01v8_hvt instances:   2
Circuit contains 7 nets.

Circuit 1 contains 4 devices, Circuit 2 contains 4 devices.
Circuit 1 contains 9 nets,    Circuit 2 contains 7 nets. *** MISMATCH ***

  Flattening non-matched subcircuits sky130_fd_sc_hd__clkbuf_2 sky130_fd_sc_hd__clkbuf_2

Flattening instances of sky130_fd_sc_hd__clkbuf_2 in file /home/lburleson/OSU/google_ring_oscillator/caravel/precheck_results/12_MAY_2024___21_46_22/tmp/ext/user_project_wrapper.gds.nowell.spice
Flattening instances of sky130_fd_sc_hd__clkbuf_2 in file /home/lburleson/OSU/google_ring_oscillator/caravel/precheck_results/12_MAY_2024___21_46_22/tmp/nowell.ext/user_project_wrapper.gds.nowell.spice

Contents of circuit 1:  Circuit: 'sky130_fd_sc_hd__a2111oi_1'
Circuit sky130_fd_sc_hd__a2111oi_1 contains 10 device instances.
  Class: sky130_fd_pr__nfet_01v8 instances:   5
  Class: sky130_fd_pr__pfet_01v8_hvt instances:   5
Circuit contains 22 nets.
Contents of circuit 2:  Circuit: 'sky130_fd_sc_hd__a2111oi_1'
Circuit sky130_fd_sc_hd__a2111oi_1 contains 10 device instances.
  Class: sky130_fd_pr__nfet_01v8 instances:   5
  Class: sky130_fd_pr__pfet_01v8_hvt instances:   5
Circuit contains 14 nets.

Circuit 1 contains 10 devices, Circuit 2 contains 10 devices.
Circuit 1 contains 22 nets,    Circuit 2 contains 14 nets. *** MISMATCH ***

  Flattening non-matched subcircuits sky130_fd_sc_hd__a2111oi_1 sky130_fd_sc_hd__a2111oi_1

Flattening instances of sky130_fd_sc_hd__a2111oi_1 in file /home/lburleson/OSU/google_ring_oscillator/caravel/precheck_results/12_MAY_2024___21_46_22/tmp/ext/user_project_wrapper.gds.nowell.spice
Flattening instances of sky130_fd_sc_hd__a2111oi_1 in file /home/lburleson/OSU/google_ring_oscillator/caravel/precheck_results/12_MAY_2024___21_46_22/tmp/nowell.ext/user_project_wrapper.gds.nowell.spice

Contents of circuit 1:  Circuit: 'sky130_fd_sc_hd__nor3b_1'
Circuit sky130_fd_sc_hd__nor3b_1 contains 8 device instances.
  Class: sky130_fd_pr__nfet_01v8 instances:   4
  Class: sky130_fd_pr__pfet_01v8_hvt instances:   4
Circuit contains 17 nets.
Contents of circuit 2:  Circuit: 'sky130_fd_sc_hd__nor3b_1'
Circuit sky130_fd_sc_hd__nor3b_1 contains 8 device instances.
  Class: sky130_fd_pr__nfet_01v8 instances:   4
  Class: sky130_fd_pr__pfet_01v8_hvt instances:   4
Circuit contains 11 nets.

Circuit 1 contains 8 devices, Circuit 2 contains 8 devices.
Circuit 1 contains 17 nets,    Circuit 2 contains 11 nets. *** MISMATCH ***

  Flattening non-matched subcircuits sky130_fd_sc_hd__nor3b_1 sky130_fd_sc_hd__nor3b_1

Flattening instances of sky130_fd_sc_hd__nor3b_1 in file /home/lburleson/OSU/google_ring_oscillator/caravel/precheck_results/12_MAY_2024___21_46_22/tmp/ext/user_project_wrapper.gds.nowell.spice
Flattening instances of sky130_fd_sc_hd__nor3b_1 in file /home/lburleson/OSU/google_ring_oscillator/caravel/precheck_results/12_MAY_2024___21_46_22/tmp/nowell.ext/user_project_wrapper.gds.nowell.spice

Contents of circuit 1:  Circuit: 'sky130_fd_sc_hd__buf_2'
Circuit sky130_fd_sc_hd__buf_2 contains 4 device instances.
  Class: sky130_fd_pr__nfet_01v8 instances:   2
  Class: sky130_fd_pr__pfet_01v8_hvt instances:   2
Circuit contains 9 nets.
Contents of circuit 2:  Circuit: 'sky130_fd_sc_hd__buf_2'
Circuit sky130_fd_sc_hd__buf_2 contains 4 device instances.
  Class: sky130_fd_pr__nfet_01v8 instances:   2
  Class: sky130_fd_pr__pfet_01v8_hvt instances:   2
Circuit contains 7 nets.

Circuit 1 contains 4 devices, Circuit 2 contains 4 devices.
Circuit 1 contains 9 nets,    Circuit 2 contains 7 nets. *** MISMATCH ***

  Flattening non-matched subcircuits sky130_fd_sc_hd__buf_2 sky130_fd_sc_hd__buf_2

Flattening instances of sky130_fd_sc_hd__buf_2 in file /home/lburleson/OSU/google_ring_oscillator/caravel/precheck_results/12_MAY_2024___21_46_22/tmp/ext/user_project_wrapper.gds.nowell.spice
Flattening instances of sky130_fd_sc_hd__buf_2 in file /home/lburleson/OSU/google_ring_oscillator/caravel/precheck_results/12_MAY_2024___21_46_22/tmp/nowell.ext/user_project_wrapper.gds.nowell.spice

Contents of circuit 1:  Circuit: 'sky130_fd_sc_hd__and3b_1'
Circuit sky130_fd_sc_hd__and3b_1 contains 10 device instances.
  Class: sky130_fd_pr__nfet_01v8 instances:   5
  Class: sky130_fd_pr__pfet_01v8_hvt instances:   5
Circuit contains 20 nets.
Contents of circuit 2:  Circuit: 'sky130_fd_sc_hd__and3b_1'
Circuit sky130_fd_sc_hd__and3b_1 contains 10 device instances.
  Class: sky130_fd_pr__nfet_01v8 instances:   5
  Class: sky130_fd_pr__pfet_01v8_hvt instances:   5
Circuit contains 12 nets.

Circuit 1 contains 10 devices, Circuit 2 contains 10 devices.
Circuit 1 contains 20 nets,    Circuit 2 contains 12 nets. *** MISMATCH ***

  Flattening non-matched subcircuits sky130_fd_sc_hd__and3b_1 sky130_fd_sc_hd__and3b_1

Flattening instances of sky130_fd_sc_hd__and3b_1 in file /home/lburleson/OSU/google_ring_oscillator/caravel/precheck_results/12_MAY_2024___21_46_22/tmp/ext/user_project_wrapper.gds.nowell.spice
Flattening instances of sky130_fd_sc_hd__and3b_1 in file /home/lburleson/OSU/google_ring_oscillator/caravel/precheck_results/12_MAY_2024___21_46_22/tmp/nowell.ext/user_project_wrapper.gds.nowell.spice

Contents of circuit 1:  Circuit: 'sky130_osu_single_mpr2ca_8_b0r1'
Circuit sky130_osu_single_mpr2ca_8_b0r1 contains 62 device instances.
  Class: sky130_fd_pr__nfet_01v8 instances:  18
  Class: sky130_fd_pr__nfet_01v8_lvt instances:  13
  Class: sky130_fd_pr__pfet_01v8_hvt instances:  18
  Class: sky130_fd_pr__pfet_01v8 instances:  13
Circuit contains 81 nets, and 4 disconnected pins.
Contents of circuit 2:  Circuit: 'sky130_osu_single_mpr2ca_8_b0r1'
Circuit sky130_osu_single_mpr2ca_8_b0r1 contains 62 device instances.
  Class: sky130_fd_pr__nfet_01v8 instances:  18
  Class: sky130_fd_pr__nfet_01v8_lvt instances:  13
  Class: sky130_fd_pr__pfet_01v8_hvt instances:  18
  Class: sky130_fd_pr__pfet_01v8 instances:  13
Circuit contains 32 nets.

Circuit was modified by parallel/series device merging.
New circuit summary:

Contents of circuit 1:  Circuit: 'sky130_osu_single_mpr2ca_8_b0r1'
Circuit sky130_osu_single_mpr2ca_8_b0r1 contains 59 device instances.
  Class: sky130_fd_pr__nfet_01v8 instances:  18
  Class: sky130_fd_pr__nfet_01v8_lvt instances:  13
  Class: sky130_fd_pr__pfet_01v8_hvt instances:  15
  Class: sky130_fd_pr__pfet_01v8 instances:  13
Circuit contains 81 nets, and 4 disconnected pins.
Contents of circuit 2:  Circuit: 'sky130_osu_single_mpr2ca_8_b0r1'
Circuit sky130_osu_single_mpr2ca_8_b0r1 contains 59 device instances.
  Class: sky130_fd_pr__nfet_01v8 instances:  18
  Class: sky130_fd_pr__nfet_01v8_lvt instances:  13
  Class: sky130_fd_pr__pfet_01v8_hvt instances:  15
  Class: sky130_fd_pr__pfet_01v8 instances:  13
Circuit contains 32 nets.

Circuit 1 contains 59 devices, Circuit 2 contains 59 devices.
Circuit 1 contains 78 nets,    Circuit 2 contains 32 nets. *** MISMATCH ***

  Flattening non-matched subcircuits sky130_osu_single_mpr2ca_8_b0r1 sky130_osu_single_mpr2ca_8_b0r1

Flattening instances of sky130_osu_single_mpr2ca_8_b0r1 in file /home/lburleson/OSU/google_ring_oscillator/caravel/precheck_results/12_MAY_2024___21_46_22/tmp/ext/user_project_wrapper.gds.nowell.spice
Flattening instances of sky130_osu_single_mpr2ca_8_b0r1 in file /home/lburleson/OSU/google_ring_oscillator/caravel/precheck_results/12_MAY_2024___21_46_22/tmp/nowell.ext/user_project_wrapper.gds.nowell.spice

Contents of circuit 1:  Circuit: 'sky130_osu_single_mpr2xa_8_b0r2'
Circuit sky130_osu_single_mpr2xa_8_b0r2 contains 55 device instances.
  Class: sky130_fd_pr__nfet_01v8 instances:  15
  Class: sky130_fd_pr__nfet_01v8_lvt instances:  13
  Class: sky130_fd_pr__pfet_01v8 instances:  27
Circuit contains 70 nets, and 4 disconnected pins.
Contents of circuit 2:  Circuit: 'sky130_osu_single_mpr2xa_8_b0r2'
Circuit sky130_osu_single_mpr2xa_8_b0r2 contains 55 device instances.
  Class: sky130_fd_pr__nfet_01v8 instances:  15
  Class: sky130_fd_pr__nfet_01v8_lvt instances:  13
  Class: sky130_fd_pr__pfet_01v8 instances:  27
Circuit contains 28 nets.

Circuit was modified by parallel/series device merging.
New circuit summary:

Contents of circuit 1:  Circuit: 'sky130_osu_single_mpr2xa_8_b0r2'
Circuit sky130_osu_single_mpr2xa_8_b0r2 contains 53 device instances.
  Class: sky130_fd_pr__nfet_01v8 instances:  15
  Class: sky130_fd_pr__nfet_01v8_lvt instances:  13
  Class: sky130_fd_pr__pfet_01v8 instances:  25
Circuit contains 70 nets, and 4 disconnected pins.
Contents of circuit 2:  Circuit: 'sky130_osu_single_mpr2xa_8_b0r2'
Circuit sky130_osu_single_mpr2xa_8_b0r2 contains 53 device instances.
  Class: sky130_fd_pr__nfet_01v8 instances:  15
  Class: sky130_fd_pr__nfet_01v8_lvt instances:  13
  Class: sky130_fd_pr__pfet_01v8 instances:  25
Circuit contains 28 nets.

Circuit 1 contains 53 devices, Circuit 2 contains 53 devices.
Circuit 1 contains 68 nets,    Circuit 2 contains 28 nets. *** MISMATCH ***

  Flattening non-matched subcircuits sky130_osu_single_mpr2xa_8_b0r2 sky130_osu_single_mpr2xa_8_b0r2

Flattening instances of sky130_osu_single_mpr2xa_8_b0r2 in file /home/lburleson/OSU/google_ring_oscillator/caravel/precheck_results/12_MAY_2024___21_46_22/tmp/ext/user_project_wrapper.gds.nowell.spice
Flattening instances of sky130_osu_single_mpr2xa_8_b0r2 in file /home/lburleson/OSU/google_ring_oscillator/caravel/precheck_results/12_MAY_2024___21_46_22/tmp/nowell.ext/user_project_wrapper.gds.nowell.spice

Contents of circuit 1:  Circuit: 'sky130_osu_single_mpr2ct_8_b0r1'
Circuit sky130_osu_single_mpr2ct_8_b0r1 contains 62 device instances.
  Class: sky130_fd_pr__nfet_01v8 instances:  18
  Class: sky130_fd_pr__nfet_01v8_lvt instances:  13
  Class: sky130_fd_pr__pfet_01v8_hvt instances:  18
  Class: sky130_fd_pr__pfet_01v8 instances:  13
Circuit contains 81 nets, and 4 disconnected pins.
Contents of circuit 2:  Circuit: 'sky130_osu_single_mpr2ct_8_b0r1'
Circuit sky130_osu_single_mpr2ct_8_b0r1 contains 62 device instances.
  Class: sky130_fd_pr__nfet_01v8 instances:  18
  Class: sky130_fd_pr__nfet_01v8_lvt instances:  13
  Class: sky130_fd_pr__pfet_01v8_hvt instances:  18
  Class: sky130_fd_pr__pfet_01v8 instances:  13
Circuit contains 32 nets.

Circuit was modified by parallel/series device merging.
New circuit summary:

Contents of circuit 1:  Circuit: 'sky130_osu_single_mpr2ct_8_b0r1'
Circuit sky130_osu_single_mpr2ct_8_b0r1 contains 60 device instances.
  Class: sky130_fd_pr__nfet_01v8 instances:  18
  Class: sky130_fd_pr__nfet_01v8_lvt instances:  13
  Class: sky130_fd_pr__pfet_01v8_hvt instances:  16
  Class: sky130_fd_pr__pfet_01v8 instances:  13
Circuit contains 81 nets, and 4 disconnected pins.
Contents of circuit 2:  Circuit: 'sky130_osu_single_mpr2ct_8_b0r1'
Circuit sky130_osu_single_mpr2ct_8_b0r1 contains 60 device instances.
  Class: sky130_fd_pr__nfet_01v8 instances:  18
  Class: sky130_fd_pr__nfet_01v8_lvt instances:  13
  Class: sky130_fd_pr__pfet_01v8_hvt instances:  16
  Class: sky130_fd_pr__pfet_01v8 instances:  13
Circuit contains 32 nets.

Circuit 1 contains 60 devices, Circuit 2 contains 60 devices.
Circuit 1 contains 79 nets,    Circuit 2 contains 32 nets. *** MISMATCH ***

  Flattening non-matched subcircuits sky130_osu_single_mpr2ct_8_b0r1 sky130_osu_single_mpr2ct_8_b0r1

Flattening instances of sky130_osu_single_mpr2ct_8_b0r1 in file /home/lburleson/OSU/google_ring_oscillator/caravel/precheck_results/12_MAY_2024___21_46_22/tmp/ext/user_project_wrapper.gds.nowell.spice
Flattening instances of sky130_osu_single_mpr2ct_8_b0r1 in file /home/lburleson/OSU/google_ring_oscillator/caravel/precheck_results/12_MAY_2024___21_46_22/tmp/nowell.ext/user_project_wrapper.gds.nowell.spice

Contents of circuit 1:  Circuit: 'sky130_osu_single_mpr2ea_8_b0r1'
Circuit sky130_osu_single_mpr2ea_8_b0r1 contains 56 device instances.
  Class: sky130_fd_pr__nfet_01v8 instances:  15
  Class: sky130_fd_pr__nfet_01v8_lvt instances:  13
  Class: sky130_fd_pr__pfet_01v8 instances:  28
Circuit contains 72 nets, and 4 disconnected pins.
Contents of circuit 2:  Circuit: 'sky130_osu_single_mpr2ea_8_b0r1'
Circuit sky130_osu_single_mpr2ea_8_b0r1 contains 56 device instances.
  Class: sky130_fd_pr__nfet_01v8 instances:  15
  Class: sky130_fd_pr__nfet_01v8_lvt instances:  13
  Class: sky130_fd_pr__pfet_01v8 instances:  28
Circuit contains 29 nets.

Circuit was modified by parallel/series device merging.
New circuit summary:

Contents of circuit 1:  Circuit: 'sky130_osu_single_mpr2ea_8_b0r1'
Circuit sky130_osu_single_mpr2ea_8_b0r1 contains 54 device instances.
  Class: sky130_fd_pr__nfet_01v8 instances:  15
  Class: sky130_fd_pr__nfet_01v8_lvt instances:  13
  Class: sky130_fd_pr__pfet_01v8 instances:  26
Circuit contains 72 nets, and 4 disconnected pins.
Contents of circuit 2:  Circuit: 'sky130_osu_single_mpr2ea_8_b0r1'
Circuit sky130_osu_single_mpr2ea_8_b0r1 contains 54 device instances.
  Class: sky130_fd_pr__nfet_01v8 instances:  15
  Class: sky130_fd_pr__nfet_01v8_lvt instances:  13
  Class: sky130_fd_pr__pfet_01v8 instances:  26
Circuit contains 29 nets.

Circuit 1 contains 54 devices, Circuit 2 contains 54 devices.
Circuit 1 contains 70 nets,    Circuit 2 contains 29 nets. *** MISMATCH ***

  Flattening non-matched subcircuits sky130_osu_single_mpr2ea_8_b0r1 sky130_osu_single_mpr2ea_8_b0r1

Flattening instances of sky130_osu_single_mpr2ea_8_b0r1 in file /home/lburleson/OSU/google_ring_oscillator/caravel/precheck_results/12_MAY_2024___21_46_22/tmp/ext/user_project_wrapper.gds.nowell.spice
Flattening instances of sky130_osu_single_mpr2ea_8_b0r1 in file /home/lburleson/OSU/google_ring_oscillator/caravel/precheck_results/12_MAY_2024___21_46_22/tmp/nowell.ext/user_project_wrapper.gds.nowell.spice

Contents of circuit 1:  Circuit: 'sky130_osu_single_mpr2et_8_b0r1'
Circuit sky130_osu_single_mpr2et_8_b0r1 contains 62 device instances.
  Class: sky130_fd_pr__nfet_01v8 instances:  18
  Class: sky130_fd_pr__nfet_01v8_lvt instances:  13
  Class: sky130_fd_pr__pfet_01v8 instances:  31
Circuit contains 81 nets, and 4 disconnected pins.
Contents of circuit 2:  Circuit: 'sky130_osu_single_mpr2et_8_b0r1'
Circuit sky130_osu_single_mpr2et_8_b0r1 contains 62 device instances.
  Class: sky130_fd_pr__nfet_01v8 instances:  18
  Class: sky130_fd_pr__nfet_01v8_lvt instances:  13
  Class: sky130_fd_pr__pfet_01v8 instances:  31
Circuit contains 32 nets.

Circuit was modified by parallel/series device merging.
New circuit summary:

Contents of circuit 1:  Circuit: 'sky130_osu_single_mpr2et_8_b0r1'
Circuit sky130_osu_single_mpr2et_8_b0r1 contains 60 device instances.
  Class: sky130_fd_pr__nfet_01v8 instances:  18
  Class: sky130_fd_pr__nfet_01v8_lvt instances:  13
  Class: sky130_fd_pr__pfet_01v8 instances:  29
Circuit contains 81 nets, and 4 disconnected pins.
Contents of circuit 2:  Circuit: 'sky130_osu_single_mpr2et_8_b0r1'
Circuit sky130_osu_single_mpr2et_8_b0r1 contains 60 device instances.
  Class: sky130_fd_pr__nfet_01v8 instances:  18
  Class: sky130_fd_pr__nfet_01v8_lvt instances:  13
  Class: sky130_fd_pr__pfet_01v8 instances:  29
Circuit contains 32 nets.

Circuit 1 contains 60 devices, Circuit 2 contains 60 devices.
Circuit 1 contains 79 nets,    Circuit 2 contains 32 nets. *** MISMATCH ***

  Flattening non-matched subcircuits sky130_osu_single_mpr2et_8_b0r1 sky130_osu_single_mpr2et_8_b0r1

Flattening instances of sky130_osu_single_mpr2et_8_b0r1 in file /home/lburleson/OSU/google_ring_oscillator/caravel/precheck_results/12_MAY_2024___21_46_22/tmp/ext/user_project_wrapper.gds.nowell.spice
Flattening instances of sky130_osu_single_mpr2et_8_b0r1 in file /home/lburleson/OSU/google_ring_oscillator/caravel/precheck_results/12_MAY_2024___21_46_22/tmp/nowell.ext/user_project_wrapper.gds.nowell.spice

Contents of circuit 1:  Circuit: 'sky130_osu_single_mpr2xa_8_b0r1'
Circuit sky130_osu_single_mpr2xa_8_b0r1 contains 55 device instances.
  Class: sky130_fd_pr__nfet_01v8 instances:  15
  Class: sky130_fd_pr__nfet_01v8_lvt instances:  13
  Class: sky130_fd_pr__pfet_01v8 instances:  27
Circuit contains 70 nets, and 4 disconnected pins.
Contents of circuit 2:  Circuit: 'sky130_osu_single_mpr2xa_8_b0r1'
Circuit sky130_osu_single_mpr2xa_8_b0r1 contains 55 device instances.
  Class: sky130_fd_pr__nfet_01v8 instances:  15
  Class: sky130_fd_pr__nfet_01v8_lvt instances:  13
  Class: sky130_fd_pr__pfet_01v8 instances:  27
Circuit contains 28 nets.

Circuit was modified by parallel/series device merging.
New circuit summary:

Contents of circuit 1:  Circuit: 'sky130_osu_single_mpr2xa_8_b0r1'
Circuit sky130_osu_single_mpr2xa_8_b0r1 contains 53 device instances.
  Class: sky130_fd_pr__nfet_01v8 instances:  15
  Class: sky130_fd_pr__nfet_01v8_lvt instances:  13
  Class: sky130_fd_pr__pfet_01v8 instances:  25
Circuit contains 70 nets, and 4 disconnected pins.
Contents of circuit 2:  Circuit: 'sky130_osu_single_mpr2xa_8_b0r1'
Circuit sky130_osu_single_mpr2xa_8_b0r1 contains 53 device instances.
  Class: sky130_fd_pr__nfet_01v8 instances:  15
  Class: sky130_fd_pr__nfet_01v8_lvt instances:  13
  Class: sky130_fd_pr__pfet_01v8 instances:  25
Circuit contains 28 nets.

Circuit 1 contains 53 devices, Circuit 2 contains 53 devices.
Circuit 1 contains 68 nets,    Circuit 2 contains 28 nets. *** MISMATCH ***

  Flattening non-matched subcircuits sky130_osu_single_mpr2xa_8_b0r1 sky130_osu_single_mpr2xa_8_b0r1

Flattening instances of sky130_osu_single_mpr2xa_8_b0r1 in file /home/lburleson/OSU/google_ring_oscillator/caravel/precheck_results/12_MAY_2024___21_46_22/tmp/ext/user_project_wrapper.gds.nowell.spice
Flattening instances of sky130_osu_single_mpr2xa_8_b0r1 in file /home/lburleson/OSU/google_ring_oscillator/caravel/precheck_results/12_MAY_2024___21_46_22/tmp/nowell.ext/user_project_wrapper.gds.nowell.spice

Contents of circuit 1:  Circuit: 'sky130_osu_single_mpr2ca_8_b0r2'
Circuit sky130_osu_single_mpr2ca_8_b0r2 contains 62 device instances.
  Class: sky130_fd_pr__nfet_01v8 instances:  18
  Class: sky130_fd_pr__nfet_01v8_lvt instances:  13
  Class: sky130_fd_pr__pfet_01v8_hvt instances:  18
  Class: sky130_fd_pr__pfet_01v8 instances:  13
Circuit contains 81 nets, and 4 disconnected pins.
Contents of circuit 2:  Circuit: 'sky130_osu_single_mpr2ca_8_b0r2'
Circuit sky130_osu_single_mpr2ca_8_b0r2 contains 62 device instances.
  Class: sky130_fd_pr__nfet_01v8 instances:  18
  Class: sky130_fd_pr__nfet_01v8_lvt instances:  13
  Class: sky130_fd_pr__pfet_01v8_hvt instances:  18
  Class: sky130_fd_pr__pfet_01v8 instances:  13
Circuit contains 32 nets.

Circuit was modified by parallel/series device merging.
New circuit summary:

Contents of circuit 1:  Circuit: 'sky130_osu_single_mpr2ca_8_b0r2'
Circuit sky130_osu_single_mpr2ca_8_b0r2 contains 59 device instances.
  Class: sky130_fd_pr__nfet_01v8 instances:  18
  Class: sky130_fd_pr__nfet_01v8_lvt instances:  13
  Class: sky130_fd_pr__pfet_01v8_hvt instances:  15
  Class: sky130_fd_pr__pfet_01v8 instances:  13
Circuit contains 81 nets, and 4 disconnected pins.
Contents of circuit 2:  Circuit: 'sky130_osu_single_mpr2ca_8_b0r2'
Circuit sky130_osu_single_mpr2ca_8_b0r2 contains 59 device instances.
  Class: sky130_fd_pr__nfet_01v8 instances:  18
  Class: sky130_fd_pr__nfet_01v8_lvt instances:  13
  Class: sky130_fd_pr__pfet_01v8_hvt instances:  15
  Class: sky130_fd_pr__pfet_01v8 instances:  13
Circuit contains 32 nets.

Circuit 1 contains 59 devices, Circuit 2 contains 59 devices.
Circuit 1 contains 78 nets,    Circuit 2 contains 32 nets. *** MISMATCH ***

  Flattening non-matched subcircuits sky130_osu_single_mpr2ca_8_b0r2 sky130_osu_single_mpr2ca_8_b0r2

Flattening instances of sky130_osu_single_mpr2ca_8_b0r2 in file /home/lburleson/OSU/google_ring_oscillator/caravel/precheck_results/12_MAY_2024___21_46_22/tmp/ext/user_project_wrapper.gds.nowell.spice
Flattening instances of sky130_osu_single_mpr2ca_8_b0r2 in file /home/lburleson/OSU/google_ring_oscillator/caravel/precheck_results/12_MAY_2024___21_46_22/tmp/nowell.ext/user_project_wrapper.gds.nowell.spice

Contents of circuit 1:  Circuit: 'sky130_osu_single_mpr2ct_8_b0r2'
Circuit sky130_osu_single_mpr2ct_8_b0r2 contains 62 device instances.
  Class: sky130_fd_pr__nfet_01v8 instances:  18
  Class: sky130_fd_pr__nfet_01v8_lvt instances:  13
  Class: sky130_fd_pr__pfet_01v8_hvt instances:  18
  Class: sky130_fd_pr__pfet_01v8 instances:  13
Circuit contains 81 nets, and 4 disconnected pins.
Contents of circuit 2:  Circuit: 'sky130_osu_single_mpr2ct_8_b0r2'
Circuit sky130_osu_single_mpr2ct_8_b0r2 contains 62 device instances.
  Class: sky130_fd_pr__nfet_01v8 instances:  18
  Class: sky130_fd_pr__nfet_01v8_lvt instances:  13
  Class: sky130_fd_pr__pfet_01v8_hvt instances:  18
  Class: sky130_fd_pr__pfet_01v8 instances:  13
Circuit contains 32 nets.

Circuit was modified by parallel/series device merging.
New circuit summary:

Contents of circuit 1:  Circuit: 'sky130_osu_single_mpr2ct_8_b0r2'
Circuit sky130_osu_single_mpr2ct_8_b0r2 contains 60 device instances.
  Class: sky130_fd_pr__nfet_01v8 instances:  18
  Class: sky130_fd_pr__nfet_01v8_lvt instances:  13
  Class: sky130_fd_pr__pfet_01v8_hvt instances:  16
  Class: sky130_fd_pr__pfet_01v8 instances:  13
Circuit contains 81 nets, and 4 disconnected pins.
Contents of circuit 2:  Circuit: 'sky130_osu_single_mpr2ct_8_b0r2'
Circuit sky130_osu_single_mpr2ct_8_b0r2 contains 60 device instances.
  Class: sky130_fd_pr__nfet_01v8 instances:  18
  Class: sky130_fd_pr__nfet_01v8_lvt instances:  13
  Class: sky130_fd_pr__pfet_01v8_hvt instances:  16
  Class: sky130_fd_pr__pfet_01v8 instances:  13
Circuit contains 32 nets.

Circuit 1 contains 60 devices, Circuit 2 contains 60 devices.
Circuit 1 contains 79 nets,    Circuit 2 contains 32 nets. *** MISMATCH ***

  Flattening non-matched subcircuits sky130_osu_single_mpr2ct_8_b0r2 sky130_osu_single_mpr2ct_8_b0r2

Flattening instances of sky130_osu_single_mpr2ct_8_b0r2 in file /home/lburleson/OSU/google_ring_oscillator/caravel/precheck_results/12_MAY_2024___21_46_22/tmp/ext/user_project_wrapper.gds.nowell.spice
Flattening instances of sky130_osu_single_mpr2ct_8_b0r2 in file /home/lburleson/OSU/google_ring_oscillator/caravel/precheck_results/12_MAY_2024___21_46_22/tmp/nowell.ext/user_project_wrapper.gds.nowell.spice

Contents of circuit 1:  Circuit: 'sky130_osu_single_mpr2et_8_b0r2'
Circuit sky130_osu_single_mpr2et_8_b0r2 contains 62 device instances.
  Class: sky130_fd_pr__nfet_01v8 instances:  18
  Class: sky130_fd_pr__nfet_01v8_lvt instances:  13
  Class: sky130_fd_pr__pfet_01v8 instances:  31
Circuit contains 81 nets, and 4 disconnected pins.
Contents of circuit 2:  Circuit: 'sky130_osu_single_mpr2et_8_b0r2'
Circuit sky130_osu_single_mpr2et_8_b0r2 contains 62 device instances.
  Class: sky130_fd_pr__nfet_01v8 instances:  18
  Class: sky130_fd_pr__nfet_01v8_lvt instances:  13
  Class: sky130_fd_pr__pfet_01v8 instances:  31
Circuit contains 32 nets.

Circuit was modified by parallel/series device merging.
New circuit summary:

Contents of circuit 1:  Circuit: 'sky130_osu_single_mpr2et_8_b0r2'
Circuit sky130_osu_single_mpr2et_8_b0r2 contains 60 device instances.
  Class: sky130_fd_pr__nfet_01v8 instances:  18
  Class: sky130_fd_pr__nfet_01v8_lvt instances:  13
  Class: sky130_fd_pr__pfet_01v8 instances:  29
Circuit contains 81 nets, and 4 disconnected pins.
Contents of circuit 2:  Circuit: 'sky130_osu_single_mpr2et_8_b0r2'
Circuit sky130_osu_single_mpr2et_8_b0r2 contains 60 device instances.
  Class: sky130_fd_pr__nfet_01v8 instances:  18
  Class: sky130_fd_pr__nfet_01v8_lvt instances:  13
  Class: sky130_fd_pr__pfet_01v8 instances:  29
Circuit contains 32 nets.

Circuit 1 contains 60 devices, Circuit 2 contains 60 devices.
Circuit 1 contains 79 nets,    Circuit 2 contains 32 nets. *** MISMATCH ***

  Flattening non-matched subcircuits sky130_osu_single_mpr2et_8_b0r2 sky130_osu_single_mpr2et_8_b0r2

Flattening instances of sky130_osu_single_mpr2et_8_b0r2 in file /home/lburleson/OSU/google_ring_oscillator/caravel/precheck_results/12_MAY_2024___21_46_22/tmp/ext/user_project_wrapper.gds.nowell.spice
Flattening instances of sky130_osu_single_mpr2et_8_b0r2 in file /home/lburleson/OSU/google_ring_oscillator/caravel/precheck_results/12_MAY_2024___21_46_22/tmp/nowell.ext/user_project_wrapper.gds.nowell.spice

Contents of circuit 1:  Circuit: 'sky130_osu_single_mpr2ea_8_b0r2'
Circuit sky130_osu_single_mpr2ea_8_b0r2 contains 56 device instances.
  Class: sky130_fd_pr__nfet_01v8 instances:  15
  Class: sky130_fd_pr__nfet_01v8_lvt instances:  13
  Class: sky130_fd_pr__pfet_01v8 instances:  28
Circuit contains 72 nets, and 4 disconnected pins.
Contents of circuit 2:  Circuit: 'sky130_osu_single_mpr2ea_8_b0r2'
Circuit sky130_osu_single_mpr2ea_8_b0r2 contains 56 device instances.
  Class: sky130_fd_pr__nfet_01v8 instances:  15
  Class: sky130_fd_pr__nfet_01v8_lvt instances:  13
  Class: sky130_fd_pr__pfet_01v8 instances:  28
Circuit contains 29 nets.

Circuit was modified by parallel/series device merging.
New circuit summary:

Contents of circuit 1:  Circuit: 'sky130_osu_single_mpr2ea_8_b0r2'
Circuit sky130_osu_single_mpr2ea_8_b0r2 contains 54 device instances.
  Class: sky130_fd_pr__nfet_01v8 instances:  15
  Class: sky130_fd_pr__nfet_01v8_lvt instances:  13
  Class: sky130_fd_pr__pfet_01v8 instances:  26
Circuit contains 72 nets, and 4 disconnected pins.
Contents of circuit 2:  Circuit: 'sky130_osu_single_mpr2ea_8_b0r2'
Circuit sky130_osu_single_mpr2ea_8_b0r2 contains 54 device instances.
  Class: sky130_fd_pr__nfet_01v8 instances:  15
  Class: sky130_fd_pr__nfet_01v8_lvt instances:  13
  Class: sky130_fd_pr__pfet_01v8 instances:  26
Circuit contains 29 nets.

Circuit 1 contains 54 devices, Circuit 2 contains 54 devices.
Circuit 1 contains 70 nets,    Circuit 2 contains 29 nets. *** MISMATCH ***

  Flattening non-matched subcircuits sky130_osu_single_mpr2ea_8_b0r2 sky130_osu_single_mpr2ea_8_b0r2

Flattening instances of sky130_osu_single_mpr2ea_8_b0r2 in file /home/lburleson/OSU/google_ring_oscillator/caravel/precheck_results/12_MAY_2024___21_46_22/tmp/ext/user_project_wrapper.gds.nowell.spice
Flattening instances of sky130_osu_single_mpr2ea_8_b0r2 in file /home/lburleson/OSU/google_ring_oscillator/caravel/precheck_results/12_MAY_2024___21_46_22/tmp/nowell.ext/user_project_wrapper.gds.nowell.spice

Contents of circuit 1:  Circuit: 'sky130_fd_sc_hd__conb_1'
Circuit sky130_fd_sc_hd__conb_1 contains 2 device instances.
  Class: sky130_fd_pr__res_generic_po instances:   2
Circuit contains 4 nets.
Contents of circuit 2:  Circuit: 'sky130_fd_sc_hd__conb_1'
Circuit sky130_fd_sc_hd__conb_1 contains 2 device instances.
  Class: sky130_fd_pr__res_generic_po instances:   2
Circuit contains 4 nets.

Circuit 1 contains 2 devices, Circuit 2 contains 2 devices.
Circuit 1 contains 4 nets,    Circuit 2 contains 4 nets.


Contents of circuit 1:  Circuit: 'mux16x1_project'
Circuit mux16x1_project contains 794 device instances.
  Class: sky130_fd_pr__nfet_01v8 instances: 398
  Class: sky130_fd_pr__pfet_01v8_hvt instances: 396
Circuit contains 1492 nets.
Contents of circuit 2:  Circuit: 'mux16x1_project'
Circuit mux16x1_project contains 794 device instances.
  Class: sky130_fd_pr__nfet_01v8 instances: 398
  Class: sky130_fd_pr__pfet_01v8_hvt instances: 396
Circuit contains 150 nets.

Circuit was modified by parallel/series device merging.
New circuit summary:

Contents of circuit 1:  Circuit: 'mux16x1_project'
Circuit mux16x1_project contains 248 device instances.
  Class: sky130_fd_pr__nfet_01v8 instances: 125
  Class: sky130_fd_pr__pfet_01v8_hvt instances: 123
Circuit contains 1492 nets.
Contents of circuit 2:  Circuit: 'mux16x1_project'
Circuit mux16x1_project contains 248 device instances.
  Class: sky130_fd_pr__nfet_01v8 instances: 125
  Class: sky130_fd_pr__pfet_01v8_hvt instances: 123
Circuit contains 150 nets.

Circuit 1 contains 248 devices, Circuit 2 contains 248 devices.
Circuit 1 contains 398 nets,    Circuit 2 contains 150 nets. *** MISMATCH ***

  Flattening non-matched subcircuits mux16x1_project mux16x1_project

Flattening instances of mux16x1_project in file /home/lburleson/OSU/google_ring_oscillator/caravel/precheck_results/12_MAY_2024___21_46_22/tmp/ext/user_project_wrapper.gds.nowell.spice
Flattening instances of mux16x1_project in file /home/lburleson/OSU/google_ring_oscillator/caravel/precheck_results/12_MAY_2024___21_46_22/tmp/nowell.ext/user_project_wrapper.gds.nowell.spice

Contents of circuit 1:  Circuit: 'sky130_osu_ring_oscillator_mpr2ca_8_b0r1'
Circuit sky130_osu_ring_oscillator_mpr2ca_8_b0r1 contains 301 device instances.
  Class: sky130_fd_pr__nfet_01v8 instances:  90
  Class: sky130_fd_pr__nfet_01v8_lvt instances:  68
  Class: sky130_fd_pr__pfet_01v8_hvt instances:  75
  Class: sky130_fd_pr__pfet_01v8 instances:  68
Circuit contains 398 nets, and 20 disconnected pins.
Contents of circuit 2:  Circuit: 'sky130_osu_ring_oscillator_mpr2ca_8_b0r1'
Circuit sky130_osu_ring_oscillator_mpr2ca_8_b0r1 contains 301 device instances.
  Class: sky130_fd_pr__nfet_01v8 instances:  90
  Class: sky130_fd_pr__nfet_01v8_lvt instances:  68
  Class: sky130_fd_pr__pfet_01v8_hvt instances:  75
  Class: sky130_fd_pr__pfet_01v8 instances:  68
Circuit contains 150 nets.

Circuit 1 contains 301 devices, Circuit 2 contains 301 devices.
Circuit 1 contains 383 nets,    Circuit 2 contains 150 nets. *** MISMATCH ***

  Flattening non-matched subcircuits sky130_osu_ring_oscillator_mpr2ca_8_b0r1 sky130_osu_ring_oscillator_mpr2ca_8_b0r1

Flattening instances of sky130_osu_ring_oscillator_mpr2ca_8_b0r1 in file /home/lburleson/OSU/google_ring_oscillator/caravel/precheck_results/12_MAY_2024___21_46_22/tmp/ext/user_project_wrapper.gds.nowell.spice
Flattening instances of sky130_osu_ring_oscillator_mpr2ca_8_b0r1 in file /home/lburleson/OSU/google_ring_oscillator/caravel/precheck_results/12_MAY_2024___21_46_22/tmp/nowell.ext/user_project_wrapper.gds.nowell.spice

Contents of circuit 1:  Circuit: 'sky130_osu_ring_oscillator_mpr2xa_8_b0r2'
Circuit sky130_osu_ring_oscillator_mpr2xa_8_b0r2 contains 271 device instances.
  Class: sky130_fd_pr__nfet_01v8 instances:  75
  Class: sky130_fd_pr__nfet_01v8_lvt instances:  68
  Class: sky130_fd_pr__pfet_01v8 instances: 128
Circuit contains 343 nets, and 20 disconnected pins.
Contents of circuit 2:  Circuit: 'sky130_osu_ring_oscillator_mpr2xa_8_b0r2'
Circuit sky130_osu_ring_oscillator_mpr2xa_8_b0r2 contains 271 device instances.
  Class: sky130_fd_pr__nfet_01v8 instances:  75
  Class: sky130_fd_pr__nfet_01v8_lvt instances:  68
  Class: sky130_fd_pr__pfet_01v8 instances: 128
Circuit contains 130 nets.

Circuit 1 contains 271 devices, Circuit 2 contains 271 devices.
Circuit 1 contains 333 nets,    Circuit 2 contains 130 nets. *** MISMATCH ***

  Flattening non-matched subcircuits sky130_osu_ring_oscillator_mpr2xa_8_b0r2 sky130_osu_ring_oscillator_mpr2xa_8_b0r2

Flattening instances of sky130_osu_ring_oscillator_mpr2xa_8_b0r2 in file /home/lburleson/OSU/google_ring_oscillator/caravel/precheck_results/12_MAY_2024___21_46_22/tmp/ext/user_project_wrapper.gds.nowell.spice
Flattening instances of sky130_osu_ring_oscillator_mpr2xa_8_b0r2 in file /home/lburleson/OSU/google_ring_oscillator/caravel/precheck_results/12_MAY_2024___21_46_22/tmp/nowell.ext/user_project_wrapper.gds.nowell.spice

Contents of circuit 1:  Circuit: 'sky130_osu_ring_oscillator_mpr2ct_8_b0r1'
Circuit sky130_osu_ring_oscillator_mpr2ct_8_b0r1 contains 306 device instances.
  Class: sky130_fd_pr__nfet_01v8 instances:  90
  Class: sky130_fd_pr__nfet_01v8_lvt instances:  68
  Class: sky130_fd_pr__pfet_01v8_hvt instances:  80
  Class: sky130_fd_pr__pfet_01v8 instances:  68
Circuit contains 398 nets, and 20 disconnected pins.
Contents of circuit 2:  Circuit: 'sky130_osu_ring_oscillator_mpr2ct_8_b0r1'
Circuit sky130_osu_ring_oscillator_mpr2ct_8_b0r1 contains 306 device instances.
  Class: sky130_fd_pr__nfet_01v8 instances:  90
  Class: sky130_fd_pr__nfet_01v8_lvt instances:  68
  Class: sky130_fd_pr__pfet_01v8_hvt instances:  80
  Class: sky130_fd_pr__pfet_01v8 instances:  68
Circuit contains 150 nets.

Circuit 1 contains 306 devices, Circuit 2 contains 306 devices.
Circuit 1 contains 388 nets,    Circuit 2 contains 150 nets. *** MISMATCH ***

  Flattening non-matched subcircuits sky130_osu_ring_oscillator_mpr2ct_8_b0r1 sky130_osu_ring_oscillator_mpr2ct_8_b0r1

Flattening instances of sky130_osu_ring_oscillator_mpr2ct_8_b0r1 in file /home/lburleson/OSU/google_ring_oscillator/caravel/precheck_results/12_MAY_2024___21_46_22/tmp/ext/user_project_wrapper.gds.nowell.spice
Flattening instances of sky130_osu_ring_oscillator_mpr2ct_8_b0r1 in file /home/lburleson/OSU/google_ring_oscillator/caravel/precheck_results/12_MAY_2024___21_46_22/tmp/nowell.ext/user_project_wrapper.gds.nowell.spice

Contents of circuit 1:  Circuit: 'sky130_osu_ring_oscillator_mpr2ea_8_b0r1'
Circuit sky130_osu_ring_oscillator_mpr2ea_8_b0r1 contains 276 device instances.
  Class: sky130_fd_pr__nfet_01v8 instances:  75
  Class: sky130_fd_pr__nfet_01v8_lvt instances:  68
  Class: sky130_fd_pr__pfet_01v8 instances: 133
Circuit contains 353 nets, and 20 disconnected pins.
Contents of circuit 2:  Circuit: 'sky130_osu_ring_oscillator_mpr2ea_8_b0r1'
Circuit sky130_osu_ring_oscillator_mpr2ea_8_b0r1 contains 276 device instances.
  Class: sky130_fd_pr__nfet_01v8 instances:  75
  Class: sky130_fd_pr__nfet_01v8_lvt instances:  68
  Class: sky130_fd_pr__pfet_01v8 instances: 133
Circuit contains 135 nets.

Circuit 1 contains 276 devices, Circuit 2 contains 276 devices.
Circuit 1 contains 343 nets,    Circuit 2 contains 135 nets. *** MISMATCH ***

  Flattening non-matched subcircuits sky130_osu_ring_oscillator_mpr2ea_8_b0r1 sky130_osu_ring_oscillator_mpr2ea_8_b0r1

Flattening instances of sky130_osu_ring_oscillator_mpr2ea_8_b0r1 in file /home/lburleson/OSU/google_ring_oscillator/caravel/precheck_results/12_MAY_2024___21_46_22/tmp/ext/user_project_wrapper.gds.nowell.spice
Flattening instances of sky130_osu_ring_oscillator_mpr2ea_8_b0r1 in file /home/lburleson/OSU/google_ring_oscillator/caravel/precheck_results/12_MAY_2024___21_46_22/tmp/nowell.ext/user_project_wrapper.gds.nowell.spice

Contents of circuit 1:  Circuit: 'sky130_osu_ring_oscillator_mpr2et_8_b0r1'
Circuit sky130_osu_ring_oscillator_mpr2et_8_b0r1 contains 306 device instances.
  Class: sky130_fd_pr__nfet_01v8 instances:  90
  Class: sky130_fd_pr__nfet_01v8_lvt instances:  68
  Class: sky130_fd_pr__pfet_01v8 instances: 148
Circuit contains 398 nets, and 20 disconnected pins.
Contents of circuit 2:  Circuit: 'sky130_osu_ring_oscillator_mpr2et_8_b0r1'
Circuit sky130_osu_ring_oscillator_mpr2et_8_b0r1 contains 306 device instances.
  Class: sky130_fd_pr__nfet_01v8 instances:  90
  Class: sky130_fd_pr__nfet_01v8_lvt instances:  68
  Class: sky130_fd_pr__pfet_01v8 instances: 148
Circuit contains 150 nets.

Circuit 1 contains 306 devices, Circuit 2 contains 306 devices.
Circuit 1 contains 388 nets,    Circuit 2 contains 150 nets. *** MISMATCH ***

  Flattening non-matched subcircuits sky130_osu_ring_oscillator_mpr2et_8_b0r1 sky130_osu_ring_oscillator_mpr2et_8_b0r1

Flattening instances of sky130_osu_ring_oscillator_mpr2et_8_b0r1 in file /home/lburleson/OSU/google_ring_oscillator/caravel/precheck_results/12_MAY_2024___21_46_22/tmp/ext/user_project_wrapper.gds.nowell.spice
Flattening instances of sky130_osu_ring_oscillator_mpr2et_8_b0r1 in file /home/lburleson/OSU/google_ring_oscillator/caravel/precheck_results/12_MAY_2024___21_46_22/tmp/nowell.ext/user_project_wrapper.gds.nowell.spice

Contents of circuit 1:  Circuit: 'sky130_osu_ring_oscillator_mpr2xa_8_b0r1'
Circuit sky130_osu_ring_oscillator_mpr2xa_8_b0r1 contains 271 device instances.
  Class: sky130_fd_pr__nfet_01v8 instances:  75
  Class: sky130_fd_pr__nfet_01v8_lvt instances:  68
  Class: sky130_fd_pr__pfet_01v8 instances: 128
Circuit contains 343 nets, and 20 disconnected pins.
Contents of circuit 2:  Circuit: 'sky130_osu_ring_oscillator_mpr2xa_8_b0r1'
Circuit sky130_osu_ring_oscillator_mpr2xa_8_b0r1 contains 271 device instances.
  Class: sky130_fd_pr__nfet_01v8 instances:  75
  Class: sky130_fd_pr__nfet_01v8_lvt instances:  68
  Class: sky130_fd_pr__pfet_01v8 instances: 128
Circuit contains 130 nets.

Circuit 1 contains 271 devices, Circuit 2 contains 271 devices.
Circuit 1 contains 333 nets,    Circuit 2 contains 130 nets. *** MISMATCH ***

  Flattening non-matched subcircuits sky130_osu_ring_oscillator_mpr2xa_8_b0r1 sky130_osu_ring_oscillator_mpr2xa_8_b0r1

Flattening instances of sky130_osu_ring_oscillator_mpr2xa_8_b0r1 in file /home/lburleson/OSU/google_ring_oscillator/caravel/precheck_results/12_MAY_2024___21_46_22/tmp/ext/user_project_wrapper.gds.nowell.spice
Flattening instances of sky130_osu_ring_oscillator_mpr2xa_8_b0r1 in file /home/lburleson/OSU/google_ring_oscillator/caravel/precheck_results/12_MAY_2024___21_46_22/tmp/nowell.ext/user_project_wrapper.gds.nowell.spice

Contents of circuit 1:  Circuit: 'sky130_osu_ring_oscillator_mpr2ca_8_b0r2'
Circuit sky130_osu_ring_oscillator_mpr2ca_8_b0r2 contains 301 device instances.
  Class: sky130_fd_pr__nfet_01v8 instances:  90
  Class: sky130_fd_pr__nfet_01v8_lvt instances:  68
  Class: sky130_fd_pr__pfet_01v8_hvt instances:  75
  Class: sky130_fd_pr__pfet_01v8 instances:  68
Circuit contains 398 nets, and 20 disconnected pins.
Contents of circuit 2:  Circuit: 'sky130_osu_ring_oscillator_mpr2ca_8_b0r2'
Circuit sky130_osu_ring_oscillator_mpr2ca_8_b0r2 contains 301 device instances.
  Class: sky130_fd_pr__nfet_01v8 instances:  90
  Class: sky130_fd_pr__nfet_01v8_lvt instances:  68
  Class: sky130_fd_pr__pfet_01v8_hvt instances:  75
  Class: sky130_fd_pr__pfet_01v8 instances:  68
Circuit contains 150 nets.

Circuit 1 contains 301 devices, Circuit 2 contains 301 devices.
Circuit 1 contains 383 nets,    Circuit 2 contains 150 nets. *** MISMATCH ***

  Flattening non-matched subcircuits sky130_osu_ring_oscillator_mpr2ca_8_b0r2 sky130_osu_ring_oscillator_mpr2ca_8_b0r2

Flattening instances of sky130_osu_ring_oscillator_mpr2ca_8_b0r2 in file /home/lburleson/OSU/google_ring_oscillator/caravel/precheck_results/12_MAY_2024___21_46_22/tmp/ext/user_project_wrapper.gds.nowell.spice
Flattening instances of sky130_osu_ring_oscillator_mpr2ca_8_b0r2 in file /home/lburleson/OSU/google_ring_oscillator/caravel/precheck_results/12_MAY_2024___21_46_22/tmp/nowell.ext/user_project_wrapper.gds.nowell.spice

Contents of circuit 1:  Circuit: 'sky130_osu_ring_oscillator_mpr2ct_8_b0r2'
Circuit sky130_osu_ring_oscillator_mpr2ct_8_b0r2 contains 306 device instances.
  Class: sky130_fd_pr__nfet_01v8 instances:  90
  Class: sky130_fd_pr__nfet_01v8_lvt instances:  68
  Class: sky130_fd_pr__pfet_01v8_hvt instances:  80
  Class: sky130_fd_pr__pfet_01v8 instances:  68
Circuit contains 398 nets, and 20 disconnected pins.
Contents of circuit 2:  Circuit: 'sky130_osu_ring_oscillator_mpr2ct_8_b0r2'
Circuit sky130_osu_ring_oscillator_mpr2ct_8_b0r2 contains 306 device instances.
  Class: sky130_fd_pr__nfet_01v8 instances:  90
  Class: sky130_fd_pr__nfet_01v8_lvt instances:  68
  Class: sky130_fd_pr__pfet_01v8_hvt instances:  80
  Class: sky130_fd_pr__pfet_01v8 instances:  68
Circuit contains 150 nets.

Circuit 1 contains 306 devices, Circuit 2 contains 306 devices.
Circuit 1 contains 388 nets,    Circuit 2 contains 150 nets. *** MISMATCH ***

  Flattening non-matched subcircuits sky130_osu_ring_oscillator_mpr2ct_8_b0r2 sky130_osu_ring_oscillator_mpr2ct_8_b0r2

Flattening instances of sky130_osu_ring_oscillator_mpr2ct_8_b0r2 in file /home/lburleson/OSU/google_ring_oscillator/caravel/precheck_results/12_MAY_2024___21_46_22/tmp/ext/user_project_wrapper.gds.nowell.spice
Flattening instances of sky130_osu_ring_oscillator_mpr2ct_8_b0r2 in file /home/lburleson/OSU/google_ring_oscillator/caravel/precheck_results/12_MAY_2024___21_46_22/tmp/nowell.ext/user_project_wrapper.gds.nowell.spice

Contents of circuit 1:  Circuit: 'sky130_osu_ring_oscillator_mpr2et_8_b0r2'
Circuit sky130_osu_ring_oscillator_mpr2et_8_b0r2 contains 306 device instances.
  Class: sky130_fd_pr__nfet_01v8 instances:  90
  Class: sky130_fd_pr__nfet_01v8_lvt instances:  68
  Class: sky130_fd_pr__pfet_01v8 instances: 148
Circuit contains 398 nets, and 20 disconnected pins.
Contents of circuit 2:  Circuit: 'sky130_osu_ring_oscillator_mpr2et_8_b0r2'
Circuit sky130_osu_ring_oscillator_mpr2et_8_b0r2 contains 306 device instances.
  Class: sky130_fd_pr__nfet_01v8 instances:  90
  Class: sky130_fd_pr__nfet_01v8_lvt instances:  68
  Class: sky130_fd_pr__pfet_01v8 instances: 148
Circuit contains 150 nets.

Circuit 1 contains 306 devices, Circuit 2 contains 306 devices.
Circuit 1 contains 388 nets,    Circuit 2 contains 150 nets. *** MISMATCH ***

  Flattening non-matched subcircuits sky130_osu_ring_oscillator_mpr2et_8_b0r2 sky130_osu_ring_oscillator_mpr2et_8_b0r2

Flattening instances of sky130_osu_ring_oscillator_mpr2et_8_b0r2 in file /home/lburleson/OSU/google_ring_oscillator/caravel/precheck_results/12_MAY_2024___21_46_22/tmp/ext/user_project_wrapper.gds.nowell.spice
Flattening instances of sky130_osu_ring_oscillator_mpr2et_8_b0r2 in file /home/lburleson/OSU/google_ring_oscillator/caravel/precheck_results/12_MAY_2024___21_46_22/tmp/nowell.ext/user_project_wrapper.gds.nowell.spice

Contents of circuit 1:  Circuit: 'sky130_osu_ring_oscillator_mpr2ea_8_b0r2'
Circuit sky130_osu_ring_oscillator_mpr2ea_8_b0r2 contains 276 device instances.
  Class: sky130_fd_pr__nfet_01v8 instances:  75
  Class: sky130_fd_pr__nfet_01v8_lvt instances:  68
  Class: sky130_fd_pr__pfet_01v8 instances: 133
Circuit contains 353 nets, and 20 disconnected pins.
Contents of circuit 2:  Circuit: 'sky130_osu_ring_oscillator_mpr2ea_8_b0r2'
Circuit sky130_osu_ring_oscillator_mpr2ea_8_b0r2 contains 276 device instances.
  Class: sky130_fd_pr__nfet_01v8 instances:  75
  Class: sky130_fd_pr__nfet_01v8_lvt instances:  68
  Class: sky130_fd_pr__pfet_01v8 instances: 133
Circuit contains 135 nets.

Circuit 1 contains 276 devices, Circuit 2 contains 276 devices.
Circuit 1 contains 343 nets,    Circuit 2 contains 135 nets. *** MISMATCH ***

  Flattening non-matched subcircuits sky130_osu_ring_oscillator_mpr2ea_8_b0r2 sky130_osu_ring_oscillator_mpr2ea_8_b0r2

Flattening instances of sky130_osu_ring_oscillator_mpr2ea_8_b0r2 in file /home/lburleson/OSU/google_ring_oscillator/caravel/precheck_results/12_MAY_2024___21_46_22/tmp/ext/user_project_wrapper.gds.nowell.spice
Flattening instances of sky130_osu_ring_oscillator_mpr2ea_8_b0r2 in file /home/lburleson/OSU/google_ring_oscillator/caravel/precheck_results/12_MAY_2024___21_46_22/tmp/nowell.ext/user_project_wrapper.gds.nowell.spice

Contents of circuit 1:  Circuit: 'user_project_wrapper'
Circuit user_project_wrapper contains 4205 device instances.
  Class: sky130_fd_pr__nfet_01v8 instances: 1465
  Class: sky130_fd_pr__nfet_01v8_lvt instances: 680
  Class: sky130_fd_sc_hd__conb_1 instances:  45
  Class: sky130_fd_pr__pfet_01v8_hvt instances: 925
  Class: sky130_fd_pr__pfet_01v8 instances: 1090
Circuit contains 11152 nets, and 200 disconnected pins.
Contents of circuit 2:  Circuit: 'user_project_wrapper'
Circuit user_project_wrapper contains 4205 device instances.
  Class: sky130_fd_pr__nfet_01v8 instances: 1465
  Class: sky130_fd_pr__nfet_01v8_lvt instances: 680
  Class: sky130_fd_sc_hd__conb_1 instances:  45
  Class: sky130_fd_pr__pfet_01v8_hvt instances: 925
  Class: sky130_fd_pr__pfet_01v8 instances: 1090
Circuit contains 2092 nets.

Circuit was modified by parallel/series device merging.
New circuit summary:

Contents of circuit 1:  Circuit: 'user_project_wrapper'
Circuit user_project_wrapper contains 4197 device instances.
  Class: sky130_fd_pr__nfet_01v8 instances: 1461
  Class: sky130_fd_pr__nfet_01v8_lvt instances: 680
  Class: sky130_fd_sc_hd__conb_1 instances:  45
  Class: sky130_fd_pr__pfet_01v8_hvt instances: 921
  Class: sky130_fd_pr__pfet_01v8 instances: 1090
Circuit contains 11152 nets, and 200 disconnected pins.
Contents of circuit 2:  Circuit: 'user_project_wrapper'
Circuit user_project_wrapper contains 4197 device instances.
  Class: sky130_fd_pr__nfet_01v8 instances: 1461
  Class: sky130_fd_pr__nfet_01v8_lvt instances: 680
  Class: sky130_fd_sc_hd__conb_1 instances:  45
  Class: sky130_fd_pr__pfet_01v8_hvt instances: 921
  Class: sky130_fd_pr__pfet_01v8 instances: 1090
Circuit contains 2092 nets.

Circuit 1 contains 4197 devices, Circuit 2 contains 4197 devices.
Circuit 1 contains 5564 nets,    Circuit 2 contains 2092 nets. *** MISMATCH ***


Final result: 
Netlists do not match.
Logging to file "/home/lburleson/OSU/google_ring_oscillator/caravel/precheck_results/12_MAY_2024___21_46_22/tmp/soft.report" disabled
LVS Done.
END: Sun 12 May 2024 09:47:11 PM UTC
Runtime: 0:00:02 (hh:mm:ss)
